<?xml version="1.0" encoding="UTF-8"?>
<coverage generated="1789827327666" clover="3.2.0">
  <project timestamp="1789827327666" name="All files">
    <metrics statements="2174" coveredstatements="540" conditionals="3515" coveredconditionals="1156" methods="551" coveredmethods="84" elements="6240" coveredelements="1780" complexity="0" loc="2174" ncloc="2174" packages="3" files="7" classes="7"/>
    <package name="server">
      <metrics statements="1826" coveredstatements="381" conditionals="3246" coveredconditionals="1066" methods="446" coveredmethods="57"/>
      <file name="backfillService.ts" path="C:\Users\Usuario1\FRCB\CreditoNegocios-Main\CreditoNegocios\server\backfillService.ts">
        <metrics statements="242" coveredstatements="193" conditionals="196" coveredconditionals="126" methods="38" coveredmethods="27"/>
        <line num="1" count="1" type="stmt"/>
        <line num="2" count="1" type="stmt"/>
        <line num="4" count="1" type="stmt"/>
        <line num="29" count="1" type="stmt"/>
        <line num="30" count="0" type="stmt"/>
        <line num="33" count="0" type="stmt"/>
        <line num="37" count="0" type="stmt"/>
        <line num="41" count="0" type="stmt"/>
        <line num="45" count="0" type="stmt"/>
        <line num="46" count="0" type="stmt"/>
        <line num="58" count="0" type="stmt"/>
        <line num="62" count="0" type="stmt"/>
        <line num="63" count="0" type="stmt"/>
        <line num="73" count="0" type="stmt"/>
        <line num="81" count="1" type="stmt"/>
        <line num="85" count="0" type="stmt"/>
        <line num="86" count="0" type="stmt"/>
        <line num="95" count="0" type="stmt"/>
        <line num="96" count="0" type="stmt"/>
        <line num="97" count="0" type="stmt"/>
        <line num="157" count="1" type="stmt"/>
        <line num="158" count="8" type="stmt"/>
        <line num="173" count="1" type="stmt"/>
        <line num="174" count="8" type="cond" truecount="4" falsecount="0"/>
        <line num="175" count="2" type="stmt"/>
        <line num="177" count="6" type="cond" truecount="2" falsecount="2"/>
        <line num="178" count="6" type="cond" truecount="1" falsecount="1"/>
        <line num="179" count="6" type="stmt"/>
        <line num="181" count="0" type="cond" truecount="0" falsecount="2"/>
        <line num="182" count="0" type="cond" truecount="0" falsecount="4"/>
        <line num="183" count="0" type="stmt"/>
        <line num="189" count="1" type="stmt"/>
        <line num="194" count="8" type="cond" truecount="1" falsecount="1"/>
        <line num="195" count="8" type="cond" truecount="1" falsecount="1"/>
        <line num="196" count="8" type="stmt"/>
        <line num="197" count="8" type="stmt"/>
        <line num="199" count="0" type="stmt"/>
        <line num="200" count="0" type="stmt"/>
        <line num="201" count="0" type="stmt"/>
        <line num="203" count="0" type="stmt"/>
        <line num="204" count="0" type="stmt"/>
        <line num="205" count="0" type="stmt"/>
        <line num="212" count="1" type="stmt"/>
        <line num="213" count="3" type="cond" truecount="1" falsecount="1"/>
        <line num="215" count="3" type="stmt"/>
        <line num="218" count="3" type="stmt"/>
        <line num="219" count="3" type="stmt"/>
        <line num="220" count="3" type="stmt"/>
        <line num="222" count="18" type="stmt"/>
        <line num="223" count="5" type="stmt"/>
        <line num="226" count="3" type="stmt"/>
        <line num="227" count="3" type="stmt"/>
        <line num="228" count="5" type="cond" truecount="3" falsecount="1"/>
        <line num="229" count="5" type="cond" truecount="2" falsecount="0"/>
        <line num="230" count="4" type="stmt"/>
        <line num="235" count="3" type="stmt"/>
        <line num="236" count="6" type="stmt"/>
        <line num="239" count="3" type="stmt"/>
        <line num="240" count="3" type="stmt"/>
        <line num="241" count="3" type="stmt"/>
        <line num="242" count="3" type="stmt"/>
        <line num="244" count="3" type="stmt"/>
        <line num="246" count="18" type="stmt"/>
        <line num="247" count="18" type="stmt"/>
        <line num="248" count="18" type="stmt"/>
        <line num="249" count="18" type="stmt"/>
        <line num="250" count="3" type="stmt"/>
        <line num="251" count="18" type="stmt"/>
        <line num="254" count="3" type="stmt"/>
        <line num="255" count="0" type="stmt"/>
        <line num="265" count="3" type="stmt"/>
        <line num="266" count="1" type="cond" truecount="1" falsecount="1"/>
        <line num="268" count="3" type="stmt"/>
        <line num="270" count="3" type="cond" truecount="2" falsecount="0"/>
        <line num="271" count="2" type="cond" truecount="2" falsecount="0"/>
        <line num="272" count="2" type="stmt"/>
        <line num="284" count="2" type="cond" truecount="2" falsecount="0"/>
        <line num="285" count="1" type="stmt"/>
        <line num="286" count="1" type="stmt"/>
        <line num="287" count="1" type="stmt"/>
        <line num="289" count="1" type="stmt"/>
        <line num="300" count="1" type="stmt"/>
        <line num="304" count="3" type="stmt"/>
        <line num="307" count="3" type="stmt"/>
        <line num="308" count="3" type="stmt"/>
        <line num="309" count="3" type="stmt"/>
        <line num="311" count="3" type="stmt"/>
        <line num="312" count="3" type="stmt"/>
        <line num="313" count="3" type="cond" truecount="2" falsecount="0"/>
        <line num="314" count="1" type="stmt"/>
        <line num="315" count="1" type="stmt"/>
        <line num="317" count="2" type="stmt"/>
        <line num="318" count="2" type="stmt"/>
        <line num="319" count="2" type="cond" truecount="1" falsecount="1"/>
        <line num="320" count="2" type="stmt"/>
        <line num="322" count="2" type="stmt"/>
        <line num="341" count="2" type="cond" truecount="2" falsecount="0"/>
        <line num="342" count="1" type="stmt"/>
        <line num="343" count="1" type="stmt"/>
        <line num="344" count="1" type="stmt"/>
        <line num="345" count="1" type="stmt"/>
        <line num="347" count="1" type="stmt"/>
        <line num="358" count="1" type="stmt"/>
        <line num="364" count="3" type="stmt"/>
        <line num="365" count="3" type="stmt"/>
        <line num="366" count="3" type="stmt"/>
        <line num="367" count="3" type="stmt"/>
        <line num="368" count="3" type="stmt"/>
        <line num="369" count="3" type="stmt"/>
        <line num="371" count="3" type="stmt"/>
        <line num="372" count="9" type="stmt"/>
        <line num="374" count="9" type="cond" truecount="2" falsecount="0"/>
        <line num="375" count="6" type="stmt"/>
        <line num="376" count="6" type="cond" truecount="4" falsecount="0"/>
        <line num="377" count="3" type="stmt"/>
        <line num="378" count="3" type="cond" truecount="1" falsecount="1"/>
        <line num="379" count="3" type="stmt"/>
        <line num="380" count="3" type="stmt"/>
        <line num="382" count="0" type="stmt"/>
        <line num="383" count="0" type="stmt"/>
        <line num="384" count="0" type="stmt"/>
        <line num="394" count="3" type="stmt"/>
        <line num="395" count="3" type="stmt"/>
        <line num="396" count="3" type="cond" truecount="1" falsecount="1"/>
        <line num="397" count="3" type="stmt"/>
        <line num="404" count="3" type="stmt"/>
        <line num="409" count="3" type="stmt"/>
        <line num="410" count="3" type="stmt"/>
        <line num="411" count="3" type="stmt"/>
        <line num="416" count="9" type="stmt"/>
        <line num="417" count="9" type="cond" truecount="2" falsecount="0"/>
        <line num="418" count="3" type="stmt"/>
        <line num="419" count="3" type="stmt"/>
        <line num="421" count="6" type="stmt"/>
        <line num="422" count="6" type="stmt"/>
        <line num="423" count="6" type="cond" truecount="1" falsecount="1"/>
        <line num="424" count="6" type="stmt"/>
        <line num="426" count="6" type="stmt"/>
        <line num="445" count="6" type="cond" truecount="2" falsecount="0"/>
        <line num="446" count="3" type="stmt"/>
        <line num="447" count="3" type="stmt"/>
        <line num="448" count="3" type="stmt"/>
        <line num="449" count="3" type="stmt"/>
        <line num="451" count="3" type="stmt"/>
        <line num="462" count="3" type="stmt"/>
        <line num="468" count="3" type="stmt"/>
        <line num="469" count="3" type="stmt"/>
        <line num="478" count="3" type="stmt"/>
        <line num="481" count="3" type="stmt"/>
        <line num="482" count="3" type="stmt"/>
        <line num="491" count="3" type="stmt"/>
        <line num="492" count="3" type="stmt"/>
        <line num="501" count="3" type="stmt"/>
        <line num="502" count="3" type="stmt"/>
        <line num="503" count="3" type="cond" truecount="1" falsecount="1"/>
        <line num="504" count="3" type="stmt"/>
        <line num="514" count="3" type="stmt"/>
        <line num="515" count="9" type="stmt"/>
        <line num="516" count="9" type="cond" truecount="1" falsecount="1"/>
        <line num="517" count="9" type="stmt"/>
        <line num="527" count="3" type="stmt"/>
        <line num="528" count="18" type="stmt"/>
        <line num="529" count="18" type="cond" truecount="2" falsecount="0"/>
        <line num="530" count="6" type="stmt"/>
        <line num="532" count="12" type="stmt"/>
        <line num="533" count="12" type="cond" truecount="2" falsecount="0"/>
        <line num="534" count="6" type="stmt"/>
        <line num="540" count="6" type="stmt"/>
        <line num="541" count="6" type="stmt"/>
        <line num="546" count="3" type="stmt"/>
        <line num="574" count="3" type="stmt"/>
        <line num="582" count="0" type="cond" truecount="0" falsecount="2"/>
        <line num="583" count="0" type="stmt"/>
        <line num="586" count="0" type="stmt"/>
        <line num="587" count="0" type="stmt"/>
        <line num="588" count="0" type="cond" truecount="0" falsecount="2"/>
        <line num="589" count="0" type="stmt"/>
        <line num="593" count="0" type="stmt"/>
        <line num="594" count="0" type="stmt"/>
        <line num="595" count="0" type="cond" truecount="0" falsecount="2"/>
        <line num="596" count="0" type="stmt"/>
        <line num="601" count="0" type="stmt"/>
        <line num="608" count="1" type="stmt"/>
        <line num="612" count="1" type="stmt"/>
        <line num="614" count="1" type="stmt"/>
        <line num="615" count="1" type="stmt"/>
        <line num="616" count="1" type="stmt"/>
        <line num="619" count="1" type="stmt"/>
        <line num="620" count="5" type="cond" truecount="2" falsecount="0"/>
        <line num="622" count="1" type="cond" truecount="1" falsecount="1"/>
        <line num="623" count="0" type="stmt"/>
        <line num="627" count="1" type="stmt"/>
        <line num="630" count="1" type="stmt"/>
        <line num="631" count="1" type="stmt"/>
        <line num="632" count="6" type="stmt"/>
        <line num="633" count="6" type="cond" truecount="1" falsecount="1"/>
        <line num="634" count="0" type="stmt"/>
        <line num="636" count="6" type="stmt"/>
        <line num="640" count="1" type="stmt"/>
        <line num="641" count="1" type="stmt"/>
        <line num="642" count="5" type="cond" truecount="3" falsecount="1"/>
        <line num="643" count="5" type="cond" truecount="2" falsecount="0"/>
        <line num="644" count="4" type="cond" truecount="1" falsecount="1"/>
        <line num="645" count="0" type="stmt"/>
        <line num="647" count="4" type="stmt"/>
        <line num="651" count="1" type="cond" truecount="1" falsecount="1"/>
        <line num="653" count="6" type="stmt"/>
        <line num="654" count="1" type="stmt"/>
        <line num="655" count="1" type="cond" truecount="3" falsecount="0"/>
        <line num="657" count="1" type="cond" truecount="1" falsecount="1"/>
        <line num="658" count="0" type="stmt"/>
        <line num="663" count="6" type="stmt"/>
        <line num="664" count="1" type="stmt"/>
        <line num="665" count="2" type="cond" truecount="3" falsecount="0"/>
        <line num="667" count="1" type="cond" truecount="1" falsecount="1"/>
        <line num="668" count="0" type="stmt"/>
        <line num="674" count="6" type="stmt"/>
        <line num="675" count="1" type="stmt"/>
        <line num="676" count="2" type="cond" truecount="5" falsecount="1"/>
        <line num="678" count="1" type="cond" truecount="1" falsecount="1"/>
        <line num="679" count="0" type="stmt"/>
        <line num="681" count="1" type="stmt"/>
        <line num="682" count="3" type="cond" truecount="4" falsecount="0"/>
        <line num="684" count="1" type="cond" truecount="1" falsecount="1"/>
        <line num="685" count="0" type="stmt"/>
        <line num="691" count="6" type="stmt"/>
        <line num="692" count="3" type="stmt"/>
        <line num="693" count="12" type="cond" truecount="5" falsecount="1"/>
        <line num="695" count="3" type="cond" truecount="1" falsecount="1"/>
        <line num="696" count="0" type="stmt"/>
        <line num="698" count="3" type="stmt"/>
        <line num="699" count="15" type="cond" truecount="4" falsecount="0"/>
        <line num="701" count="3" type="cond" truecount="1" falsecount="1"/>
        <line num="702" count="0" type="stmt"/>
        <line num="706" count="3" type="cond" truecount="2" falsecount="0"/>
        <line num="707" count="11" type="stmt"/>
        <line num="708" count="2" type="cond" truecount="4" falsecount="0"/>
        <line num="709" count="1" type="stmt"/>
        <line num="710" count="2" type="cond" truecount="3" falsecount="1"/>
        <line num="712" count="1" type="cond" truecount="3" falsecount="1"/>
        <line num="713" count="0" type="stmt"/>
        <line num="722" count="1" type="stmt"/>
      </file>
      <file name="db.ts" path="C:\Users\Usuario1\FRCB\CreditoNegocios-Main\CreditoNegocios\server\db.ts">
        <metrics statements="11" coveredstatements="10" conditionals="10" coveredconditionals="8" methods="0" coveredmethods="0"/>
        <line num="1" count="4" type="stmt"/>
        <line num="2" count="4" type="stmt"/>
        <line num="3" count="4" type="stmt"/>
        <line num="4" count="4" type="stmt"/>
        <line num="7" count="4" type="stmt"/>
        <line num="9" count="4" type="cond" truecount="2" falsecount="0"/>
        <line num="11" count="4" type="cond" truecount="3" falsecount="1"/>
        <line num="13" count="4" type="cond" truecount="3" falsecount="1"/>
        <line num="14" count="0" type="stmt"/>
        <line num="19" count="4" type="stmt"/>
        <line num="20" count="4" type="stmt"/>
      </file>
      <file name="dbStorage.ts" path="C:\Users\Usuario1\FRCB\CreditoNegocios-Main\CreditoNegocios\server\dbStorage.ts">
        <metrics statements="831" coveredstatements="5" conditionals="596" coveredconditionals="0" methods="157" coveredmethods="0"/>
        <line num="1" count="4" type="stmt"/>
        <line num="2" count="4" type="stmt"/>
        <line num="31" count="4" type="stmt"/>
        <line num="33" count="4" type="stmt"/>
        <line num="37" count="4" type="stmt"/>
        <line num="40" count="0" type="stmt"/>
        <line num="44" count="0" type="stmt"/>
        <line num="46" count="0" type="stmt"/>
        <line num="47" count="0" type="cond" truecount="0" falsecount="2"/>
        <line num="48" count="0" type="stmt"/>
        <line num="51" count="0" type="stmt"/>
        <line num="52" count="0" type="cond" truecount="0" falsecount="2"/>
        <line num="53" count="0" type="stmt"/>
        <line num="56" count="0" type="stmt"/>
        <line num="62" count="0" type="stmt"/>
        <line num="93" count="0" type="stmt"/>
        <line num="94" count="0" type="stmt"/>
        <line num="99" count="0" type="stmt"/>
        <line num="132" count="0" type="stmt"/>
        <line num="133" count="0" type="stmt"/>
        <line num="139" count="0" type="stmt"/>
        <line num="143" count="0" type="stmt"/>
        <line num="148" count="0" type="stmt"/>
        <line num="153" count="0" type="stmt"/>
        <line num="157" count="0" type="stmt"/>
        <line num="165" count="0" type="stmt"/>
        <line num="200" count="0" type="stmt"/>
        <line num="201" count="0" type="stmt"/>
        <line num="202" count="0" type="cond" truecount="0" falsecount="4"/>
        <line num="204" count="0" type="stmt"/>
        <line num="206" count="0" type="stmt"/>
        <line num="207" count="0" type="stmt"/>
        <line num="208" count="0" type="cond" truecount="0" falsecount="4"/>
        <line num="209" count="0" type="stmt"/>
        <line num="212" count="0" type="stmt"/>
        <line num="214" count="0" type="stmt"/>
        <line num="218" count="0" type="stmt"/>
        <line num="219" count="0" type="stmt"/>
        <line num="220" count="0" type="stmt"/>
        <line num="221" count="0" type="cond" truecount="0" falsecount="4"/>
        <line num="223" count="0" type="stmt"/>
        <line num="225" count="0" type="stmt"/>
        <line num="226" count="0" type="stmt"/>
        <line num="230" count="0" type="cond" truecount="0" falsecount="4"/>
        <line num="231" count="0" type="stmt"/>
        <line num="234" count="0" type="stmt"/>
        <line num="236" count="0" type="stmt"/>
        <line num="240" count="0" type="stmt"/>
        <line num="241" count="0" type="stmt"/>
        <line num="246" count="0" type="stmt"/>
        <line num="247" count="0" type="stmt"/>
        <line num="252" count="0" type="stmt"/>
        <line num="253" count="0" type="stmt"/>
        <line num="262" count="0" type="stmt"/>
        <line num="264" count="0" type="stmt"/>
        <line num="265" count="0" type="stmt"/>
        <line num="270" count="0" type="stmt"/>
        <line num="272" count="0" type="stmt"/>
        <line num="273" count="0" type="cond" truecount="0" falsecount="2"/>
        <line num="275" count="0" type="cond" truecount="0" falsecount="2"/>
        <line num="277" count="0" type="stmt"/>
        <line num="282" count="0" type="stmt"/>
        <line num="283" count="0" type="cond" truecount="0" falsecount="2"/>
        <line num="285" count="0" type="stmt"/>
        <line num="290" count="0" type="stmt"/>
        <line num="293" count="0" type="stmt"/>
        <line num="297" count="0" type="stmt"/>
        <line num="300" count="0" type="stmt"/>
        <line num="301" count="0" type="stmt"/>
        <line num="315" count="0" type="stmt"/>
        <line num="316" count="0" type="stmt"/>
        <line num="331" count="0" type="stmt"/>
        <line num="333" count="0" type="stmt"/>
        <line num="334" count="0" type="stmt"/>
        <line num="339" count="0" type="stmt"/>
        <line num="341" count="0" type="stmt"/>
        <line num="342" count="0" type="cond" truecount="0" falsecount="2"/>
        <line num="345" count="0" type="cond" truecount="0" falsecount="4"/>
        <line num="346" count="0" type="cond" truecount="0" falsecount="4"/>
        <line num="347" count="0" type="cond" truecount="0" falsecount="2"/>
        <line num="361" count="0" type="stmt"/>
        <line num="370" count="0" type="stmt"/>
        <line num="372" count="0" type="stmt"/>
        <line num="373" count="0" type="stmt"/>
        <line num="378" count="0" type="stmt"/>
        <line num="379" count="0" type="stmt"/>
        <line num="385" count="0" type="stmt"/>
        <line num="386" count="0" type="stmt"/>
        <line num="391" count="0" type="stmt"/>
        <line num="392" count="0" type="stmt"/>
        <line num="401" count="0" type="stmt"/>
        <line num="402" count="0" type="stmt"/>
        <line num="407" count="0" type="stmt"/>
        <line num="408" count="0" type="stmt"/>
        <line num="412" count="0" type="stmt"/>
        <line num="414" count="0" type="stmt"/>
        <line num="415" count="0" type="stmt"/>
        <line num="420" count="0" type="stmt"/>
        <line num="421" count="0" type="stmt"/>
        <line num="430" count="0" type="stmt"/>
        <line num="431" count="0" type="stmt"/>
        <line num="436" count="0" type="stmt"/>
        <line num="437" count="0" type="stmt"/>
        <line num="445" count="0" type="stmt"/>
        <line num="446" count="0" type="stmt"/>
        <line num="452" count="0" type="stmt"/>
        <line num="453" count="0" type="stmt"/>
        <line num="458" count="0" type="stmt"/>
        <line num="459" count="0" type="stmt"/>
        <line num="464" count="0" type="stmt"/>
        <line num="465" count="0" type="stmt"/>
        <line num="466" count="0" type="stmt"/>
        <line num="468" count="0" type="stmt"/>
        <line num="469" count="0" type="stmt"/>
        <line num="474" count="0" type="stmt"/>
        <line num="475" count="0" type="stmt"/>
        <line num="476" count="0" type="stmt"/>
        <line num="478" count="0" type="stmt"/>
        <line num="479" count="0" type="stmt"/>
        <line num="484" count="0" type="stmt"/>
        <line num="485" count="0" type="cond" truecount="0" falsecount="2"/>
        <line num="486" count="0" type="stmt"/>
        <line num="488" count="0" type="stmt"/>
        <line num="494" count="0" type="stmt"/>
        <line num="495" count="0" type="stmt"/>
        <line num="500" count="0" type="stmt"/>
        <line num="501" count="0" type="stmt"/>
        <line num="510" count="0" type="stmt"/>
        <line num="512" count="0" type="stmt"/>
        <line num="513" count="0" type="stmt"/>
        <line num="518" count="0" type="stmt"/>
        <line num="519" count="0" type="stmt"/>
        <line num="524" count="0" type="stmt"/>
        <line num="526" count="0" type="stmt"/>
        <line num="527" count="0" type="stmt"/>
        <line num="532" count="0" type="stmt"/>
        <line num="533" count="0" type="stmt"/>
        <line num="534" count="0" type="cond" truecount="0" falsecount="4"/>
        <line num="536" count="0" type="stmt"/>
        <line num="537" count="0" type="stmt"/>
        <line num="543" count="0" type="stmt"/>
        <line num="544" count="0" type="stmt"/>
        <line num="549" count="0" type="stmt"/>
        <line num="550" count="0" type="stmt"/>
        <line num="555" count="0" type="stmt"/>
        <line num="556" count="0" type="stmt"/>
        <line num="557" count="0" type="stmt"/>
        <line num="559" count="0" type="stmt"/>
        <line num="560" count="0" type="stmt"/>
        <line num="565" count="0" type="stmt"/>
        <line num="566" count="0" type="stmt"/>
        <line num="575" count="0" type="stmt"/>
        <line num="577" count="0" type="stmt"/>
        <line num="578" count="0" type="stmt"/>
        <line num="583" count="0" type="stmt"/>
        <line num="584" count="0" type="stmt"/>
        <line num="589" count="0" type="stmt"/>
        <line num="591" count="0" type="stmt"/>
        <line num="592" count="0" type="stmt"/>
        <line num="597" count="0" type="stmt"/>
        <line num="598" count="0" type="stmt"/>
        <line num="599" count="0" type="cond" truecount="0" falsecount="4"/>
        <line num="601" count="0" type="stmt"/>
        <line num="602" count="0" type="stmt"/>
        <line num="608" count="0" type="stmt"/>
        <line num="609" count="0" type="stmt"/>
        <line num="610" count="0" type="cond" truecount="0" falsecount="2"/>
        <line num="611" count="0" type="stmt"/>
        <line num="614" count="0" type="stmt"/>
        <line num="644" count="0" type="stmt"/>
        <line num="645" count="0" type="stmt"/>
        <line num="650" count="0" type="stmt"/>
        <line num="651" count="0" type="stmt"/>
        <line num="652" count="0" type="stmt"/>
        <line num="654" count="0" type="stmt"/>
        <line num="655" count="0" type="stmt"/>
        <line num="660" count="0" type="stmt"/>
        <line num="661" count="0" type="stmt"/>
        <line num="667" count="0" type="stmt"/>
        <line num="668" count="0" type="stmt"/>
        <line num="673" count="0" type="stmt"/>
        <line num="675" count="0" type="cond" truecount="0" falsecount="4"/>
        <line num="677" count="0" type="cond" truecount="0" falsecount="4"/>
        <line num="678" count="0" type="stmt"/>
        <line num="680" count="0" type="stmt"/>
        <line num="681" count="0" type="cond" truecount="0" falsecount="4"/>
        <line num="683" count="0" type="stmt"/>
        <line num="684" count="0" type="cond" truecount="0" falsecount="2"/>
        <line num="685" count="0" type="stmt"/>
        <line num="687" count="0" type="stmt"/>
        <line num="703" count="0" type="stmt"/>
        <line num="708" count="0" type="stmt"/>
        <line num="720" count="0" type="stmt"/>
        <line num="722" count="0" type="stmt"/>
        <line num="723" count="0" type="stmt"/>
        <line num="728" count="0" type="stmt"/>
        <line num="729" count="0" type="stmt"/>
        <line num="734" count="0" type="stmt"/>
        <line num="736" count="0" type="stmt"/>
        <line num="737" count="0" type="stmt"/>
        <line num="742" count="0" type="stmt"/>
        <line num="743" count="0" type="stmt"/>
        <line num="744" count="0" type="cond" truecount="0" falsecount="4"/>
        <line num="746" count="0" type="stmt"/>
        <line num="747" count="0" type="stmt"/>
        <line num="753" count="0" type="stmt"/>
        <line num="755" count="0" type="stmt"/>
        <line num="758" count="0" type="stmt"/>
        <line num="760" count="0" type="cond" truecount="0" falsecount="2"/>
        <line num="762" count="0" type="cond" truecount="0" falsecount="2"/>
        <line num="765" count="0" type="stmt"/>
        <line num="767" count="0" type="stmt"/>
        <line num="768" count="0" type="stmt"/>
        <line num="773" count="0" type="stmt"/>
        <line num="774" count="0" type="stmt"/>
        <line num="775" count="0" type="stmt"/>
        <line num="777" count="0" type="stmt"/>
        <line num="778" count="0" type="stmt"/>
        <line num="783" count="0" type="stmt"/>
        <line num="784" count="0" type="stmt"/>
        <line num="807" count="0" type="stmt"/>
        <line num="809" count="0" type="stmt"/>
        <line num="810" count="0" type="stmt"/>
        <line num="815" count="0" type="stmt"/>
        <line num="816" count="0" type="stmt"/>
        <line num="821" count="0" type="stmt"/>
        <line num="823" count="0" type="stmt"/>
        <line num="824" count="0" type="stmt"/>
        <line num="829" count="0" type="stmt"/>
        <line num="831" count="0" type="stmt"/>
        <line num="832" count="0" type="stmt"/>
        <line num="835" count="0" type="stmt"/>
        <line num="836" count="0" type="stmt"/>
        <line num="837" count="0" type="stmt"/>
        <line num="840" count="0" type="stmt"/>
        <line num="841" count="0" type="cond" truecount="0" falsecount="4"/>
        <line num="843" count="0" type="stmt"/>
        <line num="844" count="0" type="stmt"/>
        <line num="851" count="0" type="stmt"/>
        <line num="852" count="0" type="cond" truecount="0" falsecount="2"/>
        <line num="853" count="0" type="stmt"/>
        <line num="860" count="0" type="stmt"/>
        <line num="861" count="0" type="cond" truecount="0" falsecount="8"/>
        <line num="862" count="0" type="stmt"/>
        <line num="863" count="0" type="cond" truecount="0" falsecount="6"/>
        <line num="864" count="0" type="stmt"/>
        <line num="866" count="0" type="cond" truecount="0" falsecount="6"/>
        <line num="867" count="0" type="stmt"/>
        <line num="870" count="0" type="cond" truecount="0" falsecount="2"/>
        <line num="874" count="0" type="stmt"/>
        <line num="876" count="0" type="stmt"/>
        <line num="877" count="0" type="stmt"/>
        <line num="882" count="0" type="stmt"/>
        <line num="883" count="0" type="stmt"/>
        <line num="884" count="0" type="stmt"/>
        <line num="886" count="0" type="stmt"/>
        <line num="887" count="0" type="stmt"/>
        <line num="892" count="0" type="stmt"/>
        <line num="893" count="0" type="stmt"/>
        <line num="901" count="0" type="stmt"/>
        <line num="903" count="0" type="stmt"/>
        <line num="904" count="0" type="stmt"/>
        <line num="909" count="0" type="stmt"/>
        <line num="910" count="0" type="stmt"/>
        <line num="915" count="0" type="stmt"/>
        <line num="917" count="0" type="stmt"/>
        <line num="918" count="0" type="stmt"/>
        <line num="923" count="0" type="stmt"/>
        <line num="924" count="0" type="stmt"/>
        <line num="925" count="0" type="stmt"/>
        <line num="927" count="0" type="stmt"/>
        <line num="928" count="0" type="stmt"/>
        <line num="934" count="0" type="stmt"/>
        <line num="935" count="0" type="stmt"/>
        <line num="943" count="0" type="stmt"/>
        <line num="945" count="0" type="stmt"/>
        <line num="946" count="0" type="stmt"/>
        <line num="951" count="0" type="stmt"/>
        <line num="952" count="0" type="stmt"/>
        <line num="958" count="0" type="stmt"/>
        <line num="959" count="0" type="stmt"/>
        <line num="965" count="0" type="stmt"/>
        <line num="966" count="0" type="stmt"/>
        <line num="968" count="0" type="cond" truecount="0" falsecount="2"/>
        <line num="969" count="0" type="stmt"/>
        <line num="970" count="0" type="cond" truecount="0" falsecount="4"/>
        <line num="971" count="0" type="stmt"/>
        <line num="972" count="0" type="cond" truecount="0" falsecount="2"/>
        <line num="973" count="0" type="stmt"/>
        <line num="975" count="0" type="cond" truecount="0" falsecount="2"/>
        <line num="976" count="0" type="cond" truecount="0" falsecount="2"/>
        <line num="979" count="0" type="cond" truecount="0" falsecount="4"/>
        <line num="980" count="0" type="cond" truecount="0" falsecount="4"/>
        <line num="981" count="0" type="stmt"/>
        <line num="985" count="0" type="cond" truecount="0" falsecount="2"/>
        <line num="986" count="0" type="cond" truecount="0" falsecount="2"/>
        <line num="988" count="0" type="cond" truecount="0" falsecount="2"/>
        <line num="989" count="0" type="stmt"/>
        <line num="993" count="0" type="stmt"/>
        <line num="995" count="0" type="stmt"/>
        <line num="996" count="0" type="stmt"/>
        <line num="1001" count="0" type="stmt"/>
        <line num="1002" count="0" type="stmt"/>
        <line num="1003" count="0" type="stmt"/>
        <line num="1005" count="0" type="stmt"/>
        <line num="1006" count="0" type="stmt"/>
        <line num="1011" count="0" type="stmt"/>
        <line num="1012" count="0" type="stmt"/>
        <line num="1020" count="0" type="stmt"/>
        <line num="1022" count="0" type="stmt"/>
        <line num="1023" count="0" type="stmt"/>
        <line num="1028" count="0" type="stmt"/>
        <line num="1029" count="0" type="stmt"/>
        <line num="1037" count="0" type="stmt"/>
        <line num="1039" count="0" type="stmt"/>
        <line num="1040" count="0" type="stmt"/>
        <line num="1045" count="0" type="stmt"/>
        <line num="1046" count="0" type="stmt"/>
        <line num="1052" count="0" type="stmt"/>
        <line num="1053" count="0" type="stmt"/>
        <line num="1058" count="0" type="stmt"/>
        <line num="1059" count="0" type="stmt"/>
        <line num="1060" count="0" type="stmt"/>
        <line num="1062" count="0" type="stmt"/>
        <line num="1073" count="0" type="stmt"/>
        <line num="1074" count="0" type="stmt"/>
        <line num="1080" count="0" type="stmt"/>
        <line num="1085" count="0" type="stmt"/>
        <line num="1090" count="0" type="stmt"/>
        <line num="1091" count="0" type="stmt"/>
        <line num="1092" count="0" type="stmt"/>
        <line num="1094" count="0" type="stmt"/>
        <line num="1095" count="0" type="stmt"/>
        <line num="1112" count="0" type="stmt"/>
        <line num="1113" count="0" type="cond" truecount="0" falsecount="2"/>
        <line num="1117" count="0" type="cond" truecount="0" falsecount="2"/>
        <line num="1118" count="0" type="stmt"/>
        <line num="1121" count="0" type="stmt"/>
        <line num="1123" count="0" type="cond" truecount="0" falsecount="2"/>
        <line num="1124" count="0" type="stmt"/>
        <line num="1127" count="0" type="cond" truecount="0" falsecount="2"/>
        <line num="1128" count="0" type="stmt"/>
        <line num="1131" count="0" type="cond" truecount="0" falsecount="4"/>
        <line num="1132" count="0" type="stmt"/>
        <line num="1135" count="0" type="cond" truecount="0" falsecount="2"/>
        <line num="1136" count="0" type="stmt"/>
        <line num="1139" count="0" type="cond" truecount="0" falsecount="2"/>
        <line num="1140" count="0" type="stmt"/>
        <line num="1141" count="0" type="cond" truecount="0" falsecount="2"/>
        <line num="1142" count="0" type="cond" truecount="0" falsecount="2"/>
        <line num="1143" count="0" type="stmt"/>
        <line num="1144" count="0" type="stmt"/>
        <line num="1145" count="0" type="stmt"/>
        <line num="1152" count="0" type="stmt"/>
        <line num="1161" count="0" type="cond" truecount="0" falsecount="2"/>
        <line num="1162" count="0" type="stmt"/>
        <line num="1165" count="0" type="cond" truecount="0" falsecount="4"/>
        <line num="1166" count="0" type="stmt"/>
        <line num="1169" count="0" type="cond" truecount="0" falsecount="2"/>
        <line num="1170" count="0" type="stmt"/>
        <line num="1173" count="0" type="cond" truecount="0" falsecount="2"/>
        <line num="1174" count="0" type="stmt"/>
        <line num="1177" count="0" type="cond" truecount="0" falsecount="2"/>
        <line num="1178" count="0" type="stmt"/>
        <line num="1181" count="0" type="stmt"/>
        <line num="1187" count="0" type="stmt"/>
        <line num="1188" count="0" type="stmt"/>
        <line num="1193" count="0" type="stmt"/>
        <line num="1194" count="0" type="stmt"/>
        <line num="1195" count="0" type="stmt"/>
        <line num="1197" count="0" type="stmt"/>
        <line num="1198" count="0" type="stmt"/>
        <line num="1203" count="0" type="stmt"/>
        <line num="1204" count="0" type="stmt"/>
        <line num="1209" count="0" type="stmt"/>
        <line num="1211" count="0" type="stmt"/>
        <line num="1212" count="0" type="stmt"/>
        <line num="1222" count="0" type="stmt"/>
        <line num="1223" count="0" type="stmt"/>
        <line num="1237" count="0" type="cond" truecount="0" falsecount="2"/>
        <line num="1239" count="0" type="stmt"/>
        <line num="1240" count="0" type="stmt"/>
        <line num="1245" count="0" type="stmt"/>
        <line num="1246" count="0" type="stmt"/>
        <line num="1247" count="0" type="stmt"/>
        <line num="1249" count="0" type="stmt"/>
        <line num="1250" count="0" type="stmt"/>
        <line num="1255" count="0" type="stmt"/>
        <line num="1256" count="0" type="stmt"/>
        <line num="1262" count="0" type="stmt"/>
        <line num="1263" count="0" type="stmt"/>
        <line num="1269" count="0" type="stmt"/>
        <line num="1270" count="0" type="stmt"/>
        <line num="1272" count="0" type="stmt"/>
        <line num="1273" count="0" type="stmt"/>
        <line num="1278" count="0" type="stmt"/>
        <line num="1279" count="0" type="stmt"/>
        <line num="1280" count="0" type="stmt"/>
        <line num="1282" count="0" type="stmt"/>
        <line num="1283" count="0" type="stmt"/>
        <line num="1288" count="0" type="stmt"/>
        <line num="1289" count="0" type="stmt"/>
        <line num="1290" count="0" type="stmt"/>
        <line num="1292" count="0" type="stmt"/>
        <line num="1293" count="0" type="stmt"/>
        <line num="1298" count="0" type="stmt"/>
        <line num="1299" count="0" type="stmt"/>
        <line num="1300" count="0" type="cond" truecount="0" falsecount="2"/>
        <line num="1302" count="0" type="stmt"/>
        <line num="1303" count="0" type="stmt"/>
        <line num="1309" count="0" type="stmt"/>
        <line num="1310" count="0" type="stmt"/>
        <line num="1311" count="0" type="cond" truecount="0" falsecount="8"/>
        <line num="1312" count="0" type="stmt"/>
        <line num="1313" count="0" type="cond" truecount="0" falsecount="6"/>
        <line num="1314" count="0" type="stmt"/>
        <line num="1316" count="0" type="cond" truecount="0" falsecount="6"/>
        <line num="1317" count="0" type="stmt"/>
        <line num="1319" count="0" type="cond" truecount="0" falsecount="6"/>
        <line num="1320" count="0" type="stmt"/>
        <line num="1322" count="0" type="cond" truecount="0" falsecount="6"/>
        <line num="1323" count="0" type="stmt"/>
        <line num="1326" count="0" type="cond" truecount="0" falsecount="2"/>
        <line num="1330" count="0" type="stmt"/>
        <line num="1332" count="0" type="stmt"/>
        <line num="1333" count="0" type="stmt"/>
        <line num="1338" count="0" type="stmt"/>
        <line num="1339" count="0" type="stmt"/>
        <line num="1340" count="0" type="stmt"/>
        <line num="1342" count="0" type="stmt"/>
        <line num="1343" count="0" type="stmt"/>
        <line num="1348" count="0" type="stmt"/>
        <line num="1349" count="0" type="stmt"/>
        <line num="1350" count="0" type="stmt"/>
        <line num="1352" count="0" type="stmt"/>
        <line num="1353" count="0" type="stmt"/>
        <line num="1358" count="0" type="stmt"/>
        <line num="1359" count="0" type="stmt"/>
        <line num="1360" count="0" type="stmt"/>
        <line num="1362" count="0" type="stmt"/>
        <line num="1363" count="0" type="stmt"/>
        <line num="1368" count="0" type="stmt"/>
        <line num="1369" count="0" type="stmt"/>
        <line num="1370" count="0" type="stmt"/>
        <line num="1372" count="0" type="stmt"/>
        <line num="1373" count="0" type="stmt"/>
        <line num="1379" count="0" type="stmt"/>
        <line num="1380" count="0" type="stmt"/>
        <line num="1382" count="0" type="stmt"/>
        <line num="1383" count="0" type="stmt"/>
        <line num="1388" count="0" type="stmt"/>
        <line num="1389" count="0" type="stmt"/>
        <line num="1390" count="0" type="stmt"/>
        <line num="1392" count="0" type="stmt"/>
        <line num="1393" count="0" type="stmt"/>
        <line num="1398" count="0" type="stmt"/>
        <line num="1399" count="0" type="stmt"/>
        <line num="1400" count="0" type="stmt"/>
        <line num="1402" count="0" type="stmt"/>
        <line num="1403" count="0" type="stmt"/>
        <line num="1408" count="0" type="stmt"/>
        <line num="1409" count="0" type="stmt"/>
        <line num="1410" count="0" type="cond" truecount="0" falsecount="2"/>
        <line num="1411" count="0" type="stmt"/>
        <line num="1414" count="0" type="stmt"/>
        <line num="1415" count="0" type="stmt"/>
        <line num="1424" count="0" type="stmt"/>
        <line num="1426" count="0" type="stmt"/>
        <line num="1427" count="0" type="stmt"/>
        <line num="1432" count="0" type="stmt"/>
        <line num="1433" count="0" type="cond" truecount="0" falsecount="2"/>
        <line num="1434" count="0" type="stmt"/>
        <line num="1435" count="0" type="cond" truecount="0" falsecount="4"/>
        <line num="1436" count="0" type="stmt"/>
        <line num="1440" count="0" type="stmt"/>
        <line num="1447" count="0" type="stmt"/>
        <line num="1449" count="0" type="stmt"/>
        <line num="1450" count="0" type="stmt"/>
        <line num="1455" count="0" type="stmt"/>
        <line num="1456" count="0" type="stmt"/>
        <line num="1457" count="0" type="stmt"/>
        <line num="1458" count="0" type="stmt"/>
        <line num="1460" count="0" type="stmt"/>
        <line num="1461" count="0" type="stmt"/>
        <line num="1466" count="0" type="stmt"/>
        <line num="1467" count="0" type="stmt"/>
        <line num="1471" count="0" type="stmt"/>
        <line num="1472" count="0" type="stmt"/>
        <line num="1478" count="0" type="stmt"/>
        <line num="1479" count="0" type="cond" truecount="0" falsecount="2"/>
        <line num="1482" count="0" type="stmt"/>
        <line num="1484" count="0" type="stmt"/>
        <line num="1485" count="0" type="stmt"/>
        <line num="1490" count="0" type="stmt"/>
        <line num="1491" count="0" type="stmt"/>
        <line num="1492" count="0" type="stmt"/>
        <line num="1494" count="0" type="stmt"/>
        <line num="1495" count="0" type="stmt"/>
        <line num="1500" count="0" type="stmt"/>
        <line num="1502" count="0" type="stmt"/>
        <line num="1503" count="0" type="cond" truecount="0" falsecount="2"/>
        <line num="1504" count="0" type="stmt"/>
        <line num="1508" count="0" type="stmt"/>
        <line num="1509" count="0" type="cond" truecount="0" falsecount="2"/>
        <line num="1510" count="0" type="stmt"/>
        <line num="1514" count="0" type="stmt"/>
        <line num="1515" count="0" type="cond" truecount="0" falsecount="2"/>
        <line num="1516" count="0" type="stmt"/>
        <line num="1519" count="0" type="stmt"/>
        <line num="1520" count="0" type="stmt"/>
        <line num="1527" count="0" type="stmt"/>
        <line num="1529" count="0" type="stmt"/>
        <line num="1530" count="0" type="stmt"/>
        <line num="1535" count="0" type="stmt"/>
        <line num="1536" count="0" type="stmt"/>
        <line num="1543" count="0" type="stmt"/>
        <line num="1545" count="0" type="stmt"/>
        <line num="1546" count="0" type="stmt"/>
        <line num="1551" count="0" type="stmt"/>
        <line num="1552" count="0" type="stmt"/>
        <line num="1553" count="0" type="stmt"/>
        <line num="1555" count="0" type="stmt"/>
        <line num="1556" count="0" type="stmt"/>
        <line num="1561" count="0" type="stmt"/>
        <line num="1562" count="0" type="stmt"/>
        <line num="1566" count="0" type="stmt"/>
        <line num="1567" count="0" type="stmt"/>
        <line num="1572" count="0" type="stmt"/>
        <line num="1573" count="0" type="stmt"/>
        <line num="1575" count="0" type="stmt"/>
        <line num="1577" count="0" type="stmt"/>
        <line num="1578" count="0" type="stmt"/>
        <line num="1583" count="0" type="stmt"/>
        <line num="1584" count="0" type="stmt"/>
        <line num="1611" count="0" type="stmt"/>
        <line num="1613" count="0" type="stmt"/>
        <line num="1614" count="0" type="stmt"/>
        <line num="1619" count="0" type="stmt"/>
        <line num="1620" count="0" type="stmt"/>
        <line num="1646" count="0" type="stmt"/>
        <line num="1648" count="0" type="stmt"/>
        <line num="1649" count="0" type="stmt"/>
        <line num="1654" count="0" type="stmt"/>
        <line num="1655" count="0" type="stmt"/>
        <line num="1665" count="0" type="cond" truecount="0" falsecount="6"/>
        <line num="1667" count="0" type="stmt"/>
        <line num="1668" count="0" type="stmt"/>
        <line num="1686" count="0" type="stmt"/>
        <line num="1688" count="0" type="stmt"/>
        <line num="1689" count="0" type="cond" truecount="0" falsecount="2"/>
        <line num="1690" count="0" type="stmt"/>
        <line num="1694" count="0" type="stmt"/>
        <line num="1697" count="0" type="cond" truecount="0" falsecount="2"/>
        <line num="1698" count="0" type="stmt"/>
        <line num="1702" count="0" type="cond" truecount="0" falsecount="2"/>
        <line num="1703" count="0" type="stmt"/>
        <line num="1705" count="0" type="stmt"/>
        <line num="1707" count="0" type="stmt"/>
        <line num="1708" count="0" type="stmt"/>
        <line num="1726" count="0" type="stmt"/>
        <line num="1730" count="0" type="stmt"/>
        <line num="1731" count="0" type="stmt"/>
        <line num="1744" count="0" type="stmt"/>
        <line num="1749" count="0" type="stmt"/>
        <line num="1750" count="0" type="stmt"/>
        <line num="1755" count="0" type="cond" truecount="0" falsecount="2"/>
        <line num="1756" count="0" type="stmt"/>
        <line num="1759" count="0" type="cond" truecount="0" falsecount="4"/>
        <line num="1760" count="0" type="stmt"/>
        <line num="1771" count="0" type="cond" truecount="0" falsecount="8"/>
        <line num="1772" count="0" type="stmt"/>
        <line num="1776" count="0" type="stmt"/>
        <line num="1783" count="0" type="stmt"/>
        <line num="1794" count="0" type="stmt"/>
        <line num="1795" count="0" type="cond" truecount="0" falsecount="8"/>
        <line num="1796" count="0" type="stmt"/>
        <line num="1800" count="0" type="stmt"/>
        <line num="1803" count="0" type="stmt"/>
        <line num="1808" count="0" type="stmt"/>
        <line num="1809" count="0" type="stmt"/>
        <line num="1814" count="0" type="cond" truecount="0" falsecount="2"/>
        <line num="1815" count="0" type="stmt"/>
        <line num="1818" count="0" type="stmt"/>
        <line num="1824" count="0" type="stmt"/>
        <line num="1829" count="0" type="stmt"/>
        <line num="1834" count="0" type="stmt"/>
        <line num="1835" count="0" type="stmt"/>
        <line num="1836" count="0" type="stmt"/>
        <line num="1837" count="0" type="stmt"/>
        <line num="1838" count="0" type="stmt"/>
        <line num="1841" count="0" type="stmt"/>
        <line num="1842" count="0" type="stmt"/>
        <line num="1843" count="0" type="stmt"/>
        <line num="1844" count="0" type="stmt"/>
        <line num="1845" count="0" type="stmt"/>
        <line num="1849" count="0" type="stmt"/>
        <line num="1850" count="0" type="stmt"/>
        <line num="1851" count="0" type="cond" truecount="0" falsecount="6"/>
        <line num="1852" count="0" type="stmt"/>
        <line num="1854" count="0" type="cond" truecount="0" falsecount="6"/>
        <line num="1855" count="0" type="stmt"/>
        <line num="1858" count="0" type="cond" truecount="0" falsecount="2"/>
        <line num="1862" count="0" type="stmt"/>
        <line num="1864" count="0" type="stmt"/>
        <line num="1865" count="0" type="stmt"/>
        <line num="1870" count="0" type="stmt"/>
        <line num="1871" count="0" type="stmt"/>
        <line num="1872" count="0" type="stmt"/>
        <line num="1874" count="0" type="stmt"/>
        <line num="1875" count="0" type="stmt"/>
        <line num="1880" count="0" type="stmt"/>
        <line num="1892" count="0" type="stmt"/>
        <line num="1896" count="0" type="stmt"/>
        <line num="1897" count="0" type="cond" truecount="0" falsecount="2"/>
        <line num="1898" count="0" type="stmt"/>
        <line num="1903" count="0" type="cond" truecount="0" falsecount="4"/>
        <line num="1904" count="0" type="stmt"/>
        <line num="1907" count="0" type="stmt"/>
        <line num="1913" count="0" type="stmt"/>
        <line num="1915" count="0" type="stmt"/>
        <line num="1916" count="0" type="stmt"/>
        <line num="1922" count="0" type="stmt"/>
        <line num="1923" count="0" type="stmt"/>
        <line num="1924" count="0" type="cond" truecount="0" falsecount="8"/>
        <line num="1925" count="0" type="stmt"/>
        <line num="1926" count="0" type="cond" truecount="0" falsecount="6"/>
        <line num="1927" count="0" type="stmt"/>
        <line num="1929" count="0" type="cond" truecount="0" falsecount="6"/>
        <line num="1930" count="0" type="stmt"/>
        <line num="1932" count="0" type="cond" truecount="0" falsecount="8"/>
        <line num="1933" count="0" type="stmt"/>
        <line num="1934" count="0" type="cond" truecount="0" falsecount="6"/>
        <line num="1935" count="0" type="stmt"/>
        <line num="1937" count="0" type="cond" truecount="0" falsecount="6"/>
        <line num="1938" count="0" type="stmt"/>
        <line num="1943" count="0" type="cond" truecount="0" falsecount="2"/>
        <line num="1944" count="0" type="stmt"/>
        <line num="1948" count="0" type="stmt"/>
        <line num="1952" count="0" type="cond" truecount="0" falsecount="2"/>
        <line num="1953" count="0" type="stmt"/>
        <line num="1957" count="0" type="stmt"/>
        <line num="1958" count="0" type="stmt"/>
        <line num="1962" count="0" type="stmt"/>
        <line num="1963" count="0" type="stmt"/>
        <line num="1964" count="0" type="cond" truecount="0" falsecount="2"/>
        <line num="1965" count="0" type="stmt"/>
        <line num="1967" count="0" type="stmt"/>
        <line num="1971" count="0" type="stmt"/>
        <line num="1972" count="0" type="stmt"/>
        <line num="1973" count="0" type="stmt"/>
        <line num="1975" count="0" type="stmt"/>
        <line num="1976" count="0" type="cond" truecount="0" falsecount="2"/>
        <line num="1977" count="0" type="stmt"/>
        <line num="1979" count="0" type="stmt"/>
        <line num="1980" count="0" type="stmt"/>
        <line num="1985" count="0" type="stmt"/>
        <line num="1993" count="0" type="stmt"/>
        <line num="1995" count="0" type="stmt"/>
        <line num="1996" count="0" type="stmt"/>
        <line num="2001" count="0" type="stmt"/>
        <line num="2002" count="0" type="stmt"/>
        <line num="2005" count="0" type="stmt"/>
        <line num="2007" count="0" type="stmt"/>
        <line num="2008" count="0" type="stmt"/>
        <line num="2013" count="0" type="stmt"/>
        <line num="2014" count="0" type="stmt"/>
        <line num="2017" count="0" type="stmt"/>
        <line num="2019" count="0" type="stmt"/>
        <line num="2020" count="0" type="stmt"/>
        <line num="2025" count="0" type="stmt"/>
        <line num="2026" count="0" type="stmt"/>
        <line num="2030" count="0" type="stmt"/>
        <line num="2032" count="0" type="stmt"/>
        <line num="2033" count="0" type="stmt"/>
        <line num="2039" count="0" type="stmt"/>
        <line num="2040" count="0" type="stmt"/>
        <line num="2041" count="0" type="cond" truecount="0" falsecount="6"/>
        <line num="2042" count="0" type="stmt"/>
        <line num="2044" count="0" type="cond" truecount="0" falsecount="6"/>
        <line num="2045" count="0" type="stmt"/>
        <line num="2047" count="0" type="cond" truecount="0" falsecount="6"/>
        <line num="2048" count="0" type="stmt"/>
        <line num="2051" count="0" type="cond" truecount="0" falsecount="2"/>
        <line num="2052" count="0" type="stmt"/>
        <line num="2056" count="0" type="stmt"/>
        <line num="2060" count="0" type="stmt"/>
        <line num="2061" count="0" type="stmt"/>
        <line num="2066" count="0" type="stmt"/>
        <line num="2067" count="0" type="stmt"/>
        <line num="2070" count="0" type="stmt"/>
        <line num="2072" count="0" type="stmt"/>
        <line num="2073" count="0" type="stmt"/>
        <line num="2078" count="0" type="stmt"/>
        <line num="2079" count="0" type="stmt"/>
        <line num="2082" count="0" type="stmt"/>
        <line num="2084" count="0" type="stmt"/>
        <line num="2085" count="0" type="stmt"/>
        <line num="2090" count="0" type="stmt"/>
        <line num="2091" count="0" type="stmt"/>
        <line num="2095" count="0" type="stmt"/>
        <line num="2096" count="0" type="stmt"/>
        <line num="2101" count="0" type="stmt"/>
        <line num="2102" count="0" type="stmt"/>
        <line num="2105" count="0" type="stmt"/>
        <line num="2107" count="0" type="stmt"/>
        <line num="2108" count="0" type="stmt"/>
        <line num="2113" count="0" type="stmt"/>
        <line num="2114" count="0" type="stmt"/>
        <line num="2118" count="0" type="stmt"/>
        <line num="2120" count="0" type="stmt"/>
        <line num="2121" count="0" type="stmt"/>
        <line num="2126" count="0" type="stmt"/>
        <line num="2128" count="0" type="stmt"/>
        <line num="2129" count="0" type="cond" truecount="0" falsecount="4"/>
        <line num="2130" count="0" type="stmt"/>
        <line num="2133" count="0" type="stmt"/>
        <line num="2136" count="0" type="stmt"/>
        <line num="2149" count="0" type="stmt"/>
        <line num="2158" count="0" type="cond" truecount="0" falsecount="2"/>
        <line num="2160" count="0" type="stmt"/>
        <line num="2165" count="0" type="stmt"/>
        <line num="2167" count="0" type="stmt"/>
        <line num="2168" count="0" type="stmt"/>
        <line num="2173" count="0" type="stmt"/>
        <line num="2174" count="0" type="stmt"/>
        <line num="2184" count="0" type="stmt"/>
        <line num="2186" count="0" type="stmt"/>
        <line num="2187" count="0" type="stmt"/>
        <line num="2192" count="0" type="stmt"/>
        <line num="2194" count="0" type="stmt"/>
        <line num="2195" count="0" type="cond" truecount="0" falsecount="4"/>
        <line num="2196" count="0" type="stmt"/>
        <line num="2199" count="0" type="stmt"/>
        <line num="2202" count="0" type="stmt"/>
        <line num="2215" count="0" type="stmt"/>
        <line num="2222" count="0" type="stmt"/>
        <line num="2224" count="0" type="stmt"/>
        <line num="2225" count="0" type="stmt"/>
        <line num="2231" count="0" type="stmt"/>
        <line num="2232" count="0" type="stmt"/>
        <line num="2233" count="0" type="cond" truecount="0" falsecount="6"/>
        <line num="2234" count="0" type="stmt"/>
        <line num="2236" count="0" type="cond" truecount="0" falsecount="6"/>
        <line num="2237" count="0" type="stmt"/>
        <line num="2240" count="0" type="cond" truecount="0" falsecount="2"/>
        <line num="2241" count="0" type="stmt"/>
        <line num="2243" count="0" type="stmt"/>
        <line num="2245" count="0" type="stmt"/>
        <line num="2246" count="0" type="stmt"/>
        <line num="2251" count="0" type="stmt"/>
        <line num="2252" count="0" type="stmt"/>
        <line num="2253" count="0" type="stmt"/>
        <line num="2255" count="0" type="stmt"/>
        <line num="2256" count="0" type="stmt"/>
        <line num="2261" count="0" type="stmt"/>
        <line num="2262" count="0" type="stmt"/>
        <line num="2263" count="0" type="stmt"/>
        <line num="2264" count="0" type="stmt"/>
        <line num="2266" count="0" type="stmt"/>
        <line num="2267" count="0" type="stmt"/>
        <line num="2272" count="0" type="stmt"/>
        <line num="2273" count="0" type="stmt"/>
        <line num="2274" count="0" type="stmt"/>
        <line num="2293" count="0" type="stmt"/>
        <line num="2294" count="0" type="stmt"/>
        <line num="2298" count="0" type="stmt"/>
        <line num="2299" count="0" type="stmt"/>
        <line num="2303" count="0" type="cond" truecount="0" falsecount="2"/>
        <line num="2304" count="0" type="stmt"/>
        <line num="2306" count="0" type="cond" truecount="0" falsecount="2"/>
        <line num="2307" count="0" type="stmt"/>
        <line num="2309" count="0" type="cond" truecount="0" falsecount="2"/>
        <line num="2310" count="0" type="stmt"/>
        <line num="2312" count="0" type="cond" truecount="0" falsecount="2"/>
        <line num="2313" count="0" type="cond" truecount="0" falsecount="2"/>
        <line num="2315" count="0" type="stmt"/>
        <line num="2316" count="0" type="stmt"/>
        <line num="2318" count="0" type="stmt"/>
        <line num="2319" count="0" type="stmt"/>
        <line num="2324" count="0" type="stmt"/>
        <line num="2325" count="0" type="stmt"/>
        <line num="2326" count="0" type="cond" truecount="0" falsecount="6"/>
        <line num="2327" count="0" type="stmt"/>
        <line num="2329" count="0" type="cond" truecount="0" falsecount="6"/>
        <line num="2330" count="0" type="stmt"/>
        <line num="2332" count="0" type="cond" truecount="0" falsecount="6"/>
        <line num="2333" count="0" type="stmt"/>
        <line num="2336" count="0" type="cond" truecount="0" falsecount="2"/>
        <line num="2337" count="0" type="stmt"/>
        <line num="2339" count="0" type="stmt"/>
        <line num="2341" count="0" type="stmt"/>
        <line num="2342" count="0" type="stmt"/>
        <line num="2347" count="0" type="stmt"/>
        <line num="2348" count="0" type="stmt"/>
        <line num="2349" count="0" type="stmt"/>
        <line num="2351" count="0" type="stmt"/>
        <line num="2352" count="0" type="stmt"/>
        <line num="2357" count="0" type="cond" truecount="0" falsecount="2"/>
        <line num="2358" count="0" type="stmt"/>
        <line num="2370" count="0" type="stmt"/>
        <line num="2373" count="0" type="stmt"/>
        <line num="2380" count="0" type="stmt"/>
        <line num="2384" count="0" type="stmt"/>
        <line num="2385" count="0" type="stmt"/>
        <line num="2390" count="0" type="cond" truecount="0" falsecount="4"/>
        <line num="2391" count="0" type="stmt"/>
        <line num="2392" count="0" type="stmt"/>
        <line num="2393" count="0" type="cond" truecount="0" falsecount="2"/>
        <line num="2394" count="0" type="stmt"/>
        <line num="2396" count="0" type="stmt"/>
        <line num="2397" count="0" type="stmt"/>
        <line num="2402" count="0" type="stmt"/>
        <line num="2403" count="0" type="stmt"/>
        <line num="2407" count="0" type="cond" truecount="0" falsecount="2"/>
        <line num="2408" count="0" type="stmt"/>
        <line num="2410" count="0" type="cond" truecount="0" falsecount="2"/>
        <line num="2411" count="0" type="stmt"/>
        <line num="2413" count="0" type="cond" truecount="0" falsecount="2"/>
        <line num="2414" count="0" type="stmt"/>
        <line num="2416" count="0" type="stmt"/>
        <line num="2417" count="0" type="stmt"/>
        <line num="2419" count="0" type="stmt"/>
        <line num="2420" count="0" type="stmt"/>
        <line num="2425" count="0" type="stmt"/>
        <line num="2426" count="0" type="stmt"/>
        <line num="2430" count="0" type="cond" truecount="0" falsecount="2"/>
        <line num="2431" count="0" type="stmt"/>
        <line num="2433" count="0" type="stmt"/>
        <line num="2434" count="0" type="stmt"/>
        <line num="2436" count="0" type="stmt"/>
        <line num="2437" count="0" type="stmt"/>
      </file>
      <file name="storage.ts" path="C:\Users\Usuario1\FRCB\CreditoNegocios-Main\CreditoNegocios\server\storage.ts">
        <metrics statements="742" coveredstatements="173" conditionals="2444" coveredconditionals="932" methods="251" coveredmethods="30"/>
        <line num="2" count="4" type="stmt"/>
        <line num="271" count="4" type="stmt"/>
        <line num="272" count="5" type="stmt"/>
        <line num="273" count="5" type="stmt"/>
        <line num="274" count="5" type="stmt"/>
        <line num="275" count="5" type="stmt"/>
        <line num="276" count="5" type="stmt"/>
        <line num="278" count="5" type="stmt"/>
        <line num="279" count="5" type="stmt"/>
        <line num="280" count="5" type="stmt"/>
        <line num="281" count="5" type="stmt"/>
        <line num="282" count="5" type="stmt"/>
        <line num="283" count="5" type="stmt"/>
        <line num="284" count="5" type="stmt"/>
        <line num="288" count="5" type="stmt"/>
        <line num="289" count="5" type="stmt"/>
        <line num="290" count="5" type="stmt"/>
        <line num="291" count="5" type="stmt"/>
        <line num="292" count="5" type="stmt"/>
        <line num="295" count="5" type="stmt"/>
        <line num="300" count="5" type="stmt"/>
        <line num="301" count="5" type="stmt"/>
        <line num="305" count="0" type="cond" truecount="0" falsecount="4"/>
        <line num="306" count="0" type="stmt"/>
        <line num="312" count="0" type="stmt"/>
        <line num="313" count="0" type="stmt"/>
        <line num="317" count="0" type="stmt"/>
        <line num="321" count="0" type="stmt"/>
        <line num="323" count="5" type="stmt"/>
        <line num="324" count="5" type="stmt"/>
        <line num="327" count="5" type="stmt"/>
        <line num="328" count="5" type="stmt"/>
        <line num="332" count="15" type="stmt"/>
        <line num="369" count="30" type="stmt"/>
        <line num="400" count="20" type="stmt"/>
        <line num="500" count="20" type="stmt"/>
        <line num="528" count="5" type="stmt"/>
        <line num="545" count="10" type="stmt"/>
        <line num="567" count="5" type="stmt"/>
        <line num="582" count="5" type="stmt"/>
        <line num="585" count="5" type="stmt"/>
        <line num="600" count="5" type="stmt"/>
        <line num="603" count="5" type="stmt"/>
        <line num="618" count="5" type="stmt"/>
        <line num="621" count="5" type="stmt"/>
        <line num="631" count="5" type="stmt"/>
        <line num="633" count="5" type="stmt"/>
        <line num="643" count="5" type="stmt"/>
        <line num="645" count="5" type="stmt"/>
        <line num="655" count="5" type="stmt"/>
        <line num="658" count="5" type="stmt"/>
        <line num="667" count="5" type="stmt"/>
        <line num="670" count="5" type="stmt"/>
        <line num="679" count="5" type="stmt"/>
        <line num="682" count="5" type="stmt"/>
        <line num="691" count="5" type="stmt"/>
        <line num="694" count="5" type="stmt"/>
        <line num="705" count="5" type="stmt"/>
        <line num="707" count="5" type="stmt"/>
        <line num="718" count="5" type="stmt"/>
        <line num="721" count="5" type="stmt"/>
        <line num="730" count="5" type="stmt"/>
        <line num="733" count="5" type="stmt"/>
        <line num="742" count="5" type="stmt"/>
        <line num="744" count="5" type="stmt"/>
        <line num="753" count="5" type="stmt"/>
        <line num="756" count="5" type="stmt"/>
        <line num="779" count="5" type="stmt"/>
        <line num="782" count="5" type="stmt"/>
        <line num="802" count="5" type="stmt"/>
        <line num="804" count="5" type="stmt"/>
        <line num="827" count="5" type="stmt"/>
        <line num="829" count="5" type="stmt"/>
        <line num="849" count="5" type="stmt"/>
        <line num="852" count="5" type="stmt"/>
        <line num="870" count="5" type="stmt"/>
        <line num="873" count="5" type="stmt"/>
        <line num="887" count="5" type="stmt"/>
        <line num="889" count="5" type="stmt"/>
        <line num="903" count="5" type="stmt"/>
        <line num="905" count="5" type="stmt"/>
        <line num="919" count="5" type="stmt"/>
        <line num="922" count="5" type="stmt"/>
        <line num="931" count="5" type="stmt"/>
        <line num="934" count="5" type="stmt"/>
        <line num="954" count="5" type="stmt"/>
        <line num="956" count="5" type="stmt"/>
        <line num="977" count="5" type="stmt"/>
        <line num="979" count="5" type="stmt"/>
        <line num="998" count="5" type="stmt"/>
        <line num="1000" count="5" type="stmt"/>
        <line num="1024" count="5" type="stmt"/>
        <line num="1026" count="5" type="stmt"/>
        <line num="1045" count="5" type="stmt"/>
        <line num="1047" count="5" type="stmt"/>
        <line num="1066" count="5" type="stmt"/>
        <line num="1068" count="5" type="stmt"/>
        <line num="1091" count="5" type="stmt"/>
        <line num="1093" count="5" type="stmt"/>
        <line num="1114" count="5" type="stmt"/>
        <line num="1117" count="5" type="stmt"/>
        <line num="1150" count="5" type="stmt"/>
        <line num="1152" count="5" type="stmt"/>
        <line num="1185" count="5" type="stmt"/>
        <line num="1187" count="5" type="stmt"/>
        <line num="1220" count="5" type="stmt"/>
        <line num="1223" count="5" type="stmt"/>
        <line num="1248" count="5" type="stmt"/>
        <line num="1253" count="13" type="stmt"/>
        <line num="1257" count="0" type="stmt"/>
        <line num="1261" count="4" type="stmt"/>
        <line num="1262" count="40" type="cond" truecount="2" falsecount="2"/>
        <line num="1263" count="40" type="cond" truecount="2" falsecount="2"/>
        <line num="1264" count="40" type="stmt"/>
        <line num="1269" count="11" type="cond" truecount="2" falsecount="0"/>
        <line num="1273" count="0" type="cond" truecount="0" falsecount="4"/>
        <line num="1274" count="0" type="stmt"/>
        <line num="1281" count="0" type="stmt"/>
        <line num="1282" count="0" type="stmt"/>
        <line num="1286" count="0" type="stmt"/>
        <line num="1287" count="0" type="stmt"/>
        <line num="1310" count="0" type="stmt"/>
        <line num="1311" count="0" type="stmt"/>
        <line num="1315" count="0" type="stmt"/>
        <line num="1316" count="0" type="cond" truecount="0" falsecount="2"/>
        <line num="1318" count="0" type="stmt"/>
        <line num="1323" count="0" type="stmt"/>
        <line num="1324" count="0" type="stmt"/>
        <line num="1328" count="0" type="stmt"/>
        <line num="1332" count="0" type="stmt"/>
        <line num="1333" count="0" type="cond" truecount="0" falsecount="2"/>
        <line num="1334" count="0" type="stmt"/>
        <line num="1338" count="0" type="stmt"/>
        <line num="1342" count="0" type="stmt"/>
        <line num="1343" count="0" type="cond" truecount="0" falsecount="2"/>
        <line num="1344" count="0" type="stmt"/>
        <line num="1348" count="0" type="stmt"/>
        <line num="1349" count="0" type="cond" truecount="0" falsecount="2"/>
        <line num="1350" count="0" type="cond" truecount="0" falsecount="2"/>
        <line num="1355" count="11" type="cond" truecount="1" falsecount="1"/>
        <line num="1356" count="0" type="stmt"/>
        <line num="1358" count="0" type="cond" truecount="0" falsecount="2"/>
        <line num="1359" count="0" type="stmt"/>
        <line num="1364" count="0" type="stmt"/>
        <line num="1365" count="0" type="stmt"/>
        <line num="1368" count="0" type="stmt"/>
        <line num="1389" count="0" type="stmt"/>
        <line num="1390" count="0" type="stmt"/>
        <line num="1394" count="55" type="stmt"/>
        <line num="1396" count="11" type="cond" truecount="1" falsecount="1"/>
        <line num="1397" count="0" type="stmt"/>
        <line num="1402" count="0" type="stmt"/>
        <line num="1403" count="0" type="stmt"/>
        <line num="1406" count="11" type="stmt"/>
        <line num="1407" count="11" type="stmt"/>
        <line num="1428" count="11" type="stmt"/>
        <line num="1429" count="11" type="stmt"/>
        <line num="1433" count="0" type="stmt"/>
        <line num="1434" count="0" type="cond" truecount="0" falsecount="2"/>
        <line num="1437" count="0" type="cond" truecount="0" falsecount="4"/>
        <line num="1438" count="0" type="cond" truecount="0" falsecount="2"/>
        <line num="1452" count="0" type="stmt"/>
        <line num="1458" count="0" type="stmt"/>
        <line num="1459" count="0" type="stmt"/>
        <line num="1463" count="0" type="stmt"/>
        <line num="1468" count="0" type="stmt"/>
        <line num="1469" count="0" type="cond" truecount="0" falsecount="2"/>
        <line num="1470" count="0" type="cond" truecount="0" falsecount="2"/>
        <line num="1471" count="0" type="stmt"/>
        <line num="1473" count="0" type="cond" truecount="0" falsecount="4"/>
        <line num="1474" count="0" type="cond" truecount="0" falsecount="2"/>
        <line num="1475" count="0" type="cond" truecount="0" falsecount="2"/>
        <line num="1476" count="0" type="stmt"/>
        <line num="1478" count="0" type="cond" truecount="0" falsecount="2"/>
        <line num="1479" count="0" type="stmt"/>
        <line num="1481" count="0" type="stmt"/>
        <line num="1485" count="1" type="stmt"/>
        <line num="1489" count="1" type="stmt"/>
        <line num="1490" count="1" type="stmt"/>
        <line num="1590" count="1" type="stmt"/>
        <line num="1591" count="1" type="stmt"/>
        <line num="1595" count="0" type="stmt"/>
        <line num="1596" count="0" type="cond" truecount="0" falsecount="2"/>
        <line num="1598" count="0" type="stmt"/>
        <line num="1603" count="0" type="stmt"/>
        <line num="1604" count="0" type="stmt"/>
        <line num="1608" count="0" type="stmt"/>
        <line num="1613" count="0" type="stmt"/>
        <line num="1614" count="0" type="stmt"/>
        <line num="1620" count="0" type="stmt"/>
        <line num="1621" count="0" type="stmt"/>
        <line num="1625" count="0" type="stmt"/>
        <line num="1626" count="0" type="stmt"/>
        <line num="1631" count="0" type="stmt"/>
        <line num="1633" count="0" type="cond" truecount="0" falsecount="8"/>
        <line num="1634" count="0" type="cond" truecount="0" falsecount="2"/>
        <line num="1635" count="0" type="cond" truecount="0" falsecount="6"/>
        <line num="1636" count="0" type="stmt"/>
        <line num="1640" count="0" type="cond" truecount="0" falsecount="12"/>
        <line num="1642" count="0" type="cond" truecount="0" falsecount="6"/>
        <line num="1643" count="0" type="stmt"/>
        <line num="1645" count="0" type="cond" truecount="0" falsecount="6"/>
        <line num="1646" count="0" type="stmt"/>
        <line num="1648" count="0" type="cond" truecount="0" falsecount="4"/>
        <line num="1649" count="0" type="stmt"/>
        <line num="1651" count="0" type="cond" truecount="0" falsecount="6"/>
        <line num="1652" count="0" type="cond" truecount="0" falsecount="2"/>
        <line num="1654" count="0" type="cond" truecount="0" falsecount="6"/>
        <line num="1655" count="0" type="cond" truecount="0" falsecount="2"/>
        <line num="1658" count="0" type="stmt"/>
        <line num="1662" count="0" type="stmt"/>
        <line num="1666" count="0" type="stmt"/>
        <line num="1667" count="0" type="stmt"/>
        <line num="1688" count="0" type="stmt"/>
        <line num="1689" count="0" type="stmt"/>
        <line num="1693" count="0" type="stmt"/>
        <line num="1694" count="0" type="cond" truecount="0" falsecount="2"/>
        <line num="1696" count="0" type="stmt"/>
        <line num="1701" count="0" type="stmt"/>
        <line num="1702" count="0" type="stmt"/>
        <line num="1706" count="0" type="stmt"/>
        <line num="1710" count="0" type="stmt"/>
        <line num="1711" count="0" type="stmt"/>
        <line num="1713" count="0" type="stmt"/>
        <line num="1714" count="0" type="cond" truecount="0" falsecount="4"/>
        <line num="1715" count="0" type="stmt"/>
        <line num="1716" count="0" type="cond" truecount="0" falsecount="2"/>
        <line num="1721" count="0" type="stmt"/>
        <line num="1724" count="0" type="cond" truecount="0" falsecount="2"/>
        <line num="1725" count="0" type="stmt"/>
        <line num="1726" count="0" type="cond" truecount="0" falsecount="2"/>
        <line num="1727" count="0" type="cond" truecount="0" falsecount="2"/>
        <line num="1729" count="0" type="stmt"/>
        <line num="1730" count="0" type="stmt"/>
        <line num="1731" count="0" type="stmt"/>
        <line num="1734" count="0" type="stmt"/>
        <line num="1739" count="0" type="cond" truecount="0" falsecount="4"/>
        <line num="1740" count="0" type="stmt"/>
        <line num="1743" count="0" type="stmt"/>
        <line num="1747" count="0" type="stmt"/>
        <line num="1750" count="0" type="cond" truecount="0" falsecount="2"/>
        <line num="1751" count="0" type="stmt"/>
        <line num="1752" count="0" type="cond" truecount="0" falsecount="2"/>
        <line num="1753" count="0" type="cond" truecount="0" falsecount="2"/>
        <line num="1755" count="0" type="stmt"/>
        <line num="1756" count="0" type="stmt"/>
        <line num="1757" count="0" type="stmt"/>
        <line num="1760" count="0" type="stmt"/>
        <line num="1765" count="0" type="cond" truecount="0" falsecount="4"/>
        <line num="1766" count="0" type="stmt"/>
        <line num="1770" count="0" type="cond" truecount="0" falsecount="2"/>
        <line num="1771" count="0" type="cond" truecount="0" falsecount="2"/>
        <line num="1773" count="0" type="cond" truecount="0" falsecount="2"/>
        <line num="1774" count="0" type="cond" truecount="0" falsecount="2"/>
        <line num="1778" count="0" type="cond" truecount="0" falsecount="2"/>
        <line num="1779" count="0" type="stmt"/>
        <line num="1784" count="0" type="stmt"/>
        <line num="1786" count="0" type="cond" truecount="0" falsecount="2"/>
        <line num="1788" count="0" type="stmt"/>
        <line num="1789" count="0" type="cond" truecount="0" falsecount="2"/>
        <line num="1793" count="0" type="stmt"/>
        <line num="1797" count="0" type="stmt"/>
        <line num="1801" count="0" type="cond" truecount="0" falsecount="2"/>
        <line num="1802" count="0" type="stmt"/>
        <line num="1822" count="0" type="stmt"/>
        <line num="1823" count="0" type="stmt"/>
        <line num="1827" count="0" type="stmt"/>
        <line num="1828" count="0" type="cond" truecount="0" falsecount="2"/>
        <line num="1830" count="0" type="stmt"/>
        <line num="1843" count="0" type="stmt"/>
        <line num="1844" count="0" type="stmt"/>
        <line num="1849" count="0" type="stmt"/>
        <line num="1850" count="0" type="cond" truecount="0" falsecount="2"/>
        <line num="1851" count="0" type="stmt"/>
        <line num="1855" count="0" type="stmt"/>
        <line num="1856" count="0" type="cond" truecount="0" falsecount="2"/>
        <line num="1857" count="0" type="stmt"/>
        <line num="1861" count="0" type="stmt"/>
        <line num="1862" count="0" type="cond" truecount="0" falsecount="2"/>
        <line num="1863" count="0" type="stmt"/>
        <line num="1866" count="0" type="stmt"/>
        <line num="1871" count="0" type="stmt"/>
        <line num="1887" count="0" type="stmt"/>
        <line num="1888" count="0" type="stmt"/>
        <line num="1891" count="0" type="cond" truecount="0" falsecount="2"/>
        <line num="1893" count="0" type="cond" truecount="0" falsecount="2"/>
        <line num="1895" count="0" type="cond" truecount="0" falsecount="2"/>
        <line num="1896" count="0" type="stmt"/>
        <line num="1898" count="0" type="cond" truecount="0" falsecount="2"/>
        <line num="1899" count="0" type="stmt"/>
        <line num="1901" count="0" type="cond" truecount="0" falsecount="4"/>
        <line num="1902" count="0" type="cond" truecount="0" falsecount="2"/>
        <line num="1904" count="0" type="cond" truecount="0" falsecount="2"/>
        <line num="1905" count="0" type="stmt"/>
        <line num="1907" count="0" type="cond" truecount="0" falsecount="2"/>
        <line num="1908" count="0" type="stmt"/>
        <line num="1909" count="0" type="cond" truecount="0" falsecount="2"/>
        <line num="1910" count="0" type="cond" truecount="0" falsecount="2"/>
        <line num="1911" count="0" type="stmt"/>
        <line num="1912" count="0" type="stmt"/>
        <line num="1913" count="0" type="cond" truecount="0" falsecount="2"/>
        <line num="1915" count="0" type="cond" truecount="0" falsecount="2"/>
        <line num="1918" count="0" type="cond" truecount="0" falsecount="2"/>
        <line num="1919" count="0" type="stmt"/>
        <line num="1921" count="0" type="cond" truecount="0" falsecount="4"/>
        <line num="1922" count="0" type="stmt"/>
        <line num="1924" count="0" type="cond" truecount="0" falsecount="2"/>
        <line num="1925" count="0" type="cond" truecount="0" falsecount="2"/>
        <line num="1927" count="0" type="cond" truecount="0" falsecount="2"/>
        <line num="1928" count="0" type="cond" truecount="0" falsecount="2"/>
        <line num="1931" count="0" type="stmt"/>
        <line num="1935" count="0" type="stmt"/>
        <line num="1936" count="0" type="stmt"/>
        <line num="1937" count="0" type="stmt"/>
        <line num="1963" count="0" type="stmt"/>
        <line num="1964" count="0" type="stmt"/>
        <line num="1968" count="0" type="stmt"/>
        <line num="1969" count="0" type="cond" truecount="0" falsecount="2"/>
        <line num="1971" count="0" type="stmt"/>
        <line num="1976" count="0" type="stmt"/>
        <line num="1977" count="0" type="stmt"/>
        <line num="1986" count="0" type="stmt"/>
        <line num="1987" count="0" type="cond" truecount="0" falsecount="2"/>
        <line num="1988" count="0" type="cond" truecount="0" falsecount="2"/>
        <line num="1990" count="0" type="stmt"/>
        <line num="1996" count="0" type="stmt"/>
        <line num="1997" count="0" type="stmt"/>
        <line num="2001" count="0" type="stmt"/>
        <line num="2002" count="0" type="stmt"/>
        <line num="2011" count="0" type="stmt"/>
        <line num="2012" count="0" type="stmt"/>
        <line num="2016" count="0" type="stmt"/>
        <line num="2017" count="0" type="stmt"/>
        <line num="2018" count="0" type="stmt"/>
        <line num="2023" count="0" type="stmt"/>
        <line num="2024" count="0" type="stmt"/>
        <line num="2025" count="0" type="stmt"/>
        <line num="2029" count="0" type="stmt"/>
        <line num="2030" count="0" type="stmt"/>
        <line num="2038" count="0" type="stmt"/>
        <line num="2039" count="0" type="stmt"/>
        <line num="2043" count="0" type="stmt"/>
        <line num="2044" count="0" type="cond" truecount="0" falsecount="2"/>
        <line num="2046" count="0" type="stmt"/>
        <line num="2047" count="0" type="stmt"/>
        <line num="2048" count="0" type="stmt"/>
        <line num="2052" count="0" type="stmt"/>
        <line num="2053" count="0" type="cond" truecount="0" falsecount="2"/>
        <line num="2058" count="0" type="stmt"/>
        <line num="2060" count="0" type="cond" truecount="0" falsecount="8"/>
        <line num="2061" count="0" type="cond" truecount="0" falsecount="2"/>
        <line num="2062" count="0" type="cond" truecount="0" falsecount="6"/>
        <line num="2063" count="0" type="stmt"/>
        <line num="2066" count="0" type="cond" truecount="0" falsecount="6"/>
        <line num="2067" count="0" type="stmt"/>
        <line num="2069" count="0" type="cond" truecount="0" falsecount="6"/>
        <line num="2070" count="0" type="stmt"/>
        <line num="2072" count="0" type="cond" truecount="0" falsecount="6"/>
        <line num="2073" count="0" type="stmt"/>
        <line num="2076" count="0" type="stmt"/>
        <line num="2080" count="0" type="stmt"/>
        <line num="2084" count="0" type="stmt"/>
        <line num="2085" count="0" type="stmt"/>
        <line num="2100" count="0" type="stmt"/>
        <line num="2101" count="0" type="stmt"/>
        <line num="2105" count="0" type="stmt"/>
        <line num="2106" count="0" type="cond" truecount="0" falsecount="2"/>
        <line num="2108" count="0" type="stmt"/>
        <line num="2112" count="0" type="stmt"/>
        <line num="2113" count="0" type="stmt"/>
        <line num="2117" count="0" type="stmt"/>
        <line num="2122" count="7" type="stmt"/>
        <line num="2124" count="24" type="cond" truecount="1" falsecount="1"/>
[...]
        <line num="3205" count="4" type="stmt"/>
        <line num="3208" count="4" type="cond" truecount="3" falsecount="1"/>
      </file>
    </package>
    <package name="server.middleware">
      <metrics statements="212" coveredstatements="83" conditionals="269" coveredconditionals="90" methods="35" coveredmethods="17"/>
      <file name="rbacMiddleware.ts" path="C:\Users\Usuario1\FRCB\CreditoNegocios-Main\CreditoNegocios\server\middleware\rbacMiddleware.ts">
        <metrics statements="105" coveredstatements="55" conditionals="70" coveredconditionals="35" methods="22" coveredmethods="14"/>
        <line num="2" count="1" type="stmt"/>
        <line num="11" count="1" type="stmt"/>
        <line num="63" count="1" type="stmt"/>
        <line num="64" count="8" type="cond" truecount="1" falsecount="1"/>
        <line num="65" count="0" type="stmt"/>
        <line num="69" count="8" type="cond" truecount="2" falsecount="0"/>
        <line num="70" count="1" type="stmt"/>
        <line num="73" count="7" type="cond" truecount="1" falsecount="1"/>
        <line num="74" count="7" type="cond" truecount="1" falsecount="1"/>
        <line num="76" count="7" type="cond" truecount="2" falsecount="0"/>
        <line num="77" count="7" type="cond" truecount="2" falsecount="0"/>
        <line num="79" count="7" type="stmt"/>
        <line num="90" count="8" type="cond" truecount="1" falsecount="1"/>
        <line num="91" count="8" type="stmt"/>
        <line num="93" count="0" type="cond" truecount="0" falsecount="8"/>
        <line num="94" count="0" type="cond" truecount="0" falsecount="2"/>
        <line num="95" count="0" type="stmt"/>
        <line num="96" count="0" type="cond" truecount="0" falsecount="2"/>
        <line num="97" count="0" type="stmt"/>
        <line num="99" count="0" type="stmt"/>
        <line num="106" count="1" type="stmt"/>
        <line num="107" count="3" type="stmt"/>
        <line num="108" count="3" type="stmt"/>
        <line num="109" count="3" type="stmt"/>
        <line num="110" count="3" type="cond" truecount="1" falsecount="1"/>
        <line num="111" count="0" type="stmt"/>
        <line num="114" count="3" type="cond" truecount="2" falsecount="0"/>
        <line num="115" count="1" type="stmt"/>
        <line num="118" count="2" type="stmt"/>
        <line num="119" count="2" type="cond" truecount="2" falsecount="0"/>
        <line num="120" count="1" type="stmt"/>
        <line num="126" count="1" type="stmt"/>
        <line num="128" count="0" type="stmt"/>
        <line num="129" count="0" type="stmt"/>
        <line num="138" count="1" type="stmt"/>
        <line num="139" count="1" type="stmt"/>
        <line num="140" count="1" type="stmt"/>
        <line num="141" count="1" type="stmt"/>
        <line num="142" count="1" type="cond" truecount="1" falsecount="1"/>
        <line num="143" count="0" type="stmt"/>
        <line num="146" count="1" type="cond" truecount="1" falsecount="1"/>
        <line num="147" count="0" type="stmt"/>
        <line num="150" count="1" type="stmt"/>
        <line num="151" count="1" type="cond" truecount="1" falsecount="1"/>
        <line num="152" count="1" type="stmt"/>
        <line num="158" count="0" type="stmt"/>
        <line num="160" count="0" type="stmt"/>
        <line num="161" count="0" type="stmt"/>
        <line num="170" count="1" type="stmt"/>
        <line num="171" count="2" type="stmt"/>
        <line num="172" count="2" type="stmt"/>
        <line num="173" count="2" type="stmt"/>
        <line num="174" count="2" type="cond" truecount="1" falsecount="1"/>
        <line num="175" count="0" type="stmt"/>
        <line num="178" count="2" type="cond" truecount="1" falsecount="1"/>
        <line num="179" count="0" type="stmt"/>
        <line num="182" count="2" type="stmt"/>
        <line num="183" count="2" type="stmt"/>
        <line num="184" count="2" type="stmt"/>
        <line num="186" count="2" type="cond" truecount="4" falsecount="0"/>
        <line num="187" count="1" type="stmt"/>
        <line num="194" count="1" type="stmt"/>
        <line num="196" count="0" type="stmt"/>
        <line num="197" count="0" type="stmt"/>
        <line num="206" count="1" type="stmt"/>
        <line num="207" count="2" type="stmt"/>
        <line num="208" count="2" type="stmt"/>
        <line num="209" count="2" type="stmt"/>
        <line num="210" count="2" type="cond" truecount="1" falsecount="1"/>
        <line num="211" count="0" type="stmt"/>
        <line num="214" count="2" type="cond" truecount="4" falsecount="0"/>
        <line num="215" count="1" type="stmt"/>
        <line num="218" count="1" type="stmt"/>
        <line num="222" count="0" type="stmt"/>
        <line num="223" count="0" type="stmt"/>
        <line num="232" count="1" type="stmt"/>
        <line num="233" count="0" type="stmt"/>
        <line num="234" count="0" type="stmt"/>
        <line num="235" count="0" type="stmt"/>
        <line num="236" count="0" type="cond" truecount="0" falsecount="2"/>
        <line num="237" count="0" type="stmt"/>
        <line num="240" count="0" type="cond" truecount="0" falsecount="2"/>
        <line num="241" count="0" type="stmt"/>
        <line num="244" count="0" type="stmt"/>
        <line num="245" count="0" type="stmt"/>
        <line num="247" count="0" type="cond" truecount="0" falsecount="2"/>
        <line num="248" count="0" type="stmt"/>
        <line num="254" count="0" type="stmt"/>
        <line num="256" count="0" type="stmt"/>
        <line num="257" count="0" type="stmt"/>
        <line num="266" count="1" type="stmt"/>
        <line num="267" count="0" type="stmt"/>
        <line num="268" count="0" type="stmt"/>
        <line num="269" count="0" type="stmt"/>
        <line num="270" count="0" type="cond" truecount="0" falsecount="2"/>
        <line num="271" count="0" type="stmt"/>
        <line num="274" count="0" type="cond" truecount="0" falsecount="2"/>
        <line num="275" count="0" type="stmt"/>
        <line num="278" count="0" type="stmt"/>
        <line num="279" count="0" type="stmt"/>
        <line num="281" count="0" type="cond" truecount="0" falsecount="2"/>
        <line num="282" count="0" type="stmt"/>
        <line num="288" count="0" type="stmt"/>
        <line num="290" count="0" type="stmt"/>
        <line num="291" count="0" type="stmt"/>
      </file>
      <file name="tenantContext.ts" path="C:\Users\Usuario1\FRCB\CreditoNegocios-Main\CreditoNegocios\server\middleware\tenantContext.ts">
        <metrics statements="107" coveredstatements="28" conditionals="199" coveredconditionals="55" methods="13" coveredmethods="3"/>
        <line num="2" count="1" type="stmt"/>
        <line num="40" count="1" type="stmt"/>
        <line num="41" count="0" type="stmt"/>
        <line num="42" count="0" type="cond" truecount="0" falsecount="14"/>
        <line num="45" count="0" type="stmt"/>
        <line num="52" count="0" type="cond" truecount="0" falsecount="2"/>
        <line num="53" count="0" type="stmt"/>
        <line num="57" count="0" type="stmt"/>
        <line num="58" count="0" type="stmt"/>
        <line num="69" count="0" type="stmt"/>
        <line num="72" count="0" type="cond" truecount="0" falsecount="4"/>
        <line num="73" count="0" type="stmt"/>
        <line num="77" count="0" type="cond" truecount="0" falsecount="2"/>
        <line num="79" count="0" type="stmt"/>
        <line num="80" count="0" type="stmt"/>
        <line num="81" count="0" type="cond" truecount="0" falsecount="2"/>
        <line num="82" count="0" type="stmt"/>
        <line num="83" count="0" type="stmt"/>
        <line num="89" count="0" type="cond" truecount="0" falsecount="4"/>
        <line num="90" count="0" type="stmt"/>
        <line num="91" count="0" type="cond" truecount="0" falsecount="2"/>
        <line num="92" count="0" type="stmt"/>
        <line num="97" count="0" type="cond" truecount="0" falsecount="4"/>
        <line num="98" count="0" type="stmt"/>
        <line num="102" count="0" type="cond" truecount="0" falsecount="4"/>
        <line num="103" count="0" type="stmt"/>
        <line num="104" count="0" type="cond" truecount="0" falsecount="2"/>
        <line num="105" count="0" type="cond" truecount="0" falsecount="2"/>
        <line num="106" count="0" type="stmt"/>
        <line num="107" count="0" type="cond" truecount="0" falsecount="4"/>
        <line num="108" count="0" type="stmt"/>
        <line num="109" count="0" type="stmt"/>
        <line num="121" count="0" type="cond" truecount="0" falsecount="2"/>
        <line num="122" count="0" type="stmt"/>
        <line num="124" count="0" type="cond" truecount="0" falsecount="2"/>
        <line num="125" count="0" type="stmt"/>
        <line num="128" count="0" type="stmt"/>
        <line num="129" count="0" type="cond" truecount="0" falsecount="2"/>
        <line num="130" count="0" type="stmt"/>
        <line num="140" count="0" type="stmt"/>
        <line num="142" count="0" type="stmt"/>
        <line num="143" count="0" type="stmt"/>
        <line num="151" count="1" type="stmt"/>
        <line num="152" count="0" type="cond" truecount="0" falsecount="6"/>
        <line num="153" count="0" type="stmt"/>
        <line num="157" count="0" type="stmt"/>
        <line num="164" count="1" type="stmt"/>
        <line num="165" count="8" type="stmt"/>
        <line num="172" count="8" type="cond" truecount="2" falsecount="0"/>
        <line num="173" count="2" type="stmt"/>
        <line num="176" count="6" type="cond" truecount="3" falsecount="1"/>
        <line num="177" count="6" type="cond" truecount="1" falsecount="1"/>
        <line num="178" count="0" type="stmt"/>
        <line num="184" count="6" type="cond" truecount="2" falsecount="0"/>
        <line num="185" count="1" type="stmt"/>
        <line num="190" count="5" type="cond" truecount="3" falsecount="1"/>
        <line num="192" count="5" type="cond" truecount="4" falsecount="0"/>
        <line num="193" count="3" type="stmt"/>
        <line num="198" count="2" type="stmt"/>
        <line num="205" count="1" type="stmt"/>
        <line num="206" count="4" type="stmt"/>
        <line num="207" count="5" type="stmt"/>
        <line num="214" count="5" type="cond" truecount="2" falsecount="0"/>
        <line num="215" count="2" type="stmt"/>
        <line num="218" count="3" type="cond" truecount="3" falsecount="1"/>
        <line num="220" count="3" type="cond" truecount="3" falsecount="1"/>
        <line num="221" count="0" type="stmt"/>
        <line num="226" count="3" type="cond" truecount="3" falsecount="1"/>
        <line num="228" count="3" type="cond" truecount="5" falsecount="0"/>
        <line num="229" count="1" type="stmt"/>
        <line num="234" count="2" type="stmt"/>
        <line num="243" count="1" type="cond" truecount="0" falsecount="1"/>
        <line num="244" count="0" type="stmt"/>
        <line num="245" count="0" type="stmt"/>
        <line num="246" count="0" type="stmt"/>
        <line num="247" count="0" type="cond" truecount="0" falsecount="14"/>
        <line num="249" count="0" type="cond" truecount="0" falsecount="2"/>
        <line num="250" count="0" type="stmt"/>
        <line num="254" count="0" type="stmt"/>
        <line num="255" count="0" type="cond" truecount="0" falsecount="2"/>
        <line num="256" count="0" type="stmt"/>
        <line num="260" count="0" type="stmt"/>
        <line num="263" count="0" type="cond" truecount="0" falsecount="2"/>
        <line num="264" count="0" type="stmt"/>
        <line num="265" count="0" type="cond" truecount="0" falsecount="2"/>
        <line num="266" count="0" type="stmt"/>
        <line num="270" count="0" type="stmt"/>
        <line num="272" count="0" type="stmt"/>
        <line num="273" count="0" type="stmt"/>
        <line num="283" count="1" type="cond" truecount="0" falsecount="1"/>
        <line num="284" count="0" type="stmt"/>
        <line num="285" count="0" type="stmt"/>
        <line num="286" count="0" type="stmt"/>
        <line num="287" count="0" type="cond" truecount="0" falsecount="14"/>
        <line num="289" count="0" type="cond" truecount="0" falsecount="2"/>
        <line num="290" count="0" type="stmt"/>
        <line num="294" count="0" type="stmt"/>
        <line num="295" count="0" type="cond" truecount="0" falsecount="2"/>
        <line num="296" count="0" type="stmt"/>
        <line num="300" count="0" type="stmt"/>
        <line num="303" count="0" type="cond" truecount="0" falsecount="2"/>
        <line num="304" count="0" type="stmt"/>
        <line num="305" count="0" type="cond" truecount="0" falsecount="2"/>
        <line num="306" count="0" type="stmt"/>
        <line num="310" count="0" type="stmt"/>
        <line num="312" count="0" type="stmt"/>
        <line num="313" count="0" type="stmt"/>
      </file>
    </package>
    <package name="shared">
      <metrics statements="136" coveredstatements="76" conditionals="0" coveredconditionals="0" methods="70" coveredmethods="10"/>
      <file name="schema.ts" path="C:\Users\Usuario1\FRCB\CreditoNegocios-Main\CreditoNegocios\shared\schema.ts">
        <metrics statements="136" coveredstatements="76" conditionals="0" coveredconditionals="0" methods="70" coveredmethods="10"/>
        <line num="1" count="4" type="stmt"/>
        <line num="2" count="4" type="stmt"/>
        <line num="15" count="4" type="stmt"/>
        <line num="16" count="4" type="stmt"/>
        <line num="19" count="4" type="stmt"/>
        <line num="26" count="4" type="stmt"/>
        <line num="30" count="4" type="stmt"/>
        <line num="75" count="4" type="stmt"/>
        <line num="79" count="4" type="stmt"/>
        <line num="94" count="4" type="stmt"/>
        <line num="98" count="4" type="stmt"/>
        <line num="100" count="0" type="stmt"/>
        <line num="101" count="0" type="stmt"/>
        <line num="107" count="4" type="stmt"/>
        <line num="138" count="4" type="stmt"/>
        <line num="140" count="0" type="stmt"/>
        <line num="141" count="0" type="stmt"/>
        <line num="142" count="0" type="stmt"/>
        <line num="247" count="4" type="stmt"/>
        <line num="253" count="4" type="stmt"/>
        <line num="255" count="0" type="stmt"/>
        <line num="257" count="0" type="stmt"/>
        <line num="272" count="4" type="stmt"/>
        <line num="310" count="0" type="stmt"/>
        <line num="321" count="4" type="stmt"/>
        <line num="323" count="0" type="stmt"/>
        <line num="324" count="0" type="stmt"/>
        <line num="325" count="0" type="stmt"/>
        <line num="326" count="0" type="stmt"/>
        <line num="327" count="0" type="stmt"/>
        <line num="328" count="0" type="stmt"/>
        <line num="329" count="0" type="stmt"/>
        <line num="350" count="4" type="stmt"/>
        <line num="357" count="4" type="stmt"/>
        <line num="368" count="4" type="stmt"/>
        <line num="370" count="0" type="stmt"/>
        <line num="371" count="0" type="stmt"/>
        <line num="372" count="0" type="stmt"/>
        <line num="373" count="0" type="stmt"/>
        <line num="382" count="0" type="stmt"/>
        <line num="384" count="0" type="stmt"/>
        <line num="395" count="4" type="stmt"/>
        <line num="405" count="4" type="stmt"/>
        <line num="407" count="0" type="stmt"/>
        <line num="409" count="0" type="stmt"/>
        <line num="414" count="4" type="stmt"/>
        <line num="420" count="4" type="stmt"/>
        <line num="422" count="0" type="stmt"/>
        <line num="433" count="4" type="stmt"/>
        <line num="435" count="0" type="stmt"/>
        <line num="436" count="0" type="stmt"/>
        <line num="437" count="0" type="stmt"/>
        <line num="438" count="0" type="stmt"/>
        <line num="439" count="0" type="stmt"/>
        <line num="449" count="4" type="stmt"/>
        <line num="454" count="4" type="stmt"/>
        <line num="471" count="0" type="stmt"/>
        <line num="477" count="4" type="stmt"/>
        <line num="479" count="0" type="stmt"/>
        <line num="480" count="0" type="stmt"/>
        <line num="494" count="0" type="stmt"/>
        <line num="500" count="4" type="stmt"/>
        <line num="502" count="0" type="stmt"/>
        <line num="519" count="0" type="stmt"/>
        <line num="525" count="4" type="stmt"/>
        <line num="527" count="0" type="stmt"/>
        <line num="531" count="0" type="stmt"/>
        <line num="545" count="0" type="stmt"/>
        <line num="550" count="0" type="stmt"/>
        <line num="558" count="4" type="stmt"/>
        <line num="576" count="0" type="stmt"/>
        <line num="582" count="4" type="stmt"/>
        <line num="588" count="4" type="stmt"/>
        <line num="594" count="4" type="stmt"/>
        <line num="600" count="4" type="stmt"/>
        <line num="607" count="4" type="stmt"/>
        <line num="609" count="0" type="stmt"/>
        <line num="610" count="0" type="stmt"/>
        <line num="611" count="0" type="stmt"/>
        <line num="612" count="0" type="stmt"/>
        <line num="613" count="0" type="stmt"/>
        <line num="620" count="4" type="stmt"/>
        <line num="624" count="4" type="stmt"/>
        <line num="626" count="0" type="stmt"/>
        <line num="627" count="0" type="stmt"/>
        <line num="631" count="0" type="stmt"/>
        <line num="643" count="0" type="stmt"/>
        <line num="648" count="4" type="stmt"/>
        <line num="654" count="4" type="stmt"/>
        <line num="660" count="4" type="stmt"/>
        <line num="666" count="4" type="stmt"/>
        <line num="672" count="4" type="stmt"/>
        <line num="677" count="4" type="stmt"/>
        <line num="682" count="4" type="stmt"/>
        <line num="688" count="4" type="stmt"/>
        <line num="698" count="4" type="stmt"/>
        <line num="703" count="4" type="stmt"/>
        <line num="721" count="4" type="stmt"/>
        <line num="733" count="4" type="stmt"/>
        <line num="743" count="4" type="stmt"/>
        <line num="752" count="4" type="stmt"/>
        <line num="766" count="4" type="stmt"/>
        <line num="776" count="4" type="stmt"/>
        <line num="778" count="0" type="stmt"/>
        <line num="786" count="0" type="stmt"/>
        <line num="793" count="4" type="stmt"/>
        <line num="795" count="0" type="stmt"/>
        <line num="807" count="4" type="stmt"/>
        <line num="816" count="4" type="stmt"/>
        <line num="826" count="4" type="stmt"/>
        <line num="837" count="4" type="stmt"/>
        <line num="852" count="0" type="stmt"/>
        <line num="855" count="4" type="stmt"/>
        <line num="860" count="4" type="stmt"/>
        <line num="862" count="0" type="stmt"/>
        <line num="863" count="0" type="stmt"/>
        <line num="864" count="0" type="stmt"/>
        <line num="871" count="4" type="stmt"/>
        <line num="877" count="4" type="stmt"/>
        <line num="884" count="4" type="stmt"/>
        <line num="890" count="4" type="stmt"/>
        <line num="899" count="4" type="stmt"/>
        <line num="905" count="4" type="stmt"/>
        <line num="911" count="4" type="stmt"/>
        <line num="917" count="4" type="stmt"/>
        <line num="923" count="4" type="stmt"/>
        <line num="930" count="4" type="stmt"/>
        <line num="1010" count="4" type="stmt"/>
        <line num="1016" count="0" type="stmt"/>
        <line num="1019" count="0" type="stmt"/>
        <line num="1027" count="4" type="stmt"/>
        <line num="1033" count="4" type="stmt"/>
        <line num="1034" count="0" type="stmt"/>
        <line num="1037" count="4" type="stmt"/>
        <line num="1038" count="0" type="stmt"/>
        <line num="1041" count="4" type="stmt"/>
      </file>
    </package>
  </project>
</coverage>
