<?xml version="1.0" encoding="UTF-8"?>
<coverage generated="1786468192500" clover="3.2.0">
  <project timestamp="1786468192500" name="All files">
    <metrics statements="1191" coveredstatements="180" conditionals="2252" coveredconditionals="853" methods="379" coveredmethods="13" elements="3822" coveredelements="1046" complexity="0" loc="1191" ncloc="1191" packages="2" files="4" classes="4"/>
    <package name="server">
      <metrics statements="1106" coveredstatements="134" conditionals="2252" coveredconditionals="853" methods="339" coveredmethods="12"/>
      <file name="db.ts" path="C:\Users\Usuario1\FRCB\CreditoNegocios-Main\CreditoNegocios\server\db.ts">
        <metrics statements="11" coveredstatements="10" conditionals="10" coveredconditionals="8" methods="0" coveredmethods="0"/>
        <line num="1" count="1" type="stmt"/>
        <line num="2" count="1" type="stmt"/>
        <line num="3" count="1" type="stmt"/>
        <line num="4" count="1" type="stmt"/>
        <line num="7" count="1" type="stmt"/>
        <line num="9" count="1" type="cond" truecount="2" falsecount="0"/>
        <line num="11" count="1" type="cond" truecount="3" falsecount="1"/>
        <line num="13" count="1" type="cond" truecount="3" falsecount="1"/>
        <line num="14" count="0" type="stmt"/>
        <line num="19" count="1" type="stmt"/>
        <line num="20" count="1" type="stmt"/>
      </file>
      <file name="dbStorage.ts" path="C:\Users\Usuario1\FRCB\CreditoNegocios-Main\CreditoNegocios\server\dbStorage.ts">
        <metrics statements="543" coveredstatements="5" conditionals="298" coveredconditionals="0" methods="142" coveredmethods="0"/>
        <line num="1" count="1" type="stmt"/>
        <line num="2" count="1" type="stmt"/>
        <line num="26" count="1" type="stmt"/>
        <line num="28" count="1" type="stmt"/>
        <line num="32" count="1" type="stmt"/>
        <line num="35" count="0" type="stmt"/>
        <line num="39" count="0" type="stmt"/>
        <line num="41" count="0" type="stmt"/>
        <line num="42" count="0" type="cond" truecount="0" falsecount="2"/>
        <line num="43" count="0" type="stmt"/>
        <line num="46" count="0" type="stmt"/>
        <line num="47" count="0" type="cond" truecount="0" falsecount="2"/>
        <line num="48" count="0" type="stmt"/>
        <line num="51" count="0" type="stmt"/>
        <line num="57" count="0" type="stmt"/>
        <line num="88" count="0" type="stmt"/>
        <line num="89" count="0" type="stmt"/>
        <line num="94" count="0" type="stmt"/>
        <line num="127" count="0" type="stmt"/>
        <line num="128" count="0" type="stmt"/>
        <line num="134" count="0" type="stmt"/>
        <line num="138" count="0" type="stmt"/>
        <line num="143" count="0" type="stmt"/>
        <line num="148" count="0" type="stmt"/>
        <line num="152" count="0" type="stmt"/>
        <line num="160" count="0" type="stmt"/>
        <line num="161" count="0" type="stmt"/>
        <line num="162" count="0" type="stmt"/>
        <line num="164" count="0" type="stmt"/>
        <line num="165" count="0" type="stmt"/>
        <line num="170" count="0" type="stmt"/>
        <line num="171" count="0" type="stmt"/>
        <line num="172" count="0" type="stmt"/>
        <line num="173" count="0" type="stmt"/>
        <line num="175" count="0" type="stmt"/>
        <line num="176" count="0" type="stmt"/>
        <line num="181" count="0" type="stmt"/>
        <line num="182" count="0" type="stmt"/>
        <line num="187" count="0" type="stmt"/>
        <line num="188" count="0" type="stmt"/>
        <line num="193" count="0" type="stmt"/>
        <line num="194" count="0" type="stmt"/>
        <line num="203" count="0" type="stmt"/>
        <line num="205" count="0" type="stmt"/>
        <line num="206" count="0" type="stmt"/>
        <line num="211" count="0" type="stmt"/>
        <line num="213" count="0" type="stmt"/>
        <line num="214" count="0" type="cond" truecount="0" falsecount="2"/>
        <line num="216" count="0" type="cond" truecount="0" falsecount="2"/>
        <line num="218" count="0" type="stmt"/>
        <line num="223" count="0" type="stmt"/>
        <line num="224" count="0" type="cond" truecount="0" falsecount="2"/>
        <line num="226" count="0" type="stmt"/>
        <line num="231" count="0" type="stmt"/>
        <line num="234" count="0" type="stmt"/>
        <line num="238" count="0" type="stmt"/>
        <line num="241" count="0" type="stmt"/>
        <line num="242" count="0" type="stmt"/>
        <line num="254" count="0" type="stmt"/>
        <line num="255" count="0" type="stmt"/>
        <line num="268" count="0" type="stmt"/>
        <line num="270" count="0" type="stmt"/>
        <line num="271" count="0" type="stmt"/>
        <line num="276" count="0" type="stmt"/>
        <line num="278" count="0" type="stmt"/>
        <line num="279" count="0" type="cond" truecount="0" falsecount="2"/>
        <line num="282" count="0" type="cond" truecount="0" falsecount="4"/>
        <line num="283" count="0" type="cond" truecount="0" falsecount="4"/>
        <line num="284" count="0" type="cond" truecount="0" falsecount="2"/>
        <line num="298" count="0" type="stmt"/>
        <line num="307" count="0" type="stmt"/>
        <line num="309" count="0" type="stmt"/>
        <line num="310" count="0" type="stmt"/>
        <line num="315" count="0" type="stmt"/>
        <line num="316" count="0" type="stmt"/>
        <line num="322" count="0" type="stmt"/>
        <line num="323" count="0" type="stmt"/>
        <line num="328" count="0" type="stmt"/>
        <line num="329" count="0" type="stmt"/>
        <line num="338" count="0" type="stmt"/>
        <line num="339" count="0" type="stmt"/>
        <line num="344" count="0" type="stmt"/>
        <line num="345" count="0" type="stmt"/>
        <line num="349" count="0" type="stmt"/>
        <line num="351" count="0" type="stmt"/>
        <line num="352" count="0" type="stmt"/>
        <line num="357" count="0" type="stmt"/>
        <line num="358" count="0" type="stmt"/>
        <line num="367" count="0" type="stmt"/>
        <line num="368" count="0" type="stmt"/>
        <line num="373" count="0" type="stmt"/>
        <line num="374" count="0" type="stmt"/>
        <line num="382" count="0" type="stmt"/>
        <line num="383" count="0" type="stmt"/>
        <line num="389" count="0" type="stmt"/>
        <line num="390" count="0" type="stmt"/>
        <line num="395" count="0" type="stmt"/>
        <line num="396" count="0" type="stmt"/>
        <line num="401" count="0" type="stmt"/>
        <line num="402" count="0" type="stmt"/>
        <line num="403" count="0" type="stmt"/>
        <line num="405" count="0" type="stmt"/>
        <line num="406" count="0" type="stmt"/>
        <line num="411" count="0" type="stmt"/>
        <line num="412" count="0" type="stmt"/>
        <line num="413" count="0" type="stmt"/>
        <line num="415" count="0" type="stmt"/>
        <line num="416" count="0" type="stmt"/>
        <line num="421" count="0" type="stmt"/>
        <line num="422" count="0" type="cond" truecount="0" falsecount="2"/>
        <line num="423" count="0" type="stmt"/>
        <line num="425" count="0" type="stmt"/>
        <line num="431" count="0" type="stmt"/>
        <line num="432" count="0" type="stmt"/>
        <line num="437" count="0" type="stmt"/>
        <line num="438" count="0" type="stmt"/>
        <line num="447" count="0" type="stmt"/>
        <line num="449" count="0" type="stmt"/>
        <line num="450" count="0" type="stmt"/>
        <line num="455" count="0" type="stmt"/>
        <line num="456" count="0" type="stmt"/>
        <line num="461" count="0" type="stmt"/>
        <line num="463" count="0" type="stmt"/>
        <line num="464" count="0" type="stmt"/>
        <line num="469" count="0" type="stmt"/>
        <line num="470" count="0" type="stmt"/>
        <line num="471" count="0" type="cond" truecount="0" falsecount="4"/>
        <line num="473" count="0" type="stmt"/>
        <line num="474" count="0" type="stmt"/>
        <line num="480" count="0" type="stmt"/>
        <line num="481" count="0" type="stmt"/>
        <line num="486" count="0" type="stmt"/>
        <line num="487" count="0" type="stmt"/>
        <line num="492" count="0" type="stmt"/>
        <line num="493" count="0" type="stmt"/>
        <line num="494" count="0" type="stmt"/>
        <line num="496" count="0" type="stmt"/>
        <line num="497" count="0" type="stmt"/>
        <line num="502" count="0" type="stmt"/>
        <line num="503" count="0" type="stmt"/>
        <line num="512" count="0" type="stmt"/>
        <line num="514" count="0" type="stmt"/>
        <line num="515" count="0" type="stmt"/>
        <line num="520" count="0" type="stmt"/>
        <line num="521" count="0" type="stmt"/>
        <line num="526" count="0" type="stmt"/>
        <line num="528" count="0" type="stmt"/>
        <line num="529" count="0" type="stmt"/>
        <line num="534" count="0" type="stmt"/>
        <line num="535" count="0" type="stmt"/>
        <line num="536" count="0" type="cond" truecount="0" falsecount="4"/>
        <line num="538" count="0" type="stmt"/>
        <line num="539" count="0" type="stmt"/>
        <line num="545" count="0" type="stmt"/>
        <line num="546" count="0" type="stmt"/>
        <line num="547" count="0" type="cond" truecount="0" falsecount="2"/>
        <line num="548" count="0" type="stmt"/>
        <line num="551" count="0" type="stmt"/>
        <line num="581" count="0" type="stmt"/>
        <line num="582" count="0" type="stmt"/>
        <line num="587" count="0" type="stmt"/>
        <line num="588" count="0" type="stmt"/>
        <line num="589" count="0" type="stmt"/>
        <line num="591" count="0" type="stmt"/>
        <line num="592" count="0" type="stmt"/>
        <line num="597" count="0" type="stmt"/>
        <line num="598" count="0" type="stmt"/>
        <line num="604" count="0" type="stmt"/>
        <line num="605" count="0" type="stmt"/>
        <line num="610" count="0" type="stmt"/>
        <line num="612" count="0" type="cond" truecount="0" falsecount="4"/>
        <line num="614" count="0" type="cond" truecount="0" falsecount="4"/>
        <line num="615" count="0" type="stmt"/>
        <line num="617" count="0" type="stmt"/>
        <line num="618" count="0" type="cond" truecount="0" falsecount="4"/>
        <line num="620" count="0" type="stmt"/>
        <line num="621" count="0" type="cond" truecount="0" falsecount="2"/>
        <line num="622" count="0" type="stmt"/>
        <line num="624" count="0" type="stmt"/>
        <line num="640" count="0" type="stmt"/>
        <line num="645" count="0" type="stmt"/>
        <line num="657" count="0" type="stmt"/>
        <line num="659" count="0" type="stmt"/>
        <line num="660" count="0" type="stmt"/>
        <line num="665" count="0" type="stmt"/>
        <line num="666" count="0" type="stmt"/>
        <line num="671" count="0" type="stmt"/>
        <line num="673" count="0" type="stmt"/>
        <line num="674" count="0" type="stmt"/>
        <line num="679" count="0" type="stmt"/>
        <line num="680" count="0" type="stmt"/>
        <line num="681" count="0" type="cond" truecount="0" falsecount="4"/>
        <line num="683" count="0" type="stmt"/>
        <line num="684" count="0" type="stmt"/>
        <line num="690" count="0" type="stmt"/>
        <line num="692" count="0" type="stmt"/>
        <line num="695" count="0" type="stmt"/>
        <line num="697" count="0" type="cond" truecount="0" falsecount="2"/>
        <line num="699" count="0" type="cond" truecount="0" falsecount="2"/>
        <line num="702" count="0" type="stmt"/>
        <line num="704" count="0" type="stmt"/>
        <line num="705" count="0" type="stmt"/>
        <line num="710" count="0" type="stmt"/>
        <line num="711" count="0" type="stmt"/>
        <line num="712" count="0" type="stmt"/>
        <line num="714" count="0" type="stmt"/>
        <line num="715" count="0" type="stmt"/>
        <line num="720" count="0" type="stmt"/>
        <line num="721" count="0" type="stmt"/>
        <line num="744" count="0" type="stmt"/>
        <line num="746" count="0" type="stmt"/>
        <line num="747" count="0" type="stmt"/>
        <line num="752" count="0" type="stmt"/>
        <line num="753" count="0" type="stmt"/>
        <line num="758" count="0" type="stmt"/>
        <line num="760" count="0" type="stmt"/>
        <line num="761" count="0" type="stmt"/>
        <line num="768" count="0" type="stmt"/>
        <line num="769" count="0" type="cond" truecount="0" falsecount="2"/>
        <line num="770" count="0" type="stmt"/>
        <line num="775" count="0" type="stmt"/>
        <line num="777" count="0" type="stmt"/>
        <line num="781" count="0" type="stmt"/>
        <line num="784" count="0" type="stmt"/>
        <line num="785" count="0" type="stmt"/>
        <line num="790" count="0" type="stmt"/>
        <line num="791" count="0" type="stmt"/>
        <line num="792" count="0" type="stmt"/>
        <line num="794" count="0" type="stmt"/>
        <line num="795" count="0" type="stmt"/>
        <line num="800" count="0" type="stmt"/>
        <line num="801" count="0" type="stmt"/>
        <line num="809" count="0" type="stmt"/>
        <line num="811" count="0" type="stmt"/>
        <line num="812" count="0" type="stmt"/>
        <line num="817" count="0" type="stmt"/>
        <line num="818" count="0" type="stmt"/>
        <line num="823" count="0" type="stmt"/>
        <line num="825" count="0" type="stmt"/>
        <line num="826" count="0" type="stmt"/>
        <line num="831" count="0" type="stmt"/>
        <line num="832" count="0" type="stmt"/>
        <line num="833" count="0" type="stmt"/>
        <line num="835" count="0" type="stmt"/>
        <line num="836" count="0" type="stmt"/>
        <line num="842" count="0" type="stmt"/>
        <line num="843" count="0" type="stmt"/>
        <line num="851" count="0" type="stmt"/>
        <line num="853" count="0" type="stmt"/>
        <line num="854" count="0" type="stmt"/>
        <line num="859" count="0" type="stmt"/>
        <line num="860" count="0" type="stmt"/>
        <line num="866" count="0" type="stmt"/>
        <line num="867" count="0" type="stmt"/>
        <line num="873" count="0" type="stmt"/>
        <line num="874" count="0" type="stmt"/>
        <line num="876" count="0" type="cond" truecount="0" falsecount="2"/>
        <line num="877" count="0" type="stmt"/>
        <line num="878" count="0" type="cond" truecount="0" falsecount="2"/>
        <line num="879" count="0" type="cond" truecount="0" falsecount="2"/>
        <line num="882" count="0" type="cond" truecount="0" falsecount="4"/>
        <line num="883" count="0" type="cond" truecount="0" falsecount="4"/>
        <line num="884" count="0" type="stmt"/>
        <line num="888" count="0" type="cond" truecount="0" falsecount="2"/>
        <line num="889" count="0" type="cond" truecount="0" falsecount="2"/>
        <line num="891" count="0" type="cond" truecount="0" falsecount="2"/>
        <line num="892" count="0" type="stmt"/>
        <line num="896" count="0" type="stmt"/>
        <line num="898" count="0" type="stmt"/>
        <line num="899" count="0" type="stmt"/>
        <line num="904" count="0" type="stmt"/>
        <line num="905" count="0" type="stmt"/>
        <line num="906" count="0" type="stmt"/>
        <line num="908" count="0" type="stmt"/>
        <line num="909" count="0" type="stmt"/>
        <line num="914" count="0" type="stmt"/>
        <line num="915" count="0" type="stmt"/>
        <line num="923" count="0" type="stmt"/>
        <line num="925" count="0" type="stmt"/>
        <line num="926" count="0" type="stmt"/>
        <line num="931" count="0" type="stmt"/>
        <line num="932" count="0" type="stmt"/>
        <line num="940" count="0" type="stmt"/>
        <line num="942" count="0" type="stmt"/>
        <line num="943" count="0" type="stmt"/>
        <line num="948" count="0" type="stmt"/>
        <line num="949" count="0" type="stmt"/>
        <line num="955" count="0" type="stmt"/>
        <line num="956" count="0" type="stmt"/>
        <line num="961" count="0" type="stmt"/>
        <line num="962" count="0" type="stmt"/>
        <line num="963" count="0" type="stmt"/>
        <line num="965" count="0" type="stmt"/>
        <line num="976" count="0" type="stmt"/>
        <line num="977" count="0" type="stmt"/>
        <line num="983" count="0" type="stmt"/>
        <line num="988" count="0" type="stmt"/>
        <line num="993" count="0" type="stmt"/>
        <line num="994" count="0" type="cond" truecount="0" falsecount="2"/>
        <line num="998" count="0" type="cond" truecount="0" falsecount="2"/>
        <line num="999" count="0" type="stmt"/>
        <line num="1002" count="0" type="stmt"/>
        <line num="1004" count="0" type="cond" truecount="0" falsecount="2"/>
        <line num="1005" count="0" type="stmt"/>
        <line num="1006" count="0" type="cond" truecount="0" falsecount="2"/>
        <line num="1007" count="0" type="cond" truecount="0" falsecount="2"/>
        <line num="1008" count="0" type="stmt"/>
        <line num="1009" count="0" type="stmt"/>
        <line num="1010" count="0" type="stmt"/>
        <line num="1012" count="0" type="stmt"/>
        <line num="1016" count="0" type="cond" truecount="0" falsecount="2"/>
        <line num="1017" count="0" type="stmt"/>
        <line num="1020" count="0" type="cond" truecount="0" falsecount="2"/>
        <line num="1021" count="0" type="stmt"/>
        <line num="1024" count="0" type="cond" truecount="0" falsecount="2"/>
        <line num="1025" count="0" type="stmt"/>
        <line num="1028" count="0" type="cond" truecount="0" falsecount="2"/>
        <line num="1029" count="0" type="stmt"/>
        <line num="1032" count="0" type="stmt"/>
        <line num="1038" count="0" type="stmt"/>
        <line num="1039" count="0" type="stmt"/>
        <line num="1044" count="0" type="stmt"/>
        <line num="1045" count="0" type="stmt"/>
        <line num="1046" count="0" type="stmt"/>
        <line num="1048" count="0" type="stmt"/>
        <line num="1049" count="0" type="stmt"/>
        <line num="1054" count="0" type="stmt"/>
        <line num="1055" count="0" type="stmt"/>
        <line num="1060" count="0" type="stmt"/>
        <line num="1062" count="0" type="stmt"/>
        <line num="1063" count="0" type="stmt"/>
        <line num="1069" count="0" type="stmt"/>
        <line num="1070" count="0" type="stmt"/>
        <line num="1072" count="0" type="stmt"/>
        <line num="1073" count="0" type="stmt"/>
        <line num="1078" count="0" type="stmt"/>
        <line num="1079" count="0" type="stmt"/>
        <line num="1080" count="0" type="stmt"/>
        <line num="1082" count="0" type="stmt"/>
        <line num="1083" count="0" type="stmt"/>
        <line num="1088" count="0" type="stmt"/>
        <line num="1089" count="0" type="stmt"/>
        <line num="1090" count="0" type="stmt"/>
        <line num="1092" count="0" type="stmt"/>
        <line num="1093" count="0" type="stmt"/>
        <line num="1098" count="0" type="stmt"/>
        <line num="1099" count="0" type="stmt"/>
        <line num="1100" count="0" type="cond" truecount="0" falsecount="2"/>
        <line num="1102" count="0" type="stmt"/>
        <line num="1103" count="0" type="stmt"/>
        <line num="1109" count="0" type="stmt"/>
        <line num="1110" count="0" type="stmt"/>
        <line num="1111" count="0" type="cond" truecount="0" falsecount="6"/>
        <line num="1112" count="0" type="stmt"/>
        <line num="1114" count="0" type="cond" truecount="0" falsecount="6"/>
        <line num="1115" count="0" type="stmt"/>
        <line num="1117" count="0" type="cond" truecount="0" falsecount="6"/>
        <line num="1118" count="0" type="stmt"/>
        <line num="1121" count="0" type="cond" truecount="0" falsecount="2"/>
        <line num="1125" count="0" type="stmt"/>
        <line num="1127" count="0" type="stmt"/>
        <line num="1128" count="0" type="stmt"/>
        <line num="1133" count="0" type="stmt"/>
        <line num="1134" count="0" type="stmt"/>
        <line num="1135" count="0" type="stmt"/>
        <line num="1137" count="0" type="stmt"/>
        <line num="1138" count="0" type="stmt"/>
        <line num="1143" count="0" type="stmt"/>
        <line num="1144" count="0" type="stmt"/>
        <line num="1145" count="0" type="stmt"/>
        <line num="1147" count="0" type="stmt"/>
        <line num="1148" count="0" type="stmt"/>
        <line num="1153" count="0" type="stmt"/>
        <line num="1154" count="0" type="stmt"/>
        <line num="1155" count="0" type="stmt"/>
        <line num="1157" count="0" type="stmt"/>
        <line num="1158" count="0" type="stmt"/>
        <line num="1163" count="0" type="stmt"/>
        <line num="1164" count="0" type="stmt"/>
        <line num="1165" count="0" type="stmt"/>
        <line num="1167" count="0" type="stmt"/>
        <line num="1168" count="0" type="stmt"/>
        <line num="1173" count="0" type="stmt"/>
        <line num="1174" count="0" type="stmt"/>
        <line num="1175" count="0" type="stmt"/>
        <line num="1176" count="0" type="stmt"/>
        <line num="1177" count="0" type="stmt"/>
        <line num="1178" count="0" type="stmt"/>
        <line num="1179" count="0" type="stmt"/>
        <line num="1182" count="0" type="stmt"/>
        <line num="1183" count="0" type="stmt"/>
        <line num="1184" count="0" type="stmt"/>
        <line num="1185" count="0" type="stmt"/>
        <line num="1186" count="0" type="stmt"/>
        <line num="1187" count="0" type="stmt"/>
        <line num="1188" count="0" type="stmt"/>
        <line num="1191" count="0" type="stmt"/>
        <line num="1192" count="0" type="stmt"/>
        <line num="1193" count="0" type="stmt"/>
        <line num="1194" count="0" type="stmt"/>
        <line num="1195" count="0" type="stmt"/>
        <line num="1198" count="0" type="stmt"/>
        <line num="1199" count="0" type="stmt"/>
        <line num="1200" count="0" type="stmt"/>
        <line num="1201" count="0" type="stmt"/>
        <line num="1202" count="0" type="stmt"/>
        <line num="1206" count="0" type="stmt"/>
        <line num="1207" count="0" type="stmt"/>
        <line num="1208" count="0" type="cond" truecount="0" falsecount="6"/>
        <line num="1209" count="0" type="stmt"/>
        <line num="1211" count="0" type="cond" truecount="0" falsecount="6"/>
        <line num="1212" count="0" type="stmt"/>
        <line num="1215" count="0" type="cond" truecount="0" falsecount="2"/>
        <line num="1219" count="0" type="stmt"/>
        <line num="1221" count="0" type="stmt"/>
        <line num="1222" count="0" type="stmt"/>
        <line num="1227" count="0" type="stmt"/>
        <line num="1228" count="0" type="stmt"/>
        <line num="1229" count="0" type="stmt"/>
        <line num="1231" count="0" type="stmt"/>
        <line num="1232" count="0" type="stmt"/>
        <line num="1237" count="0" type="stmt"/>
        <line num="1249" count="0" type="stmt"/>
        <line num="1253" count="0" type="stmt"/>
        <line num="1254" count="0" type="cond" truecount="0" falsecount="2"/>
        <line num="1255" count="0" type="stmt"/>
        <line num="1260" count="0" type="cond" truecount="0" falsecount="4"/>
        <line num="1261" count="0" type="stmt"/>
        <line num="1264" count="0" type="stmt"/>
        <line num="1270" count="0" type="stmt"/>
        <line num="1272" count="0" type="stmt"/>
        <line num="1273" count="0" type="stmt"/>
        <line num="1279" count="0" type="stmt"/>
        <line num="1280" count="0" type="stmt"/>
        <line num="1281" count="0" type="cond" truecount="0" falsecount="6"/>
        <line num="1282" count="0" type="stmt"/>
        <line num="1284" count="0" type="cond" truecount="0" falsecount="6"/>
        <line num="1285" count="0" type="stmt"/>
        <line num="1287" count="0" type="cond" truecount="0" falsecount="6"/>
        <line num="1288" count="0" type="stmt"/>
        <line num="1293" count="0" type="cond" truecount="0" falsecount="2"/>
        <line num="1294" count="0" type="stmt"/>
        <line num="1298" count="0" type="stmt"/>
        <line num="1302" count="0" type="cond" truecount="0" falsecount="2"/>
        <line num="1303" count="0" type="stmt"/>
        <line num="1307" count="0" type="stmt"/>
        <line num="1308" count="0" type="stmt"/>
        <line num="1312" count="0" type="stmt"/>
        <line num="1313" count="0" type="stmt"/>
        <line num="1314" count="0" type="cond" truecount="0" falsecount="2"/>
        <line num="1315" count="0" type="stmt"/>
        <line num="1317" count="0" type="stmt"/>
        <line num="1321" count="0" type="stmt"/>
        <line num="1322" count="0" type="stmt"/>
        <line num="1323" count="0" type="stmt"/>
        <line num="1325" count="0" type="stmt"/>
        <line num="1326" count="0" type="cond" truecount="0" falsecount="2"/>
        <line num="1327" count="0" type="stmt"/>
        <line num="1329" count="0" type="stmt"/>
        <line num="1330" count="0" type="stmt"/>
        <line num="1335" count="0" type="stmt"/>
        <line num="1343" count="0" type="stmt"/>
        <line num="1345" count="0" type="stmt"/>
        <line num="1346" count="0" type="stmt"/>
        <line num="1351" count="0" type="stmt"/>
        <line num="1352" count="0" type="stmt"/>
        <line num="1355" count="0" type="stmt"/>
        <line num="1357" count="0" type="stmt"/>
        <line num="1358" count="0" type="stmt"/>
        <line num="1363" count="0" type="stmt"/>
        <line num="1364" count="0" type="stmt"/>
        <line num="1367" count="0" type="stmt"/>
        <line num="1369" count="0" type="stmt"/>
        <line num="1370" count="0" type="stmt"/>
        <line num="1375" count="0" type="stmt"/>
        <line num="1376" count="0" type="stmt"/>
        <line num="1380" count="0" type="stmt"/>
        <line num="1382" count="0" type="stmt"/>
        <line num="1383" count="0" type="stmt"/>
        <line num="1389" count="0" type="stmt"/>
        <line num="1390" count="0" type="stmt"/>
        <line num="1391" count="0" type="cond" truecount="0" falsecount="6"/>
        <line num="1392" count="0" type="stmt"/>
        <line num="1394" count="0" type="cond" truecount="0" falsecount="6"/>
        <line num="1395" count="0" type="stmt"/>
        <line num="1397" count="0" type="cond" truecount="0" falsecount="6"/>
        <line num="1398" count="0" type="stmt"/>
        <line num="1401" count="0" type="cond" truecount="0" falsecount="2"/>
        <line num="1402" count="0" type="stmt"/>
        <line num="1406" count="0" type="stmt"/>
        <line num="1410" count="0" type="stmt"/>
        <line num="1411" count="0" type="stmt"/>
        <line num="1416" count="0" type="stmt"/>
        <line num="1417" count="0" type="stmt"/>
        <line num="1420" count="0" type="stmt"/>
        <line num="1422" count="0" type="stmt"/>
        <line num="1423" count="0" type="stmt"/>
        <line num="1428" count="0" type="stmt"/>
        <line num="1429" count="0" type="stmt"/>
        <line num="1432" count="0" type="stmt"/>
        <line num="1434" count="0" type="stmt"/>
        <line num="1435" count="0" type="stmt"/>
        <line num="1440" count="0" type="stmt"/>
        <line num="1441" count="0" type="stmt"/>
        <line num="1445" count="0" type="stmt"/>
        <line num="1446" count="0" type="stmt"/>
        <line num="1451" count="0" type="stmt"/>
        <line num="1452" count="0" type="stmt"/>
        <line num="1455" count="0" type="stmt"/>
        <line num="1457" count="0" type="stmt"/>
        <line num="1458" count="0" type="stmt"/>
        <line num="1463" count="0" type="stmt"/>
        <line num="1464" count="0" type="stmt"/>
        <line num="1468" count="0" type="stmt"/>
        <line num="1470" count="0" type="stmt"/>
        <line num="1471" count="0" type="stmt"/>
        <line num="1476" count="0" type="stmt"/>
        <line num="1478" count="0" type="stmt"/>
        <line num="1479" count="0" type="cond" truecount="0" falsecount="4"/>
        <line num="1480" count="0" type="stmt"/>
        <line num="1483" count="0" type="stmt"/>
        <line num="1486" count="0" type="stmt"/>
        <line num="1499" count="0" type="stmt"/>
        <line num="1508" count="0" type="cond" truecount="0" falsecount="2"/>
        <line num="1510" count="0" type="stmt"/>
        <line num="1515" count="0" type="stmt"/>
        <line num="1517" count="0" type="stmt"/>
        <line num="1518" count="0" type="stmt"/>
        <line num="1523" count="0" type="stmt"/>
        <line num="1524" count="0" type="stmt"/>
        <line num="1534" count="0" type="stmt"/>
        <line num="1536" count="0" type="stmt"/>
        <line num="1537" count="0" type="stmt"/>
        <line num="1542" count="0" type="stmt"/>
        <line num="1544" count="0" type="stmt"/>
        <line num="1545" count="0" type="cond" truecount="0" falsecount="4"/>
        <line num="1546" count="0" type="stmt"/>
        <line num="1549" count="0" type="stmt"/>
        <line num="1552" count="0" type="stmt"/>
        <line num="1565" count="0" type="stmt"/>
        <line num="1572" count="0" type="stmt"/>
        <line num="1574" count="0" type="stmt"/>
        <line num="1575" count="0" type="stmt"/>
      </file>
      <file name="storage.ts" path="C:\Users\Usuario1\FRCB\CreditoNegocios-Main\CreditoNegocios\server\storage.ts">
        <metrics statements="552" coveredstatements="119" conditionals="1944" coveredconditionals="845" methods="197" coveredmethods="12"/>
        <line num="2" count="1" type="stmt"/>
        <line num="207" count="1" type="stmt"/>
        <line num="208" count="1" type="stmt"/>
        <line num="209" count="1" type="stmt"/>
        <line num="210" count="1" type="stmt"/>
        <line num="211" count="1" type="stmt"/>
        <line num="212" count="1" type="stmt"/>
        <line num="214" count="1" type="stmt"/>
        <line num="215" count="1" type="stmt"/>
        <line num="216" count="1" type="stmt"/>
        <line num="217" count="1" type="stmt"/>
        <line num="218" count="1" type="stmt"/>
        <line num="219" count="1" type="stmt"/>
        <line num="223" count="1" type="stmt"/>
        <line num="224" count="1" type="stmt"/>
        <line num="225" count="1" type="stmt"/>
        <line num="226" count="1" type="stmt"/>
        <line num="227" count="1" type="stmt"/>
        <line num="230" count="1" type="stmt"/>
        <line num="238" count="0" type="cond" truecount="0" falsecount="4"/>
        <line num="239" count="0" type="stmt"/>
        <line num="245" count="0" type="stmt"/>
        <line num="246" count="0" type="stmt"/>
        <line num="250" count="0" type="stmt"/>
        <line num="254" count="0" type="stmt"/>
        <line num="256" count="1" type="stmt"/>
        <line num="257" count="1" type="stmt"/>
        <line num="260" count="1" type="stmt"/>
        <line num="261" count="1" type="stmt"/>
        <line num="265" count="3" type="stmt"/>
        <line num="302" count="6" type="stmt"/>
        <line num="333" count="4" type="stmt"/>
        <line num="433" count="4" type="stmt"/>
        <line num="461" count="1" type="stmt"/>
        <line num="478" count="2" type="stmt"/>
        <line num="500" count="1" type="stmt"/>
        <line num="515" count="1" type="stmt"/>
        <line num="518" count="1" type="stmt"/>
        <line num="533" count="1" type="stmt"/>
        <line num="536" count="1" type="stmt"/>
        <line num="551" count="1" type="stmt"/>
        <line num="554" count="1" type="stmt"/>
        <line num="564" count="1" type="stmt"/>
        <line num="566" count="1" type="stmt"/>
        <line num="576" count="1" type="stmt"/>
        <line num="578" count="1" type="stmt"/>
        <line num="588" count="1" type="stmt"/>
        <line num="591" count="1" type="stmt"/>
        <line num="600" count="1" type="stmt"/>
        <line num="603" count="1" type="stmt"/>
        <line num="612" count="1" type="stmt"/>
        <line num="615" count="1" type="stmt"/>
        <line num="624" count="1" type="stmt"/>
        <line num="627" count="1" type="stmt"/>
        <line num="638" count="1" type="stmt"/>
        <line num="640" count="1" type="stmt"/>
        <line num="651" count="1" type="stmt"/>
        <line num="654" count="1" type="stmt"/>
        <line num="663" count="1" type="stmt"/>
        <line num="666" count="1" type="stmt"/>
        <line num="675" count="1" type="stmt"/>
        <line num="677" count="1" type="stmt"/>
        <line num="686" count="1" type="stmt"/>
        <line num="689" count="1" type="stmt"/>
        <line num="712" count="1" type="stmt"/>
        <line num="715" count="1" type="stmt"/>
        <line num="735" count="1" type="stmt"/>
        <line num="737" count="1" type="stmt"/>
        <line num="760" count="1" type="stmt"/>
        <line num="762" count="1" type="stmt"/>
        <line num="782" count="1" type="stmt"/>
        <line num="785" count="1" type="stmt"/>
        <line num="803" count="1" type="stmt"/>
        <line num="806" count="1" type="stmt"/>
        <line num="820" count="1" type="stmt"/>
        <line num="822" count="1" type="stmt"/>
        <line num="836" count="1" type="stmt"/>
        <line num="838" count="1" type="stmt"/>
        <line num="852" count="1" type="stmt"/>
        <line num="855" count="1" type="stmt"/>
        <line num="864" count="1" type="stmt"/>
        <line num="867" count="1" type="stmt"/>
        <line num="887" count="1" type="stmt"/>
        <line num="889" count="1" type="stmt"/>
        <line num="910" count="1" type="stmt"/>
        <line num="912" count="1" type="stmt"/>
        <line num="931" count="1" type="stmt"/>
        <line num="933" count="1" type="stmt"/>
        <line num="957" count="1" type="stmt"/>
        <line num="959" count="1" type="stmt"/>
        <line num="978" count="1" type="stmt"/>
        <line num="980" count="1" type="stmt"/>
        <line num="999" count="1" type="stmt"/>
        <line num="1001" count="1" type="stmt"/>
        <line num="1024" count="1" type="stmt"/>
        <line num="1026" count="1" type="stmt"/>
        <line num="1047" count="1" type="stmt"/>
        <line num="1050" count="1" type="stmt"/>
        <line num="1083" count="1" type="stmt"/>
        <line num="1085" count="1" type="stmt"/>
        <line num="1118" count="1" type="stmt"/>
        <line num="1120" count="1" type="stmt"/>
        <line num="1153" count="1" type="stmt"/>
        <line num="1156" count="1" type="stmt"/>
        <line num="1181" count="1" type="stmt"/>
        <line num="1186" count="0" type="stmt"/>
        <line num="1190" count="0" type="stmt"/>
        <line num="1194" count="0" type="stmt"/>
        <line num="1195" count="0" type="cond" truecount="0" falsecount="4"/>
        <line num="1196" count="0" type="cond" truecount="0" falsecount="4"/>
        <line num="1197" count="0" type="stmt"/>
        <line num="1202" count="0" type="cond" truecount="0" falsecount="2"/>
        <line num="1206" count="0" type="cond" truecount="0" falsecount="4"/>
        <line num="1207" count="0" type="stmt"/>
        <line num="1214" count="0" type="stmt"/>
        <line num="1215" count="0" type="stmt"/>
        <line num="1219" count="0" type="stmt"/>
        <line num="1220" count="0" type="stmt"/>
        <line num="1242" count="0" type="stmt"/>
        <line num="1243" count="0" type="stmt"/>
        <line num="1247" count="0" type="stmt"/>
        <line num="1248" count="0" type="cond" truecount="0" falsecount="2"/>
        <line num="1250" count="0" type="stmt"/>
        <line num="1255" count="0" type="stmt"/>
        <line num="1256" count="0" type="stmt"/>
        <line num="1260" count="0" type="stmt"/>
        <line num="1264" count="0" type="stmt"/>
        <line num="1265" count="0" type="cond" truecount="0" falsecount="2"/>
        <line num="1266" count="0" type="stmt"/>
        <line num="1270" count="0" type="stmt"/>
        <line num="1274" count="0" type="stmt"/>
        <line num="1275" count="0" type="cond" truecount="0" falsecount="2"/>
        <line num="1276" count="0" type="stmt"/>
        <line num="1280" count="0" type="stmt"/>
        <line num="1281" count="0" type="cond" truecount="0" falsecount="2"/>
        <line num="1282" count="0" type="cond" truecount="0" falsecount="2"/>
        <line num="1287" count="0" type="cond" truecount="0" falsecount="2"/>
        <line num="1288" count="0" type="stmt"/>
        <line num="1290" count="0" type="cond" truecount="0" falsecount="2"/>
        <line num="1291" count="0" type="stmt"/>
        <line num="1296" count="0" type="stmt"/>
        <line num="1297" count="0" type="stmt"/>
        <line num="1300" count="0" type="stmt"/>
        <line num="1321" count="0" type="stmt"/>
        <line num="1322" count="0" type="stmt"/>
        <line num="1326" count="0" type="stmt"/>
        <line num="1328" count="0" type="cond" truecount="0" falsecount="2"/>
        <line num="1329" count="0" type="stmt"/>
        <line num="1334" count="0" type="stmt"/>
        <line num="1335" count="0" type="stmt"/>
        <line num="1338" count="0" type="stmt"/>
        <line num="1339" count="0" type="stmt"/>
        <line num="1360" count="0" type="stmt"/>
        <line num="1361" count="0" type="stmt"/>
        <line num="1365" count="0" type="stmt"/>
        <line num="1366" count="0" type="cond" truecount="0" falsecount="2"/>
        <line num="1369" count="0" type="cond" truecount="0" falsecount="4"/>
        <line num="1370" count="0" type="cond" truecount="0" falsecount="2"/>
        <line num="1384" count="0" type="stmt"/>
        <line num="1390" count="0" type="stmt"/>
        <line num="1391" count="0" type="stmt"/>
        <line num="1395" count="0" type="stmt"/>
        <line num="1400" count="0" type="stmt"/>
        <line num="1401" count="0" type="cond" truecount="0" falsecount="2"/>
        <line num="1405" count="1" type="stmt"/>
        <line num="1409" count="1" type="stmt"/>
        <line num="1410" count="1" type="stmt"/>
        <line num="1508" count="1" type="stmt"/>
        <line num="1509" count="1" type="stmt"/>
        <line num="1513" count="0" type="stmt"/>
        <line num="1514" count="0" type="cond" truecount="0" falsecount="2"/>
        <line num="1516" count="0" type="stmt"/>
        <line num="1521" count="0" type="stmt"/>
        <line num="1522" count="0" type="stmt"/>
        <line num="1526" count="0" type="stmt"/>
        <line num="1531" count="0" type="stmt"/>
        <line num="1532" count="0" type="stmt"/>
        <line num="1538" count="0" type="stmt"/>
        <line num="1539" count="0" type="stmt"/>
        <line num="1543" count="0" type="stmt"/>
        <line num="1544" count="0" type="stmt"/>
        <line num="1549" count="0" type="stmt"/>
        <line num="1552" count="0" type="cond" truecount="0" falsecount="12"/>
        <line num="1554" count="0" type="cond" truecount="0" falsecount="6"/>
        <line num="1555" count="0" type="stmt"/>
        <line num="1557" count="0" type="cond" truecount="0" falsecount="6"/>
        <line num="1558" count="0" type="stmt"/>
        <line num="1560" count="0" type="cond" truecount="0" falsecount="4"/>
        <line num="1561" count="0" type="stmt"/>
        <line num="1563" count="0" type="cond" truecount="0" falsecount="6"/>
        <line num="1564" count="0" type="cond" truecount="0" falsecount="2"/>
        <line num="1566" count="0" type="cond" truecount="0" falsecount="6"/>
        <line num="1567" count="0" type="cond" truecount="0" falsecount="2"/>
        <line num="1570" count="0" type="stmt"/>
        <line num="1574" count="0" type="stmt"/>
        <line num="1578" count="0" type="stmt"/>
        <line num="1579" count="0" type="stmt"/>
        <line num="1598" count="0" type="stmt"/>
        <line num="1599" count="0" type="stmt"/>
        <line num="1603" count="0" type="stmt"/>
        <line num="1604" count="0" type="cond" truecount="0" falsecount="2"/>
        <line num="1606" count="0" type="stmt"/>
        <line num="1611" count="0" type="stmt"/>
        <line num="1612" count="0" type="stmt"/>
        <line num="1616" count="0" type="stmt"/>
        <line num="1620" count="0" type="stmt"/>
        <line num="1621" count="0" type="stmt"/>
        <line num="1623" count="0" type="stmt"/>
        <line num="1624" count="0" type="cond" truecount="0" falsecount="4"/>
        <line num="1625" count="0" type="stmt"/>
        <line num="1626" count="0" type="cond" truecount="0" falsecount="2"/>
        <line num="1631" count="0" type="stmt"/>
        <line num="1634" count="0" type="cond" truecount="0" falsecount="2"/>
        <line num="1635" count="0" type="stmt"/>
        <line num="1636" count="0" type="cond" truecount="0" falsecount="2"/>
        <line num="1637" count="0" type="cond" truecount="0" falsecount="2"/>
        <line num="1639" count="0" type="stmt"/>
        <line num="1640" count="0" type="stmt"/>
        <line num="1641" count="0" type="stmt"/>
        <line num="1644" count="0" type="stmt"/>
        <line num="1649" count="0" type="cond" truecount="0" falsecount="4"/>
        <line num="1650" count="0" type="stmt"/>
        <line num="1653" count="0" type="stmt"/>
        <line num="1657" count="0" type="stmt"/>
        <line num="1660" count="0" type="cond" truecount="0" falsecount="2"/>
        <line num="1661" count="0" type="stmt"/>
        <line num="1662" count="0" type="cond" truecount="0" falsecount="2"/>
        <line num="1663" count="0" type="cond" truecount="0" falsecount="2"/>
        <line num="1665" count="0" type="stmt"/>
        <line num="1666" count="0" type="stmt"/>
        <line num="1667" count="0" type="stmt"/>
        <line num="1670" count="0" type="stmt"/>
        <line num="1675" count="0" type="cond" truecount="0" falsecount="4"/>
        <line num="1676" count="0" type="stmt"/>
        <line num="1680" count="0" type="cond" truecount="0" falsecount="2"/>
        <line num="1681" count="0" type="cond" truecount="0" falsecount="2"/>
        <line num="1683" count="0" type="cond" truecount="0" falsecount="2"/>
        <line num="1684" count="0" type="cond" truecount="0" falsecount="2"/>
        <line num="1688" count="0" type="cond" truecount="0" falsecount="2"/>
        <line num="1689" count="0" type="stmt"/>
        <line num="1694" count="0" type="stmt"/>
        <line num="1696" count="0" type="cond" truecount="0" falsecount="2"/>
        <line num="1698" count="0" type="stmt"/>
        <line num="1699" count="0" type="cond" truecount="0" falsecount="2"/>
        <line num="1703" count="0" type="stmt"/>
        <line num="1707" count="0" type="stmt"/>
        <line num="1711" count="0" type="stmt"/>
        <line num="1712" count="0" type="stmt"/>
        <line num="1732" count="0" type="stmt"/>
        <line num="1733" count="0" type="stmt"/>
        <line num="1737" count="0" type="stmt"/>
        <line num="1738" count="0" type="cond" truecount="0" falsecount="2"/>
        <line num="1740" count="0" type="stmt"/>
        <line num="1753" count="0" type="stmt"/>
        <line num="1754" count="0" type="stmt"/>
        <line num="1759" count="0" type="stmt"/>
        <line num="1762" count="0" type="cond" truecount="0" falsecount="2"/>
        <line num="1766" count="0" type="cond" truecount="0" falsecount="2"/>
        <line num="1769" count="0" type="cond" truecount="0" falsecount="2"/>
        <line num="1770" count="0" type="stmt"/>
        <line num="1771" count="0" type="cond" truecount="0" falsecount="2"/>
        <line num="1772" count="0" type="cond" truecount="0" falsecount="2"/>
        <line num="1774" count="0" type="stmt"/>
        <line num="1775" count="0" type="stmt"/>
        <line num="1776" count="0" type="stmt"/>
        <line num="1779" count="0" type="stmt"/>
        <line num="1784" count="0" type="cond" truecount="0" falsecount="2"/>
        <line num="1785" count="0" type="stmt"/>
        <line num="1789" count="0" type="cond" truecount="0" falsecount="2"/>
        <line num="1790" count="0" type="cond" truecount="0" falsecount="2"/>
        <line num="1792" count="0" type="cond" truecount="0" falsecount="2"/>
        <line num="1793" count="0" type="cond" truecount="0" falsecount="2"/>
        <line num="1796" count="0" type="stmt"/>
        <line num="1800" count="0" type="stmt"/>
        <line num="1801" count="0" type="stmt"/>
        <line num="1812" count="0" type="stmt"/>
        <line num="1813" count="0" type="stmt"/>
        <line num="1817" count="0" type="stmt"/>
        <line num="1818" count="0" type="cond" truecount="0" falsecount="2"/>
        <line num="1820" count="0" type="stmt"/>
        <line num="1824" count="0" type="stmt"/>
        <line num="1825" count="0" type="stmt"/>
        <line num="1830" count="0" type="stmt"/>
        <line num="1831" count="0" type="stmt"/>
        <line num="1832" count="0" type="stmt"/>
        <line num="1836" count="0" type="stmt"/>
        <line num="1837" count="0" type="stmt"/>
        <line num="1845" count="0" type="stmt"/>
        <line num="1846" count="0" type="stmt"/>
        <line num="1850" count="0" type="stmt"/>
        <line num="1851" count="0" type="cond" truecount="0" falsecount="2"/>
        <line num="1853" count="0" type="stmt"/>
        <line num="1854" count="0" type="stmt"/>
        <line num="1855" count="0" type="stmt"/>
        <line num="1859" count="0" type="stmt"/>
        <line num="1860" count="0" type="cond" truecount="0" falsecount="2"/>
        <line num="1865" count="0" type="stmt"/>
        <line num="1867" count="0" type="cond" truecount="0" falsecount="6"/>
        <line num="1868" count="0" type="stmt"/>
        <line num="1870" count="0" type="cond" truecount="0" falsecount="6"/>
        <line num="1871" count="0" type="stmt"/>
        <line num="1873" count="0" type="cond" truecount="0" falsecount="6"/>
        <line num="1874" count="0" type="stmt"/>
        <line num="1877" count="0" type="stmt"/>
        <line num="1881" count="0" type="stmt"/>
        <line num="1885" count="0" type="stmt"/>
        <line num="1886" count="0" type="stmt"/>
        <line num="1899" count="0" type="stmt"/>
        <line num="1900" count="0" type="stmt"/>
        <line num="1904" count="0" type="stmt"/>
        <line num="1905" count="0" type="cond" truecount="0" falsecount="2"/>
        <line num="1907" count="0" type="stmt"/>
        <line num="1911" count="0" type="stmt"/>
        <line num="1912" count="0" type="stmt"/>
        <line num="1916" count="0" type="stmt"/>
        <line num="1921" count="0" type="stmt"/>
        <line num="1923" count="0" type="cond" truecount="0" falsecount="2"/>
        <line num="1924" count="0" type="cond" truecount="0" falsecount="2"/>
        <line num="1925" count="0" type="stmt"/>
        <line num="1930" count="0" type="stmt"/>
        <line num="1934" count="0" type="stmt"/>
        <line num="1939" count="0" type="stmt"/>
        <line num="1940" count="0" type="cond" truecount="0" falsecount="2"/>
        <line num="1941" count="0" type="stmt"/>
        <line num="1944" count="0" type="stmt"/>
        <line num="1945" count="0" type="stmt"/>
        <line num="1954" count="0" type="stmt"/>
        <line num="1955" count="0" type="stmt"/>
        <line num="1959" count="0" type="stmt"/>
        <line num="1960" count="0" type="cond" truecount="0" falsecount="2"/>
        <line num="1963" count="0" type="cond" truecount="0" falsecount="4"/>
        <line num="1964" count="0" type="stmt"/>
        <line num="1965" count="0" type="cond" truecount="0" falsecount="4"/>
        <line num="1966" count="0" type="stmt"/>
        <line num="1970" count="0" type="stmt"/>
        <line num="1975" count="0" type="stmt"/>
        <line num="1976" count="0" type="stmt"/>
        <line num="1980" count="0" type="stmt"/>
        <line num="1984" count="0" type="stmt"/>
        <line num="1985" count="0" type="stmt"/>
        <line num="1987" count="0" type="cond" truecount="0" falsecount="2"/>
        <line num="1988" count="0" type="cond" truecount="0" falsecount="2"/>
        <line num="1989" count="0" type="stmt"/>
        <line num="1995" count="0" type="stmt"/>
        <line num="1997" count="0" type="cond" truecount="0" falsecount="2"/>
        <line num="1998" count="0" type="stmt"/>
        <line num="2001" count="0" type="stmt"/>
        <line num="2002" count="0" type="cond" truecount="0" falsecount="2"/>
        <line num="2003" count="0" type="cond" truecount="0" falsecount="2"/>
        <line num="2004" count="0" type="stmt"/>
        <line num="2009" count="0" type="stmt"/>
        <line num="2013" count="0" type="stmt"/>
        <line num="2014" count="0" type="stmt"/>
        <line num="2021" count="0" type="stmt"/>
        <line num="2022" count="0" type="stmt"/>
        <line num="2026" count="0" type="stmt"/>
        <line num="2027" count="0" type="cond" truecount="0" falsecount="2"/>
        <line num="2029" count="0" type="stmt"/>
        <line num="2033" count="0" type="stmt"/>
        <line num="2034" count="0" type="stmt"/>
        <line num="2038" count="0" type="stmt"/>
        <line num="2042" count="0" type="stmt"/>
        <line num="2043" count="0" type="stmt"/>
        <line num="2045" count="0" type="cond" truecount="0" falsecount="2"/>
        <line num="2046" count="0" type="cond" truecount="0" falsecount="2"/>
        <line num="2047" count="0" type="stmt"/>
        <line num="2052" count="0" type="stmt"/>
        <line num="2053" count="0" type="cond" truecount="0" falsecount="2"/>
        <line num="2058" count="0" type="stmt"/>
        <line num="2060" count="0" type="cond" truecount="0" falsecount="2"/>
        <line num="2061" count="0" type="cond" truecount="0" falsecount="2"/>
        <line num="2062" count="0" type="stmt"/>
        <line num="2067" count="0" type="stmt"/>
        <line num="2071" count="0" type="stmt"/>
        <line num="2072" count="0" type="stmt"/>
        <line num="2076" count="0" type="stmt"/>
        <line num="2077" count="0" type="stmt"/>
        <line num="2087" count="0" type="stmt"/>
        <line num="2088" count="0" type="stmt"/>
        <line num="2092" count="0" type="stmt"/>
        <line num="2093" count="0" type="cond" truecount="0" falsecount="2"/>
        <line num="2095" count="0" type="stmt"/>
        <line num="2100" count="0" type="stmt"/>
        <line num="2101" count="0" type="stmt"/>
        <line num="2105" count="0" type="stmt"/>
        <line num="2110" count="0" type="stmt"/>
        <line num="2112" count="0" type="cond" truecount="0" falsecount="2"/>
        <line num="2113" count="0" type="cond" truecount="0" falsecount="2"/>
        <line num="2114" count="0" type="stmt"/>
        <line num="2119" count="0" type="stmt"/>
        <line num="2123" count="0" type="stmt"/>
        <line num="2124" count="0" type="stmt"/>
        <line num="2135" count="0" type="stmt"/>
        <line num="2136" count="0" type="stmt"/>
        <line num="2140" count="0" type="stmt"/>
        <line num="2141" count="0" type="cond" truecount="0" falsecount="2"/>
        <line num="2143" count="0" type="stmt"/>
        <line num="2148" count="0" type="stmt"/>
        <line num="2149" count="0" type="stmt"/>
        <line num="2153" count="0" type="stmt"/>
        <line num="2158" count="0" type="stmt"/>
        <line num="2160" count="0" type="cond" truecount="0" falsecount="2"/>
        <line num="2161" count="0" type="stmt"/>
        <line num="2165" count="0" type="stmt"/>
        <line num="2166" count="0" type="stmt"/>
        <line num="2167" count="0" type="stmt"/>
        <line num="2182" count="0" type="stmt"/>
        <line num="2183" count="0" type="cond" truecount="0" falsecount="2"/>
        <line num="2184" count="0" type="cond" truecount="0" falsecount="2"/>
        <line num="2185" count="0" type="stmt"/>
        <line num="2190" count="0" type="stmt"/>
        <line num="2194" count="0" type="stmt"/>
        <line num="2195" count="0" type="stmt"/>
        <line num="2197" count="0" type="cond" truecount="0" falsecount="2"/>
        <line num="2198" count="0" type="cond" truecount="0" falsecount="2"/>
        <line num="2199" count="0" type="stmt"/>
        <line num="2204" count="0" type="stmt"/>
        <line num="2205" count="0" type="stmt"/>
        <line num="2215" count="0" type="stmt"/>
        <line num="2216" count="0" type="stmt"/>
        <line num="2220" count="0" type="stmt"/>
        <line num="2221" count="0" type="cond" truecount="0" falsecount="2"/>
        <line num="2223" count="0" type="stmt"/>
        <line num="2228" count="0" type="stmt"/>
        <line num="2229" count="0" type="stmt"/>
        <line num="2233" count="0" type="stmt"/>
        <line num="2238" count="0" type="stmt"/>
        <line num="2240" count="0" type="cond" truecount="0" falsecount="2"/>
        <line num="2241" count="0" type="stmt"/>
        <line num="2244" count="0" type="stmt"/>
        <line num="2245" count="0" type="cond" truecount="0" falsecount="2"/>
        <line num="2246" count="0" type="cond" truecount="0" falsecount="2"/>
        <line num="2247" count="0" type="stmt"/>
        <line num="2252" count="0" type="stmt"/>
        <line num="2256" count="0" type="stmt"/>
        <line num="2257" count="0" type="stmt"/>
        <line num="2270" count="0" type="stmt"/>
        <line num="2271" count="0" type="stmt"/>
        <line num="2275" count="0" type="stmt"/>
        <line num="2276" count="0" type="cond" truecount="0" falsecount="2"/>
        <line num="2278" count="0" type="stmt"/>
        <line num="2283" count="0" type="stmt"/>
        <line num="2284" count="0" type="stmt"/>
        <line num="2288" count="0" type="stmt"/>
        <line num="2293" count="0" type="stmt"/>
        <line num="2295" count="0" type="cond" truecount="0" falsecount="6"/>
        <line num="2296" count="0" type="stmt"/>
        <line num="2299" count="0" type="cond" truecount="0" falsecount="6"/>
        <line num="2300" count="0" type="stmt"/>
        <line num="2303" count="0" type="stmt"/>
        <line num="2304" count="0" type="cond" truecount="0" falsecount="2"/>
        <line num="2305" count="0" type="cond" truecount="0" falsecount="2"/>
        <line num="2306" count="0" type="stmt"/>
        <line num="2311" count="0" type="stmt"/>
        <line num="2315" count="0" type="stmt"/>
        <line num="2316" count="0" type="stmt"/>
        <line num="2334" count="0" type="stmt"/>
        <line num="2335" count="0" type="stmt"/>
        <line num="2339" count="0" type="stmt"/>
        <line num="2340" count="0" type="cond" truecount="0" falsecount="2"/>
        <line num="2342" count="0" type="stmt"/>
        <line num="2347" count="0" type="stmt"/>
        <line num="2348" count="0" type="stmt"/>
        <line num="2352" count="0" type="stmt"/>
        <line num="2357" count="0" type="stmt"/>
        <line num="2359" count="0" type="cond" truecount="0" falsecount="6"/>
        <line num="2360" count="0" type="stmt"/>
        <line num="2363" count="0" type="cond" truecount="0" falsecount="6"/>
        <line num="2364" count="0" type="stmt"/>
        <line num="2367" count="0" type="stmt"/>
        <line num="2371" count="0" type="stmt"/>
        <line num="2375" count="0" type="stmt"/>
        <line num="2376" count="0" type="stmt"/>
        <line num="2389" count="0" type="stmt"/>
        <line num="2390" count="0" type="stmt"/>
        <line num="2394" count="0" type="stmt"/>
        <line num="2395" count="0" type="cond" truecount="0" falsecount="2"/>
        <line num="2397" count="0" type="stmt"/>
        <line num="2406" count="0" type="stmt"/>
        <line num="2407" count="0" type="stmt"/>
        <line num="2416" count="1" type="cond" truecount="1" falsecount="1"/>
        <line num="2417" count="0" type="stmt"/>
        <line num="2420" count="1" type="stmt"/>
        <line num="2423" count="1" type="stmt"/>
        <line num="2425" count="1" type="stmt"/>
        <line num="2427" count="3" type="stmt"/>
        <line num="2440" count="3" type="stmt"/>
        <line num="2441" count="3" type="stmt"/>
        <line num="2444" count="3" type="cond" truecount="1" falsecount="1"/>
        <line num="2445" count="3" type="stmt"/>
        <line num="2458" count="3" type="stmt"/>
        <line num="2459" count="3" type="stmt"/>
        <line num="2463" count="1" type="stmt"/>
        <line num="2468" count="0" type="stmt"/>
        <line num="2470" count="0" type="cond" truecount="0" falsecount="6"/>
        <line num="2471" count="0" type="stmt"/>
        <line num="2474" count="0" type="cond" truecount="0" falsecount="6"/>
        <line num="2475" count="0" type="stmt"/>
        <line num="2478" count="0" type="cond" truecount="0" falsecount="6"/>
        <line num="2479" count="0" type="stmt"/>
        <line num="2482" count="0" type="stmt"/>
        <line num="2483" count="0" type="cond" truecount="0" falsecount="2"/>
        <line num="2484" count="0" type="cond" truecount="0" falsecount="2"/>
        <line num="2485" count="0" type="stmt"/>
        <line num="2490" count="0" type="stmt"/>
        <line num="2494" count="0" type="stmt"/>
        <line num="2495" count="0" type="stmt"/>
        <line num="2504" count="0" type="stmt"/>
        <line num="2505" count="0" type="stmt"/>
        <line num="2509" count="0" type="stmt"/>
        <line num="2510" count="0" type="cond" truecount="0" falsecount="2"/>
        <line num="2512" count="0" type="stmt"/>
        <line num="2517" count="0" type="stmt"/>
        <line num="2518" count="0" type="stmt"/>
        <line num="2523" count="0" type="stmt"/>
        <line num="2525" count="0" type="cond" truecount="0" falsecount="6"/>
        <line num="2526" count="0" type="stmt"/>
        <line num="2529" count="0" type="cond" truecount="0" falsecount="6"/>
        <line num="2530" count="0" type="stmt"/>
        <line num="2533" count="0" type="cond" truecount="0" falsecount="6"/>
        <line num="2534" count="0" type="stmt"/>
        <line num="2537" count="0" type="stmt"/>
        <line num="2541" count="0" type="stmt"/>
        <line num="2545" count="0" type="stmt"/>
        <line num="2549" count="0" type="stmt"/>
        <line num="2553" count="0" type="stmt"/>
        <line num="2554" count="0" type="stmt"/>
        <line num="2565" count="0" type="stmt"/>
        <line num="2566" count="0" type="stmt"/>
        <line num="2570" count="0" type="stmt"/>
        <line num="2571" count="0" type="cond" truecount="0" falsecount="2"/>
        <line num="2573" count="0" type="stmt"/>
        <line num="2578" count="0" type="stmt"/>
        <line num="2579" count="0" type="stmt"/>
        <line num="2583" count="0" type="stmt"/>
        <line num="2584" count="0" type="cond" truecount="0" falsecount="2"/>
        <line num="2586" count="0" type="stmt"/>
        <line num="2595" count="0" type="stmt"/>
        <line num="2596" count="0" type="stmt"/>
        <line num="2600" count="0" type="stmt"/>
        <line num="2601" count="0" type="cond" truecount="0" falsecount="2"/>
        <line num="2603" count="0" type="stmt"/>
        <line num="2611" count="0" type="stmt"/>
        <line num="2612" count="0" type="stmt"/>
        <line num="2616" count="0" type="stmt"/>
        <line num="2617" count="0" type="cond" truecount="0" falsecount="2"/>
        <line num="2619" count="0" type="stmt"/>
        <line num="2628" count="0" type="stmt"/>
        <line num="2629" count="0" type="stmt"/>
        <line num="2637" count="1" type="stmt"/>
        <line num="2640" count="1" type="stmt"/>
        <line num="2643" count="1" type="cond" truecount="3" falsecount="1"/>
      </file>
    </package>
    <package name="shared">
      <metrics statements="85" coveredstatements="46" conditionals="0" coveredconditionals="0" methods="40" coveredmethods="1"/>
      <file name="schema.ts" path="C:\Users\Usuario1\FRCB\CreditoNegocios-Main\CreditoNegocios\shared\schema.ts">
        <metrics statements="85" coveredstatements="46" conditionals="0" coveredconditionals="0" methods="40" coveredmethods="1"/>
        <line num="1" count="1" type="stmt"/>
        <line num="2" count="1" type="stmt"/>
        <line num="15" count="1" type="stmt"/>
        <line num="16" count="1" type="stmt"/>
        <line num="19" count="1" type="stmt"/>
        <line num="26" count="1" type="stmt"/>
        <line num="30" count="1" type="stmt"/>
        <line num="64" count="1" type="stmt"/>
        <line num="66" count="0" type="stmt"/>
        <line num="174" count="1" type="stmt"/>
        <line num="176" count="0" type="stmt"/>
        <line num="178" count="0" type="stmt"/>
        <line num="193" count="1" type="stmt"/>
        <line num="231" count="0" type="stmt"/>
        <line num="242" count="1" type="stmt"/>
        <line num="244" count="0" type="stmt"/>
        <line num="245" count="0" type="stmt"/>
        <line num="246" count="0" type="stmt"/>
        <line num="247" count="0" type="stmt"/>
        <line num="248" count="0" type="stmt"/>
        <line num="273" count="1" type="stmt"/>
        <line num="275" count="0" type="stmt"/>
        <line num="276" count="0" type="stmt"/>
        <line num="277" count="0" type="stmt"/>
        <line num="289" count="1" type="stmt"/>
        <line num="291" count="0" type="stmt"/>
        <line num="302" count="1" type="stmt"/>
        <line num="304" count="0" type="stmt"/>
        <line num="305" count="0" type="stmt"/>
        <line num="306" count="0" type="stmt"/>
        <line num="319" count="1" type="stmt"/>
        <line num="336" count="0" type="stmt"/>
        <line num="342" count="1" type="stmt"/>
        <line num="344" count="0" type="stmt"/>
        <line num="345" count="0" type="stmt"/>
        <line num="359" count="0" type="stmt"/>
        <line num="365" count="1" type="stmt"/>
        <line num="367" count="0" type="stmt"/>
        <line num="384" count="0" type="stmt"/>
        <line num="390" count="1" type="stmt"/>
        <line num="392" count="0" type="stmt"/>
        <line num="396" count="0" type="stmt"/>
        <line num="410" count="0" type="stmt"/>
        <line num="415" count="0" type="stmt"/>
        <line num="423" count="1" type="stmt"/>
        <line num="441" count="0" type="stmt"/>
        <line num="447" count="1" type="stmt"/>
        <line num="453" count="1" type="stmt"/>
        <line num="459" count="1" type="stmt"/>
        <line num="465" count="1" type="stmt"/>
        <line num="472" count="1" type="stmt"/>
        <line num="474" count="0" type="stmt"/>
        <line num="475" count="0" type="stmt"/>
        <line num="476" count="0" type="stmt"/>
        <line num="485" count="1" type="stmt"/>
        <line num="487" count="0" type="stmt"/>
        <line num="488" count="0" type="stmt"/>
        <line num="492" count="0" type="stmt"/>
        <line num="504" count="0" type="stmt"/>
        <line num="509" count="1" type="stmt"/>
        <line num="515" count="1" type="stmt"/>
        <line num="521" count="1" type="stmt"/>
        <line num="527" count="1" type="stmt"/>
        <line num="532" count="1" type="stmt"/>
        <line num="537" count="1" type="stmt"/>
        <line num="543" count="1" type="stmt"/>
        <line num="553" count="1" type="stmt"/>
        <line num="558" count="1" type="stmt"/>
        <line num="571" count="1" type="stmt"/>
        <line num="573" count="0" type="stmt"/>
        <line num="574" count="0" type="stmt"/>
        <line num="582" count="1" type="stmt"/>
        <line num="584" count="0" type="stmt"/>
        <line num="592" count="0" type="stmt"/>
        <line num="599" count="1" type="stmt"/>
        <line num="601" count="0" type="stmt"/>
        <line num="613" count="1" type="stmt"/>
        <line num="620" count="1" type="stmt"/>
        <line num="626" count="1" type="stmt"/>
        <line num="635" count="1" type="stmt"/>
        <line num="641" count="1" type="stmt"/>
        <line num="647" count="1" type="stmt"/>
        <line num="653" count="1" type="stmt"/>
        <line num="659" count="1" type="stmt"/>
        <line num="666" count="1" type="stmt"/>
      </file>
    </package>
  </project>
</coverage>
