{"C:\\Users\\Usuario1\\FRCB\\CreditoNegocios-Main\\CreditoNegocios\\server\\backfillService.ts": {"path":"C:\\Users\\Usuario1\\FRCB\\CreditoNegocios-Main\\CreditoNegocios\\server\\backfillService.ts","statementMap":{"0":{"start":{"line":81,"column":0},"end":{"line":81,"column":22}},"1":{"start":{"line":157,"column":0},"end":{"line":157,"column":16}},"2":{"start":{"line":173,"column":0},"end":{"line":173,"column":16}},"3":{"start":{"line":189,"column":0},"end":{"line":189,"column":16}},"4":{"start":{"line":212,"column":0},"end":{"line":212,"column":22}},"5":{"start":{"line":608,"column":0},"end":{"line":608,"column":22}},"6":{"start":{"line":1,"column":0},"end":{"line":1,"column":41}},"7":{"start":{"line":2,"column":0},"end":{"line":2,"column":38}},"8":{"start":{"line":4,"column":0},"end":{"line":4,"column":null}},"9":{"start":{"line":30,"column":22},"end":{"line":30,"column":29}},"10":{"start":{"line":33,"column":4},"end":{"line":33,"column":76}},"11":{"start":{"line":37,"column":4},"end":{"line":37,"column":80}},"12":{"start":{"line":41,"column":4},"end":{"line":41,"column":91}},"13":{"start":{"line":45,"column":15},"end":{"line":45,"column":27}},"14":{"start":{"line":46,"column":22},"end":{"line":57,"column":18}},"15":{"start":{"line":58,"column":4},"end":{"line":58,"column":19}},"16":{"start":{"line":62,"column":15},"end":{"line":62,"column":27}},"17":{"start":{"line":63,"column":22},"end":{"line":72,"column":18}},"18":{"start":{"line":73,"column":4},"end":{"line":73,"column":19}},"19":{"start":{"line":29,"column":0},"end":{"line":29,"column":13}},"20":{"start":{"line":85,"column":19},"end":{"line":85,"column":57}},"21":{"start":{"line":86,"column":14},"end":{"line":93,"column":null}},"22":{"start":{"line":95,"column":16},"end":{"line":95,"column":63}},"23":{"start":{"line":95,"column":49},"end":{"line":95,"column":61}},"24":{"start":{"line":96,"column":24},"end":{"line":96,"column":61}},"25":{"start":{"line":96,"column":47},"end":{"line":96,"column":60}},"26":{"start":{"line":97,"column":2},"end":{"line":100,"column":4}},"27":{"start":{"line":158,"column":2},"end":{"line":164,"column":18}},"28":{"start":{"line":174,"column":2},"end":{"line":176,"column":3}},"29":{"start":{"line":175,"column":4},"end":{"line":175,"column":33}},"30":{"start":{"line":177,"column":19},"end":{"line":177,"column":74}},"31":{"start":{"line":178,"column":2},"end":{"line":180,"column":3}},"32":{"start":{"line":179,"column":4},"end":{"line":179,"column":20}},"33":{"start":{"line":181,"column":17},"end":{"line":181,"column":70}},"34":{"start":{"line":182,"column":20},"end":{"line":182,"column":56}},"35":{"start":{"line":183,"column":2},"end":{"line":183,"column":34}},"36":{"start":{"line":194,"column":18},"end":{"line":194,"column":61}},"37":{"start":{"line":195,"column":2},"end":{"line":198,"column":3}},"38":{"start":{"line":196,"column":4},"end":{"line":196,"column":33}},"39":{"start":{"line":197,"column":4},"end":{"line":197,"column":21}},"40":{"start":{"line":199,"column":16},"end":{"line":199,"column":17}},"41":{"start":{"line":200,"column":2},"end":{"line":202,"column":3}},"42":{"start":{"line":201,"column":4},"end":{"line":201,"column":14}},"43":{"start":{"line":203,"column":21},"end":{"line":203,"column":46}},"44":{"start":{"line":204,"column":2},"end":{"line":204,"column":32}},"45":{"start":{"line":205,"column":2},"end":{"line":205,"column":20}},"46":{"start":{"line":213,"column":55},"end":{"line":213,"column":62}},"47":{"start":{"line":215,"column":14},"end":{"line":215,"column":41}},"48":{"start":{"line":215,"column":31},"end":{"line":215,"column":41}},"49":{"start":{"line":218,"column":19},"end":{"line":218,"column":46}},"50":{"start":{"line":219,"column":21},"end":{"line":219,"column":47}},"51":{"start":{"line":220,"column":21},"end":{"line":220,"column":53}},"52":{"start":{"line":222,"column":20},"end":{"line":222,"column":73}},"53":{"start":{"line":222,"column":62},"end":{"line":222,"column":71}},"54":{"start":{"line":223,"column":24},"end":{"line":223,"column":70}},"55":{"start":{"line":223,"column":62},"end":{"line":223,"column":68}},"56":{"start":{"line":226,"column":32},"end":{"line":226,"column":57}},"57":{"start":{"line":227,"column":2},"end":{"line":232,"column":3}},"58":{"start":{"line":228,"column":25},"end":{"line":228,"column":63}},"59":{"start":{"line":229,"column":4},"end":{"line":231,"column":5}},"60":{"start":{"line":230,"column":6},"end":{"line":230,"column":49}},"61":{"start":{"line":235,"column":30},"end":{"line":236,"column":null}},"62":{"start":{"line":236,"column":26},"end":{"line":236,"column":53}},"63":{"start":{"line":239,"column":29},"end":{"line":239,"column":31}},"64":{"start":{"line":240,"column":37},"end":{"line":240,"column":39}},"65":{"start":{"line":241,"column":37},"end":{"line":241,"column":39}},"66":{"start":{"line":242,"column":37},"end":{"line":242,"column":39}},"67":{"start":{"line":244,"column":2},"end":{"line":602,"column":3}},"68":{"start":{"line":246,"column":24},"end":{"line":246,"column":72}},"69":{"start":{"line":246,"column":47},"end":{"line":246,"column":71}},"70":{"start":{"line":247,"column":17},"end":{"line":247,"column":59}},"71":{"start":{"line":247,"column":40},"end":{"line":247,"column":58}},"72":{"start":{"line":248,"column":24},"end":{"line":248,"column":74}},"73":{"start":{"line":248,"column":47},"end":{"line":248,"column":73}},"74":{"start":{"line":249,"column":18},"end":{"line":249,"column":61}},"75":{"start":{"line":249,"column":41},"end":{"line":249,"column":60}},"76":{"start":{"line":250,"column":21},"end":{"line":251,"column":null}},"77":{"start":{"line":251,"column":11},"end":{"line":251,"column":80}},"78":{"start":{"line":254,"column":2},"end":{"line":262,"column":3}},"79":{"start":{"line":255,"column":4},"end":{"line":261,"column":7}},"80":{"start":{"line":265,"column":23},"end":{"line":266,"column":null}},"81":{"start":{"line":266,"column":11},"end":{"line":266,"column":57}},"82":{"start":{"line":268,"column":67},"end":{"line":268,"column":77}},"83":{"start":{"line":270,"column":2},"end":{"line":302,"column":3}},"84":{"start":{"line":271,"column":4},"end":{"line":271,"column":60}},"85":{"start":{"line":272,"column":39},"end":{"line":282,"column":6}},"86":{"start":{"line":284,"column":4},"end":{"line":301,"column":5}},"87":{"start":{"line":285,"column":6},"end":{"line":285,"column":64}},"88":{"start":{"line":286,"column":6},"end":{"line":286,"column":47}},"89":{"start":{"line":287,"column":6},"end":{"line":287,"column":45}},"90":{"start":{"line":289,"column":6},"end":{"line":299,"column":8}},"91":{"start":{"line":300,"column":6},"end":{"line":300,"column":36}},"92":{"start":{"line":304,"column":21},"end":{"line":304,"column":39}},"93":{"start":{"line":307,"column":30},"end":{"line":307,"column":31}},"94":{"start":{"line":308,"column":30},"end":{"line":308,"column":31}},"95":{"start":{"line":309,"column":32},"end":{"line":309,"column":57}},"96":{"start":{"line":311,"column":2},"end":{"line":361,"column":3}},"97":{"start":{"line":312,"column":19},"end":{"line":312,"column":51}},"98":{"start":{"line":313,"column":4},"end":{"line":360,"column":5}},"99":{"start":{"line":314,"column":6},"end":{"line":314,"column":30}},"100":{"start":{"line":315,"column":6},"end":{"line":315,"column":49}},"101":{"start":{"line":317,"column":6},"end":{"line":317,"column":30}},"102":{"start":{"line":318,"column":19},"end":{"line":318,"column":57}},"103":{"start":{"line":319,"column":23},"end":{"line":319,"column":65}},"104":{"start":{"line":320,"column":19},"end":{"line":320,"column":68}},"105":{"start":{"line":322,"column":39},"end":{"line":339,"column":8}},"106":{"start":{"line":341,"column":6},"end":{"line":359,"column":7}},"107":{"start":{"line":342,"column":8},"end":{"line":342,"column":58}},"108":{"start":{"line":343,"column":8},"end":{"line":343,"column":43}},"109":{"start":{"line":344,"column":8},"end":{"line":344,"column":51}},"110":{"start":{"line":345,"column":8},"end":{"line":345,"column":51}},"111":{"start":{"line":347,"column":27},"end":{"line":356,"column":null}},"112":{"start":{"line":358,"column":8},"end":{"line":358,"column":56}},"113":{"start":{"line":364,"column":30},"end":{"line":364,"column":31}},"114":{"start":{"line":365,"column":30},"end":{"line":365,"column":31}},"115":{"start":{"line":366,"column":28},"end":{"line":366,"column":29}},"116":{"start":{"line":367,"column":36},"end":{"line":367,"column":37}},"117":{"start":{"line":368,"column":35},"end":{"line":368,"column":36}},"118":{"start":{"line":369,"column":32},"end":{"line":369,"column":57}},"119":{"start":{"line":371,"column":2},"end":{"line":465,"column":3}},"120":{"start":{"line":372,"column":25},"end":{"line":372,"column":35}},"121":{"start":{"line":374,"column":4},"end":{"line":414,"column":5}},"122":{"start":{"line":375,"column":27},"end":{"line":375,"column":58}},"123":{"start":{"line":376,"column":6},"end":{"line":407,"column":7}},"124":{"start":{"line":377,"column":35},"end":{"line":377,"column":77}},"125":{"start":{"line":378,"column":8},"end":{"line":391,"column":9}},"126":{"start":{"line":379,"column":10},"end":{"line":379,"column":49}},"127":{"start":{"line":380,"column":10},"end":{"line":380,"column":32}},"128":{"start":{"line":382,"column":10},"end":{"line":382,"column":38}},"129":{"start":{"line":383,"column":10},"end":{"line":383,"column":39}},"130":{"start":{"line":384,"column":10},"end":{"line":390,"column":13}},"131":{"start":{"line":394,"column":8},"end":{"line":394,"column":36}},"132":{"start":{"line":395,"column":8},"end":{"line":395,"column":37}},"133":{"start":{"line":396,"column":27},"end":{"line":396,"column":75}},"134":{"start":{"line":397,"column":8},"end":{"line":403,"column":11}},"135":{"start":{"line":404,"column":8},"end":{"line":406,"column":10}},"136":{"start":{"line":409,"column":6},"end":{"line":409,"column":34}},"137":{"start":{"line":410,"column":6},"end":{"line":410,"column":36}},"138":{"start":{"line":411,"column":6},"end":{"line":413,"column":8}},"139":{"start":{"line":416,"column":18},"end":{"line":416,"column":49}},"140":{"start":{"line":417,"column":4},"end":{"line":464,"column":5}},"141":{"start":{"line":418,"column":6},"end":{"line":418,"column":30}},"142":{"start":{"line":419,"column":6},"end":{"line":419,"column":47}},"143":{"start":{"line":421,"column":6},"end":{"line":421,"column":30}},"144":{"start":{"line":422,"column":19},"end":{"line":422,"column":49}},"145":{"start":{"line":423,"column":23},"end":{"line":423,"column":68}},"146":{"start":{"line":424,"column":19},"end":{"line":424,"column":67}},"147":{"start":{"line":426,"column":39},"end":{"line":443,"column":8}},"148":{"start":{"line":445,"column":6},"end":{"line":463,"column":7}},"149":{"start":{"line":446,"column":8},"end":{"line":446,"column":57}},"150":{"start":{"line":447,"column":8},"end":{"line":447,"column":42}},"151":{"start":{"line":448,"column":8},"end":{"line":448,"column":49}},"152":{"start":{"line":449,"column":8},"end":{"line":449,"column":49}},"153":{"start":{"line":451,"column":27},"end":{"line":460,"column":null}},"154":{"start":{"line":462,"column":8},"end":{"line":462,"column":55}},"155":{"start":{"line":468,"column":28},"end":{"line":468,"column":29}},"156":{"start":{"line":469,"column":28},"end":{"line":469,"column":29}},"157":{"start":{"line":478,"column":50},"end":{"line":478,"column":52}},"158":{"start":{"line":481,"column":2},"end":{"line":488,"column":3}},"159":{"start":{"line":482,"column":4},"end":{"line":487,"column":7}},"160":{"start":{"line":491,"column":2},"end":{"line":498,"column":3}},"161":{"start":{"line":492,"column":4},"end":{"line":497,"column":7}},"162":{"start":{"line":501,"column":2},"end":{"line":511,"column":3}},"163":{"start":{"line":502,"column":21},"end":{"line":502,"column":53}},"164":{"start":{"line":503,"column":4},"end":{"line":510,"column":5}},"165":{"start":{"line":504,"column":6},"end":{"line":509,"column":9}},"166":{"start":{"line":514,"column":2},"end":{"line":524,"column":3}},"167":{"start":{"line":515,"column":20},"end":{"line":515,"column":51}},"168":{"start":{"line":516,"column":4},"end":{"line":523,"column":5}},"169":{"start":{"line":517,"column":6},"end":{"line":522,"column":9}},"170":{"start":{"line":527,"column":2},"end":{"line":544,"column":3}},"171":{"start":{"line":528,"column":16},"end":{"line":528,"column":45}},"172":{"start":{"line":529,"column":4},"end":{"line":543,"column":5}},"173":{"start":{"line":530,"column":6},"end":{"line":530,"column":28}},"174":{"start":{"line":532,"column":6},"end":{"line":532,"column":28}},"175":{"start":{"line":533,"column":6},"end":{"line":542,"column":7}},"176":{"start":{"line":534,"column":30},"end":{"line":539,"column":10}},"177":{"start":{"line":540,"column":8},"end":{"line":540,"column":48}},"178":{"start":{"line":541,"column":8},"end":{"line":541,"column":37}},"179":{"start":{"line":546,"column":35},"end":{"line":572,"column":4}},"180":{"start":{"line":574,"column":2},"end":{"line":580,"column":4}},"181":{"start":{"line":582,"column":4},"end":{"line":600,"column":5}},"182":{"start":{"line":583,"column":6},"end":{"line":585,"column":8}},"183":{"start":{"line":586,"column":6},"end":{"line":592,"column":7}},"184":{"start":{"line":587,"column":8},"end":{"line":591,"column":22}},"185":{"start":{"line":588,"column":10},"end":{"line":590,"column":11}},"186":{"start":{"line":589,"column":12},"end":{"line":589,"column":50}},"187":{"start":{"line":593,"column":6},"end":{"line":599,"column":7}},"188":{"start":{"line":594,"column":8},"end":{"line":598,"column":22}},"189":{"start":{"line":595,"column":10},"end":{"line":597,"column":11}},"190":{"start":{"line":596,"column":12},"end":{"line":596,"column":44}},"191":{"start":{"line":601,"column":4},"end":{"line":601,"column":16}},"192":{"start":{"line":612,"column":27},"end":{"line":612,"column":29}},"193":{"start":{"line":614,"column":21},"end":{"line":614,"column":47}},"194":{"start":{"line":615,"column":19},"end":{"line":615,"column":46}},"195":{"start":{"line":616,"column":21},"end":{"line":616,"column":53}},"196":{"start":{"line":619,"column":26},"end":{"line":620,"column":null}},"197":{"start":{"line":620,"column":11},"end":{"line":620,"column":57}},"198":{"start":{"line":622,"column":2},"end":{"line":626,"column":3}},"199":{"start":{"line":623,"column":4},"end":{"line":625,"column":6}},"200":{"start":{"line":627,"column":25},"end":{"line":627,"column":43}},"201":{"start":{"line":630,"column":26},"end":{"line":630,"column":43}},"202":{"start":{"line":631,"column":2},"end":{"line":637,"column":3}},"203":{"start":{"line":632,"column":16},"end":{"line":632,"column":43}},"204":{"start":{"line":633,"column":4},"end":{"line":635,"column":5}},"205":{"start":{"line":634,"column":6},"end":{"line":634,"column":65}},"206":{"start":{"line":636,"column":4},"end":{"line":636,"column":29}},"207":{"start":{"line":640,"column":26},"end":{"line":640,"column":43}},"208":{"start":{"line":641,"column":2},"end":{"line":649,"column":3}},"209":{"start":{"line":642,"column":24},"end":{"line":642,"column":62}},"210":{"start":{"line":643,"column":4},"end":{"line":648,"column":5}},"211":{"start":{"line":644,"column":6},"end":{"line":646,"column":7}},"212":{"start":{"line":645,"column":8},"end":{"line":645,"column":91}},"213":{"start":{"line":647,"column":6},"end":{"line":647,"column":39}},"214":{"start":{"line":651,"column":2},"end":{"line":671,"column":3}},"215":{"start":{"line":653,"column":4},"end":{"line":660,"column":5}},"216":{"start":{"line":653,"column":44},"end":{"line":653,"column":68}},"217":{"start":{"line":654,"column":25},"end":{"line":655,"column":null}},"218":{"start":{"line":655,"column":15},"end":{"line":655,"column":83}},"219":{"start":{"line":657,"column":6},"end":{"line":659,"column":7}},"220":{"start":{"line":658,"column":8},"end":{"line":658,"column":96}},"221":{"start":{"line":663,"column":4},"end":{"line":670,"column":5}},"222":{"start":{"line":663,"column":43},"end":{"line":663,"column":61}},"223":{"start":{"line":664,"column":25},"end":{"line":665,"column":null}},"224":{"start":{"line":665,"column":15},"end":{"line":665,"column":82}},"225":{"start":{"line":667,"column":6},"end":{"line":669,"column":7}},"226":{"start":{"line":668,"column":8},"end":{"line":668,"column":88}},"227":{"start":{"line":674,"column":2},"end":{"line":688,"column":3}},"228":{"start":{"line":674,"column":42},"end":{"line":674,"column":68}},"229":{"start":{"line":675,"column":21},"end":{"line":676,"column":null}},"230":{"start":{"line":676,"column":13},"end":{"line":676,"column":null}},"231":{"start":{"line":678,"column":4},"end":{"line":687,"column":5}},"232":{"start":{"line":679,"column":6},"end":{"line":679,"column":84}},"233":{"start":{"line":681,"column":23},"end":{"line":682,"column":null}},"234":{"start":{"line":682,"column":15},"end":{"line":682,"column":99}},"235":{"start":{"line":684,"column":6},"end":{"line":686,"column":7}},"236":{"start":{"line":685,"column":8},"end":{"line":685,"column":90}},"237":{"start":{"line":691,"column":2},"end":{"line":720,"column":3}},"238":{"start":{"line":691,"column":41},"end":{"line":691,"column":60}},"239":{"start":{"line":692,"column":20},"end":{"line":693,"column":null}},"240":{"start":{"line":693,"column":13},"end":{"line":693,"column":null}},"241":{"start":{"line":695,"column":4},"end":{"line":719,"column":5}},"242":{"start":{"line":696,"column":6},"end":{"line":696,"column":69}},"243":{"start":{"line":698,"column":23},"end":{"line":699,"column":null}},"244":{"start":{"line":699,"column":15},"end":{"line":699,"column":97}},"245":{"start":{"line":701,"column":6},"end":{"line":703,"column":7}},"246":{"start":{"line":702,"column":8},"end":{"line":702,"column":82}},"247":{"start":{"line":706,"column":6},"end":{"line":718,"column":7}},"248":{"start":{"line":707,"column":23},"end":{"line":707,"column":70}},"249":{"start":{"line":707,"column":44},"end":{"line":707,"column":69}},"250":{"start":{"line":708,"column":8},"end":{"line":717,"column":9}},"251":{"start":{"line":709,"column":27},"end":{"line":710,"column":null}},"252":{"start":{"line":710,"column":19},"end":{"line":710,"column":null}},"253":{"start":{"line":712,"column":10},"end":{"line":716,"column":11}},"254":{"start":{"line":713,"column":12},"end":{"line":715,"column":14}},"255":{"start":{"line":722,"column":2},"end":{"line":725,"column":4}}},"fnMap":{"0":{"name":"(anonymous_7)","decl":{"start":{"line":30,"column":2},"end":{"line":30,"column":22}},"loc":{"start":{"line":30,"column":29},"end":{"line":30,"column":33}}},"1":{"name":"(anonymous_8)","decl":{"start":{"line":32,"column":8},"end":{"line":32,"column":19}},"loc":{"start":{"line":32,"column":19},"end":{"line":34,"column":null}}},"2":{"name":"(anonymous_10)","decl":{"start":{"line":36,"column":8},"end":{"line":36,"column":18}},"loc":{"start":{"line":36,"column":18},"end":{"line":38,"column":null}}},"3":{"name":"(anonymous_12)","decl":{"start":{"line":40,"column":8},"end":{"line":40,"column":24}},"loc":{"start":{"line":40,"column":24},"end":{"line":42,"column":null}}},"4":{"name":"(anonymous_14)","decl":{"start":{"line":44,"column":8},"end":{"line":44,"column":20}},"loc":{"start":{"line":44,"column":45},"end":{"line":59,"column":null}}},"5":{"name":"(anonymous_16)","decl":{"start":{"line":61,"column":8},"end":{"line":61,"column":26}},"loc":{"start":{"line":61,"column":57},"end":{"line":74,"column":null}}},"6":{"name":"checkRequiredTablesExist","decl":{"start":{"line":81,"column":22},"end":{"line":81,"column":46}},"loc":{"start":{"line":81,"column":56},"end":{"line":101,"column":null}}},"7":{"name":"(anonymous_20)","decl":{"start":{"line":95,"column":37},"end":{"line":95,"column":38}},"loc":{"start":{"line":95,"column":49},"end":{"line":95,"column":61}}},"8":{"name":"(anonymous_21)","decl":{"start":{"line":96,"column":40},"end":{"line":96,"column":41}},"loc":{"start":{"line":96,"column":47},"end":{"line":96,"column":60}}},"9":{"name":"slugify","decl":{"start":{"line":157,"column":16},"end":{"line":157,"column":23}},"loc":{"start":{"line":157,"column":36},"end":{"line":165,"column":1}}},"10":{"name":"resolveTenantName","decl":{"start":{"line":173,"column":16},"end":{"line":173,"column":33}},"loc":{"start":{"line":173,"column":67},"end":{"line":184,"column":1}}},"11":{"name":"resolveUniqueSlug","decl":{"start":{"line":189,"column":16},"end":{"line":189,"column":33}},"loc":{"start":{"line":192,"column":20},"end":{"line":206,"column":1}}},"12":{"name":"executeBackfill","decl":{"start":{"line":212,"column":22},"end":{"line":212,"column":37}},"loc":{"start":{"line":212,"column":62},"end":{"line":603,"column":null}}},"13":{"name":"(anonymous_27)","decl":{"start":{"line":213,"column":42},"end":{"line":213,"column":45}},"loc":{"start":{"line":213,"column":47},"end":{"line":213,"column":50}}},"14":{"name":"(anonymous_28)","decl":{"start":{"line":215,"column":14},"end":{"line":215,"column":15}},"loc":{"start":{"line":215,"column":31},"end":{"line":215,"column":41}}},"15":{"name":"(anonymous_29)","decl":{"start":{"line":222,"column":55},"end":{"line":222,"column":56}},"loc":{"start":{"line":222,"column":62},"end":{"line":222,"column":71}}},"16":{"name":"(anonymous_30)","decl":{"start":{"line":223,"column":55},"end":{"line":223,"column":56}},"loc":{"start":{"line":223,"column":62},"end":{"line":223,"column":68}}},"17":{"name":"(anonymous_31)","decl":{"start":{"line":236,"column":19},"end":{"line":236,"column":20}},"loc":{"start":{"line":236,"column":26},"end":{"line":236,"column":53}}},"18":{"name":"(anonymous_32)","decl":{"start":{"line":246,"column":40},"end":{"line":246,"column":41}},"loc":{"start":{"line":246,"column":47},"end":{"line":246,"column":71}}},"19":{"name":"(anonymous_33)","decl":{"start":{"line":247,"column":33},"end":{"line":247,"column":34}},"loc":{"start":{"line":247,"column":40},"end":{"line":247,"column":58}}},"20":{"name":"(anonymous_34)","decl":{"start":{"line":248,"column":40},"end":{"line":248,"column":41}},"loc":{"start":{"line":248,"column":47},"end":{"line":248,"column":73}}},"21":{"name":"(anonymous_35)","decl":{"start":{"line":249,"column":34},"end":{"line":249,"column":35}},"loc":{"start":{"line":249,"column":41},"end":{"line":249,"column":60}}},"22":{"name":"(anonymous_36)","decl":{"start":{"line":251,"column":4},"end":{"line":251,"column":5}},"loc":{"start":{"line":251,"column":11},"end":{"line":251,"column":80}}},"23":{"name":"(anonymous_37)","decl":{"start":{"line":266,"column":4},"end":{"line":266,"column":5}},"loc":{"start":{"line":266,"column":11},"end":{"line":266,"column":57}}},"24":{"name":"validatePostBackfill","decl":{"start":{"line":608,"column":22},"end":{"line":608,"column":42}},"loc":{"start":{"line":608,"column":68},"end":{"line":726,"column":null}}},"25":{"name":"(anonymous_40)","decl":{"start":{"line":620,"column":4},"end":{"line":620,"column":5}},"loc":{"start":{"line":620,"column":11},"end":{"line":620,"column":57}}},"26":{"name":"(anonymous_41)","decl":{"start":{"line":653,"column":37},"end":{"line":653,"column":38}},"loc":{"start":{"line":653,"column":44},"end":{"line":653,"column":68}}},"27":{"name":"(anonymous_42)","decl":{"start":{"line":655,"column":8},"end":{"line":655,"column":9}},"loc":{"start":{"line":655,"column":15},"end":{"line":655,"column":83}}},"28":{"name":"(anonymous_43)","decl":{"start":{"line":663,"column":36},"end":{"line":663,"column":37}},"loc":{"start":{"line":663,"column":43},"end":{"line":663,"column":61}}},"29":{"name":"(anonymous_44)","decl":{"start":{"line":665,"column":8},"end":{"line":665,"column":9}},"loc":{"start":{"line":665,"column":15},"end":{"line":665,"column":82}}},"30":{"name":"(anonymous_45)","decl":{"start":{"line":674,"column":35},"end":{"line":674,"column":36}},"loc":{"start":{"line":674,"column":42},"end":{"line":674,"column":68}}},"31":{"name":"(anonymous_46)","decl":{"start":{"line":676,"column":6},"end":{"line":676,"column":7}},"loc":{"start":{"line":676,"column":12},"end":{"line":676,"column":null}}},"32":{"name":"(anonymous_47)","decl":{"start":{"line":682,"column":8},"end":{"line":682,"column":9}},"loc":{"start":{"line":682,"column":15},"end":{"line":682,"column":99}}},"33":{"name":"(anonymous_48)","decl":{"start":{"line":691,"column":34},"end":{"line":691,"column":35}},"loc":{"start":{"line":691,"column":41},"end":{"line":691,"column":60}}},"34":{"name":"(anonymous_49)","decl":{"start":{"line":693,"column":6},"end":{"line":693,"column":7}},"loc":{"start":{"line":693,"column":12},"end":{"line":693,"column":null}}},"35":{"name":"(anonymous_50)","decl":{"start":{"line":699,"column":8},"end":{"line":699,"column":9}},"loc":{"start":{"line":699,"column":15},"end":{"line":699,"column":97}}},"36":{"name":"(anonymous_51)","decl":{"start":{"line":707,"column":37},"end":{"line":707,"column":38}},"loc":{"start":{"line":707,"column":44},"end":{"line":707,"column":69}}},"37":{"name":"(anonymous_52)","decl":{"start":{"line":710,"column":12},"end":{"line":710,"column":13}},"loc":{"start":{"line":710,"column":18},"end":{"line":710,"column":null}}}},"branchMap":{"0":{"loc":{"start":{"line":51,"column":24},"end":{"line":51,"column":57}},"type":"cond-expr","locations":[{"start":{"line":51,"column":49},"end":{"line":51,"column":53}},{"start":{"line":51,"column":53},"end":{"line":51,"column":57}}]},"1":{"loc":{"start":{"line":51,"column":24},"end":{"line":51,"column":53}},"type":"binary-expr","locations":[{"start":{"line":51,"column":24},"end":{"line":51,"column":53}},{"start":{"line":51,"column":49},"end":{"line":51,"column":53}}]},"2":{"loc":{"start":{"line":52,"column":18},"end":{"line":52,"column":43}},"type":"binary-expr","locations":[{"start":{"line":52,"column":18},"end":{"line":52,"column":37}},{"start":{"line":52,"column":41},"end":{"line":52,"column":43}}]},"3":{"loc":{"start":{"line":53,"column":18},"end":{"line":53,"column":45}},"type":"cond-expr","locations":[{"start":{"line":53,"column":37},"end":{"line":53,"column":41}},{"start":{"line":53,"column":41},"end":{"line":53,"column":45}}]},"4":{"loc":{"start":{"line":53,"column":18},"end":{"line":53,"column":41}},"type":"binary-expr","locations":[{"start":{"line":53,"column":18},"end":{"line":53,"column":41}},{"start":{"line":53,"column":37},"end":{"line":53,"column":41}}]},"5":{"loc":{"start":{"line":68,"column":18},"end":{"line":68,"column":45}},"type":"cond-expr","locations":[{"start":{"line":68,"column":37},"end":{"line":68,"column":41}},{"start":{"line":68,"column":41},"end":{"line":68,"column":45}}]},"6":{"loc":{"start":{"line":68,"column":18},"end":{"line":68,"column":41}},"type":"binary-expr","locations":[{"start":{"line":68,"column":18},"end":{"line":68,"column":41}},{"start":{"line":68,"column":37},"end":{"line":68,"column":41}}]},"7":{"loc":{"start":{"line":174,"column":2},"end":{"line":176,"column":3}},"type":"if","locations":[{"start":{"line":174,"column":2},"end":{"line":176,"column":3}},{"start":{},"end":{}}]},"8":{"loc":{"start":{"line":174,"column":6},"end":{"line":174,"column":45}},"type":"binary-expr","locations":[{"start":{"line":174,"column":6},"end":{"line":174,"column":20}},{"start":{"line":174,"column":24},"end":{"line":174,"column":45}}]},"9":{"loc":{"start":{"line":177,"column":22},"end":{"line":177,"column":42}},"type":"binary-expr","locations":[{"start":{"line":177,"column":22},"end":{"line":177,"column":36}},{"start":{"line":177,"column":40},"end":{"line":177,"column":42}}]},"10":{"loc":{"start":{"line":177,"column":46},"end":{"line":177,"column":65}},"type":"binary-expr","locations":[{"start":{"line":177,"column":46},"end":{"line":177,"column":59}},{"start":{"line":177,"column":63},"end":{"line":177,"column":65}}]},"11":{"loc":{"start":{"line":178,"column":2},"end":{"line":180,"column":3}},"type":"if","locations":[{"start":{"line":178,"column":2},"end":{"line":180,"column":3}},{"start":{},"end":{}}]},"12":{"loc":{"start":{"line":181,"column":17},"end":{"line":181,"column":70}},"type":"cond-expr","locations":[{"start":{"line":181,"column":44},"end":{"line":181,"column":59}},{"start":{"line":181,"column":62},"end":{"line":181,"column":70}}]},"13":{"loc":{"start":{"line":182,"column":20},"end":{"line":182,"column":56}},"type":"binary-expr","locations":[{"start":{"line":182,"column":20},"end":{"line":182,"column":47}},{"start":{"line":182,"column":51},"end":{"line":182,"column":56}}]},"14":{"loc":{"start":{"line":182,"column":21},"end":{"line":182,"column":34}},"type":"binary-expr","locations":[{"start":{"line":182,"column":21},"end":{"line":182,"column":28}},{"start":{"line":182,"column":32},"end":{"line":182,"column":34}}]},"15":{"loc":{"start":{"line":194,"column":18},"end":{"line":194,"column":61}},"type":"binary-expr","locations":[{"start":{"line":194,"column":18},"end":{"line":194,"column":26}},{"start":{"line":194,"column":30},"end":{"line":194,"column":61}}]},"16":{"loc":{"start":{"line":195,"column":2},"end":{"line":198,"column":3}},"type":"if","locations":[{"start":{"line":195,"column":2},"end":{"line":198,"column":3}},{"start":{},"end":{}}]},"17":{"loc":{"start":{"line":213,"column":19},"end":{"line":213,"column":32}},"type":"default-arg","locations":[{"start":{"line":213,"column":28},"end":{"line":213,"column":32}}]},"18":{"loc":{"start":{"line":213,"column":34},"end":{"line":213,"column":50}},"type":"default-arg","locations":[{"start":{"line":213,"column":42},"end":{"line":213,"column":50}}]},"19":{"loc":{"start":{"line":228,"column":25},"end":{"line":228,"column":63}},"type":"cond-expr","locations":[{"start":{"line":228,"column":44},"end":{"line":228,"column":46}},{"start":{"line":228,"column":44},"end":{"line":228,"column":63}}]},"20":{"loc":{"start":{"line":228,"column":25},"end":{"line":228,"column":46}},"type":"binary-expr","locations":[{"start":{"line":228,"column":25},"end":{"line":228,"column":46}},{"start":{"line":228,"column":44},"end":{"line":228,"column":46}}]},"21":{"loc":{"start":{"line":229,"column":4},"end":{"line":231,"column":5}},"type":"if","locations":[{"start":{"line":229,"column":4},"end":{"line":231,"column":5}},{"start":{},"end":{}}]},"22":{"loc":{"start":{"line":257,"column":13},"end":{"line":257,"column":33}},"type":"binary-expr","locations":[{"start":{"line":257,"column":13},"end":{"line":257,"column":20}},{"start":{"line":257,"column":24},"end":{"line":257,"column":33}}]},"23":{"loc":{"start":{"line":266,"column":11},"end":{"line":266,"column":57}},"type":"binary-expr","locations":[{"start":{"line":266,"column":11},"end":{"line":266,"column":32}},{"start":{"line":266,"column":36},"end":{"line":266,"column":57}}]},"24":{"loc":{"start":{"line":270,"column":2},"end":{"line":302,"column":3}},"type":"if","locations":[{"start":{"line":270,"column":2},"end":{"line":302,"column":3}},{"start":{},"end":{}}]},"25":{"loc":{"start":{"line":271,"column":27},"end":{"line":271,"column":59}},"type":"cond-expr","locations":[{"start":{"line":271,"column":36},"end":{"line":271,"column":47}},{"start":{"line":271,"column":50},"end":{"line":271,"column":59}}]},"26":{"loc":{"start":{"line":284,"column":4},"end":{"line":301,"column":5}},"type":"if","locations":[{"start":{"line":284,"column":4},"end":{"line":301,"column":5}},{"start":{"line":288,"column":11},"end":{"line":301,"column":5}}]},"27":{"loc":{"start":{"line":313,"column":4},"end":{"line":360,"column":5}},"type":"if","locations":[{"start":{"line":313,"column":4},"end":{"line":360,"column":5}},{"start":{"line":316,"column":11},"end":{"line":360,"column":5}}]},"28":{"loc":{"start":{"line":319,"column":23},"end":{"line":319,"column":65}},"type":"binary-expr","locations":[{"start":{"line":319,"column":23},"end":{"line":319,"column":36}},{"start":{"line":319,"column":40},"end":{"line":319,"column":65}}]},"29":{"loc":{"start":{"line":331,"column":32},"end":{"line":331,"column":57}},"type":"binary-expr","locations":[{"start":{"line":331,"column":32},"end":{"line":331,"column":49}},{"start":{"line":331,"column":53},"end":{"line":331,"column":57}}]},"30":{"loc":{"start":{"line":332,"column":21},"end":{"line":332,"column":41}},"type":"binary-expr","locations":[{"start":{"line":332,"column":21},"end":{"line":332,"column":33}},{"start":{"line":332,"column":37},"end":{"line":332,"column":41}}]},"31":{"loc":{"start":{"line":333,"column":22},"end":{"line":333,"column":43}},"type":"binary-expr","locations":[{"start":{"line":333,"column":22},"end":{"line":333,"column":35}},{"start":{"line":333,"column":39},"end":{"line":333,"column":43}}]},"32":{"loc":{"start":{"line":334,"column":24},"end":{"line":334,"column":47}},"type":"binary-expr","locations":[{"start":{"line":334,"column":24},"end":{"line":334,"column":39}},{"start":{"line":334,"column":43},"end":{"line":334,"column":47}}]},"33":{"loc":{"start":{"line":335,"column":26},"end":{"line":335,"column":51}},"type":"binary-expr","locations":[{"start":{"line":335,"column":26},"end":{"line":335,"column":43}},{"start":{"line":335,"column":47},"end":{"line":335,"column":51}}]},"34":{"loc":{"start":{"line":341,"column":6},"end":{"line":359,"column":7}},"type":"if","locations":[{"start":{"line":341,"column":6},"end":{"line":359,"column":7}},{"start":{"line":346,"column":13},"end":{"line":359,"column":7}}]},"35":{"loc":{"start":{"line":374,"column":4},"end":{"line":414,"column":5}},"type":"if","locations":[{"start":{"line":374,"column":4},"end":{"line":414,"column":5}},{"start":{"line":408,"column":11},"end":{"line":414,"column":5}}]},"36":{"loc":{"start":{"line":376,"column":6},"end":{"line":407,"column":7}},"type":"if","locations":[{"start":{"line":376,"column":6},"end":{"line":407,"column":7}},{"start":{"line":392,"column":13},"end":{"line":407,"column":7}}]},"37":{"loc":{"start":{"line":376,"column":10},"end":{"line":376,"column":63}},"type":"binary-expr","locations":[{"start":{"line":376,"column":10},"end":{"line":376,"column":22}},{"start":{"line":376,"column":26},"end":{"line":376,"column":63}}]},"38":{"loc":{"start":{"line":378,"column":8},"end":{"line":391,"column":9}},"type":"if","locations":[{"start":{"line":378,"column":8},"end":{"line":391,"column":9}},{"start":{"line":381,"column":15},"end":{"line":391,"column":9}}]},"39":{"loc":{"start":{"line":386,"column":19},"end":{"line":386,"column":39}},"type":"binary-expr","locations":[{"start":{"line":386,"column":19},"end":{"line":386,"column":26}},{"start":{"line":386,"column":30},"end":{"line":386,"column":39}}]},"40":{"loc":{"start":{"line":396,"column":27},"end":{"line":396,"column":75}},"type":"cond-expr","locations":[{"start":{"line":396,"column":42},"end":{"line":396,"column":59}},{"start":{"line":396,"column":62},"end":{"line":396,"column":75}}]},"41":{"loc":{"start":{"line":399,"column":17},"end":{"line":399,"column":37}},"type":"binary-expr","locations":[{"start":{"line":399,"column":17},"end":{"line":399,"column":24}},{"start":{"line":399,"column":28},"end":{"line":399,"column":37}}]},"42":{"loc":{"start":{"line":405,"column":29},"end":{"line":405,"column":46}},"type":"binary-expr","locations":[{"start":{"line":405,"column":29},"end":{"line":405,"column":40}},{"start":{"line":405,"column":44},"end":{"line":405,"column":46}}]},"43":{"loc":{"start":{"line":405,"column":50},"end":{"line":405,"column":66}},"type":"binary-expr","locations":[{"start":{"line":405,"column":50},"end":{"line":405,"column":60}},{"start":{"line":405,"column":64},"end":{"line":405,"column":66}}]},"44":{"loc":{"start":{"line":412,"column":35},"end":{"line":412,"column":52}},"type":"binary-expr","locations":[{"start":{"line":412,"column":35},"end":{"line":412,"column":46}},{"start":{"line":412,"column":50},"end":{"line":412,"column":52}}]},"45":{"loc":{"start":{"line":412,"column":56},"end":{"line":412,"column":72}},"type":"binary-expr","locations":[{"start":{"line":412,"column":56},"end":{"line":412,"column":66}},{"start":{"line":412,"column":70},"end":{"line":412,"column":72}}]},"46":{"loc":{"start":{"line":417,"column":4},"end":{"line":464,"column":5}},"type":"if","locations":[{"start":{"line":417,"column":4},"end":{"line":464,"column":5}},{"start":{"line":420,"column":11},"end":{"line":464,"column":5}}]},"47":{"loc":{"start":{"line":423,"column":23},"end":{"line":423,"column":68}},"type":"binary-expr","locations":[{"start":{"line":423,"column":23},"end":{"line":423,"column":36}},{"start":{"line":423,"column":40},"end":{"line":423,"column":68}}]},"48":{"loc":{"start":{"line":435,"column":32},"end":{"line":435,"column":56}},"type":"binary-expr","locations":[{"start":{"line":435,"column":32},"end":{"line":435,"column":48}},{"start":{"line":435,"column":52},"end":{"line":435,"column":56}}]},"49":{"loc":{"start":{"line":436,"column":21},"end":{"line":436,"column":40}},"type":"binary-expr","locations":[{"start":{"line":436,"column":21},"end":{"line":436,"column":32}},{"start":{"line":436,"column":36},"end":{"line":436,"column":40}}]},"50":{"loc":{"start":{"line":437,"column":22},"end":{"line":437,"column":42}},"type":"binary-expr","locations":[{"start":{"line":437,"column":22},"end":{"line":437,"column":34}},{"start":{"line":437,"column":38},"end":{"line":437,"column":42}}]},"51":{"loc":{"start":{"line":438,"column":24},"end":{"line":438,"column":46}},"type":"binary-expr","locations":[{"start":{"line":438,"column":24},"end":{"line":438,"column":38}},{"start":{"line":438,"column":42},"end":{"line":438,"column":46}}]},"52":{"loc":{"start":{"line":439,"column":26},"end":{"line":439,"column":50}},"type":"binary-expr","locations":[{"start":{"line":439,"column":26},"end":{"line":439,"column":42}},{"start":{"line":439,"column":46},"end":{"line":439,"column":50}}]},"53":{"loc":{"start":{"line":445,"column":6},"end":{"line":463,"column":7}},"type":"if","locations":[{"start":{"line":445,"column":6},"end":{"line":463,"column":7}},{"start":{"line":450,"column":13},"end":{"line":463,"column":7}}]},"54":{"loc":{"start":{"line":486,"column":17},"end":{"line":486,"column":38}},"type":"binary-expr","locations":[{"start":{"line":486,"column":17},"end":{"line":486,"column":25}},{"start":{"line":486,"column":29},"end":{"line":486,"column":38}}]},"55":{"loc":{"start":{"line":496,"column":17},"end":{"line":496,"column":37}},"type":"binary-expr","locations":[{"start":{"line":496,"column":17},"end":{"line":496,"column":24}},{"start":{"line":496,"column":28},"end":{"line":496,"column":37}}]},"56":{"loc":{"start":{"line":503,"column":4},"end":{"line":510,"column":5}},"type":"if","locations":[{"start":{"line":503,"column":4},"end":{"line":510,"column":5}},{"start":{},"end":{}}]},"57":{"loc":{"start":{"line":508,"column":19},"end":{"line":508,"column":40}},"type":"binary-expr","locations":[{"start":{"line":508,"column":19},"end":{"line":508,"column":27}},{"start":{"line":508,"column":31},"end":{"line":508,"column":40}}]},"58":{"loc":{"start":{"line":516,"column":4},"end":{"line":523,"column":5}},"type":"if","locations":[{"start":{"line":516,"column":4},"end":{"line":523,"column":5}},{"start":{},"end":{}}]},"59":{"loc":{"start":{"line":521,"column":19},"end":{"line":521,"column":39}},"type":"binary-expr","locations":[{"start":{"line":521,"column":19},"end":{"line":521,"column":26}},{"start":{"line":521,"column":30},"end":{"line":521,"column":39}}]},"60":{"loc":{"start":{"line":529,"column":4},"end":{"line":543,"column":5}},"type":"if","locations":[{"start":{"line":529,"column":4},"end":{"line":543,"column":5}},{"start":{"line":531,"column":11},"end":{"line":543,"column":5}}]},"61":{"loc":{"start":{"line":533,"column":6},"end":{"line":542,"column":7}},"type":"if","locations":[{"start":{"line":533,"column":6},"end":{"line":542,"column":7}},{"start":{},"end":{}}]},"62":{"loc":{"start":{"line":582,"column":4},"end":{"line":600,"column":5}},"type":"if","locations":[{"start":{"line":582,"column":4},"end":{"line":600,"column":5}},{"start":{},"end":{}}]},"63":{"loc":{"start":{"line":588,"column":10},"end":{"line":590,"column":11}},"type":"if","locations":[{"start":{"line":588,"column":10},"end":{"line":590,"column":11}},{"start":{},"end":{}}]},"64":{"loc":{"start":{"line":595,"column":10},"end":{"line":597,"column":11}},"type":"if","locations":[{"start":{"line":595,"column":10},"end":{"line":597,"column":11}},{"start":{},"end":{}}]},"65":{"loc":{"start":{"line":620,"column":11},"end":{"line":620,"column":57}},"type":"binary-expr","locations":[{"start":{"line":620,"column":11},"end":{"line":620,"column":32}},{"start":{"line":620,"column":36},"end":{"line":620,"column":57}}]},"66":{"loc":{"start":{"line":622,"column":2},"end":{"line":626,"column":3}},"type":"if","locations":[{"start":{"line":622,"column":2},"end":{"line":626,"column":3}},{"start":{},"end":{}}]},"67":{"loc":{"start":{"line":633,"column":4},"end":{"line":635,"column":5}},"type":"if","locations":[{"start":{"line":633,"column":4},"end":{"line":635,"column":5}},{"start":{},"end":{}}]},"68":{"loc":{"start":{"line":642,"column":24},"end":{"line":642,"column":62}},"type":"cond-expr","locations":[{"start":{"line":642,"column":43},"end":{"line":642,"column":45}},{"start":{"line":642,"column":43},"end":{"line":642,"column":62}}]},"69":{"loc":{"start":{"line":642,"column":24},"end":{"line":642,"column":45}},"type":"binary-expr","locations":[{"start":{"line":642,"column":24},"end":{"line":642,"column":45}},{"start":{"line":642,"column":43},"end":{"line":642,"column":45}}]},"70":{"loc":{"start":{"line":643,"column":4},"end":{"line":648,"column":5}},"type":"if","locations":[{"start":{"line":643,"column":4},"end":{"line":648,"column":5}},{"start":{},"end":{}}]},"71":{"loc":{"start":{"line":644,"column":6},"end":{"line":646,"column":7}},"type":"if","locations":[{"start":{"line":644,"column":6},"end":{"line":646,"column":7}},{"start":{},"end":{}}]},"72":{"loc":{"start":{"line":651,"column":2},"end":{"line":671,"column":3}},"type":"if","locations":[{"start":{"line":651,"column":2},"end":{"line":671,"column":3}},{"start":{},"end":{}}]},"73":{"loc":{"start":{"line":655,"column":15},"end":{"line":655,"column":83}},"type":"binary-expr","locations":[{"start":{"line":655,"column":15},"end":{"line":655,"column":47}},{"start":{"line":655,"column":51},"end":{"line":655,"column":69}},{"start":{"line":655,"column":73},"end":{"line":655,"column":83}}]},"74":{"loc":{"start":{"line":657,"column":6},"end":{"line":659,"column":7}},"type":"if","locations":[{"start":{"line":657,"column":6},"end":{"line":659,"column":7}},{"start":{},"end":{}}]},"75":{"loc":{"start":{"line":665,"column":15},"end":{"line":665,"column":82}},"type":"binary-expr","locations":[{"start":{"line":665,"column":15},"end":{"line":665,"column":47}},{"start":{"line":665,"column":51},"end":{"line":665,"column":68}},{"start":{"line":665,"column":72},"end":{"line":665,"column":82}}]},"76":{"loc":{"start":{"line":667,"column":6},"end":{"line":669,"column":7}},"type":"if","locations":[{"start":{"line":667,"column":6},"end":{"line":669,"column":7}},{"start":{},"end":{}}]},"77":{"loc":{"start":{"line":676,"column":13},"end":{"line":676,"column":91}},"type":"binary-expr","locations":[{"start":{"line":676,"column":13},"end":{"line":676,"column":61}},{"start":{"line":676,"column":65},"end":{"line":676,"column":91}}]},"78":{"loc":{"start":{"line":676,"column":13},"end":{"line":676,"column":51}},"type":"cond-expr","locations":[{"start":{"line":676,"column":32},"end":{"line":676,"column":34}},{"start":{"line":676,"column":32},"end":{"line":676,"column":51}}]},"79":{"loc":{"start":{"line":676,"column":13},"end":{"line":676,"column":34}},"type":"binary-expr","locations":[{"start":{"line":676,"column":13},"end":{"line":676,"column":34}},{"start":{"line":676,"column":32},"end":{"line":676,"column":34}}]},"80":{"loc":{"start":{"line":678,"column":4},"end":{"line":687,"column":5}},"type":"if","locations":[{"start":{"line":678,"column":4},"end":{"line":687,"column":5}},{"start":{"line":680,"column":11},"end":{"line":687,"column":5}}]},"81":{"loc":{"start":{"line":682,"column":15},"end":{"line":682,"column":99}},"type":"binary-expr","locations":[{"start":{"line":682,"column":15},"end":{"line":682,"column":41}},{"start":{"line":682,"column":45},"end":{"line":682,"column":63}},{"start":{"line":682,"column":67},"end":{"line":682,"column":85}},{"start":{"line":682,"column":89},"end":{"line":682,"column":99}}]},"82":{"loc":{"start":{"line":684,"column":6},"end":{"line":686,"column":7}},"type":"if","locations":[{"start":{"line":684,"column":6},"end":{"line":686,"column":7}},{"start":{},"end":{}}]},"83":{"loc":{"start":{"line":693,"column":13},"end":{"line":693,"column":83}},"type":"binary-expr","locations":[{"start":{"line":693,"column":13},"end":{"line":693,"column":60}},{"start":{"line":693,"column":64},"end":{"line":693,"column":83}}]},"84":{"loc":{"start":{"line":693,"column":13},"end":{"line":693,"column":51}},"type":"cond-expr","locations":[{"start":{"line":693,"column":32},"end":{"line":693,"column":34}},{"start":{"line":693,"column":32},"end":{"line":693,"column":51}}]},"85":{"loc":{"start":{"line":693,"column":13},"end":{"line":693,"column":34}},"type":"binary-expr","locations":[{"start":{"line":693,"column":13},"end":{"line":693,"column":34}},{"start":{"line":693,"column":32},"end":{"line":693,"column":34}}]},"86":{"loc":{"start":{"line":695,"column":4},"end":{"line":719,"column":5}},"type":"if","locations":[{"start":{"line":695,"column":4},"end":{"line":719,"column":5}},{"start":{"line":697,"column":11},"end":{"line":719,"column":5}}]},"87":{"loc":{"start":{"line":699,"column":15},"end":{"line":699,"column":97}},"type":"binary-expr","locations":[{"start":{"line":699,"column":15},"end":{"line":699,"column":40}},{"start":{"line":699,"column":44},"end":{"line":699,"column":61}},{"start":{"line":699,"column":65},"end":{"line":699,"column":83}},{"start":{"line":699,"column":87},"end":{"line":699,"column":97}}]},"88":{"loc":{"start":{"line":701,"column":6},"end":{"line":703,"column":7}},"type":"if","locations":[{"start":{"line":701,"column":6},"end":{"line":703,"column":7}},{"start":{},"end":{}}]},"89":{"loc":{"start":{"line":706,"column":6},"end":{"line":718,"column":7}},"type":"if","locations":[{"start":{"line":706,"column":6},"end":{"line":718,"column":7}},{"start":{},"end":{}}]},"90":{"loc":{"start":{"line":708,"column":8},"end":{"line":717,"column":9}},"type":"if","locations":[{"start":{"line":708,"column":8},"end":{"line":717,"column":9}},{"start":{},"end":{}}]},"91":{"loc":{"start":{"line":708,"column":12},"end":{"line":708,"column":53}},"type":"binary-expr","locations":[{"start":{"line":708,"column":12},"end":{"line":708,"column":18}},{"start":{"line":708,"column":22},"end":{"line":708,"column":53}}]},"92":{"loc":{"start":{"line":710,"column":19},"end":{"line":710,"column":57}},"type":"cond-expr","locations":[{"start":{"line":710,"column":38},"end":{"line":710,"column":40}},{"start":{"line":710,"column":38},"end":{"line":710,"column":57}}]},"93":{"loc":{"start":{"line":710,"column":19},"end":{"line":710,"column":40}},"type":"binary-expr","locations":[{"start":{"line":710,"column":19},"end":{"line":710,"column":40}},{"start":{"line":710,"column":38},"end":{"line":710,"column":40}}]},"94":{"loc":{"start":{"line":712,"column":10},"end":{"line":716,"column":11}},"type":"if","locations":[{"start":{"line":712,"column":10},"end":{"line":716,"column":11}},{"start":{},"end":{}}]},"95":{"loc":{"start":{"line":712,"column":14},"end":{"line":712,"column":64}},"type":"binary-expr","locations":[{"start":{"line":712,"column":14},"end":{"line":712,"column":22}},{"start":{"line":712,"column":26},"end":{"line":712,"column":64}}]}},"s":{"0":1,"1":1,"2":1,"3":1,"4":1,"5":1,"6":1,"7":1,"8":1,"9":0,"10":0,"11":0,"12":0,"13":0,"14":0,"15":0,"16":0,"17":0,"18":0,"19":1,"20":0,"21":0,"22":0,"23":0,"24":0,"25":0,"26":0,"27":8,"28":8,"29":2,"30":6,"31":6,"32":6,"33":0,"34":0,"35":0,"36":8,"37":8,"38":8,"39":8,"40":0,"41":0,"42":0,"43":0,"44":0,"45":0,"46":3,"47":3,"48":0,"49":3,"50":3,"51":3,"52":3,"53":18,"54":3,"55":5,"56":3,"57":3,"58":5,"59":5,"60":4,"61":3,"62":6,"63":3,"64":3,"65":3,"66":3,"67":3,"68":3,"69":18,"70":3,"71":18,"72":3,"73":18,"74":3,"75":18,"76":3,"77":18,"78":3,"79":0,"80":3,"81":1,"82":3,"83":3,"84":2,"85":2,"86":2,"87":1,"88":1,"89":1,"90":1,"91":1,"92":3,"93":3,"94":3,"95":3,"96":3,"97":3,"98":3,"99":1,"100":1,"101":2,"102":2,"103":2,"104":2,"105":2,"106":2,"107":1,"108":1,"109":1,"110":1,"111":1,"112":1,"113":3,"114":3,"115":3,"116":3,"117":3,"118":3,"119":3,"120":9,"121":9,"122":6,"123":6,"124":3,"125":3,"126":3,"127":3,"128":0,"129":0,"130":0,"131":3,"132":3,"133":3,"134":3,"135":3,"136":3,"137":3,"138":3,"139":9,"140":9,"141":3,"142":3,"143":6,"144":6,"145":6,"146":6,"147":6,"148":6,"149":3,"150":3,"151":3,"152":3,"153":3,"154":3,"155":3,"156":3,"157":3,"158":3,"159":3,"160":3,"161":3,"162":3,"163":3,"164":3,"165":3,"166":3,"167":9,"168":9,"169":9,"170":3,"171":18,"172":18,"173":6,"174":12,"175":12,"176":6,"177":6,"178":6,"179":3,"180":3,"181":0,"182":0,"183":0,"184":0,"185":0,"186":0,"187":0,"188":0,"189":0,"190":0,"191":0,"192":1,"193":1,"194":1,"195":1,"196":1,"197":5,"198":1,"199":0,"200":1,"201":1,"202":1,"203":6,"204":6,"205":0,"206":6,"207":1,"208":1,"209":5,"210":5,"211":4,"212":0,"213":4,"214":1,"215":1,"216":6,"217":1,"218":1,"219":1,"220":0,"221":1,"222":6,"223":1,"224":2,"225":1,"226":0,"227":1,"228":6,"229":1,"230":2,"231":1,"232":0,"233":1,"234":3,"235":1,"236":0,"237":1,"238":6,"239":3,"240":12,"241":3,"242":0,"243":3,"244":15,"245":3,"246":0,"247":3,"248":2,"249":11,"250":2,"251":1,"252":2,"253":1,"254":0,"255":1},"f":{"0":0,"1":0,"2":0,"3":0,"4":0,"5":0,"6":0,"7":0,"8":0,"9":8,"10":8,"11":8,"12":3,"13":0,"14":0,"15":18,"16":5,"17":6,"18":18,"19":18,"20":18,"21":18,"22":18,"23":1,"24":1,"25":5,"26":6,"27":1,"28":6,"29":2,"30":6,"31":2,"32":3,"33":6,"34":12,"35":15,"36":11,"37":2},"b":{"0":[0,0],"1":[0,0],"2":[0,0],"3":[0,0],"4":[0,0],"5":[0,0],"6":[0,0],"7":[2,6],"8":[8,2],"9":[6,0],"10":[6,0],"11":[6,0],"12":[0,0],"13":[0,0],"14":[0,0],"15":[8,0],"16":[8,0],"17":[0],"18":[3],"19":[0,5],"20":[5,5],"21":[4,1],"22":[0,0],"23":[1,0],"24":[2,1],"25":[1,1],"26":[1,1],"27":[1,2],"28":[2,0],"29":[2,2],"30":[2,0],"31":[2,2],"32":[2,0],"33":[2,2],"34":[1,1],"35":[6,3],"36":[3,3],"37":[6,3],"38":[3,0],"39":[0,0],"40":[0,3],"41":[3,0],"42":[3,0],"43":[3,0],"44":[3,0],"45":[3,0],"46":[3,6],"47":[6,0],"48":[6,2],"49":[6,6],"50":[6,6],"51":[6,6],"52":[6,6],"53":[3,3],"54":[3,0],"55":[3,0],"56":[3,0],"57":[3,0],"58":[9,0],"59":[9,0],"60":[6,12],"61":[6,6],"62":[0,0],"63":[0,0],"64":[0,0],"65":[5,4],"66":[0,1],"67":[0,6],"68":[0,5],"69":[5,5],"70":[4,1],"71":[0,4],"72":[1,0],"73":[1,1,1],"74":[0,1],"75":[2,2,1],"76":[0,1],"77":[2,1],"78":[0,2],"79":[2,2],"80":[0,1],"81":[3,1,1,1],"82":[0,1],"83":[12,3],"84":[0,12],"85":[12,12],"86":[0,3],"87":[15,3,3,3],"88":[0,3],"89":[2,1],"90":[1,1],"91":[2,1],"92":[0,2],"93":[2,2],"94":[0,1],"95":[1,1]}}
,"C:\\Users\\Usuario1\\FRCB\\CreditoNegocios-Main\\CreditoNegocios\\server\\db.ts": {"path":"C:\\Users\\Usuario1\\FRCB\\CreditoNegocios-Main\\CreditoNegocios\\server\\db.ts","statementMap":{"0":{"start":{"line":1,"column":0},"end":{"line":1,"column":26}},"1":{"start":{"line":2,"column":0},"end":{"line":2,"column":49}},"2":{"start":{"line":3,"column":0},"end":{"line":3,"column":52}},"3":{"start":{"line":4,"column":0},"end":{"line":4,"column":43}},"4":{"start":{"line":7,"column":0},"end":{"line":7,"column":35}},"5":{"start":{"line":9,"column":25},"end":{"line":9,"column":101}},"6":{"start":{"line":11,"column":2},"end":{"line":11,"column":87}},"7":{"start":{"line":13,"column":0},"end":{"line":17,"column":1}},"8":{"start":{"line":14,"column":2},"end":{"line":16,"column":4}},"9":{"start":{"line":19,"column":13},"end":{"line":19,"column":51}},"10":{"start":{"line":20,"column":13},"end":{"line":20,"column":52}}},"fnMap":{},"branchMap":{"0":{"loc":{"start":{"line":9,"column":25},"end":{"line":9,"column":101}},"type":"binary-expr","locations":[{"start":{"line":9,"column":25},"end":{"line":9,"column":66}},{"start":{"line":9,"column":70},"end":{"line":9,"column":101}}]},"1":{"loc":{"start":{"line":11,"column":2},"end":{"line":11,"column":87}},"type":"cond-expr","locations":[{"start":{"line":11,"column":26},"end":{"line":11,"column":30}},{"start":{"line":11,"column":30},"end":{"line":11,"column":87}}]},"2":{"loc":{"start":{"line":11,"column":2},"end":{"line":11,"column":30}},"type":"binary-expr","locations":[{"start":{"line":11,"column":2},"end":{"line":11,"column":30}},{"start":{"line":11,"column":26},"end":{"line":11,"column":30}}]},"3":{"loc":{"start":{"line":13,"column":0},"end":{"line":17,"column":1}},"type":"if","locations":[{"start":{"line":13,"column":0},"end":{"line":17,"column":1}},{"start":{},"end":{}}]},"4":{"loc":{"start":{"line":13,"column":4},"end":{"line":13,"column":50}},"type":"binary-expr","locations":[{"start":{"line":13,"column":4},"end":{"line":13,"column":29}},{"start":{"line":13,"column":33},"end":{"line":13,"column":50}}]}},"s":{"0":4,"1":4,"2":4,"3":4,"4":4,"5":4,"6":4,"7":4,"8":0,"9":4,"10":4},"f":{},"b":{"0":[4,4],"1":[0,4],"2":[4,4],"3":[0,4],"4":[4,4]}}
,"C:\\Users\\Usuario1\\FRCB\\CreditoNegocios-Main\\CreditoNegocios\\server\\dbStorage.ts": {"path":"C:\\Users\\Usuario1\\FRCB\\CreditoNegocios-Main\\CreditoNegocios\\server\\dbStorage.ts","statementMap":{"0":{"start":{"line":1,"column":0},"end":{"line":1,"column":32}},"1":{"start":{"line":2,"column":0},"end":{"line":2,"column":null}},"2":{"start":{"line":31,"column":0},"end":{"line":31,"column":73}},"3":{"start":{"line":33,"column":0},"end":{"line":33,"column":36}},"4":{"start":{"line":40,"column":4},"end":{"line":40,"column":33}},"5":{"start":{"line":44,"column":4},"end":{"line":58,"column":5}},"6":{"start":{"line":46,"column":32},"end":{"line":46,"column":64}},"7":{"start":{"line":47,"column":6},"end":{"line":49,"column":7}},"8":{"start":{"line":48,"column":8},"end":{"line":48,"column":42}},"9":{"start":{"line":51,"column":35},"end":{"line":51,"column":72}},"10":{"start":{"line":52,"column":6},"end":{"line":54,"column":7}},"11":{"start":{"line":53,"column":8},"end":{"line":53,"column":45}},"12":{"start":{"line":56,"column":6},"end":{"line":56,"column":98}},"13":{"start":{"line":62,"column":29},"end":{"line":91,"column":6}},"14":{"start":{"line":93,"column":4},"end":{"line":95,"column":5}},"15":{"start":{"line":94,"column":6},"end":{"line":94,"column":74}},"16":{"start":{"line":99,"column":25},"end":{"line":130,"column":6}},"17":{"start":{"line":132,"column":4},"end":{"line":134,"column":5}},"18":{"start":{"line":133,"column":6},"end":{"line":133,"column":87}},"19":{"start":{"line":139,"column":22},"end":{"line":142,"column":18}},"20":{"start":{"line":143,"column":4},"end":{"line":143,"column":19}},"21":{"start":{"line":148,"column":19},"end":{"line":152,"column":15}},"22":{"start":{"line":153,"column":4},"end":{"line":153,"column":21}},"23":{"start":{"line":157,"column":4},"end":{"line":160,"column":57}},"24":{"start":{"line":165,"column":4},"end":{"line":196,"column":14}},"25":{"start":{"line":200,"column":4},"end":{"line":205,"column":5}},"26":{"start":{"line":201,"column":21},"end":{"line":201,"column":83}},"27":{"start":{"line":202,"column":6},"end":{"line":202,"column":56}},"28":{"start":{"line":202,"column":39},"end":{"line":202,"column":56}},"29":{"start":{"line":204,"column":6},"end":{"line":204,"column":103}},"30":{"start":{"line":206,"column":4},"end":{"line":213,"column":5}},"31":{"start":{"line":207,"column":18},"end":{"line":207,"column":92}},"32":{"start":{"line":208,"column":6},"end":{"line":210,"column":7}},"33":{"start":{"line":209,"column":8},"end":{"line":209,"column":44}},"34":{"start":{"line":212,"column":6},"end":{"line":212,"column":91}},"35":{"start":{"line":214,"column":4},"end":{"line":214,"column":21}},"36":{"start":{"line":218,"column":28},"end":{"line":218,"column":54}},"37":{"start":{"line":219,"column":4},"end":{"line":224,"column":5}},"38":{"start":{"line":220,"column":21},"end":{"line":220,"column":114}},"39":{"start":{"line":221,"column":6},"end":{"line":221,"column":56}},"40":{"start":{"line":221,"column":39},"end":{"line":221,"column":56}},"41":{"start":{"line":223,"column":6},"end":{"line":223,"column":106}},"42":{"start":{"line":225,"column":4},"end":{"line":235,"column":5}},"43":{"start":{"line":226,"column":18},"end":{"line":228,"column":null}},"44":{"start":{"line":230,"column":6},"end":{"line":232,"column":7}},"45":{"start":{"line":231,"column":8},"end":{"line":231,"column":44}},"46":{"start":{"line":234,"column":6},"end":{"line":234,"column":94}},"47":{"start":{"line":236,"column":4},"end":{"line":236,"column":21}},"48":{"start":{"line":240,"column":4},"end":{"line":248,"column":5}},"49":{"start":{"line":241,"column":6},"end":{"line":244,"column":39}},"50":{"start":{"line":246,"column":6},"end":{"line":246,"column":56}},"51":{"start":{"line":247,"column":6},"end":{"line":247,"column":16}},"52":{"start":{"line":252,"column":4},"end":{"line":266,"column":5}},"53":{"start":{"line":253,"column":24},"end":{"line":261,"column":20}},"54":{"start":{"line":262,"column":6},"end":{"line":262,"column":21}},"55":{"start":{"line":264,"column":6},"end":{"line":264,"column":51}},"56":{"start":{"line":265,"column":6},"end":{"line":265,"column":18}},"57":{"start":{"line":270,"column":4},"end":{"line":302,"column":5}},"58":{"start":{"line":272,"column":31},"end":{"line":272,"column":58}},"59":{"start":{"line":273,"column":34},"end":{"line":273,"column":96}},"60":{"start":{"line":275,"column":6},"end":{"line":298,"column":7}},"61":{"start":{"line":277,"column":26},"end":{"line":281,"column":22}},"62":{"start":{"line":282,"column":8},"end":{"line":282,"column":23}},"63":{"start":{"line":283,"column":13},"end":{"line":298,"column":7}},"64":{"start":{"line":285,"column":26},"end":{"line":289,"column":22}},"65":{"start":{"line":290,"column":8},"end":{"line":290,"column":23}},"66":{"start":{"line":293,"column":26},"end":{"line":296,"column":22}},"67":{"start":{"line":297,"column":8},"end":{"line":297,"column":23}},"68":{"start":{"line":300,"column":6},"end":{"line":300,"column":52}},"69":{"start":{"line":301,"column":6},"end":{"line":301,"column":18}},"70":{"start":{"line":315,"column":4},"end":{"line":335,"column":5}},"71":{"start":{"line":316,"column":24},"end":{"line":330,"column":20}},"72":{"start":{"line":331,"column":6},"end":{"line":331,"column":21}},"73":{"start":{"line":333,"column":6},"end":{"line":333,"column":57}},"74":{"start":{"line":334,"column":6},"end":{"line":334,"column":18}},"75":{"start":{"line":339,"column":4},"end":{"line":374,"column":5}},"76":{"start":{"line":341,"column":27},"end":{"line":341,"column":49}},"77":{"start":{"line":342,"column":6},"end":{"line":342,"column":42}},"78":{"start":{"line":342,"column":25},"end":{"line":342,"column":42}},"79":{"start":{"line":345,"column":31},"end":{"line":345,"column":158}},"80":{"start":{"line":346,"column":34},"end":{"line":346,"column":156}},"81":{"start":{"line":347,"column":32},"end":{"line":359,"column":26}},"82":{"start":{"line":361,"column":24},"end":{"line":369,"column":20}},"83":{"start":{"line":370,"column":6},"end":{"line":370,"column":21}},"84":{"start":{"line":372,"column":6},"end":{"line":372,"column":51}},"85":{"start":{"line":373,"column":6},"end":{"line":373,"column":23}},"86":{"start":{"line":378,"column":4},"end":{"line":387,"column":5}},"87":{"start":{"line":379,"column":6},"end":{"line":383,"column":60}},"88":{"start":{"line":385,"column":6},"end":{"line":385,"column":69}},"89":{"start":{"line":386,"column":6},"end":{"line":386,"column":16}},"90":{"start":{"line":391,"column":4},"end":{"line":403,"column":5}},"91":{"start":{"line":392,"column":6},"end":{"line":399,"column":37}},"92":{"start":{"line":401,"column":6},"end":{"line":401,"column":66}},"93":{"start":{"line":402,"column":6},"end":{"line":402,"column":18}},"94":{"start":{"line":407,"column":4},"end":{"line":416,"column":5}},"95":{"start":{"line":408,"column":21},"end":{"line":411,"column":43}},"96":{"start":{"line":412,"column":6},"end":{"line":412,"column":18}},"97":{"start":{"line":414,"column":6},"end":{"line":414,"column":65}},"98":{"start":{"line":415,"column":6},"end":{"line":415,"column":23}},"99":{"start":{"line":420,"column":4},"end":{"line":432,"column":5}},"100":{"start":{"line":421,"column":6},"end":{"line":428,"column":37}},"101":{"start":{"line":430,"column":6},"end":{"line":430,"column":67}},"102":{"start":{"line":431,"column":6},"end":{"line":431,"column":18}},"103":{"start":{"line":436,"column":4},"end":{"line":447,"column":5}},"104":{"start":{"line":437,"column":6},"end":{"line":443,"column":37}},"105":{"start":{"line":445,"column":6},"end":{"line":445,"column":60}},"106":{"start":{"line":446,"column":6},"end":{"line":446,"column":18}},"107":{"start":{"line":452,"column":4},"end":{"line":460,"column":5}},"108":{"start":{"line":453,"column":6},"end":{"line":456,"column":52}},"109":{"start":{"line":458,"column":6},"end":{"line":458,"column":64}},"110":{"start":{"line":459,"column":6},"end":{"line":459,"column":16}},"111":{"start":{"line":464,"column":4},"end":{"line":470,"column":5}},"112":{"start":{"line":465,"column":21},"end":{"line":465,"column":105}},"113":{"start":{"line":466,"column":6},"end":{"line":466,"column":23}},"114":{"start":{"line":468,"column":6},"end":{"line":468,"column":63}},"115":{"start":{"line":469,"column":6},"end":{"line":469,"column":23}},"116":{"start":{"line":474,"column":4},"end":{"line":480,"column":5}},"117":{"start":{"line":475,"column":21},"end":{"line":475,"column":109}},"118":{"start":{"line":476,"column":6},"end":{"line":476,"column":23}},"119":{"start":{"line":478,"column":6},"end":{"line":478,"column":71}},"120":{"start":{"line":479,"column":6},"end":{"line":479,"column":23}},"121":{"start":{"line":484,"column":4},"end":{"line":496,"column":5}},"122":{"start":{"line":485,"column":6},"end":{"line":487,"column":7}},"123":{"start":{"line":486,"column":8},"end":{"line":486,"column":18}},"124":{"start":{"line":488,"column":6},"end":{"line":492,"column":52}},"125":{"start":{"line":494,"column":6},"end":{"line":494,"column":71}},"126":{"start":{"line":495,"column":6},"end":{"line":495,"column":16}},"127":{"start":{"line":500,"column":4},"end":{"line":514,"column":5}},"128":{"start":{"line":501,"column":24},"end":{"line":509,"column":20}},"129":{"start":{"line":510,"column":6},"end":{"line":510,"column":21}},"130":{"start":{"line":512,"column":6},"end":{"line":512,"column":63}},"131":{"start":{"line":513,"column":6},"end":{"line":513,"column":18}},"132":{"start":{"line":518,"column":4},"end":{"line":528,"column":5}},"133":{"start":{"line":519,"column":24},"end":{"line":523,"column":20}},"134":{"start":{"line":524,"column":6},"end":{"line":524,"column":21}},"135":{"start":{"line":526,"column":6},"end":{"line":526,"column":63}},"136":{"start":{"line":527,"column":6},"end":{"line":527,"column":23}},"137":{"start":{"line":532,"column":4},"end":{"line":538,"column":5}},"138":{"start":{"line":533,"column":21},"end":{"line":533,"column":89}},"139":{"start":{"line":534,"column":6},"end":{"line":534,"column":40}},"140":{"start":{"line":536,"column":6},"end":{"line":536,"column":63}},"141":{"start":{"line":537,"column":6},"end":{"line":537,"column":19}},"142":{"start":{"line":543,"column":4},"end":{"line":551,"column":5}},"143":{"start":{"line":544,"column":6},"end":{"line":547,"column":51}},"144":{"start":{"line":549,"column":6},"end":{"line":549,"column":64}},"145":{"start":{"line":550,"column":6},"end":{"line":550,"column":16}},"146":{"start":{"line":555,"column":4},"end":{"line":561,"column":5}},"147":{"start":{"line":556,"column":21},"end":{"line":556,"column":105}},"148":{"start":{"line":557,"column":6},"end":{"line":557,"column":23}},"149":{"start":{"line":559,"column":6},"end":{"line":559,"column":63}},"150":{"start":{"line":560,"column":6},"end":{"line":560,"column":23}},"151":{"start":{"line":565,"column":4},"end":{"line":579,"column":5}},"152":{"start":{"line":566,"column":24},"end":{"line":574,"column":20}},"153":{"start":{"line":575,"column":6},"end":{"line":575,"column":21}},"154":{"start":{"line":577,"column":6},"end":{"line":577,"column":63}},"155":{"start":{"line":578,"column":6},"end":{"line":578,"column":18}},"156":{"start":{"line":583,"column":4},"end":{"line":593,"column":5}},"157":{"start":{"line":584,"column":24},"end":{"line":588,"column":20}},"158":{"start":{"line":589,"column":6},"end":{"line":589,"column":21}},"159":{"start":{"line":591,"column":6},"end":{"line":591,"column":63}},"160":{"start":{"line":592,"column":6},"end":{"line":592,"column":23}},"161":{"start":{"line":597,"column":4},"end":{"line":603,"column":5}},"162":{"start":{"line":598,"column":21},"end":{"line":598,"column":89}},"163":{"start":{"line":599,"column":6},"end":{"line":599,"column":40}},"164":{"start":{"line":601,"column":6},"end":{"line":601,"column":63}},"165":{"start":{"line":602,"column":6},"end":{"line":602,"column":19}},"166":{"start":{"line":608,"column":4},"end":{"line":646,"column":5}},"167":{"start":{"line":609,"column":25},"end":{"line":609,"column":27}},"168":{"start":{"line":610,"column":6},"end":{"line":612,"column":7}},"169":{"start":{"line":611,"column":8},"end":{"line":611,"column":78}},"170":{"start":{"line":614,"column":6},"end":{"line":642,"column":54}},"171":{"start":{"line":644,"column":6},"end":{"line":644,"column":67}},"172":{"start":{"line":645,"column":6},"end":{"line":645,"column":16}},"173":{"start":{"line":650,"column":4},"end":{"line":656,"column":5}},"174":{"start":{"line":651,"column":21},"end":{"line":651,"column":111}},"175":{"start":{"line":652,"column":6},"end":{"line":652,"column":23}},"176":{"start":{"line":654,"column":6},"end":{"line":654,"column":66}},"177":{"start":{"line":655,"column":6},"end":{"line":655,"column":23}},"178":{"start":{"line":660,"column":4},"end":{"line":669,"column":5}},"179":{"start":{"line":661,"column":6},"end":{"line":665,"column":54}},"180":{"start":{"line":667,"column":6},"end":{"line":667,"column":79}},"181":{"start":{"line":668,"column":6},"end":{"line":668,"column":16}},"182":{"start":{"line":673,"column":4},"end":{"line":724,"column":5}},"183":{"start":{"line":675,"column":28},"end":{"line":675,"column":61}},"184":{"start":{"line":677,"column":6},"end":{"line":706,"column":7}},"185":{"start":{"line":678,"column":8},"end":{"line":705,"column":9}},"186":{"start":{"line":680,"column":27},"end":{"line":680,"column":80}},"187":{"start":{"line":681,"column":10},"end":{"line":701,"column":11}},"188":{"start":{"line":683,"column":32},"end":{"line":683,"column":72}},"189":{"start":{"line":684,"column":12},"end":{"line":700,"column":13}},"190":{"start":{"line":685,"column":32},"end":{"line":685,"column":80}},"191":{"start":{"line":687,"column":14},"end":{"line":699,"column":18}},"192":{"start":{"line":687,"column":93},"end":{"line":699,"column":16}},"193":{"start":{"line":703,"column":10},"end":{"line":703,"column":76}},"194":{"start":{"line":708,"column":24},"end":{"line":719,"column":20}},"195":{"start":{"line":720,"column":6},"end":{"line":720,"column":21}},"196":{"start":{"line":722,"column":6},"end":{"line":722,"column":66}},"197":{"start":{"line":723,"column":6},"end":{"line":723,"column":18}},"198":{"start":{"line":728,"column":4},"end":{"line":738,"column":5}},"199":{"start":{"line":729,"column":24},"end":{"line":733,"column":20}},"200":{"start":{"line":734,"column":6},"end":{"line":734,"column":21}},"201":{"start":{"line":736,"column":6},"end":{"line":736,"column":66}},"202":{"start":{"line":737,"column":6},"end":{"line":737,"column":23}},"203":{"start":{"line":742,"column":4},"end":{"line":748,"column":5}},"204":{"start":{"line":743,"column":21},"end":{"line":743,"column":95}},"205":{"start":{"line":744,"column":6},"end":{"line":744,"column":40}},"206":{"start":{"line":746,"column":6},"end":{"line":746,"column":66}},"207":{"start":{"line":747,"column":6},"end":{"line":747,"column":19}},"208":{"start":{"line":753,"column":4},"end":{"line":769,"column":5}},"209":{"start":{"line":755,"column":18},"end":{"line":756,"column":49}},"210":{"start":{"line":758,"column":21},"end":{"line":758,"column":32}},"211":{"start":{"line":760,"column":6},"end":{"line":763,"column":7}},"212":{"start":{"line":762,"column":8},"end":{"line":762,"column":78}},"213":{"start":{"line":762,"column":34},"end":{"line":762,"column":76}},"214":{"start":{"line":765,"column":6},"end":{"line":765,"column":20}},"215":{"start":{"line":767,"column":6},"end":{"line":767,"column":69}},"216":{"start":{"line":768,"column":6},"end":{"line":768,"column":16}},"217":{"start":{"line":773,"column":4},"end":{"line":779,"column":5}},"218":{"start":{"line":774,"column":21},"end":{"line":774,"column":115}},"219":{"start":{"line":775,"column":6},"end":{"line":775,"column":23}},"220":{"start":{"line":777,"column":6},"end":{"line":777,"column":68}},"221":{"start":{"line":778,"column":6},"end":{"line":778,"column":23}},"222":{"start":{"line":783,"column":4},"end":{"line":811,"column":5}},"223":{"start":{"line":784,"column":24},"end":{"line":806,"column":20}},"224":{"start":{"line":807,"column":6},"end":{"line":807,"column":21}},"225":{"start":{"line":809,"column":6},"end":{"line":809,"column":68}},"226":{"start":{"line":810,"column":6},"end":{"line":810,"column":18}},"227":{"start":{"line":815,"column":4},"end":{"line":825,"column":5}},"228":{"start":{"line":816,"column":24},"end":{"line":820,"column":20}},"229":{"start":{"line":821,"column":6},"end":{"line":821,"column":21}},"230":{"start":{"line":823,"column":6},"end":{"line":823,"column":68}},"231":{"start":{"line":824,"column":6},"end":{"line":824,"column":23}},"232":{"start":{"line":829,"column":4},"end":{"line":845,"column":5}},"233":{"start":{"line":831,"column":6},"end":{"line":831,"column":115}},"234":{"start":{"line":832,"column":6},"end":{"line":832,"column":129}},"235":{"start":{"line":835,"column":6},"end":{"line":835,"column":109}},"236":{"start":{"line":836,"column":6},"end":{"line":836,"column":92}},"237":{"start":{"line":837,"column":6},"end":{"line":837,"column":70}},"238":{"start":{"line":840,"column":21},"end":{"line":840,"column":99}},"239":{"start":{"line":841,"column":6},"end":{"line":841,"column":40}},"240":{"start":{"line":843,"column":6},"end":{"line":843,"column":68}},"241":{"start":{"line":844,"column":6},"end":{"line":844,"column":19}},"242":{"start":{"line":851,"column":4},"end":{"line":878,"column":5}},"243":{"start":{"line":852,"column":6},"end":{"line":858,"column":7}},"244":{"start":{"line":853,"column":8},"end":{"line":857,"column":44}},"245":{"start":{"line":860,"column":25},"end":{"line":860,"column":27}},"246":{"start":{"line":861,"column":6},"end":{"line":865,"column":7}},"247":{"start":{"line":862,"column":8},"end":{"line":862,"column":70}},"248":{"start":{"line":863,"column":13},"end":{"line":865,"column":7}},"249":{"start":{"line":864,"column":8},"end":{"line":864,"column":64}},"250":{"start":{"line":866,"column":6},"end":{"line":868,"column":7}},"251":{"start":{"line":867,"column":8},"end":{"line":867,"column":64}},"252":{"start":{"line":870,"column":20},"end":{"line":872,"column":68}},"253":{"start":{"line":874,"column":6},"end":{"line":874,"column":25}},"254":{"start":{"line":876,"column":6},"end":{"line":876,"column":54}},"255":{"start":{"line":877,"column":6},"end":{"line":877,"column":16}},"256":{"start":{"line":882,"column":4},"end":{"line":888,"column":5}},"257":{"start":{"line":883,"column":21},"end":{"line":883,"column":87}},"258":{"start":{"line":884,"column":6},"end":{"line":884,"column":23}},"259":{"start":{"line":886,"column":6},"end":{"line":886,"column":53}},"260":{"start":{"line":887,"column":6},"end":{"line":887,"column":23}},"261":{"start":{"line":892,"column":4},"end":{"line":905,"column":5}},"262":{"start":{"line":893,"column":24},"end":{"line":900,"column":20}},"263":{"start":{"line":901,"column":6},"end":{"line":901,"column":21}},"264":{"start":{"line":903,"column":6},"end":{"line":903,"column":53}},"265":{"start":{"line":904,"column":6},"end":{"line":904,"column":18}},"266":{"start":{"line":909,"column":4},"end":{"line":919,"column":5}},"267":{"start":{"line":910,"column":24},"end":{"line":914,"column":20}},"268":{"start":{"line":915,"column":6},"end":{"line":915,"column":21}},"269":{"start":{"line":917,"column":6},"end":{"line":917,"column":53}},"270":{"start":{"line":918,"column":6},"end":{"line":918,"column":23}},"271":{"start":{"line":923,"column":4},"end":{"line":929,"column":5}},"272":{"start":{"line":924,"column":21},"end":{"line":924,"column":71}},"273":{"start":{"line":925,"column":6},"end":{"line":925,"column":42}},"274":{"start":{"line":927,"column":6},"end":{"line":927,"column":53}},"275":{"start":{"line":928,"column":6},"end":{"line":928,"column":19}},"276":{"start":{"line":934,"column":4},"end":{"line":947,"column":5}},"277":{"start":{"line":935,"column":24},"end":{"line":942,"column":20}},"278":{"start":{"line":943,"column":6},"end":{"line":943,"column":21}},"279":{"start":{"line":945,"column":6},"end":{"line":945,"column":68}},"280":{"start":{"line":946,"column":6},"end":{"line":946,"column":18}},"281":{"start":{"line":951,"column":4},"end":{"line":960,"column":5}},"282":{"start":{"line":952,"column":6},"end":{"line":956,"column":56}},"283":{"start":{"line":958,"column":6},"end":{"line":958,"column":70}},"284":{"start":{"line":959,"column":6},"end":{"line":959,"column":16}},"285":{"start":{"line":965,"column":4},"end":{"line":997,"column":5}},"286":{"start":{"line":966,"column":18},"end":{"line":966,"column":43}},"287":{"start":{"line":968,"column":6},"end":{"line":991,"column":7}},"288":{"start":{"line":969,"column":27},"end":{"line":969,"column":29}},"289":{"start":{"line":970,"column":8},"end":{"line":974,"column":9}},"290":{"start":{"line":971,"column":10},"end":{"line":971,"column":72}},"291":{"start":{"line":972,"column":15},"end":{"line":974,"column":9}},"292":{"start":{"line":973,"column":10},"end":{"line":973,"column":66}},"293":{"start":{"line":975,"column":8},"end":{"line":975,"column":86}},"294":{"start":{"line":975,"column":30},"end":{"line":975,"column":86}},"295":{"start":{"line":976,"column":8},"end":{"line":976,"column":86}},"296":{"start":{"line":976,"column":30},"end":{"line":976,"column":86}},"297":{"start":{"line":979,"column":35},"end":{"line":979,"column":102}},"298":{"start":{"line":980,"column":8},"end":{"line":982,"column":9}},"299":{"start":{"line":981,"column":10},"end":{"line":981,"column":75}},"300":{"start":{"line":985,"column":8},"end":{"line":985,"column":102}},"301":{"start":{"line":985,"column":26},"end":{"line":985,"column":102}},"302":{"start":{"line":986,"column":8},"end":{"line":986,"column":98}},"303":{"start":{"line":986,"column":24},"end":{"line":986,"column":98}},"304":{"start":{"line":988,"column":8},"end":{"line":990,"column":9}},"305":{"start":{"line":989,"column":10},"end":{"line":989,"column":57}},"306":{"start":{"line":993,"column":6},"end":{"line":993,"column":58}},"307":{"start":{"line":995,"column":6},"end":{"line":995,"column":54}},"308":{"start":{"line":996,"column":6},"end":{"line":996,"column":16}},"309":{"start":{"line":1001,"column":4},"end":{"line":1007,"column":5}},"310":{"start":{"line":1002,"column":21},"end":{"line":1002,"column":78}},"311":{"start":{"line":1003,"column":6},"end":{"line":1003,"column":23}},"312":{"start":{"line":1005,"column":6},"end":{"line":1005,"column":53}},"313":{"start":{"line":1006,"column":6},"end":{"line":1006,"column":23}},"314":{"start":{"line":1011,"column":4},"end":{"line":1024,"column":5}},"315":{"start":{"line":1012,"column":24},"end":{"line":1019,"column":20}},"316":{"start":{"line":1020,"column":6},"end":{"line":1020,"column":21}},"317":{"start":{"line":1022,"column":6},"end":{"line":1022,"column":53}},"318":{"start":{"line":1023,"column":6},"end":{"line":1023,"column":18}},"319":{"start":{"line":1028,"column":4},"end":{"line":1041,"column":5}},"320":{"start":{"line":1029,"column":24},"end":{"line":1036,"column":20}},"321":{"start":{"line":1037,"column":6},"end":{"line":1037,"column":21}},"322":{"start":{"line":1039,"column":6},"end":{"line":1039,"column":53}},"323":{"start":{"line":1040,"column":6},"end":{"line":1040,"column":23}},"324":{"start":{"line":1045,"column":4},"end":{"line":1054,"column":5}},"325":{"start":{"line":1046,"column":6},"end":{"line":1050,"column":42}},"326":{"start":{"line":1052,"column":6},"end":{"line":1052,"column":64}},"327":{"start":{"line":1053,"column":6},"end":{"line":1053,"column":16}},"328":{"start":{"line":1058,"column":4},"end":{"line":1075,"column":5}},"329":{"start":{"line":1059,"column":25},"end":{"line":1059,"column":35}},"330":{"start":{"line":1060,"column":6},"end":{"line":1060,"column":54}},"331":{"start":{"line":1062,"column":6},"end":{"line":1071,"column":39}},"332":{"start":{"line":1073,"column":6},"end":{"line":1073,"column":63}},"333":{"start":{"line":1074,"column":6},"end":{"line":1074,"column":16}},"334":{"start":{"line":1080,"column":4},"end":{"line":1080,"column":13}},"335":{"start":{"line":1085,"column":4},"end":{"line":1085,"column":18}},"336":{"start":{"line":1090,"column":4},"end":{"line":1096,"column":5}},"337":{"start":{"line":1091,"column":27},"end":{"line":1091,"column":92}},"338":{"start":{"line":1092,"column":6},"end":{"line":1092,"column":24}},"339":{"start":{"line":1094,"column":6},"end":{"line":1094,"column":63}},"340":{"start":{"line":1095,"column":6},"end":{"line":1095,"column":23}},"341":{"start":{"line":1112,"column":4},"end":{"line":1189,"column":5}},"342":{"start":{"line":1113,"column":22},"end":{"line":1115,"column":27}},"343":{"start":{"line":1117,"column":6},"end":{"line":1119,"column":7}},"344":{"start":{"line":1118,"column":8},"end":{"line":1118,"column":88}},"345":{"start":{"line":1121,"column":32},"end":{"line":1121,"column":34}},"346":{"start":{"line":1123,"column":6},"end":{"line":1125,"column":7}},"347":{"start":{"line":1124,"column":8},"end":{"line":1124,"column":68}},"348":{"start":{"line":1127,"column":6},"end":{"line":1129,"column":7}},"349":{"start":{"line":1128,"column":8},"end":{"line":1128,"column":68}},"350":{"start":{"line":1131,"column":6},"end":{"line":1133,"column":7}},"351":{"start":{"line":1132,"column":8},"end":{"line":1132,"column":74}},"352":{"start":{"line":1135,"column":6},"end":{"line":1137,"column":7}},"353":{"start":{"line":1136,"column":8},"end":{"line":1136,"column":80}},"354":{"start":{"line":1139,"column":6},"end":{"line":1159,"column":7}},"355":{"start":{"line":1140,"column":8},"end":{"line":1140,"column":68}},"356":{"start":{"line":1141,"column":13},"end":{"line":1159,"column":7}},"357":{"start":{"line":1142,"column":8},"end":{"line":1158,"column":9}},"358":{"start":{"line":1143,"column":33},"end":{"line":1143,"column":90}},"359":{"start":{"line":1144,"column":28},"end":{"line":1144,"column":88}},"360":{"start":{"line":1144,"column":58},"end":{"line":1144,"column":62}},"361":{"start":{"line":1145,"column":10},"end":{"line":1150,"column":12}},"362":{"start":{"line":1152,"column":10},"end":{"line":1157,"column":12}},"363":{"start":{"line":1161,"column":6},"end":{"line":1163,"column":7}},"364":{"start":{"line":1162,"column":8},"end":{"line":1162,"column":64}},"365":{"start":{"line":1165,"column":6},"end":{"line":1167,"column":7}},"366":{"start":{"line":1166,"column":8},"end":{"line":1166,"column":71}},"367":{"start":{"line":1169,"column":6},"end":{"line":1171,"column":7}},"368":{"start":{"line":1170,"column":8},"end":{"line":1170,"column":74}},"369":{"start":{"line":1173,"column":6},"end":{"line":1175,"column":7}},"370":{"start":{"line":1174,"column":8},"end":{"line":1174,"column":72}},"371":{"start":{"line":1177,"column":6},"end":{"line":1179,"column":7}},"372":{"start":{"line":1178,"column":8},"end":{"line":1178,"column":88}},"373":{"start":{"line":1181,"column":6},"end":{"line":1185,"column":46}},"374":{"start":{"line":1187,"column":6},"end":{"line":1187,"column":58}},"375":{"start":{"line":1188,"column":6},"end":{"line":1188,"column":16}},"376":{"start":{"line":1193,"column":4},"end":{"line":1199,"column":5}},"377":{"start":{"line":1194,"column":24},"end":{"line":1194,"column":87}},"378":{"start":{"line":1195,"column":6},"end":{"line":1195,"column":21}},"379":{"star
[...]
:451,"column":3}},"49":{"start":{"line":435,"column":50},"end":{"line":435,"column":60}},"50":{"start":{"line":436,"column":50},"end":{"line":436,"column":60}},"51":{"start":{"line":437,"column":50},"end":{"line":437,"column":60}},"52":{"start":{"line":438,"column":50},"end":{"line":438,"column":58}},"53":{"start":{"line":439,"column":54},"end":{"line":439,"column":62}},"54":{"start":{"line":449,"column":14},"end":{"line":451,"column":2}},"55":{"start":{"line":454,"column":13},"end":{"line":474,"column":3}},"56":{"start":{"line":471,"column":62},"end":{"line":471,"column":70}},"57":{"start":{"line":477,"column":13},"end":{"line":497,"column":3}},"58":{"start":{"line":479,"column":64},"end":{"line":479,"column":83}},"59":{"start":{"line":480,"column":70},"end":{"line":480,"column":94}},"60":{"start":{"line":494,"column":62},"end":{"line":494,"column":70}},"61":{"start":{"line":500,"column":13},"end":{"line":522,"column":3}},"62":{"start":{"line":502,"column":70},"end":{"line":502,"column":94}},"63":{"start":{"line":519,"column":62},"end":{"line":519,"column":70}},"64":{"start":{"line":525,"column":13},"end":{"line":555,"column":3}},"65":{"start":{"line":527,"column":66},"end":{"line":527,"column":74}},"66":{"start":{"line":531,"column":77},"end":{"line":531,"column":101}},"67":{"start":{"line":545,"column":54},"end":{"line":545,"column":62}},"68":{"start":{"line":550,"column":67},"end":{"line":550,"column":78}},"69":{"start":{"line":558,"column":13},"end":{"line":579,"column":3}},"70":{"start":{"line":576,"column":52},"end":{"line":576,"column":60}},"71":{"start":{"line":582,"column":13},"end":{"line":586,"column":3}},"72":{"start":{"line":588,"column":13},"end":{"line":592,"column":3}},"73":{"start":{"line":594,"column":13},"end":{"line":598,"column":3}},"74":{"start":{"line":600,"column":13},"end":{"line":604,"column":3}},"75":{"start":{"line":607,"column":13},"end":{"line":622,"column":3}},"76":{"start":{"line":609,"column":50},"end":{"line":609,"column":60}},"77":{"start":{"line":610,"column":60},"end":{"line":610,"column":70}},"78":{"start":{"line":611,"column":60},"end":{"line":611,"column":68}},"79":{"start":{"line":612,"column":52},"end":{"line":612,"column":60}},"80":{"start":{"line":613,"column":69},"end":{"line":613,"column":88}},"81":{"start":{"line":620,"column":14},"end":{"line":622,"column":2}},"82":{"start":{"line":624,"column":13},"end":{"line":646,"column":3}},"83":{"start":{"line":626,"column":62},"end":{"line":626,"column":89}},"84":{"start":{"line":627,"column":89},"end":{"line":627,"column":113}},"85":{"start":{"line":631,"column":54},"end":{"line":631,"column":62}},"86":{"start":{"line":643,"column":50},"end":{"line":643,"column":60}},"87":{"start":{"line":648,"column":13},"end":{"line":652,"column":3}},"88":{"start":{"line":654,"column":13},"end":{"line":658,"column":3}},"89":{"start":{"line":660,"column":13},"end":{"line":664,"column":3}},"90":{"start":{"line":666,"column":13},"end":{"line":670,"column":3}},"91":{"start":{"line":672,"column":13},"end":{"line":675,"column":3}},"92":{"start":{"line":677,"column":13},"end":{"line":680,"column":3}},"93":{"start":{"line":682,"column":13},"end":{"line":685,"column":3}},"94":{"start":{"line":688,"column":13},"end":{"line":695,"column":3}},"95":{"start":{"line":698,"column":13},"end":{"line":700,"column":3}},"96":{"start":{"line":703,"column":13},"end":{"line":717,"column":11}},"97":{"start":{"line":721,"column":13},"end":{"line":729,"column":11}},"98":{"start":{"line":733,"column":13},"end":{"line":739,"column":11}},"99":{"start":{"line":743,"column":13},"end":{"line":747,"column":3}},"100":{"start":{"line":752,"column":13},"end":{"line":762,"column":3}},"101":{"start":{"line":766,"column":13},"end":{"line":771,"column":3}},"102":{"start":{"line":776,"column":13},"end":{"line":790,"column":3}},"103":{"start":{"line":778,"column":60},"end":{"line":778,"column":68}},"104":{"start":{"line":786,"column":54},"end":{"line":786,"column":62}},"105":{"start":{"line":793,"column":13},"end":{"line":804,"column":3}},"106":{"start":{"line":795,"column":60},"end":{"line":795,"column":70}},"107":{"start":{"line":807,"column":13},"end":{"line":813,"column":11}},"108":{"start":{"line":816,"column":13},"end":{"line":823,"column":11}},"109":{"start":{"line":826,"column":13},"end":{"line":834,"column":11}},"110":{"start":{"line":837,"column":13},"end":{"line":858,"column":3}},"111":{"start":{"line":852,"column":52},"end":{"line":852,"column":60}},"112":{"start":{"line":855,"column":14},"end":{"line":858,"column":2}},"113":{"start":{"line":860,"column":13},"end":{"line":874,"column":3}},"114":{"start":{"line":862,"column":67},"end":{"line":862,"column":80}},"115":{"start":{"line":863,"column":56},"end":{"line":863,"column":64}},"116":{"start":{"line":864,"column":50},"end":{"line":864,"column":60}},"117":{"start":{"line":871,"column":14},"end":{"line":874,"column":2}},"118":{"start":{"line":877,"column":13},"end":{"line":881,"column":3}},"119":{"start":{"line":884,"column":13},"end":{"line":888,"column":3}},"120":{"start":{"line":890,"column":13},"end":{"line":896,"column":3}},"121":{"start":{"line":899,"column":13},"end":{"line":903,"column":3}},"122":{"start":{"line":905,"column":13},"end":{"line":909,"column":3}},"123":{"start":{"line":911,"column":13},"end":{"line":915,"column":3}},"124":{"start":{"line":917,"column":13},"end":{"line":921,"column":3}},"125":{"start":{"line":923,"column":13},"end":{"line":928,"column":3}},"126":{"start":{"line":930,"column":13},"end":{"line":938,"column":3}},"127":{"start":{"line":1010,"column":13},"end":{"line":1025,"column":3}},"128":{"start":{"line":1016,"column":87},"end":{"line":1016,"column":109}},"129":{"start":{"line":1019,"column":65},"end":{"line":1019,"column":74}},"130":{"start":{"line":1027,"column":13},"end":{"line":1031,"column":3}},"131":{"start":{"line":1033,"column":13},"end":{"line":1035,"column":3}},"132":{"start":{"line":1034,"column":67},"end":{"line":1034,"column":89}},"133":{"start":{"line":1037,"column":13},"end":{"line":1039,"column":3}},"134":{"start":{"line":1038,"column":67},"end":{"line":1038,"column":89}},"135":{"start":{"line":1041,"column":13},"end":{"line":1045,"column":3}}},"fnMap":{"0":{"name":"(anonymous_0)","decl":{"start":{"line":26,"column":2},"end":{"line":26,"column":3}},"loc":{"start":{"line":26,"column":13},"end":{"line":26,"column":59}}},"1":{"name":"(anonymous_1)","decl":{"start":{"line":100,"column":54},"end":{"line":100,"column":57}},"loc":{"start":{"line":100,"column":60},"end":{"line":100,"column":70}}},"2":{"name":"(anonymous_2)","decl":{"start":{"line":101,"column":50},"end":{"line":101,"column":53}},"loc":{"start":{"line":101,"column":56},"end":{"line":101,"column":64}}},"3":{"name":"(anonymous_3)","decl":{"start":{"line":107,"column":3},"end":{"line":107,"column":4}},"loc":{"start":{"line":107,"column":14},"end":{"line":111,"column":2}}},"4":{"name":"(anonymous_4)","decl":{"start":{"line":140,"column":44},"end":{"line":140,"column":47}},"loc":{"start":{"line":140,"column":50},"end":{"line":140,"column":60}}},"5":{"name":"(anonymous_5)","decl":{"start":{"line":141,"column":54},"end":{"line":141,"column":57}},"loc":{"start":{"line":141,"column":60},"end":{"line":141,"column":68}}},"6":{"name":"(anonymous_6)","decl":{"start":{"line":142,"column":46},"end":{"line":142,"column":49}},"loc":{"start":{"line":142,"column":52},"end":{"line":142,"column":60}}},"7":{"name":"(anonymous_7)","decl":{"start":{"line":247,"column":3},"end":{"line":247,"column":4}},"loc":{"start":{"line":247,"column":14},"end":{"line":250,"column":2}}},"8":{"name":"(anonymous_8)","decl":{"start":{"line":255,"column":54},"end":{"line":255,"column":57}},"loc":{"start":{"line":255,"column":60},"end":{"line":255,"column":70}}},"9":{"name":"(anonymous_9)","decl":{"start":{"line":257,"column":57},"end":{"line":257,"column":60}},"loc":{"start":{"line":257,"column":63},"end":{"line":257,"column":73}}},"10":{"name":"(anonymous_10)","decl":{"start":{"line":310,"column":46},"end":{"line":310,"column":49}},"loc":{"start":{"line":310,"column":52},"end":{"line":310,"column":60}}},"11":{"name":"(anonymous_11)","decl":{"start":{"line":323,"column":44},"end":{"line":323,"column":47}},"loc":{"start":{"line":323,"column":50},"end":{"line":323,"column":60}}},"12":{"name":"(anonymous_12)","decl":{"start":{"line":324,"column":54},"end":{"line":324,"column":57}},"loc":{"start":{"line":324,"column":60},"end":{"line":324,"column":70}}},"13":{"name":"(anonymous_13)","decl":{"start":{"line":325,"column":54},"end":{"line":325,"column":57}},"loc":{"start":{"line":325,"column":60},"end":{"line":325,"column":68}}},"14":{"name":"(anonymous_14)","decl":{"start":{"line":326,"column":46},"end":{"line":326,"column":49}},"loc":{"start":{"line":326,"column":52},"end":{"line":326,"column":60}}},"15":{"name":"(anonymous_15)","decl":{"start":{"line":327,"column":73},"end":{"line":327,"column":76}},"loc":{"start":{"line":327,"column":79},"end":{"line":327,"column":103}}},"16":{"name":"(anonymous_16)","decl":{"start":{"line":328,"column":63},"end":{"line":328,"column":66}},"loc":{"start":{"line":328,"column":69},"end":{"line":328,"column":88}}},"17":{"name":"(anonymous_17)","decl":{"start":{"line":329,"column":65},"end":{"line":329,"column":68}},"loc":{"start":{"line":329,"column":71},"end":{"line":329,"column":98}}},"18":{"name":"(anonymous_18)","decl":{"start":{"line":350,"column":3},"end":{"line":350,"column":4}},"loc":{"start":{"line":350,"column":14},"end":{"line":354,"column":2}}},"19":{"name":"(anonymous_19)","decl":{"start":{"line":370,"column":44},"end":{"line":370,"column":47}},"loc":{"start":{"line":370,"column":50},"end":{"line":370,"column":60}}},"20":{"name":"(anonymous_20)","decl":{"start":{"line":371,"column":54},"end":{"line":371,"column":57}},"loc":{"start":{"line":371,"column":60},"end":{"line":371,"column":70}}},"21":{"name":"(anonymous_21)","decl":{"start":{"line":372,"column":54},"end":{"line":372,"column":57}},"loc":{"start":{"line":372,"column":60},"end":{"line":372,"column":68}}},"22":{"name":"(anonymous_22)","decl":{"start":{"line":373,"column":57},"end":{"line":373,"column":60}},"loc":{"start":{"line":373,"column":63},"end":{"line":373,"column":71}}},"23":{"name":"(anonymous_23)","decl":{"start":{"line":382,"column":48},"end":{"line":382,"column":51}},"loc":{"start":{"line":382,"column":54},"end":{"line":382,"column":62}}},"24":{"name":"(anonymous_24)","decl":{"start":{"line":384,"column":40},"end":{"line":384,"column":43}},"loc":{"start":{"line":384,"column":46},"end":{"line":384,"column":54}}},"25":{"name":"(anonymous_25)","decl":{"start":{"line":395,"column":3},"end":{"line":395,"column":4}},"loc":{"start":{"line":395,"column":14},"end":{"line":402,"column":2}}},"26":{"name":"(anonymous_26)","decl":{"start":{"line":407,"column":62},"end":{"line":407,"column":65}},"loc":{"start":{"line":407,"column":68},"end":{"line":407,"column":82}}},"27":{"name":"(anonymous_27)","decl":{"start":{"line":409,"column":50},"end":{"line":409,"column":53}},"loc":{"start":{"line":409,"column":56},"end":{"line":409,"column":64}}},"28":{"name":"(anonymous_28)","decl":{"start":{"line":414,"column":3},"end":{"line":414,"column":4}},"loc":{"start":{"line":414,"column":14},"end":{"line":417,"column":2}}},"29":{"name":"(anonymous_29)","decl":{"start":{"line":422,"column":50},"end":{"line":422,"column":53}},"loc":{"start":{"line":422,"column":56},"end":{"line":422,"column":64}}},"30":{"name":"(anonymous_30)","decl":{"start":{"line":435,"column":44},"end":{"line":435,"column":47}},"loc":{"start":{"line":435,"column":50},"end":{"line":435,"column":60}}},"31":{"name":"(anonymous_31)","decl":{"start":{"line":436,"column":44},"end":{"line":436,"column":47}},"loc":{"start":{"line":436,"column":50},"end":{"line":436,"column":60}}},"32":{"name":"(anonymous_32)","decl":{"start":{"line":437,"column":44},"end":{"line":437,"column":47}},"loc":{"start":{"line":437,"column":50},"end":{"line":437,"column":60}}},"33":{"name":"(anonymous_33)","decl":{"start":{"line":438,"column":44},"end":{"line":438,"column":47}},"loc":{"start":{"line":438,"column":50},"end":{"line":438,"column":58}}},"34":{"name":"(anonymous_34)","decl":{"start":{"line":439,"column":48},"end":{"line":439,"column":51}},"loc":{"start":{"line":439,"column":54},"end":{"line":439,"column":62}}},"35":{"name":"(anonymous_35)","decl":{"start":{"line":449,"column":3},"end":{"line":449,"column":4}},"loc":{"start":{"line":449,"column":14},"end":{"line":451,"column":2}}},"36":{"name":"(anonymous_36)","decl":{"start":{"line":471,"column":56},"end":{"line":471,"column":59}},"loc":{"start":{"line":471,"column":62},"end":{"line":471,"column":70}}},"37":{"name":"(anonymous_37)","decl":{"start":{"line":479,"column":58},"end":{"line":479,"column":61}},"loc":{"start":{"line":479,"column":64},"end":{"line":479,"column":83}}},"38":{"name":"(anonymous_38)","decl":{"start":{"line":480,"column":64},"end":{"line":480,"column":67}},"loc":{"start":{"line":480,"column":70},"end":{"line":480,"column":94}}},"39":{"name":"(anonymous_39)","decl":{"start":{"line":494,"column":56},"end":{"line":494,"column":59}},"loc":{"start":{"line":494,"column":62},"end":{"line":494,"column":70}}},"40":{"name":"(anonymous_40)","decl":{"start":{"line":502,"column":64},"end":{"line":502,"column":67}},"loc":{"start":{"line":502,"column":70},"end":{"line":502,"column":94}}},"41":{"name":"(anonymous_41)","decl":{"start":{"line":519,"column":56},"end":{"line":519,"column":59}},"loc":{"start":{"line":519,"column":62},"end":{"line":519,"column":70}}},"42":{"name":"(anonymous_42)","decl":{"start":{"line":527,"column":60},"end":{"line":527,"column":63}},"loc":{"start":{"line":527,"column":66},"end":{"line":527,"column":74}}},"43":{"name":"(anonymous_43)","decl":{"start":{"line":531,"column":71},"end":{"line":531,"column":74}},"loc":{"start":{"line":531,"column":77},"end":{"line":531,"column":101}}},"44":{"name":"(anonymous_44)","decl":{"start":{"line":545,"column":48},"end":{"line":545,"column":51}},"loc":{"start":{"line":545,"column":54},"end":{"line":545,"column":62}}},"45":{"name":"(anonymous_45)","decl":{"start":{"line":550,"column":61},"end":{"line":550,"column":64}},"loc":{"start":{"line":550,"column":67},"end":{"line":550,"column":78}}},"46":{"name":"(anonymous_46)","decl":{"start":{"line":576,"column":46},"end":{"line":576,"column":49}},"loc":{"start":{"line":576,"column":52},"end":{"line":576,"column":60}}},"47":{"name":"(anonymous_47)","decl":{"start":{"line":609,"column":44},"end":{"line":609,"column":47}},"loc":{"start":{"line":609,"column":50},"end":{"line":609,"column":60}}},"48":{"name":"(anonymous_48)","decl":{"start":{"line":610,"column":54},"end":{"line":610,"column":57}},"loc":{"start":{"line":610,"column":60},"end":{"line":610,"column":70}}},"49":{"name":"(anonymous_49)","decl":{"start":{"line":611,"column":54},"end":{"line":611,"column":57}},"loc":{"start":{"line":611,"column":60},"end":{"line":611,"column":68}}},"50":{"name":"(anonymous_50)","decl":{"start":{"line":612,"column":46},"end":{"line":612,"column":49}},"loc":{"start":{"line":612,"column":52},"end":{"line":612,"column":60}}},"51":{"name":"(anonymous_51)","decl":{"start":{"line":613,"column":63},"end":{"line":613,"column":66}},"loc":{"start":{"line":613,"column":69},"end":{"line":613,"column":88}}},"52":{"name":"(anonymous_52)","decl":{"start":{"line":620,"column":3},"end":{"line":620,"column":4}},"loc":{"start":{"line":620,"column":14},"end":{"line":622,"column":2}}},"53":{"name":"(anonymous_53)","decl":{"start":{"line":626,"column":56},"end":{"line":626,"column":59}},"loc":{"start":{"line":626,"column":62},"end":{"line":626,"column":89}}},"54":{"name":"(anonymous_54)","decl":{"start":{"line":627,"column":83},"end":{"line":627,"column":86}},"loc":{"start":{"line":627,"column":89},"end":{"line":627,"column":113}}},"55":{"name":"(anonymous_55)","decl":{"start":{"line":631,"column":48},"end":{"line":631,"column":51}},"loc":{"start":{"line":631,"column":54},"end":{"line":631,"column":62}}},"56":{"name":"(anonymous_56)","decl":{"start":{"line":643,"column":44},"end":{"line":643,"column":47}},"loc":{"start":{"line":643,"column":50},"end":{"line":643,"column":60}}},"57":{"name":"(anonymous_57)","decl":{"start":{"line":778,"column":54},"end":{"line":778,"column":57}},"loc":{"start":{"line":778,"column":60},"end":{"line":778,"column":68}}},"58":{"name":"(anonymous_58)","decl":{"start":{"line":786,"column":48},"end":{"line":786,"column":51}},"loc":{"start":{"line":786,"column":54},"end":{"line":786,"column":62}}},"59":{"name":"(anonymous_59)","decl":{"start":{"line":795,"column":54},"end":{"line":795,"column":57}},"loc":{"start":{"line":795,"column":60},"end":{"line":795,"column":70}}},"60":{"name":"(anonymous_60)","decl":{"start":{"line":852,"column":46},"end":{"line":852,"column":49}},"loc":{"start":{"line":852,"column":52},"end":{"line":852,"column":60}}},"61":{"name":"(anonymous_61)","decl":{"start":{"line":855,"column":3},"end":{"line":855,"column":4}},"loc":{"start":{"line":855,"column":14},"end":{"line":858,"column":2}}},"62":{"name":"(anonymous_62)","decl":{"start":{"line":862,"column":61},"end":{"line":862,"column":64}},"loc":{"start":{"line":862,"column":67},"end":{"line":862,"column":80}}},"63":{"name":"(anonymous_63)","decl":{"start":{"line":863,"column":50},"end":{"line":863,"column":53}},"loc":{"start":{"line":863,"column":56},"end":{"line":863,"column":64}}},"64":{"name":"(anonymous_64)","decl":{"start":{"line":864,"column":44},"end":{"line":864,"column":47}},"loc":{"start":{"line":864,"column":50},"end":{"line":864,"column":60}}},"65":{"name":"(anonymous_65)","decl":{"start":{"line":871,"column":3},"end":{"line":871,"column":4}},"loc":{"start":{"line":871,"column":14},"end":{"line":874,"column":2}}},"66":{"name":"(anonymous_66)","decl":{"start":{"line":1016,"column":82},"end":{"line":1016,"column":83}},"loc":{"start":{"line":1016,"column":87},"end":{"line":1016,"column":109}}},"67":{"name":"(anonymous_67)","decl":{"start":{"line":1019,"column":60},"end":{"line":1019,"column":61}},"loc":{"start":{"line":1019,"column":65},"end":{"line":1019,"column":74}}},"68":{"name":"(anonymous_68)","decl":{"start":{"line":1034,"column":62},"end":{"line":1034,"column":63}},"loc":{"start":{"line":1034,"column":67},"end":{"line":1034,"column":89}}},"69":{"name":"(anonymous_69)","decl":{"start":{"line":1038,"column":62},"end":{"line":1038,"column":63}},"loc":{"start":{"line":1038,"column":67},"end":{"line":1038,"column":89}}}},"branchMap":{},"s":{"0":4,"1":4,"2":4,"3":4,"4":4,"5":4,"6":4,"7":4,"8":4,"9":4,"10":4,"11":0,"12":0,"13":4,"14":4,"15":0,"16":0,"17":0,"18":4,"19":4,"20":0,"21":0,"22":4,"23":0,"24":4,"25":0,"26":0,"27":0,"28":0,"29":0,"30":0,"31":0,"32":4,"33":4,"34":4,"35":0,"36":0,"37":0,"38":0,"39":0,"40":0,"41":4,"42":4,"43":0,"44":0,"45":4,"46":4,"47":0,"48":4,"49":0,"50":0,"51":0,"52":0,"53":0,"54":4,"55":4,"56":0,"57":4,"58":0,"59":0,"60":0,"61":4,"62":0,"63":0,"64":4,"65":0,"66":0,"67":0,"68":0,"69":4,"70":0,"71":4,"72":4,"73":4,"74":4,"75":4,"76":0,"77":0,"78":0,"79":0,"80":0,"81":4,"82":4,"83":0,"84":0,"85":0,"86":0,"87":4,"88":4,"89":4,"90":4,"91":4,"92":4,"93":4,"94":4,"95":4,"96":4,"97":4,"98":4,"99":4,"100":4,"101":4,"102":4,"103":0,"104":0,"105":4,"106":0,"107":4,"108":4,"109":4,"110":4,"111":0,"112":4,"113":4,"114":0,"115":0,"116":0,"117":4,"118":4,"119":4,"120":4,"121":4,"122":4,"123":4,"124":4,"125":4,"126":4,"127":4,"128":0,"129":0,"130":4,"131":4,"132":0,"133":4,"134":0,"135":4},"f":{"0":4,"1":0,"2":0,"3":4,"4":0,"5":0,"6":0,"7":4,"8":0,"9":0,"10":0,"11":0,"12":0,"13":0,"14":0,"15":0,"16":0,"17":0,"18":4,"19":0,"20":0,"21":0,"22":0,"23":0,"24":0,"25":4,"26":0,"27":0,"28":4,"29":0,"30":0,"31":0,"32":0,"33":0,"34":0,"35":4,"36":0,"37":0,"38":0,"39":0,"40":0,"41":0,"42":0,"43":0,"44":0,"45":0,"46":0,"47":0,"48":0,"49":0,"50":0,"51":0,"52":4,"53":0,"54":0,"55":0,"56":0,"57":0,"58":0,"59":0,"60":0,"61":4,"62":0,"63":0,"64":0,"65":4,"66":0,"67":0,"68":0,"69":0},"b":{}}
}
