{"C:\\Users\\Usuario1\\FRCB\\CreditoNegocios-Main\\CreditoNegocios\\server\\db.ts": {"path":"C:\\Users\\Usuario1\\FRCB\\CreditoNegocios-Main\\CreditoNegocios\\server\\db.ts","statementMap":{"0":{"start":{"line":1,"column":0},"end":{"line":1,"column":26}},"1":{"start":{"line":2,"column":0},"end":{"line":2,"column":49}},"2":{"start":{"line":3,"column":0},"end":{"line":3,"column":52}},"3":{"start":{"line":4,"column":0},"end":{"line":4,"column":43}},"4":{"start":{"line":7,"column":0},"end":{"line":7,"column":35}},"5":{"start":{"line":9,"column":25},"end":{"line":9,"column":101}},"6":{"start":{"line":11,"column":2},"end":{"line":11,"column":87}},"7":{"start":{"line":13,"column":0},"end":{"line":17,"column":1}},"8":{"start":{"line":14,"column":2},"end":{"line":16,"column":4}},"9":{"start":{"line":19,"column":13},"end":{"line":19,"column":51}},"10":{"start":{"line":20,"column":13},"end":{"line":20,"column":52}}},"fnMap":{},"branchMap":{"0":{"loc":{"start":{"line":9,"column":25},"end":{"line":9,"column":101}},"type":"binary-expr","locations":[{"start":{"line":9,"column":25},"end":{"line":9,"column":66}},{"start":{"line":9,"column":70},"end":{"line":9,"column":101}}]},"1":{"loc":{"start":{"line":11,"column":2},"end":{"line":11,"column":87}},"type":"cond-expr","locations":[{"start":{"line":11,"column":26},"end":{"line":11,"column":30}},{"start":{"line":11,"column":30},"end":{"line":11,"column":87}}]},"2":{"loc":{"start":{"line":11,"column":2},"end":{"line":11,"column":30}},"type":"binary-expr","locations":[{"start":{"line":11,"column":2},"end":{"line":11,"column":30}},{"start":{"line":11,"column":26},"end":{"line":11,"column":30}}]},"3":{"loc":{"start":{"line":13,"column":0},"end":{"line":17,"column":1}},"type":"if","locations":[{"start":{"line":13,"column":0},"end":{"line":17,"column":1}},{"start":{},"end":{}}]},"4":{"loc":{"start":{"line":13,"column":4},"end":{"line":13,"column":50}},"type":"binary-expr","locations":[{"start":{"line":13,"column":4},"end":{"line":13,"column":29}},{"start":{"line":13,"column":33},"end":{"line":13,"column":50}}]}},"s":{"0":1,"1":1,"2":1,"3":1,"4":1,"5":1,"6":1,"7":1,"8":0,"9":1,"10":1},"f":{},"b":{"0":[1,1],"1":[0,1],"2":[1,1],"3":[0,1],"4":[1,1]}}
,"C:\\Users\\Usuario1\\FRCB\\CreditoNegocios-Main\\CreditoNegocios\\server\\dbStorage.ts": {"path":"C:\\Users\\Usuario1\\FRCB\\CreditoNegocios-Main\\CreditoNegocios\\server\\dbStorage.ts","statementMap":{"0":{"start":{"line":1,"column":0},"end":{"line":1,"column":26}},"1":{"start":{"line":2,"column":0},"end":{"line":2,"column":null}},"2":{"start":{"line":26,"column":0},"end":{"line":26,"column":73}},"3":{"start":{"line":28,"column":0},"end":{"line":28,"column":36}},"4":{"start":{"line":35,"column":4},"end":{"line":35,"column":33}},"5":{"start":{"line":39,"column":4},"end":{"line":53,"column":5}},"6":{"start":{"line":41,"column":32},"end":{"line":41,"column":64}},"7":{"start":{"line":42,"column":6},"end":{"line":44,"column":7}},"8":{"start":{"line":43,"column":8},"end":{"line":43,"column":42}},"9":{"start":{"line":46,"column":35},"end":{"line":46,"column":72}},"10":{"start":{"line":47,"column":6},"end":{"line":49,"column":7}},"11":{"start":{"line":48,"column":8},"end":{"line":48,"column":45}},"12":{"start":{"line":51,"column":6},"end":{"line":51,"column":98}},"13":{"start":{"line":57,"column":29},"end":{"line":86,"column":6}},"14":{"start":{"line":88,"column":4},"end":{"line":90,"column":5}},"15":{"start":{"line":89,"column":6},"end":{"line":89,"column":74}},"16":{"start":{"line":94,"column":25},"end":{"line":125,"column":6}},"17":{"start":{"line":127,"column":4},"end":{"line":129,"column":5}},"18":{"start":{"line":128,"column":6},"end":{"line":128,"column":87}},"19":{"start":{"line":134,"column":22},"end":{"line":137,"column":18}},"20":{"start":{"line":138,"column":4},"end":{"line":138,"column":19}},"21":{"start":{"line":143,"column":19},"end":{"line":147,"column":15}},"22":{"start":{"line":148,"column":4},"end":{"line":148,"column":21}},"23":{"start":{"line":152,"column":4},"end":{"line":155,"column":57}},"24":{"start":{"line":160,"column":4},"end":{"line":166,"column":5}},"25":{"start":{"line":161,"column":21},"end":{"line":161,"column":83}},"26":{"start":{"line":162,"column":6},"end":{"line":162,"column":23}},"27":{"start":{"line":164,"column":6},"end":{"line":164,"column":51}},"28":{"start":{"line":165,"column":6},"end":{"line":165,"column":23}},"29":{"start":{"line":170,"column":4},"end":{"line":177,"column":5}},"30":{"start":{"line":171,"column":30},"end":{"line":171,"column":56}},"31":{"start":{"line":172,"column":21},"end":{"line":172,"column":114}},"32":{"start":{"line":173,"column":6},"end":{"line":173,"column":23}},"33":{"start":{"line":175,"column":6},"end":{"line":175,"column":60}},"34":{"start":{"line":176,"column":6},"end":{"line":176,"column":23}},"35":{"start":{"line":181,"column":4},"end":{"line":189,"column":5}},"36":{"start":{"line":182,"column":6},"end":{"line":185,"column":39}},"37":{"start":{"line":187,"column":6},"end":{"line":187,"column":56}},"38":{"start":{"line":188,"column":6},"end":{"line":188,"column":16}},"39":{"start":{"line":193,"column":4},"end":{"line":207,"column":5}},"40":{"start":{"line":194,"column":24},"end":{"line":202,"column":20}},"41":{"start":{"line":203,"column":6},"end":{"line":203,"column":21}},"42":{"start":{"line":205,"column":6},"end":{"line":205,"column":51}},"43":{"start":{"line":206,"column":6},"end":{"line":206,"column":18}},"44":{"start":{"line":211,"column":4},"end":{"line":243,"column":5}},"45":{"start":{"line":213,"column":31},"end":{"line":213,"column":58}},"46":{"start":{"line":214,"column":34},"end":{"line":214,"column":96}},"47":{"start":{"line":216,"column":6},"end":{"line":239,"column":7}},"48":{"start":{"line":218,"column":26},"end":{"line":222,"column":22}},"49":{"start":{"line":223,"column":8},"end":{"line":223,"column":23}},"50":{"start":{"line":224,"column":13},"end":{"line":239,"column":7}},"51":{"start":{"line":226,"column":26},"end":{"line":230,"column":22}},"52":{"start":{"line":231,"column":8},"end":{"line":231,"column":23}},"53":{"start":{"line":234,"column":26},"end":{"line":237,"column":22}},"54":{"start":{"line":238,"column":8},"end":{"line":238,"column":23}},"55":{"start":{"line":241,"column":6},"end":{"line":241,"column":52}},"56":{"start":{"line":242,"column":6},"end":{"line":242,"column":18}},"57":{"start":{"line":254,"column":4},"end":{"line":272,"column":5}},"58":{"start":{"line":255,"column":24},"end":{"line":267,"column":20}},"59":{"start":{"line":268,"column":6},"end":{"line":268,"column":21}},"60":{"start":{"line":270,"column":6},"end":{"line":270,"column":57}},"61":{"start":{"line":271,"column":6},"end":{"line":271,"column":18}},"62":{"start":{"line":276,"column":4},"end":{"line":311,"column":5}},"63":{"start":{"line":278,"column":27},"end":{"line":278,"column":49}},"64":{"start":{"line":279,"column":6},"end":{"line":279,"column":42}},"65":{"start":{"line":279,"column":25},"end":{"line":279,"column":42}},"66":{"start":{"line":282,"column":31},"end":{"line":282,"column":158}},"67":{"start":{"line":283,"column":34},"end":{"line":283,"column":156}},"68":{"start":{"line":284,"column":32},"end":{"line":296,"column":26}},"69":{"start":{"line":298,"column":24},"end":{"line":306,"column":20}},"70":{"start":{"line":307,"column":6},"end":{"line":307,"column":21}},"71":{"start":{"line":309,"column":6},"end":{"line":309,"column":51}},"72":{"start":{"line":310,"column":6},"end":{"line":310,"column":23}},"73":{"start":{"line":315,"column":4},"end":{"line":324,"column":5}},"74":{"start":{"line":316,"column":6},"end":{"line":320,"column":60}},"75":{"start":{"line":322,"column":6},"end":{"line":322,"column":69}},"76":{"start":{"line":323,"column":6},"end":{"line":323,"column":16}},"77":{"start":{"line":328,"column":4},"end":{"line":340,"column":5}},"78":{"start":{"line":329,"column":6},"end":{"line":336,"column":37}},"79":{"start":{"line":338,"column":6},"end":{"line":338,"column":66}},"80":{"start":{"line":339,"column":6},"end":{"line":339,"column":18}},"81":{"start":{"line":344,"column":4},"end":{"line":353,"column":5}},"82":{"start":{"line":345,"column":21},"end":{"line":348,"column":43}},"83":{"start":{"line":349,"column":6},"end":{"line":349,"column":18}},"84":{"start":{"line":351,"column":6},"end":{"line":351,"column":65}},"85":{"start":{"line":352,"column":6},"end":{"line":352,"column":23}},"86":{"start":{"line":357,"column":4},"end":{"line":369,"column":5}},"87":{"start":{"line":358,"column":6},"end":{"line":365,"column":37}},"88":{"start":{"line":367,"column":6},"end":{"line":367,"column":67}},"89":{"start":{"line":368,"column":6},"end":{"line":368,"column":18}},"90":{"start":{"line":373,"column":4},"end":{"line":384,"column":5}},"91":{"start":{"line":374,"column":6},"end":{"line":380,"column":37}},"92":{"start":{"line":382,"column":6},"end":{"line":382,"column":60}},"93":{"start":{"line":383,"column":6},"end":{"line":383,"column":18}},"94":{"start":{"line":389,"column":4},"end":{"line":397,"column":5}},"95":{"start":{"line":390,"column":6},"end":{"line":393,"column":52}},"96":{"start":{"line":395,"column":6},"end":{"line":395,"column":64}},"97":{"start":{"line":396,"column":6},"end":{"line":396,"column":16}},"98":{"start":{"line":401,"column":4},"end":{"line":407,"column":5}},"99":{"start":{"line":402,"column":21},"end":{"line":402,"column":105}},"100":{"start":{"line":403,"column":6},"end":{"line":403,"column":23}},"101":{"start":{"line":405,"column":6},"end":{"line":405,"column":63}},"102":{"start":{"line":406,"column":6},"end":{"line":406,"column":23}},"103":{"start":{"line":411,"column":4},"end":{"line":417,"column":5}},"104":{"start":{"line":412,"column":21},"end":{"line":412,"column":109}},"105":{"start":{"line":413,"column":6},"end":{"line":413,"column":23}},"106":{"start":{"line":415,"column":6},"end":{"line":415,"column":71}},"107":{"start":{"line":416,"column":6},"end":{"line":416,"column":23}},"108":{"start":{"line":421,"column":4},"end":{"line":433,"column":5}},"109":{"start":{"line":422,"column":6},"end":{"line":424,"column":7}},"110":{"start":{"line":423,"column":8},"end":{"line":423,"column":18}},"111":{"start":{"line":425,"column":6},"end":{"line":429,"column":52}},"112":{"start":{"line":431,"column":6},"end":{"line":431,"column":71}},"113":{"start":{"line":432,"column":6},"end":{"line":432,"column":16}},"114":{"start":{"line":437,"column":4},"end":{"line":451,"column":5}},"115":{"start":{"line":438,"column":24},"end":{"line":446,"column":20}},"116":{"start":{"line":447,"column":6},"end":{"line":447,"column":21}},"117":{"start":{"line":449,"column":6},"end":{"line":449,"column":63}},"118":{"start":{"line":450,"column":6},"end":{"line":450,"column":18}},"119":{"start":{"line":455,"column":4},"end":{"line":465,"column":5}},"120":{"start":{"line":456,"column":24},"end":{"line":460,"column":20}},"121":{"start":{"line":461,"column":6},"end":{"line":461,"column":21}},"122":{"start":{"line":463,"column":6},"end":{"line":463,"column":63}},"123":{"start":{"line":464,"column":6},"end":{"line":464,"column":23}},"124":{"start":{"line":469,"column":4},"end":{"line":475,"column":5}},"125":{"start":{"line":470,"column":21},"end":{"line":470,"column":89}},"126":{"start":{"line":471,"column":6},"end":{"line":471,"column":40}},"127":{"start":{"line":473,"column":6},"end":{"line":473,"column":63}},"128":{"start":{"line":474,"column":6},"end":{"line":474,"column":19}},"129":{"start":{"line":480,"column":4},"end":{"line":488,"column":5}},"130":{"start":{"line":481,"column":6},"end":{"line":484,"column":51}},"131":{"start":{"line":486,"column":6},"end":{"line":486,"column":64}},"132":{"start":{"line":487,"column":6},"end":{"line":487,"column":16}},"133":{"start":{"line":492,"column":4},"end":{"line":498,"column":5}},"134":{"start":{"line":493,"column":21},"end":{"line":493,"column":105}},"135":{"start":{"line":494,"column":6},"end":{"line":494,"column":23}},"136":{"start":{"line":496,"column":6},"end":{"line":496,"column":63}},"137":{"start":{"line":497,"column":6},"end":{"line":497,"column":23}},"138":{"start":{"line":502,"column":4},"end":{"line":516,"column":5}},"139":{"start":{"line":503,"column":24},"end":{"line":511,"column":20}},"140":{"start":{"line":512,"column":6},"end":{"line":512,"column":21}},"141":{"start":{"line":514,"column":6},"end":{"line":514,"column":63}},"142":{"start":{"line":515,"column":6},"end":{"line":515,"column":18}},"143":{"start":{"line":520,"column":4},"end":{"line":530,"column":5}},"144":{"start":{"line":521,"column":24},"end":{"line":525,"column":20}},"145":{"start":{"line":526,"column":6},"end":{"line":526,"column":21}},"146":{"start":{"line":528,"column":6},"end":{"line":528,"column":63}},"147":{"start":{"line":529,"column":6},"end":{"line":529,"column":23}},"148":{"start":{"line":534,"column":4},"end":{"line":540,"column":5}},"149":{"start":{"line":535,"column":21},"end":{"line":535,"column":89}},"150":{"start":{"line":536,"column":6},"end":{"line":536,"column":40}},"151":{"start":{"line":538,"column":6},"end":{"line":538,"column":63}},"152":{"start":{"line":539,"column":6},"end":{"line":539,"column":19}},"153":{"start":{"line":545,"column":4},"end":{"line":583,"column":5}},"154":{"start":{"line":546,"column":25},"end":{"line":546,"column":27}},"155":{"start":{"line":547,"column":6},"end":{"line":549,"column":7}},"156":{"start":{"line":548,"column":8},"end":{"line":548,"column":78}},"157":{"start":{"line":551,"column":6},"end":{"line":579,"column":54}},"158":{"start":{"line":581,"column":6},"end":{"line":581,"column":67}},"159":{"start":{"line":582,"column":6},"end":{"line":582,"column":16}},"160":{"start":{"line":587,"column":4},"end":{"line":593,"column":5}},"161":{"start":{"line":588,"column":21},"end":{"line":588,"column":111}},"162":{"start":{"line":589,"column":6},"end":{"line":589,"column":23}},"163":{"start":{"line":591,"column":6},"end":{"line":591,"column":66}},"164":{"start":{"line":592,"column":6},"end":{"line":592,"column":23}},"165":{"start":{"line":597,"column":4},"end":{"line":606,"column":5}},"166":{"start":{"line":598,"column":6},"end":{"line":602,"column":54}},"167":{"start":{"line":604,"column":6},"end":{"line":604,"column":79}},"168":{"start":{"line":605,"column":6},"end":{"line":605,"column":16}},"169":{"start":{"line":610,"column":4},"end":{"line":661,"column":5}},"170":{"start":{"line":612,"column":28},"end":{"line":612,"column":61}},"171":{"start":{"line":614,"column":6},"end":{"line":643,"column":7}},"172":{"start":{"line":615,"column":8},"end":{"line":642,"column":9}},"173":{"start":{"line":617,"column":27},"end":{"line":617,"column":80}},"174":{"start":{"line":618,"column":10},"end":{"line":638,"column":11}},"175":{"start":{"line":620,"column":32},"end":{"line":620,"column":72}},"176":{"start":{"line":621,"column":12},"end":{"line":637,"column":13}},"177":{"start":{"line":622,"column":32},"end":{"line":622,"column":80}},"178":{"start":{"line":624,"column":14},"end":{"line":636,"column":18}},"179":{"start":{"line":624,"column":93},"end":{"line":636,"column":16}},"180":{"start":{"line":640,"column":10},"end":{"line":640,"column":76}},"181":{"start":{"line":645,"column":24},"end":{"line":656,"column":20}},"182":{"start":{"line":657,"column":6},"end":{"line":657,"column":21}},"183":{"start":{"line":659,"column":6},"end":{"line":659,"column":66}},"184":{"start":{"line":660,"column":6},"end":{"line":660,"column":18}},"185":{"start":{"line":665,"column":4},"end":{"line":675,"column":5}},"186":{"start":{"line":666,"column":24},"end":{"line":670,"column":20}},"187":{"start":{"line":671,"column":6},"end":{"line":671,"column":21}},"188":{"start":{"line":673,"column":6},"end":{"line":673,"column":66}},"189":{"start":{"line":674,"column":6},"end":{"line":674,"column":23}},"190":{"start":{"line":679,"column":4},"end":{"line":685,"column":5}},"191":{"start":{"line":680,"column":21},"end":{"line":680,"column":95}},"192":{"start":{"line":681,"column":6},"end":{"line":681,"column":40}},"193":{"start":{"line":683,"column":6},"end":{"line":683,"column":66}},"194":{"start":{"line":684,"column":6},"end":{"line":684,"column":19}},"195":{"start":{"line":690,"column":4},"end":{"line":706,"column":5}},"196":{"start":{"line":692,"column":18},"end":{"line":693,"column":49}},"197":{"start":{"line":695,"column":21},"end":{"line":695,"column":32}},"198":{"start":{"line":697,"column":6},"end":{"line":700,"column":7}},"199":{"start":{"line":699,"column":8},"end":{"line":699,"column":78}},"200":{"start":{"line":699,"column":34},"end":{"line":699,"column":76}},"201":{"start":{"line":702,"column":6},"end":{"line":702,"column":20}},"202":{"start":{"line":704,"column":6},"end":{"line":704,"column":69}},"203":{"start":{"line":705,"column":6},"end":{"line":705,"column":16}},"204":{"start":{"line":710,"column":4},"end":{"line":716,"column":5}},"205":{"start":{"line":711,"column":21},"end":{"line":711,"column":115}},"206":{"start":{"line":712,"column":6},"end":{"line":712,"column":23}},"207":{"start":{"line":714,"column":6},"end":{"line":714,"column":68}},"208":{"start":{"line":715,"column":6},"end":{"line":715,"column":23}},"209":{"start":{"line":720,"column":4},"end":{"line":748,"column":5}},"210":{"start":{"line":721,"column":24},"end":{"line":743,"column":20}},"211":{"start":{"line":744,"column":6},"end":{"line":744,"column":21}},"212":{"start":{"line":746,"column":6},"end":{"line":746,"column":68}},"213":{"start":{"line":747,"column":6},"end":{"line":747,"column":18}},"214":{"start":{"line":752,"column":4},"end":{"line":762,"column":5}},"215":{"start":{"line":753,"column":24},"end":{"line":757,"column":20}},"216":{"start":{"line":758,"column":6},"end":{"line":758,"column":21}},"217":{"start":{"line":760,"column":6},"end":{"line":760,"column":68}},"218":{"start":{"line":761,"column":6},"end":{"line":761,"column":23}},"219":{"start":{"line":768,"column":4},"end":{"line":786,"column":5}},"220":{"start":{"line":769,"column":6},"end":{"line":782,"column":7}},"221":{"start":{"line":770,"column":23},"end":{"line":774,"column":43}},"222":{"start":{"line":775,"column":8},"end":{"line":775,"column":22}},"223":{"start":{"line":777,"column":23},"end":{"line":780,"column":43}},"224":{"start":{"line":781,"column":8},"end":{"line":781,"column":22}},"225":{"start":{"line":784,"column":6},"end":{"line":784,"column":54}},"226":{"start":{"line":785,"column":6},"end":{"line":785,"column":16}},"227":{"start":{"line":790,"column":4},"end":{"line":796,"column":5}},"228":{"start":{"line":791,"column":21},"end":{"line":791,"column":87}},"229":{"start":{"line":792,"column":6},"end":{"line":792,"column":23}},"230":{"start":{"line":794,"column":6},"end":{"line":794,"column":53}},"231":{"start":{"line":795,"column":6},"end":{"line":795,"column":23}},"232":{"start":{"line":800,"column":4},"end":{"line":813,"column":5}},"233":{"start":{"line":801,"column":24},"end":{"line":808,"column":20}},"234":{"start":{"line":809,"column":6},"end":{"line":809,"column":21}},"235":{"start":{"line":811,"column":6},"end":{"line":811,"column":53}},"236":{"start":{"line":812,"column":6},"end":{"line":812,"column":18}},"237":{"start":{"line":817,"column":4},"end":{"line":827,"column":5}},"238":{"start":{"line":818,"column":24},"end":{"line":822,"column":20}},"239":{"start":{"line":823,"column":6},"end":{"line":823,"column":21}},"240":{"start":{"line":825,"column":6},"end":{"line":825,"column":53}},"241":{"start":{"line":826,"column":6},"end":{"line":826,"column":23}},"242":{"start":{"line":831,"column":4},"end":{"line":837,"column":5}},"243":{"start":{"line":832,"column":21},"end":{"line":832,"column":71}},"244":{"start":{"line":833,"column":6},"end":{"line":833,"column":42}},"245":{"start":{"line":835,"column":6},"end":{"line":835,"column":53}},"246":{"start":{"line":836,"column":6},"end":{"line":836,"column":19}},"247":{"start":{"line":842,"column":4},"end":{"line":855,"column":5}},"248":{"start":{"line":843,"column":24},"end":{"line":850,"column":20}},"249":{"start":{"line":851,"column":6},"end":{"line":851,"column":21}},"250":{"start":{"line":853,"column":6},"end":{"line":853,"column":68}},"251":{"start":{"line":854,"column":6},"end":{"line":854,"column":18}},"252":{"start":{"line":859,"column":4},"end":{"line":868,"column":5}},"253":{"start":{"line":860,"column":6},"end":{"line":864,"column":56}},"254":{"start":{"line":866,"column":6},"end":{"line":866,"column":70}},"255":{"start":{"line":867,"column":6},"end":{"line":867,"column":16}},"256":{"start":{"line":873,"column":4},"end":{"line":900,"column":5}},"257":{"start":{"line":874,"column":18},"end":{"line":874,"column":43}},"258":{"start":{"line":876,"column":6},"end":{"line":894,"column":7}},"259":{"start":{"line":877,"column":27},"end":{"line":877,"column":29}},"260":{"start":{"line":878,"column":8},"end":{"line":878,"column":86}},"261":{"start":{"line":878,"column":30},"end":{"line":878,"column":86}},"262":{"start":{"line":879,"column":8},"end":{"line":879,"column":86}},"263":{"start":{"line":879,"column":30},"end":{"line":879,"column":86}},"264":{"start":{"line":882,"column":35},"end":{"line":882,"column":102}},"265":{"start":{"line":883,"column":8},"end":{"line":885,"column":9}},"266":{"start":{"line":884,"column":10},"end":{"line":884,"column":75}},"267":{"start":{"line":888,"column":8},"end":{"line":888,"column":102}},"268":{"start":{"line":888,"column":26},"end":{"line":888,"column":102}},"269":{"start":{"line":889,"column":8},"end":{"line":889,"column":98}},"270":{"start":{"line":889,"column":24},"end":{"line":889,"column":98}},"271":{"start":{"line":891,"column":8},"end":{"line":893,"column":9}},"272":{"start":{"line":892,"column":10},"end":{"line":892,"column":57}},"273":{"start":{"line":896,"column":6},"end":{"line":896,"column":58}},"274":{"start":{"line":898,"column":6},"end":{"line":898,"column":54}},"275":{"start":{"line":899,"column":6},"end":{"line":899,"column":16}},"276":{"start":{"line":904,"column":4},"end":{"line":910,"column":5}},"277":{"start":{"line":905,"column":21},"end":{"line":905,"column":78}},"278":{"start":{"line":906,"column":6},"end":{"line":906,"column":23}},"279":{"start":{"line":908,"column":6},"end":{"line":908,"column":53}},"280":{"start":{"line":909,"column":6},"end":{"line":909,"column":23}},"281":{"start":{"line":914,"column":4},"end":{"line":927,"column":5}},"282":{"start":{"line":915,"column":24},"end":{"line":922,"column":20}},"283":{"start":{"line":923,"column":6},"end":{"line":923,"column":21}},"284":{"start":{"line":925,"column":6},"end":{"line":925,"column":53}},"285":{"start":{"line":926,"column":6},"end":{"line":926,"column":18}},"286":{"start":{"line":931,"column":4},"end":{"line":944,"column":5}},"287":{"start":{"line":932,"column":24},"end":{"line":939,"column":20}},"288":{"start":{"line":940,"column":6},"end":{"line":940,"column":21}},"289":{"start":{"line":942,"column":6},"end":{"line":942,"column":53}},"290":{"start":{"line":943,"column":6},"end":{"line":943,"column":23}},"291":{"start":{"line":948,"column":4},"end":{"line":957,"column":5}},"292":{"start":{"line":949,"column":6},"end":{"line":953,"column":42}},"293":{"start":{"line":955,"column":6},"end":{"line":955,"column":64}},"294":{"start":{"line":956,"column":6},"end":{"line":956,"column":16}},"295":{"start":{"line":961,"column":4},"end":{"line":978,"column":5}},"296":{"start":{"line":962,"column":25},"end":{"line":962,"column":35}},"297":{"start":{"line":963,"column":6},"end":{"line":963,"column":54}},"298":{"start":{"line":965,"column":6},"end":{"line":974,"column":39}},"299":{"start":{"line":976,"column":6},"end":{"line":976,"column":63}},"300":{"start":{"line":977,"column":6},"end":{"line":977,"column":16}},"301":{"start":{"line":983,"column":4},"end":{"line":983,"column":13}},"302":{"start":{"line":988,"column":4},"end":{"line":988,"column":18}},"303":{"start":{"line":993,"column":4},"end":{"line":1040,"column":5}},"304":{"start":{"line":994,"column":22},"end":{"line":996,"column":27}},"305":{"start":{"line":998,"column":6},"end":{"line":1000,"column":7}},"306":{"start":{"line":999,"column":8},"end":{"line":999,"column":88}},"307":{"start":{"line":1002,"column":32},"end":{"line":1002,"column":34}},"308":{"start":{"line":1004,"column":6},"end":{"line":1014,"column":7}},"309":{"start":{"line":1005,"column":8},"end":{"line":1005,"column":68}},"310":{"start":{"line":1006,"column":13},"end":{"line":1014,"column":7}},"311":{"start":{"line":1007,"column":8},"end":{"line":1013,"column":9}},"312":{"start":{"line":1008,"column":33},"end":{"line":1008,"column":90}},"313":{"start":{"line":1009,"column":28},"end":{"line":1009,"column":88}},"314":{"start":{"line":1009,"column":58},"end":{"line":1009,"column":62}},"315":{"start":{"line":1010,"column":10},"end":{"line":1010,"column":68}},"316":{"start":{"line":1012,"column":10},"end":{"line":1012,"column":76}},"317":{"start":{"line":1016,"column":6},"end":{"line":1018,"column":7}},"318":{"start":{"line":1017,"column":8},"end":{"line":1017,"column":64}},"319":{"start":{"line":1020,"column":6},"end":{"line":1022,"column":7}},"320":{"start":{"line":1021,"column":8},"end":{"line":1021,"column":74}},"321":{"start":{"line":1024,"column":6},"end":{"line":1026,"column":7}},"322":{"start":{"line":1025,"column":8},"end":{"line":1025,"column":72}},"323":{"start":{"line":1028,"column":6},"end":{"line":1030,"column":7}},"324":{"start":{"line":1029,"column":8},"end":{"line":1029,"column":88}},"325":{"start":{"line":1032,"column":6},"end":{"line":1036,"column":46}},"326":{"start":{"line":1038,"column":6},"end":{"line":1038,"column":58}},"327":{"start":{"line":1039,"column":6},"end":{"line":1039,"column":16}},"328":{"start":{"line":1044,"column":4},"end":{"line":1050,"column":5}},"329":{"start":{"line":1045,"column":24},"end":{"line":1045,"column":87}},"330":{"start":{"line":1046,"column":6},"end":{"line":1046,"column":21}},"331":{"start":{"line":1048,"column":6},"end":{"line":1048,"column":57}},"332":{"start":{"line":1049,"column":6},"end":{"line":1049,"column":18}},"333":{"start":{"line":1054,"column":4},"end":{"line":1064,"column":5}},"334":{"start":{"line":1055,"column":24},"end":{"line":1059,"column":20}},"335":{"start":{"line":1060,"column":6},"end":{"line":1060,"column":21}},"336":{"start":{"line":1062,"column":6},"end":{"line":1062,"column":57}},"337":{"start":{"line":1063,"column":6},"end":{"line":1063,"column":23}},"338":{"start":{"line":1069,"column":4},"end":{"line":1074,"column":5}},"339":{"start":{"line":1070,"column":6},"end":{"line":1070,"column":130}},"340":{"start":{"line":1072,"column":6},"end":{"line":1072,"column":60}},"341":{"start":{"line":1073,"column":6},"end":{"line":1073,"column":16}},"342":{"start":{"line":1078,"column":4},"end":{"line":1084,"column":5}},"343":{"start":{"line":1079,"column":24},"end":{"line":1079,"column":87}},"344":{"start":{"line":1080,"column":6},"end":{"line":1080,"column":21}},"345":{"start":{"line":1082,"column":6},"end":{"line":1082,"column":59}},"346":{"start":{"line":1083,"column":6},"end":{"line":1083,"column":18}},"347":{"start":{"line":1088,"column":4},"end":{"line":1094,"column":5}},"348":{"start":{"line":1089,"column":21},"end":{"line":1089,"column":105}},"349":{"start":{"line":1090,"column":6},"end":{"line":1090,"column":42}},"350":{"start":{"line":1092,"column":6},"end":{"line":1092,"column":66}},"351":{"start":{"line":1093,"column":6},"end":{"line":1093,"column":19}},"352":{"start":{"line":1098,"column":4},"end":{"line":1104,"column":5}},"353":{"start":{"line":1099,"column":23},"end":{"line":1099,"column":170}},"354":{"start":{"line":1100,"column":6},"end":{"line":1100,"column":31}},"355":{"start":{"line":1102,"column":6},"end":{"line":1102,"column":71}},"356":{"start":{"line":1103,"column":6},"end":{"line":1103,"column":15}},"357":{"start":{"line":1109,"column":4},"end":{"line":1129,"column":5}},"358":{"start":{"line":1110,"column":25},"end":{"line":1110,"column":27}},"359":{"start":{"line":1111,"column":6},"end":{"line":1113,"column":7}},"360":{"start":{"line":1112,"column":8},"end":{"line":1112,"column":66}},"361":{"start":{"line":1114,"column":6},"end":{"line":1116,"column":7}},"362":{"start":{"line":1115,"column":8},"end":{"line":1115,"column":66}},"363":{"start":{"line":1117,"column":6},"end":{"line":1119,"column":7}},"364":{"start":{"line":1118,"column":8},"end":{"line":1118,"column":66}},"365":{"start":{"line":1121,"column":20},"end":{"line":1123,"column":73}},"366":{"start":{"line":1125,"column":6},"end":{"line":1125,"column":25}},"367":{"start":{"line":1127,"column":6},"end":{"line":1127,"column":55}},"368":{"start":{"line":1128,"column":6},"end":{"line":1128,"column":16}},"369":{"start":{"line":1133,"column":4},"end":{"line":1139,"column":5}},"370":{"start":{"line":1134,"column":25},"end":{"line":1134,"column":86}},"371":{"start":{"line":1135,"column":6},"end":{"line":1135,"column":22}},"372":{"start":{"line":1137,"column":6},"end":{"line":1137,"column":54}},"373":{"start":{"line":1138,"column":6},"end":{"line":1138,"column":23}},"374":{"start":{"line":1143,"column":4},"end":{"line":1149,"column":5}},"375":{"start":{"line":1144,"column":24},"end":{"line":1144,"column":79}},"376":{"start":{"line":1145,"column":6},"end":{"line":1145,"column":21}},"377":{"start":{"line":1147,"column":6},"end":{"line":1147,"column":55}},"378":{"start":{"line":1148,"column":6},"end":{"line":1148,"column":18}},"379":{"start":{"line":1153,"column":4},"end":{"line":1159,"column":5}},"380":{"start":{"line":1154,"column":24},"end":{"line":1154,"column":104}},"381":{"start":{"line":1155,"column":6},"end":{"line":1155,"column":21}},"382":{"start":{"line":1157,"column":6},"end":{"line":1157,"column":55}},"383":{"start":{"line":1158,"column":6},"end":{"line":1158,"column":23}},"384":{"start":{"line":1163,"column":4},"end":{"line":1169,"column":5}},"385":{"start":{"line":1164,"column":21},"end":{"line":1164,"column":75}},"386":{"start":{"line":1165,"column":6},"end":{"line":1165,"column":42}},"387":{"start":{"line":1167,"column":6},"end":{"line":1167,"column":55}},"388":{"start":{"line":1168,"column":6},"end":{"line":1168,"column":19}},"389":{"start":{"line":1173,"column":42},"end":{"line":1173,"column":null}},"390":{"start":{"line":1173,"column":42},"end":{"line":1173,"column":52}},"391":{"start":{"line":1174,"column":61},"end":{"line":1174,"column":null}},"392":{"start":{"line":1174,"column":61},"end":{"line":1174,"column":78}},"393":{"start":{"line":1175,"column":69},"end":{"line":1175,"column":null}},"394":{"start":{"line":1175,"column":69},"end":{"line":1175,"column":86}},"395":{"start":{"line":1176,"column":62},"end":{"line":1176,"column":null}},"396":{"start":{"line":1176,"column":62},"end":{"line":1176,"column":97}},"397":{"start":{"line":1177,"column":95},"end":{"line":1177,"column":null}},"398":{"start":{"line":1177,"column":95},"end":{"line":1177,"column":112}},"399":{"start":{"line":1178,"column":53},"end":{"line":1178,"column":null}},"400":{"start":{"line":1178,"column":53},"end":{"line":1178,"column":66}},"401":{"start":{"line":1179,"column":72},"end":{"line":1179,"column":null}},"402":{"start":{"line":1179,"column":72},"end":{"line":1179,"column":82}},"403":{"start":{"line":1182,"column":71},"end":{"line":1182,"column":null}},"404":{"start":{"line":1182,"column":71},"end":{"line":1182,"column":81}},"405":{"start":{"line":1183,"column":73},"end":{"line":1183,"column":null}},"406":{"start":{"line":1183,"column":73},"end":{"line":1183,"column":90}},"407":{"start":{"line":1184,"column":80},"end":{"line":1184,"column":null}},"408":{"start":{"line":1184,"column":80},"end":{"line":1184,"column":115}},"409":{"start":{"line":1185,"column":113},"end":{"line":1185,"column":null}},"410":{"start":{"line":1185,"column":113},"end":{"line":1185,"column":130}},"411":{"start":{"line":1186,"column":59},"end":{"line":1186,"column":null}},"412":{"start":{"line":1186,"column":59},"end":{"line":1186,"column":72}},"413":{"start":{"line":1187,"column":74},"end":{"line":1187,"column":null}},"414":{"start":{"line":1187,"column":74},"end":{"line":1187,"column":84}},"415":{"start":{"line":1188,"column":103},"end":{"line":1188,"column":null}},"416":{"start":{"line":1188,"column":103},"end":{"line":1188,"column":120}},"417":{"start":{"line":1191,"column":66},"end":{"line":1191,"column":null}},"418":{"start":{"line":1191,"column":66},"end":{"line":1191,"column":76}},"419":{"start":{"line":1192,"column":63},"end":{"line":1192,"column":null}},"420":{"start":{"line":1192,"column":63},"end":{"line":1192,"column":80}},"421":{"start":{"line":1193,"column":66},"end":{"line":1193,"column":null}},"422":{"start":{"line":1193,"column":66},"end":{"line":1193,"column":101}},"423":{"start":{"line":1194,"column":99},"end":{"line":1194,"column":null}},"424":{"start":{"line":1194,"column":99},"end":{"line":1194,"column":116}},"425":{"start":{"line":1195,"column":54},"end":{"line":1195,"column":null}},"426":{"start":{"line":1195,"column":54},"end":{"line":1195,"column":67}},"427":{"start":{"line":1198,"column":109},"end":{"line":1198,"column":null}},"428":{"start":{"line":1198,"column":109},"end":{"line":1198,"column":119}},"429":{"start":{"line":1199,"column":77},"end":{"line":1199,"column":null}},"430":{"start":{"line":1199,"column":77},"end":{"line":1199,"column":94}},"431":{"start":{"line":1200,"column":87},"end":{"line":1200,"column":null}},"432":{"start":{"line":1200,"column":87},"end":{"line":1200,"column":122}},"433":{"start":{"line":1201,"column":120},"end":{"line":1201,"column":null}},"434":{"start":{"line":1201,"column":120},"end":{"line":1201,"column":137}},"435":{"start":{"line":1202,"column":61},"end":{"line":1202,"column":null}},"436":{"start":{"line":1202,"column":61},"end":{"line":1202,"column":74}},"437":{"start":{"line":1206,"column":4},"end":{"line":1223,"column":5}},"438":{"start":{"line":1207,"column":25},"end":{"line":1207,"column":27}},"439":{"start":{"line":1208,"column":6},"end":{"line":1210,"column":7}},"440":{"start":{"line":1209,"column":8},"end":{"line":1209,"column":81}},"441":{"start":{"line":1211,"column":6},"end":{"line":1213,"column":7}},"442":{"start":{"line":1212,"column":8},"end":{"line":1212,"column":85}},"443":{"start":{"line":1215,"column":19},"end":{"line":1217,"column":116}},"444":{"start":{"line":1219,"column":6},"end":{"line":1219,"column":18}},"445":{"start":{"line":1221,"column":6},"end":{"line":1221,"column":77}},"446":{"start":{"line":1222,"column":6},"end":{"line":1222,"column":16}},"447":{"start":{"line":1227,"column":4},"end":{"line":1233,"column":5}},"448":{"start":{"line":1228,"column":24},"end":{"line":1228,"column":123}},"449":{"start":{"line":1229,"column":6},"end":{"line":1229,"column":21}},"450":{"start":{"line":1231,"column":6},"end":{"line":1231,"column":76}},"451":{"start":{"line":1232,"column":6},"end":{"line":1232,"column":23}},"452":{"start":{"line":1237,"column":22},"end":{"line":1247,"column":18}},"453":{"start":{"line":1249,"column":4},"end":{"line":1249,"column":19}},"454":{"start":{"line":1253,"column":4},"end":{"line":1274,"column":5}},"455":{"start":{"line":1254,"column":34},"end":{"line":1254,"column":80}},"456":{"start":{"line":1255,"column":19},"end":{"line":1257,"column":null}},"457":{"start":{"line":1260,"column":6},"end":{"line":1262,"column":7}},"458":{"start":{"line":1261,"column":8},"end":{"line":1261,"column":40}},"459":{"start":{"line":1264,"column":24},"end":{"line":1268,"column":20}},"460":{"start":{"line":1270,"column":6},"end":{"line":1270,"column":21}},"461":{"start":{"line":1272,"column":6},"end":{"line":1272,"column":76}},"462":{"start":{"line":1273,"column":6},"end":{"line":1273,"column":23}},"463":{"start":{"line":1279,"column":4},"end":{"line":1347,"column":5}},"464":{"start":{"line":1280,"column":25},"end":{"line":1280,"column":27}},"465":{"start":{"line":1281,"column":6},"end":{"line":1283,"column":7}},"466":{"start":{"line":1282,"column":8},"end":{"line":1282,"column":77}},"467":{"start":{"line":1284,"column":6},"end":{"line":1286,"column":7}},"468":{"start":{"line":1285,"column":8},"end":{"line":1285,"column":81}},"469":{"start":{"line":1287,"column":6},"end":{"line":1289,"column":7}},"470":{"start":{"line":1288,"column":8},"end":{"line":1288,"column":81}},"471":{"start":{"line":1293,"column":6},"end":{"line":1300,"column":7}},"472":{"start":{"line":1294,"column":8},"end":{"line":1296,"column":61}},"473":{"start":{"line":1298,"column":8},"end":{"line":1299,"column":61}},"474":{"start":{"line":1302,"column":6},"end":{"line":1304,"column":7}},"475":{"start":{"line":1303,"column":8},"end":{"line":1303,"column":18}},"476":{"start":{"line":1307,"column":28},"end":{"line":1307,"column":54}},"477":{"start":{"line":1307,"column":49},"end":{"line":1307,"column":53}},"478":{"start":{"line":1308,"column":25},"end":{"line":1309,"column":73}},"479":{"start":{"line":1312,"column":33},"end":{"line":1312,"column":76}},"480":{"start":{"line":1313,"column":6},"end":{"line":1318,"column":9}},"481":{"start":{"line":1314,"column":8},"end":{"line":1316,"column":9}},"482":{"start":{"line":1315,"column":10},"end":{"line":1315,"column":55}},"483":{"start":{"line":1317,"column":8},"end":{"line":1317,"column":63}},"484":{"start":{"line":1321,"column":26},"end":{"line":1323,"column":50}},"485":{"start":{"line":1322,"column":18},"end":{"line":1322,"column":37}},"486":{"start":{"line":1323,"column":38},"end":{"line":1323,"column":49}},"487":{"start":{"line":1325,"column":24},"end":{"line":1325,"column":58}},"488":{"start":{"line":1326,"column":6},"end":{"line":1332,"column":7}},"489":{"start":{"line":1327,"column":26},"end":{"line":1328,"column":59}},"490":{"start":{"line":1329,"column":8},"end":{"line":1331,"column":11}},"491":{"start":{"line":1330,"column":10},"end":{"line":1330,"column":49}},"492":{"start":{"line":1335,"column":37},"end":{"line":1341,"column":9}},"493":{"start":{"line":1335,"column":67},"end":{"line":1340,"column":null}},"494":{"start":{"line":1343,"column":6},"end":{"line":1343,"column":43}},"495":{"start":{"line":1345,"column":6},"end":{"line":1345,"column":73}},"496":{"start":{"line":1346,"column":6},"end":{"line":1346,"column":16}},"497":{"start":{"line":1351,"column":4},"end":{"line":1359,"column":5}},"498":{"start":{"line":1352,"column":21},"end":{"line":1354,"column":17}},"499":{"start":{"line":1355,"column":6},"end":{"line":1355,"column":23}},"500":{"start":{"line":1357,"column":6},"end":{"line":1357,"column":72}},"501":{"start":{"line":1358,"column":6},"end":{"line":1358,"column":23}},"502":{"start":{"line":1363,"column":4},"end":{"line":1371,"column":5}},"503":{"start":{"line":1364,"column":21},"end":{"line":1366,"column":20}},"504":{"start":{"line":1367,"column":6},"end":{"line":1367,"column":23}},"505":{"start":{"line":1369,"column":6},"end":{"line":1369,"column":72}},"506":{"start":{"line":1370,"column":6},"end":{"line":1370,"column":18}},"507":{"start":{"line":1375,"column":4},"end":{"line":1384,"column":5}},"508":{"start":{"line":1376,"column":21},"end":{"line":1379,"column":20}},"509":{"start":{"line":1380,"column":6},"end":{"line":1380,"column":23}},"510":{"start":{"line":1382,"column":6},"end":{"line":1382,"column":72}},"511":{"start":{"line":1383,"column":6},"end":{"line":1383,"column":23}},"512":{"start":{"line":1389,"column":4},"end":{"line":1412,"column":5}},"513":{"start":{"line":1390,"column":25},"end":{"line":1390,"column":27}},"514":{"start":{"line":1391,"column":6},"end":{"line":1393,"column":7}},"515":{"start":{"line":1392,"column":8},"end":{"line":1392,"column":82}},"516":{"start":{"line":1394,"column":6},"end":{"line":1396,"column":7}},"517":{"start":{"line":1395,"column":8},"end":{"line":1395,"column":76}},"518":{"start":{"line":1397,"column":6},"end":{"line":1399,"column":7}},"519":{"start":{"line":1398,"column":8},"end":{"line":1398,"column":108}},"520":{"start":{"line":1401,"column":6},"end":{"line":1408,"column":7}},"521":{"start":{"line":1402,"column":8},"end":{"line":1404,"column":60}},"522":{"start":{"line":1406,"column":8},"end":{"line":1407,"column":60}},"523":{"start":{"line":1410,"column":6},"end":{"line":1410,"column":72}},"524":{"start":{"line":1411,"column":6},"end":{"line":1411,"column":16}},"525":{"start":{"line":1416,"column":4},"end":{"line":1424,"column":5}},"526":{"start":{"line":1417,"column":21},"end":{"line":1419,"column":17}},"527":{"start":{"line":1420,"column":6},"end":{"line":1420,"column":23}},"528":{"start":{"line":1422,"column":6},"end":{"line":1422,"column":71}},"529":{"start":{"line":1423,"column":6},"end":{"line":1423,"column":23}},"530":{"start":{"line":1428,"column":4},"end":{"line":1436,"column":5}},"531":{"start":{"line":1429,"column":21},"end":{"line":1431,"column":17}},"532":{"start":{"line":1432,"column":6},"end":{"line":1432,"column":23}},"533":{"start":{"line":1434,"column":6},"end":{"line":1434,"column":84}},"534":{"start":{"line":1435,"column":6},"end":{"line":1435,"column":23}},"535":{"start":{"line":1440,"column":4},"end":{"line":1447,"column":5}},"536":{"start":{"line":1441,"column":6},"end":{"line":1443,"column":57}},"537":{"start":{"line":1445,"column":6},"end":{"line":1445,"column":83}},"538":{"start":{"line":1446,"column":6},"end":{"line":1446,"column":16}},"539":{"start":{"line":1451,"column":4},"end":{"line":1459,"column":5}},"540":{"start":{"line":1452,"column":21},"end":{"line":1454,"column":20}},"541":{"start":{"line":1455,"column":6},"end":{"line":1455,"column":23}},"542":{"start":{"line":1457,"column":6},"end":{"line":1457,"column":71}},"543":{"start":{"line":1458,"column":6},"end":{"line":1458,"column":18}},"544":{"start":{"line":1463,"column":4},"end":{"line":1472,"column":5}},"545":{"start":{"line":1464,"column":21},"end":{"line":1467,"column":20}},"546":{"start":{"line":1468,"column":6},"end":{"line":1468,"column":23}},"547":{"start":{"line":1470,"column":6},"end":{"line":1470,"column":71}},"548":{"start":{"line":1471,"column":6},"end":{"line":1471,"column":23}},"549":{"start":{"line":1476,"column":4},"end":{"line":1519,"column":5}},"550":{"start":{"line":1478,"column":21},"end":{"line":1478,"column":125}},"551":{"start":{"line":1479,"column":6},"end":{"line":1481,"column":7}},"552":{"start":{"line":1480,"column":8},"end":{"line":1480,"column":25}},"553":{"start":{"line":1483,"column":24},"end":{"line":1483,"column":43}},"554":{"start":{"line":1486,"column":21},"end":{"line":1496,"column":20}},"555":{"start":{"line":1499,"column":29},"end":{"line":1505,"column":null}},"556":{"start":{"line":1508,"column":6},"end":{"line":1513,"column":7}},"557":{"start":{"line":1510,"column":8},"end":{"line":1512,"column":61}},"558":{"start":{"line":1515,"column":6},"end":{"line":1515,"column":23}},"559":{"start":{"line":1517,"column":6},"end":{"line":1517,"column":72}},"560":{"start":{"line":1518,"column":6},"end":{"line":1518,"column":23}},"561":{"start":{"line":1523,"column":4},"end":{"line":1538,"column":5}},"562":{"start":{"line":1524,"column":21},"end":{"line":1533,"column":20}},"563":{"start":{"line":1534,"column":6},"end":{"line":1534,"column":23}},"564":{"start":{"line":1536,"column":6},"end":{"line":1536,"column":72}},"565":{"start":{"line":1537,"column":6},"end":{"line":1537,"column":23}},"566":{"start":{"line":1542,"column":4},"end":{"line":1576,"column":5}},"567":{"start":{"line":1544,"column":21},"end":{"line":1544,"column":125}},"568":{"start":{"line":1545,"column":6},"end":{"line":1547,"column":7}},"569":{"start":{"line":1546,"column":8},"end":{"line":1546,"column":25}},"570":{"start":{"line":1549,"column":24},"end":{"line":1549,"column":43}},"571":{"start":{"line":1552,"column":21},"end":{"line":1562,"column":20}},"572":{"start":{"line":1565,"column":6},"end":{"line":1570,"column":59}},"573":{"start":{"line":1572,"column":6},"end":{"line":1572,"column":23}},"574":{"start":{"line":1574,"column":6},"end":{"line":1574,"column":82}},"575":{"start":{"line":1575,"column":6},"end":{"line":1575,"column":23}},"576":{"start":{"line":32,"column":0},"end":{"line":32,"column":13}}},"fnMap":{"0":{"name":"(anonymous_7)","decl":{"start":{"line":34,"column":2},"end":{"line":34,"column":null}},"loc":{"start":{"line":34,"column":2},"end":{"line":36,"column":3}}},"1":{"name":"(anonymous_8)","decl":{"start":{"line":38,"column":16},"end":{"line":38,"column":37}},"loc":{"start":{"line":38,"column":37},"end":{"line":54,"column":null}}},"2":{"name":"(anonymous_10)","decl":{"start":{"line":56,"column":16},"end":{"line":56,"column":36}},"loc":{"start":{"line":56,"column":36},"end":{"line":91,"column":null}}},"3":{"name":"(anonymous_12)","decl":{"start":{"line":93,"column":16},"end":{"line":93,"column":39}},"loc":{"start":{"line":93,"column":39},"end":{"line":130,"column":null}}},"4":{"name":"(anonymous_14)","decl":{"start":{"line":133,"column":8},"end":{"line":133,"column":32}},"loc":{"start":{"line":133,"column":65},"end":{"line":139,"column":null}}},"5":{"name":"(anonymous_16)","decl":{"start":{"line":142,"column":8},"end":{"line":142,"column":33}},"loc":{"start":{"line":142,"column":44},"end":{"line":149,"column":null}}},"6":{"name":"(anonymous_18)","decl":{"start":{"line":151,"column":8},"end":{"line":151,"column":38}},"loc":{"start":{"line":151,"column":55},"end":{"line":156,"column":null}}},"7":{"name":"(anonymous_20)","decl":{"start":{"line":159,"column":8},"end":{"line":159,"column":15}},"loc":{"start":{"line":159,"column":26},"end":{"line":167,"column":null}}},"8":{"name":"(anonymous_22)","decl":{"start":{"line":169,"column":8},"end":{"line":169,"column":22}},"loc":{"start":{"line":169,"column":36},"end":{"line":178,"column":null}}},"9":{"name":"(anonymous_24)","decl":{"start":{"line":180,"column":8},"end":{"line":180,"column":19}},"loc":{"start":{"line":180,"column":19},"end":{"line":190,"column":null}}},"10":{"name":"(anonymous_26)","decl":{"start":{"line":192,"column":8},"end":{"line":192,"column":18}},"loc":{"start":{"line":192,"column":39},"end":{"line":208,"column":null}}},"11":{"name":"(anonymous_28)","decl":{"start":{"line":210,"column":8},"end":{"line":210,"column":18}},"loc":{"start":{"line":210,"column":71},"end":{"line":244,"column":null}}},"12":{"name":"(anonymous_30)","decl":{"start":{"line":246,"column":8},"end":{"line":246,"column":23}},"loc":{"start":{"line":253,"column":3},"end":{"line":273,"column":null}}},"13":{"name":"(anonymous_32)","decl":{"start":{"line":275,"column":8},"end":{"line":275,"column":18}},"loc":{"start":{"line":275,"column":60},"end":{"line":312,"column":null}}},"14":{"name":"(anonymous_34)","decl":{"start":{"line":314,"column":8},"end":{"line":314,"column":30}},"loc":{"start":{"line":314,"column":53},"end":{"line":325,"column":null}}},"15":{"name":"(anonymous_36)","decl":{"start":{"line":327,"column":8},"end":{"line":327,"column":29}},"loc":{"start":{"line":327,"column":73},"end":{"line":341,"column":null}}},"16":{"name":"(anonymous_38)","decl":{"start":{"line":343,"column":8},"end":{"line":343,"column":27}},"loc":{"start":{"line":343,"column":41},"end":{"line":354,"column":null}}},"17":{"name":"(anonymous_40)","decl":{"start":{"line":356,"column":8},"end":{"line":356,"column":31}},"loc":{"start":{"line":356,"column":46},"end":{"line":370,"column":null}}},"18":{"name":"(anonymous_42)","decl":{"start":{"line":372,"column":8},"end":{"line":372,"column":26}},"loc":{"start":{"line":372,"column":65},"end":{"line":385,"column":null}}},"19":{"name":"(anonymous_44)","decl":{"start":{"line":388,"column":8},"end":{"line":388,"column":27}},"loc":{"start":{"line":388,"column":27},"end":{"line":398,"column":null}}},"20":{"name":"(anonymous_46)","decl":{"start":{"line":400,"column":8},"end":{"line":400,"column":26}},"loc":{"start":{"line":400,"column":37},"end":{"line":408,"column":null}}},"21":{"name":"(anonymous_48)","decl":{"start":{"line":410,"column":8},"end":{"line":410,"column":32}},"loc":{"start":{"line":410,"column":45},"end":{"line":418,"column":null}}},"22":{"name":"(anonymous_50)","decl":{"start":{"line":420,"column":8},"end":{"line":420,"column":32}},"loc":{"start":{"line":420,"column":46},"end":{"line":434,"column":null}}},"23":{"name":"(anonymous_52)","decl":{"start":{"line":436,"column":8},"end":{"line":436,"column":29}},"loc":{"start":{"line":436,"column":65},"end":{"line":452,"column":null}}},"24":{"name":"(anonymous_54)","decl":{"start":{"line":454,"column":8},"end":{"line":454,"column":29}},"loc":{"start":{"line":454,"column":86},"end":{"line":466,"column":null}}},"25":{"name":"(anonymous_56)","decl":{"start":{"line":468,"column":8},"end":{"line":468,"column":29}},"loc":{"start":{"line":468,"column":40},"end":{"line":476,"column":null}}},"26":{"name":"(anonymous_58)","decl":{"start":{"line":479,"column":8},"end":{"line":479,"column":27}},"loc":{"start":{"line":479,"column":27},"end":{"line":489,"column":null}}},"27":{"name":"(anonymous_60)","decl":{"start":{"line":491,"column":8},"end":{"line":491,"column":26}},"loc":{"start":{"line":491,"column":37},"end":{"line":499,"column":null}}},"28":{"name":"(anonymous_62)","decl":{"start":{"line":501,"column":8},"end":{"line":501,"column":29}},"loc":{"start":{"line":501,"column":65},"end":{"line":517,"column":null}}},"29":{"name":"(anonymous_64)","decl":{"start":{"line":519,"column":8},"end":{"line":519,"column":29}},"loc":{"start":{"line":519,"column":86},"end":{"line":531,"column":null}}},"30":{"name":"(anonymous_66)","decl":{"start":{"line":533,"column":8},"end":{"line":533,"column":29}},"loc":{"start":{"line":533,"column":40},"end":{"line":541,"column":null}}},"31":{"name":"(anonymous_68)","decl":{"start":{"line":544,"column":8},"end":{"line":544,"column":30}},"loc":{"start":{"line":544,"column":53},"end":{"line":584,"column":null}}},"32":{"name":"(anonymous_70)","decl":{"start":{"line":586,"column":8},"end":{"line":586,"column":29}},"loc":{"start":{"line":586,"column":40},"end":{"line":594,"column":null}}},"33":{"name":"(anonymous_72)","decl":{"start":{"line":596,"column":8},"end":{"line":596,"column":40}},"loc":{"start":{"line":596,"column":59},"end":{"line":607,"column":null}}},"34":{"name":"(anonymous_74)","decl":{"start":{"line":609,"column":8},"end":{"line":609,"column":32}},"loc":{"start":{"line":609,"column":70},"end":{"line":662,"column":null}}},"35":{"name":"(anonymous_76)","decl":{"start":{"line":624,"column":46},"end":{"line":624,"column":47}},"loc":{"start":{"line":624,"column":93},"end":{"line":636,"column":16}}},"36":{"name":"(anonymous_77)","decl":{"start":{"line":664,"column":8},"end":{"line":664,"column":32}},"loc":{"start":{"line":664,"column":91},"end":{"line":676,"column":null}}},"37":{"name":"(anonymous_79)","decl":{"start":{"line":678,"column":8},"end":{"line":678,"column":32}},"loc":{"start":{"line":678,"column":43},"end":{"line":686,"column":null}}},"38":{"name":"(anonymous_81)","decl":{"start":{"line":689,"column":8},"end":{"line":689,"column":32}},"loc":{"start":{"line":689,"column":48},"end":{"line":707,"column":null}}},"39":{"name":"(anonymous_83)","decl":{"start":{"line":699,"column":29},"end":{"line":699,"column":30}},"loc":{"start":{"line":699,"column":34},"end":{"line":699,"column":76}}},"40":{"name":"(anonymous_84)","decl":{"start":{"line":709,"column":8},"end":{"line":709,"column":31}},"loc":{"start":{"line":709,"column":42},"end":{"line":717,"column":null}}},"41":{"name":"(anonymous_86)","decl":{"start":{"line":719,"column":8},"end":{"line":719,"column":34}},"loc":{"start":{"line":719,"column":78},"end":{"line":749,"column":null}}},"42":{"name":"(anonymous_88)","decl":{"start":{"line":751,"column":8},"end":{"line":751,"column":34}},"loc":{"start":{"line":751,"column":99},"end":{"line":763,"column":null}}},"43":{"name":"(anonymous_90)","decl":{"start":{"line":767,"column":8},"end":{"line":767,"column":18}},"loc":{"start":{"line":767,"column":36},"end":{"line":787,"column":null}}},"44":{"name":"(anonymous_92)","decl":{"start":{"line":789,"column":8},"end":{"line":789,"column":17}},"loc":{"start":{"line":789,"column":28},"end":{"line":797,"column":null}}},"45":{"name":"(anonymous_94)","decl":{"start":{"line":799,"column":8},"end":{"line":799,"column":20}},"loc":{"start":{"line":799,"column":45},"end":{"line":814,"column":null}}},"46":{"name":"(anonymous_96)","decl":{"start":{"line":816,"column":8},"end":{"line":816,"column":20}},"loc":{"start":{"line":816,"column":66},"end":{"line":828,"column":null}}},"47":{"name":"(anonymous_98)","decl":{"start":{"line":830,"column":8},"end":{"line":830,"column":20}},"loc":{"start":{"line":830,"column":31},"end":{"line":838,"column":null}}},"48":{"name":"(anonymous_100)","decl":{"start":{"line":841,"column":8},"end":{"line":841,"column":33}},"loc":{"start":{"line":841,"column":72},"end":{"line":856,"column":null}}},"49":{"name":"(anonymous_102)","decl":{"start":{"line":858,"column":8},"end":{"line":858,"column":32}},"loc":{"start":{"line":858,"column":49},"end":{"line":869,"column":null}}},"50":{"name":"(anonymous_104)","decl":{"start":{"line":872,"column":8},"end":{"line":872,"column":18}},"loc":{"start":{"line":872,"column":131},"end":{"line":901,"column":null}}},"51":{"name":"(anonymous_106)","decl":{"start":{"line":903,"column":8},"end":{"line":903,"column":17}},"loc":{"start":{"line":903,"column":28},"end":{"line":911,"column":null}}},"52":{"name":"(anonymous_108)","decl":{"start":{"line":913,"column":8},"end":{"line":913,"column":20}},"loc":{"start":{"line":913,"column":41},"end":{"line":928,"column":null}}},"53":{"name":"(anonymous_110)","decl":{"start":{"line":930,"column":8},"end":{"line":930,"column":20}},"loc":{"start":{"line":930,"column":62},"end":{"line":945,"column":null}}},"54":{"name":"(anonymous_112)","decl":{"start":{"line":947,"column":8},"end":{"line":947,"column":26}},"loc":{"start":{"line":947,"column":41},"end":{"line":958,"column":null}}},"55":{"name":"(anonymous_114)","decl":{"start":{"line":960,"column":8},"end":{"line":960,"column":26}},"loc":{"start":{"line":960,"column":39},"end":{"line":979,"column":null}}},"56":{"name":"(anonymous_116)","decl":{"start":{"line":981,"column":8},"end":{"line":981,"column":28}},"loc":{"start":{"line":981,"column":131},"end":{"line":984,"column":null}}},"57":{"name":"(anonymous_118)","decl":{"start":{"line":986,"column":8},"end":{"line":986,"column":24}},"loc":{"start":{"line":986,"column":151},"end":{"line":989,"column":null}}},"58":{"name":"(anonymous_120)","decl":{"start":{"line":992,"column":8},"end":{"line":992,"column":22}},"loc":{"start":{"line":992,"column":165},"end":{"line":1041,"column":null}}},"59":{"name":"(anonymous_122)","decl":{"start":{"line":1009,"column":51},"end":{"line":1009,"column":52}},"loc":{"start":{"line":1009,"column":58},"end":{"line":1009,"column":62}}},"60":{"name":"(anonymous_123)","decl":{"start":{"line":1043,"column":8},"end":{"line":1043,"column":24}},"loc":{"start":{"line":1043,"column":57},"end":{"line":1051,"column":null}}},"61":{"name":"(anonymous_125)","decl":{"start":{"line":1053,"column":8},"end":{"line":1053,"column":24}},"loc":{"start":{"line":1053,"column":78},"end":{"line":1065,"column":null}}},"62":{"name":"(anonymous_127)","decl":{"start":{"line":1068,"column":8},"end":{"line":1068,"column":24}},"loc":{"start":{"line":1068,"column":39},"end":{"line":1075,"column":null}}},"63":{"name":"(anonymous_129)","decl":{"start":{"line":1077,"column":8},"end":{"line":1077,"column":26}},"loc":{"start":{"line":1077,"column":138},"end":{"line":1085,"column":null}}},"64":{"name":"(anonymous_131)","decl":{"start":{"line":1087,"column":8},"end":{"line":1087,"column":30}},"loc":{"start":{"line":1087,"column":41},"end":{"line":1095,"column":null}}},"65":{"name":"(anonymous_133)","decl":{"start":{"line":1097,"column":8},"end":{"line":1097,"column":34}},"loc":{"start":{"line":1097,"column":49},"end":{"line":1105,"column":null}}},"66":{"name":"(anonymous_135)","decl":{"start":{"line":1108,"column":8},"end":{"line":1108,"column":20}},"loc":{"start":{"line":1108,"column":90},"end":{"line":1130,"column":null}}},"67":{"name":"(anonymous_137)","decl":{"start":{"line":1132,"column":8},"end":{"line":1132,"column":19}},"loc":{"start":{"line":1132,"column":30},"end":{"line":1140,"column":null}}},"68":{"name":"(anonymous_139)","decl":{"start":{"line":1142,"column":8},"end":{"line":1142,"column":22}},"loc":{"start":{"line":1142,"column":47},"end":{"line":1150,"column":null}}},"69":{"name":"(anonymous_141)","decl":{"start":{"line":1152,"column":8},"end":{"line":1152,"column":22}},"loc":{"start":{"line":1152,"column":68},"end":{"line":1160,"column":null}}},"70":{"name":"(anonymous_143)","decl":{"start":{"line":1162,"column":8},"end":{"line":1162,"column":22}},"loc":{"start":{"line":1162,"column":33},"end":{"line":1170,"column":null}}},"71":{"name":"(anonymous_145)","decl":{"start":{"line":1173,"column":8},"end":{"line":1173,"column":18}},"loc":{"start":{"line":1173,"column":18},"end":{"line":1173,"column":null}}},"72":{"name":"(anonymous_146)","decl":{"start":{"line":1173,"column":42},"end":{"line":1173,"column":49}},"loc":{"start":{"line":1173,"column":42},"end":{"line":1173,"column":54}}},"73":{"name":"(anonymous_147)","decl":{"start":{"line":1174,"column":8},"end":{"line":1174,"column":17}},"loc":{"start":{"line":1174,"column":28},"end":{"line":1174,"column":null}}},"74":{"name":"(anonymous_148)","decl":{"start":{"line":1174,"column":61},"end":{"line":1174,"column":68}},"loc":{"start":{"line":1174,"column":61},"end":{"line":1174,"column":80}}},"75":{"name":"(anonymous_149)","decl":{"start":{"line":1175,"column":8},"end":{"line":1175,"column":23}},"loc":{"start":{"line":1175,"column":36},"end":{"line":1175,"column":null}}},"76":{"name":"(anonymous_150)","decl":{"start":{"line":1175,"column":69},"end":{"line":1175,"column":76}},"loc":{"start":{"line":1175,"column":69},"end":{"line":1175,"column":88}}},"77":{"name":"(anonymous_151)","decl":{"start":{"line":1176,"column":8},"end":{"line":1176,"column":20}},"loc":{"start":{"line":1176,"column":41},"end":{"line":1176,"column":null}}},"78":{"name":"(anonymous_152)","decl":{"start":{"line":1176,"column":62},"end":{"line":1176,"column":68}},"loc":{"start":{"line":1176,"column":62},"end":{"line":1176,"column":99}}},"79":{"name":"(anonymous_153)","decl":{"start":{"line":1177,"column":8},"end":{"line":1177,"column":20}},"loc":{"start":{"line":1177,"column":62},"end":{"line":1177,"column":null}}},"80":{"name":"(anonymous_154)","decl":{"start":{"line":1177,"column":95},"end":{"line":1177,"column":102}},"loc":{"start":{"line":1177,"column":95},"end":{"line":1177,"column":114}}},"81":{"name":"(anonymous_155)","decl":{"start":{"line":1178,"column":8},"end":{"line":1178,"column":20}},"loc":{"start":{"line":1178,"column":31},"end":{"line":1178,"column":null}}},"82":{"name":"(anonymous_156)","decl":{"start":{"line":1178,"column":53},"end":{"line":1178,"column":60}},"loc":{"start":{"line":1178,"column":53},"end":{"line":1178,"column":68}}},"83":{"name":"(anonymous_157)","decl":{"start":{"line":1179,"column":8},"end":{"line":1179,"column":26}},"loc":{"start":{"line":1179,"column":49},"end":{"line":1179,"column":null}}},"84":{"name":"(anonymous_158)","decl":{"start":{"line":1179,"column":72},"end":{"line":1179,"column":79}},"loc":{"start":{"line":1179,"column":72},"end":{"line":1179,"column":84}}},"85":{"name":"(anonymous_159)","decl":{"start":{"line":1182,"column":8},"end":{"line":1182,"column":24}},"loc":{"start":{"line":1182,"column":42},"end":{"line":1182,"column":null}}},"86":{"name":"(anonymous_160)","decl":{"start":{"line":1182,"column":71},"end":{"line":1182,"column":78}},"loc":{"start":{"line":1182,"column":71},"end":{"line":1182,"column":83}}},"87":{"name":"(anonymous_161)","decl":{"start":{"line":1183,"column":8},"end":{"line":1183,"column":23}},"loc":{"start":{"line":1183,"column":34},"end":{"line":1183,"column":null}}},"88":{"name":"(anonymous_162)","decl":{"start":{"line":1183,"column":73},"end":{"line":1183,"column":80}},"loc":{"start":{"line":1183,"column":73},"end":{"line":1183,"column":92}}},"89":{"name":"(anonymous_163)","decl":{"start":{"line":1184,"column":8},"end":{"line":1184,"column":26}},"loc":{"start":{"line":1184,"column":53},"end":{"line":1184,"column":null}}},"90":{"name":"(anonymous_164)","decl":{"start":{"line":1184,"column":80},"end":{"line":1184,"column":86}},"loc":{"start":{"line":1184,"column":80},"end":{"line":1184,"column":117}}},"91":{"name":"(anonymous_165)","decl":{"start":{"line":1185,"column":8},"end":{"line":1185,"column":26}},"loc":{"start":{"line":1185,"column":74},"end":{"line":1185,"column":null}}},"92":{"name":"(anonymous_166)","decl":{"start":{"line":1185,"column":113},"end":{"line":1185,"column":120}},"loc":{"start":{"line":1185,"column":113},"end":{"line":1185,"column":132}}},"93":{"name":"(anonymous_167)","decl":{"start":{"line":1186,"column":8},"end":{"line":1186,"column":26}},"loc":{"start":{"line":1186,"column":37},"end":{"line":1186,"column":null}}},"94":{"name":"(anonymous_168)","decl":{"start":{"line":1186,"column":59},"end":{"line":1186,"column":66}},"loc":{"start":{"line":1186,"column":59},"end":{"line":1186,"column":74}}},"95":{"name":"(anonymous_169)","decl":{"start":{"line":1187,"column":8},"end":{"line":1187,"column":30}},"loc":{"start":{"line":1187,"column":45},"end":{"line":1187,"column":null}}},"96":{"name":"(anonymous_170)","decl":{"start":{"line":1187,"column":74},"end":{"line":1187,"column":81}},"loc":{"start":{"line":1187,"column":74},"end":{"line":1187,"column":86}}},"97":{"name":"(anonymous_171)","decl":{"start":{"line":1188,"column":8},"end":{"line":1188,"column":31}},"loc":{"start":{"line":1188,"column":64},"end":{"line":1188,"column":null}}},"98":{"name":"(anonymous_172)","decl":{"start":{"line":1188,"column":103},"end":{"line":1188,"column":110}},"loc":{"start":{"line":1188,"column":103},"end":{"line":1188,"column":122}}},"99":{"name":"(anonymous_173)","decl":{"start":{"line":1191,"column":8},"end":{"line":1191,"column":19}},"loc":{"start":{"line":1191,"column":42},"end":{"line":1191,"column":null}}},"100":{"name":"(anonymous_174)","decl":{"start":{"line":1191,"column":66},"end":{"line":1191,"column":73}},"loc":{"start":{"line":1191,"column":66},"end":{"line":1191,"column":78}}},"101":{"name":"(anonymous_175)","decl":{"start":{"line":1192,"column":8},"end":{"line":1192,"column":18}},"loc":{"start":{"line":1192,"column":29},"end":{"line":1192,"column":null}}},"102":{"name":"(anonymous_176)","decl":{"start":{"line":1192,"column":63},"end":{"line":1192,"column":70}},"loc":{"start":{"line":1192,"column":63},"end":{"line":1192,"column":82}}},"103":{"name":"(anonymous_177)","decl":{"start":{"line":1193,"column":8},"end":{"line":1193,"column":21}},"loc":{"start":{"line":1193,"column":44},"end":{"line":1193,"column":null}}},"104":{"name":"(anonymous_178)","decl":{"start":{"line":1193,"column":66},"end":{"line":1193,"column":72}},"loc":{"start":{"line":1193,"column":66},"end":{"line":1193,"column":103}}},"105":{"name":"(anonymous_179)","decl":{"start":{"line":1194,"column":8},"end":{"line":1194,"column":21}},"loc":{"start":{"line":1194,"column":65},"end":{"line":1194,"column":null}}},"106":{"name":"(anonymous_180)","decl":{"start":{"line":1194,"column":99},"end":{"line":1194,"column":106}},"loc":{"start":{"line":1194,"column":99},"end":{"line":1194,"column":118}}},"107":{"name":"(anonymous_181)","decl":{"start":{"line":1195,"column":8},"end":{"line":1195,"column":21}},"loc":{"start":{"line":1195,"column":32},"end":{"line":1195,"column":null}}},"108":{"name":"(anonymous_182)","decl":{"start":{"line":1195,"column":54},"end":{"line":1195,"column":61}},"loc":{"start":{"line":1195,"column":54},"end":{"line":1195,"column":69}}},"109":{"name":"(anonymous_183)","decl":{"start":{"line":1198,"column":8},"end":{"line":1198,"column":26}},"loc":{"start":{"line":1198,"column":78},"end":{"line":1198,"column":null}}},"110":{"name":"(anonymous_184)","decl":{"start":{"line":1198,"column":109},"end":{"line":1198,"column":116}},"loc":{"start":{"line":1198,"column":109},"end":{"line":1198,"column":121}}},"111":{"name":"(anonymous_185)","decl":{"start":{"line":1199,"column":8},"end":{"line":1199,"column":25}},"loc":{"start":{"line":1199,"column":36},"end":{"line":1199,"column":null}}},"112":{"name":"(anonymous_186)","decl":{"start":{"line":1199,"column":77},"end":{"line":1199,"column":84}},"loc":{"start":{"line":1199,"column":77},"end":{"line":1199,"column":96}}},"113":{"name":"(anonymous_187)","decl":{"start":{"line":1200,"column":8},"end":{"line":1200,"column":28}},"loc":{"start":{"line":1200,"column":58},"end":{"line":1200,"column":null}}},"114":{"name":"(anonymous_188)","decl":{"start":{"line":1200,"column":87},"end":{"line":1200,"column":93}},"loc":{"start":{"line":1200,"column":87},"end":{"line":1200,"column":124}}},"115":{"name":"(anonymous_189)","decl":{"start":{"line":1201,"column":8},"end":{"line":1201,"column":28}},"loc":{"start":{"line":1201,"column":79},"end":{"line":1201,"column":null}}},"116":{"name":"(anonymous_190)","decl":{"start":{"line":1201,"column":120},"end":{"line":1201,"column":127}},"loc":{"start":{"line":1201,"column":120},"end":{"line":1201,"column":139}}},"117":{"name":"(anonymous_191)","decl":{"start":{"line":1202,"column":8},"end":{"line":1202,"column":28}},"loc":{"start":{"line":1202,"column":39},"end":{"line":1202,"column":null}}},"118":{"name":"(anonymous_192)","decl":{"start":{"line":1202,"column":61},"end":{"line":1202,"column":68}},"loc":{"start":{"line":1202,"column":61},"end":{"line":1202,"column":76}}},"119":{"name":"(anonymous_193)","decl":{"start":{"line":1205,"column":8},"end":{"line":1205,"column":39}},"loc":{"start":{"line":1205,"column":88},"end":{"line":1224,"column":null}}},"120":{"name":"(anonymous_195)","decl":{"start":{"line":1226,"column":8},"end":{"line":1226,"column":38}},"loc":{"start":{"line":1226,"column":49},"end":{"line":1234,"column":null}}},"121":{"name":"(anonymous_197)","decl":{"start":{"line":1236,"column":8},"end":{"line":1236,"column":41}},"loc":{"start":{"line":1236,"column":84},"end":{"line":1250,"column":null}}},"122":{"name":"(anonymous_199)","decl":{"start":{"line":1252,"column":8},"end":{"line":1252,"column":41}},"loc":{"start":{"line":1252,"column":99},"end":{"line":1275,"column":null}}},"123":{"name":"(anonymous_201)","decl":{"start":{"line":1278,"column":8},"end":{"line":1278,"column":35}},"loc":{"start":{"line":1278,"column":103},"end":{"line":1348,"column":null}}},"124":{"name":"(anonymous_203)","decl":{"start":{"line":1307,"column":44},"end":{"line":1307,"column":45}},"loc":{"start":{"line":1307,"column":49},"end":{"line":1307,"column":53}}},"125":{"name":"(anonymous_204)","decl":{"start":{"line":1313,"column":25},"end":{"line":1313,"column":31}},"loc":{"start":{"line":1313,"column":34},"end":{"line":1318,"column":7}}},"126":{"name":"(anonymous_205)","decl":{"start":{"line":1322,"column":13},"end":{"line":1322,"column":14}},"loc":{"start":{"line":1322,"column":18},"end":{"line":1322,"column":37}}},"127":{"name":"(anonymous_206)","decl":{"start":{"line":1323,"column":16},"end":{"line":1323,"column":17}},"loc":{"start":{"line":1323,"column":38},"end":{"line":1323,"column":49}}},"128":{"name":"(anonymous_207)","decl":{"start":{"line":1329,"column":26},"end":{"line":1329,"column":34}},"loc":{"start":{"line":1329,"column":37},"end":{"line":1331,"column":9}}},"129":{"name":"(anonymous_208)","decl":{"start":{"line":1335,"column":53},"end":{"line":1335,"column":63}},"loc":{"start":{"line":1335,"column":67},"end":{"line":1340,"column":null}}},"130":{"name":"(anonymous_209)","decl":{"start":{"line":1350,"column":8},"end":{"line":1350,"column":34}},"loc":{"start":{"line":1350,"column":45},"end":{"line":1360,"column":null}}},"131":{"name":"(anonymous_211)","decl":{"start":{"line":1362,"column":8},"end":{"line":1362,"column":37}},"loc":{"start":{"line":1362,"column":80},"end":{"line":1372,"column":null}}},"132":{"name":"(anonymous_213)","decl":{"start":{"line":1374,"column":8},"end":{"line":1374,"column":37}},"loc":{"start":{"line":1374,"column":101},"end":{"line":1385,"column":null}}},"133":{"name":"(anonymous_215)","decl":{"start":{"line":1388,"column":8},"end":{"line":1388,"column":34}},"loc":{"start":{"line":1388,"column":117},"end":{"line":1413,"column":null}}},"134":{"name":"(anonymous_217)","decl":{"start":{"line":1415,"column":8},"end":{"line":1415,"column":33}},"loc":{"start":{"line":1415,"column":44},"end":{"line":1425,"column":null}}},"135":{"name":"(anonymous_219)","decl":{"start":{"line":1427,"column":8},"end":{"line":1427,"column":43}},"loc":{"start":{"line":1427,"column":60},"end":{"line":1437,"column":null}}},"136":{"name":"(anonymous_221)","decl":{"start":{"line":1439,"column":8},"end":{"line":1439,"column":43}},"loc":{"start":{"line":1439,"column":61},"end":{"line":1448,"column":null}}},"137":{"name":"(anonymous_223)","decl":{"start":{"line":1450,"column":8},"end":{"line":1450,"column":36}},"loc":{"start":{"line":1450,"column":77},"end":{"line":1460,"column":null}}},"138":{"name":"(anonymous_225)","decl":{"start":{"line":1462,"column":8},"end":{"line":1462,"column":36}},"loc":{"start":{"line":1462,"column":98},"end":{"line":1473,"column":null}}},"139":{"name":"(anonymous_227)","decl":{"start":{"line":1475,"column":8},"end":{"line":1475,"column":37}},"loc":{"start":{"line":1475,"column":110},"end":{"line":1520,"column":null}}},"140":{"name":"(anonymous_229)","decl":{"start":{"line":1522,"column":8},"end":{"line":1522,"column":36}},"loc":{"start":{"line":1522,"column":91},"end":{"line":1539,"column":null}}},"141":{"name":"(anonymous_231)","decl":{"start":{"line":1541,"column":8},"end":{"line":1541,"column":44}},"loc":{"start":{"line":1541,"column":117},"end":{"line":1577,"column":null}}}},"branchMap":{"0":{"loc":{"start":{"line":42,"column":6},"end":{"line":44,"column":7}},"type":"if","locations":[{"start":{"line":42,"column":6},"end":{"line":44,"column":7}},{"start":{},"end":{}}]},"1":{"loc":{"start":{"line":47,"column":6},"end":{"line":49,"column":7}},"type":"if","locations":[{"start":{"line":47,"column":6},"end":{"line":49,"column":7}},{"start":{},"end":{}}]},"2":{"loc":{"start":{"line":214,"column":34},"end":{"line":214,"column":96}},"type":"cond-expr","locations":[{"start":{"line":214,"column":47},"end":{"line":214,"column":84}},{"start":{"line":214,"column":87},"end":{"line":214,"column":96}}]},"3":{"loc":{"start":{"line":216,"column":6},"end":{"line":239,"column":7}},"type":"if","locations":[{"start":{"line":216,"column":6},"end":{"line":239,"column":7}},{"start":{"line":224,"column":13},"end":{"line":239,"column":7}}]},"4":{"loc":{"start":{"line":224,"column":13},"end":{"line":239,"column":7}},"type":"if","locations":[{"start":{"line":224,"column":13},"end":{"line":239,"column":7}},{"start":{"line":232,"column":13},"end":{"line":239,"column":7}}]},"5":{"loc":{"start":{"line":279,"column":6},"end":{"line":279,"column":42}},"type":"if","locations":[{"start":{"line":279,"column":6},"end":{"line":279,"column":42}},{"start":{},"end":{}}]},"6":{"loc":{"start":{"line":282,"column":31},"end":{"line":282,"column":158}},"type":"cond-expr","locations":[{"start":{"line":282,"column":106},"end":{"line":282,"column":153}},{"start":{"line":282,"column":156},"end":{"line":282,"column":158}}]},"7":{"loc":{"start":{"line":282,"column":31},"end":{"line":282,"column":103}},"type":"binary-expr","locations":[{"start":{"line":282,"column":31},"end":{"line":282,"column":55}},{"start":{"line":282,"column":59},"end":{"line":282,"column":103}}]},"8":{"loc":{"start":{"line":283,"column":34},"end":{"line":283,"column":156}},"type":"cond-expr","locations":[{"start":{"line":283,"column":101},"end":{"line":283,"column":144}},{"start":{"line":283,"column":147},"end":{"line":283,"column":156}}]},"9":{"loc":{"start":{"line":283,"column":34},"end":{"line":283,"column":98}},"type":"binary-expr","locations":[{"start":{"line":283,"column":34},"end":{"line":283,"column":54}},{"start":{"line":283,"column":58},"end":{"line":283,"column":98}}]},"10":{"loc":{"start":{"line":284,"column":32},"end":{"line":296,"column":26}},"type":"cond-expr","locations":[{"start":{"line":285,"column":9},"end":{"line":294,"column":null}},{"start":{"line":296,"column":10},"end":{"line":296,"column":26}}]},"11":{"loc":{"start":{"line":289,"column":16},"end":{"line":294,"column":14}},"type":"binary-expr","locations":[{"start":{"line":289,"column":16},"end":{"line":289,"column":43}},{"start":{"line":289,"column":47},"end":{"line":294,"column":14}}]},"12":{"loc":{"start":{"line":291,"column":20},"end":{"line":291,"column":50}},"type":"binary-expr","locations":[{"start":{"line":291,"column":20},"end":{"line":291,"column":44}},{"start":{"line":291,"column":48},"end":{"line":291,"column":50}}]},"13":{"loc":{"start":{"line":422,"column":6},"end":{"line":424,"column":7}},"type":"if","locations":[{"start":{"line":422,"column":6},"end":{"line":424,"column":7}},{"start":{},"end":{}}]},"14":{"loc":{"start":{"line":471,"column":14},"end":{"line":471,"column":34}},"type":"cond-expr","locations":[{"start":{"line":471,"column":29},"end":{"line":471,"column":33}},{"start":{"line":471,"column":33},"end":{"line":471,"column":34}}]},"15":{"loc":{"start":{"line":471,"column":14},"end":{"line":471,"column":33}},"type":"binary-expr","locations":[{"start":{"line":471,"column":14},"end":{"line":471,"column":33}},{"start":{"line":471,"column":29},"end":{"line":471,"column":33}}]},"16":{"loc":{"start":{"line":536,"column":14},"end":{"line":536,"column":34}},"type":"cond-expr","locations":[{"start":{"line":536,"column":29},"end":{"line":536,"column":33}},{"start":{"line":536,"column":33},"end":{"line":536,"column":34}}]},"17":{"loc":{"start":{"line":536,"column":14},"end":{"line":536,"column":33}},"type":"binary-expr","locations":[{"start":{"line":536,"column":14},"end":{"line":536,"column":33}},{"start":{"line":536,"column":29},"end":{"line":536,"column":33}}]},"18":{"loc":{"start":{"line":547,"column":6},"end":{"line":549,"column":7}},"type":"if","locations":[{"start":{"line":547,"column":6},"end":{"line":549,"column":7}},{"start":{},"end":{}}]},"19":{"loc":{"start":{"line":612,"column":28},"end":{"line":612,"column":61}},"type":"cond-expr","locations":[{"start":{"line":612,"column":55},"end":{"line":612,"column":59}},{"start":{"line":612,"column":59},"end":{"line":612,"column":61}}]},"20":{"loc":{"start":{"line":612,"column":28},"end":{"line":612,"column":59}},"type":"binary-expr","locations":[{"start":{"line":612,"column":28},"end":{"line":612,"column":59}},{"start":{"line":612,"column":55},"end":{"line":612,"column":59}}]},"21":{"loc":{"start":{"line":614,"column":6},"end":{"line":643,"column":7}},"type":"if","locations":[{"start":{"line":614,"column":6},"end":{"line":643,"column":7}},{"start":{},"end":{}}]},"22":{"loc":{"start":{"line":614,"column":10},"end":{"line":614,"column":95}},"type":"binary-expr","locations":[{"start":{"line":614,"column":10},"end":{"line":614,"column":38}},{"start":{"line":614,"column":42},"end":{"line":614,"column":95}}]},"23":{"loc":{"start":{"line":618,"column":10},"end":{"line":638,"column":11}},"type":"if","locations":[{"start":{"line":618,"column":10},"end":{"line":638,"column":11}},{"start":{},"end":{}}]},"24":{"loc":{"start":{"line":618,"column":14},"end":{"line":618,"column":53}},"type":"binary-expr","locations":[{"start":{"line":618,"column":14},"end":{"line":618,"column":22}},{"start":{"line":618,"column":26},"end":{"line":618,"column":53}}]},"25":{"loc":{"start":{"line":621,"column":12},"end":{"line":637,"column":13}},"type":"if","locations":[{"start":{"line":621,"column":12},"end":{"line":637,"column":13}},{"start":{},"end":{}}]},"26":{"loc":{"start":{"line":626,"column":22},"end":{"line":626,"column":59}},"type":"binary-expr","locations":[{"start":{"line":626,"column":22},"end":{"line":626,"column":42}},{"start":{"line":626,"column":46},"end":{"line":626,"column":59}}]},"27":{"loc":{"start":{"line":627,"column":29},"end":{"line":627,"column":55}},"type":"binary-expr","locations":[{"start":{"line":627,"column":29},"end":{"line":627,"column":49}},{"start":{"line":627,"column":53},"end":{"line":627,"column":55}}]},"28":{"loc":{"start":{"line":629,"column":23},"end":{"line":629,"column":50}},"type":"binary-expr","locations":[{"start":{"line":629,"column":23},"end":{"line":629,"column":44}},{"start":{"line":629,"column":48},"end":{"line":629,"column":50}}]},"29":{"loc":{"start":{"line":630,"column":26},"end":{"line":630,"column":98}},"type":"cond-expr","locations":[{"start":{"line":630,"column":46},"end":{"line":630,"column":86}},{"start":{"line":630,"column":89},"end":{"line":630,"column":98}}]},"30":{"loc":{"start":{"line":631,"column":26},"end":{"line":631,"column":98}},"type":"cond-expr","locations":[{"start":{"line":631,"column":46},"end":{"line":631,"column":86}},{"start":{"line":631,"column":89},"end":{"line":631,"column":98}}]},"31":{"loc":{"start":{"line":632,"column":22},"end":{"line":632,"column":48}},"type":"binary-expr","locations":[{"start":{"line":632,"column":22},"end":{"line":632,"column":35}},{"start":{"line":632,"column":39},"end":{"line":632,"column":48}}]},"32":{"loc":{"start":{"line":633,"column":28},"end":{"line":633,"column":56}},"type":"binary-expr","locations":[{"start":{"line":633,"column":28},"end":{"line":633,"column":47}},{"start":{"line":633,"column":51},"end":{"line":633,"column":56}}]},"33":{"loc":{"start":{"line":635,"column":25},"end":{"line":635,"column":54}},"type":"binary-expr","locations":[{"start":{"line":635,"column":25},"end":{"line":635,"column":41}},{"start":{"line":635,"column":45},"end":{"line":635,"column":54}}]},"34":{"loc":{"start":{"line":650,"column":25},"end":{"line":650,"column":56}},"type":"cond-expr","locations":[{"start":{"line":650,"column":50},"end":{"line":650,"column":54}},{"start":{"line":650,"column":54},"end":{"line":650,"column":56}}]},"35":{"loc":{"start":{"line":650,"column":25},"end":{"line":650,"column":54}},"type":"binary-expr","locations":[{"start":{"line":650,"column":25},"end":{"line":650,"column":54}},{"start":{"line":650,"column":50},"end":{"line":650,"column":54}}]},"36":{"loc":{"start":{"line":652,"column":20},"end":{"line":652,"column":48}},"type":"cond-expr","locations":[{"start":{"line":652,"column":40},"end":{"line":652,"column":44}},{"start":{"line":652,"column":44},"end":{"line":652,"column":48}}]},"37":{"loc":{"start":{"line":652,"column":20},"end":{"line":652,"column":44}},"type":"binary-expr","locations":[{"start":{"line":652,"column":20},"end":{"line":652,"column":44}},{"start":{"line":652,"column":40},"end":{"line":652,"column":44}}]},"38":{"loc":{"start":{"line":681,"column":14},"end":{"line":681,"column":34}},"type":"cond-expr","locations":[{"start":{"line":681,"column":29},"end":{"line":681,"column":33}},{"start":{"line":681,"column":33},"end":{"line":681,"column":34}}]},"39":{"loc":{"start":{"line":681,"column":14},"end":{"line":681,"column":33}},"type":"binary-expr","locations":[{"start":{"line":681,"column":14},"end":{"line":681,"column":33}},{"start":{"line":681,"column":29},"end":{"line":681,"column":33}}]},"40":{"loc":{"start":{"line":697,"column":6},"end":{"line":700,"column":7}},"type":"if","locations":[{"start":{"line":697,"column":6},"end":{"line":700,"column":7}},{"start":{},"end":{}}]},"41":{"loc":{"start":{"line":699,"column":34},"end":{"line":699,"column":76}},"type":"binary-expr","locations":[{"start":{"line":699,"column":34},"end":{"line":699,"column":50}},{"start":{"line":699,"column":54},"end":{"line":699,"column":76}}]},"42":{"loc":{"start":{"line":726,"column":25},"end":{"line":726,"column":62}},"type":"cond-expr","locations":[{"start":{"line":726,"column":54},"end":{"line":726,"column":58}},{"start":{"line":726,"column":58},"end":{"line":726,"column":62}}]},"43":{"loc":{"start":{"line":726,"column":25},"end":{"line":726,"column":58}},"type":"binary-expr","locations":[{"start":{"line":726,"column":25},"end":{"line":726,"column":58}},{"start":{"line":726,"column":54},"end":{"line":726,"column":58}}]},"44":{"loc":{"start":{"line":727,"column":17},"end":{"line":727,"column":46}},"type":"cond-expr","locations":[{"start":{"line":727,"column":38},"end":{"line":727,"column":42}},{"start":{"line":727,"column":42},"end":{
[...]
,1],"479":[0,1],"480":[1,1],"481":[0,1],"482":[1,1],"483":[0,1],"484":[1,1],"485":[0,1],"486":[1,1],"487":[1,1],"488":[1,1],"489":[0,1],"490":[1,1],"491":[0,1],"492":[1,1],"493":[0,1],"494":[1,1],"495":[0,1],"496":[1,1],"497":[0,1],"498":[1,1],"499":[0,1],"500":[1,1],"501":[0,1],"502":[1,1],"503":[0,1],"504":[1,1],"505":[0,1],"506":[1,1],"507":[0,1],"508":[1,1],"509":[0,1],"510":[1,1],"511":[0,1],"512":[1,1],"513":[0,1],"514":[1,1],"515":[0,1],"516":[1,1],"517":[0,1],"518":[1,1],"519":[0,1],"520":[1,1],"521":[0,1],"522":[1,1],"523":[0,1],"524":[1,1],"525":[0,1],"526":[1,1],"527":[0,1],"528":[1,1],"529":[0,1],"530":[1,1],"531":[0,1],"532":[1,1],"533":[0,1],"534":[1,1],"535":[0,1],"536":[1,1],"537":[0,1],"538":[1,1],"539":[0,1],"540":[1,1],"541":[0,1],"542":[1,1],"543":[0,1],"544":[1,1],"545":[0,1],"546":[1,1],"547":[0,1],"548":[1,1],"549":[0,1],"550":[1,1],"551":[0,1],"552":[1,1],"553":[0,1],"554":[1,1],"555":[0,1],"556":[1,1],"557":[0,1],"558":[1,1],"559":[0,1],"560":[1,1],"561":[0,1],"562":[1,1],"563":[0,1],"564":[1,1],"565":[0,1],"566":[1,1],"567":[0,1],"568":[1,1],"569":[0,1],"570":[1,1],"571":[0,1],"572":[1,1],"573":[0,1],"574":[1,1],"575":[0,1],"576":[1,1],"577":[0,1],"578":[1,1],"579":[0,1],"580":[1,1],"581":[0,1],"582":[1,1],"583":[0,1],"584":[1,1],"585":[0,1],"586":[1,1],"587":[0,1],"588":[1,1],"589":[0,1],"590":[1,1],"591":[0,1],"592":[1,1],"593":[0,1],"594":[1,1],"595":[0,1],"596":[1,1],"597":[0,1],"598":[1,1],"599":[0,1],"600":[1,1],"601":[0,1],"602":[1,1],"603":[0,1],"604":[1,1],"605":[0,1],"606":[1,1],"607":[0,1],"608":[1,1],"609":[0,1],"610":[1,1],"611":[0,1],"612":[1,1],"613":[0,1],"614":[1,1],"615":[0,1],"616":[1,1],"617":[0,1],"618":[1,1],"619":[0,1],"620":[1,1],"621":[0,1],"622":[1,1],"623":[0,1],"624":[1,1],"625":[0,1],"626":[1,1],"627":[0,1],"628":[1,1],"629":[0,1],"630":[1,1],"631":[0,1],"632":[1,1],"633":[0,1],"634":[1,1],"635":[0,1],"636":[1,1],"637":[0,1],"638":[1,1],"639":[0,0],"640":[0,0],"641":[0,0],"642":[0,0],"643":[0,0],"644":[0,0],"645":[0,0],"646":[0,0],"647":[0,0],"648":[0,0],"649":[0,0],"650":[0,0],"651":[0,0],"652":[0,0],"653":[0,0],"654":[0,0],"655":[0,0],"656":[0,0],"657":[0,0],"658":[0,0],"659":[0,0],"660":[0,0],"661":[0,0],"662":[0,0],"663":[0,0],"664":[0,0],"665":[0,0],"666":[0,0],"667":[0,0],"668":[0,0],"669":[0,0],"670":[0,0],"671":[0,0],"672":[0,0],"673":[0,0],"674":[0,0],"675":[0,0],"676":[0,0],"677":[0,0],"678":[0,0],"679":[0,0],"680":[0,0],"681":[0,0],"682":[0,0],"683":[0,0],"684":[0,0],"685":[0,0],"686":[0,0],"687":[0,0],"688":[0,0],"689":[0,0],"690":[0,0],"691":[0,0],"692":[0,0],"693":[0,0],"694":[0,0],"695":[0,0],"696":[0,0],"697":[0,0],"698":[0,0],"699":[0,0],"700":[0,0],"701":[0,0],"702":[0,0],"703":[0,0],"704":[0,0],"705":[0,0],"706":[0,0],"707":[0,0],"708":[0,0],"709":[0,0],"710":[0,0],"711":[0,0],"712":[0,0],"713":[0,0],"714":[0,0],"715":[0,0],"716":[0,0],"717":[0,0],"718":[0,0],"719":[0,0],"720":[0,0],"721":[0,0],"722":[0,0],"723":[0,0],"724":[0,0],"725":[0,0],"726":[0,0],"727":[0,0],"728":[0,0],"729":[0,0],"730":[0,0],"731":[0,0],"732":[0,0],"733":[0,0],"734":[0,0],"735":[0,0],"736":[0,0],"737":[0,0],"738":[0,0],"739":[0,0],"740":[0,0],"741":[0,0],"742":[0,0],"743":[0,0],"744":[0,0],"745":[0,0],"746":[0,0],"747":[0,0],"748":[0,0],"749":[0,0],"750":[0,0],"751":[0,0],"752":[0,0],"753":[0,0],"754":[0,0],"755":[0,0],"756":[0,0],"757":[0,0],"758":[0,0],"759":[0,0],"760":[0,0],"761":[0,0],"762":[0,0],"763":[0,0],"764":[0,0],"765":[0,0],"766":[0,0],"767":[0,0],"768":[0,0],"769":[0,0],"770":[0,0],"771":[0,0],"772":[0,0],"773":[0,0],"774":[0,0],"775":[0,0],"776":[0,0],"777":[0,0],"778":[0,0],"779":[0,0],"780":[0,0],"781":[0,0],"782":[0,0],"783":[0,0],"784":[0,0],"785":[0,0],"786":[0,0],"787":[0,0],"788":[0,0],"789":[0,0],"790":[0,0],"791":[0,0],"792":[0,0],"793":[0,0],"794":[0,0],"795":[0,0],"796":[0,0],"797":[0,0],"798":[0,0],"799":[0,0],"800":[0,0],"801":[0,0],"802":[0,0],"803":[0,0],"804":[0,0],"805":[0,0],"806":[0,0],"807":[0,0],"808":[0,0],"809":[0,0],"810":[0,0],"811":[0,0],"812":[0,0],"813":[0,0],"814":[0,0],"815":[0,0],"816":[0,0],"817":[0,0],"818":[0,0],"819":[0,0],"820":[0,0],"821":[0,0],"822":[0,0],"823":[0,0],"824":[0,0],"825":[0,0],"826":[0,0],"827":[0,0],"828":[0,0],"829":[0,0],"830":[0,0],"831":[0,0],"832":[0,0],"833":[0,0],"834":[0,0],"835":[0,0],"836":[0,0],"837":[0,0],"838":[0,0],"839":[0,0],"840":[0,0],"841":[0,0],"842":[0,0],"843":[0,0],"844":[0,0],"845":[0,0],"846":[0,0],"847":[0,0],"848":[0,0],"849":[0,0],"850":[0,0],"851":[0,0],"852":[0,0],"853":[0,0],"854":[0,0],"855":[0,0],"856":[0,0],"857":[0,0],"858":[0,0],"859":[0,0],"860":[0,0],"861":[0,0],"862":[0,0],"863":[0,0],"864":[0,0],"865":[0,0],"866":[0,0],"867":[0,0],"868":[0,0],"869":[0,0],"870":[0,0],"871":[0,0],"872":[0,0],"873":[0,0],"874":[0,0],"875":[0,0],"876":[0,0],"877":[0,0],"878":[0,0],"879":[0,0],"880":[0,0],"881":[0,0],"882":[0,0],"883":[0,0],"884":[0,0],"885":[0,0],"886":[0,0],"887":[0,0],"888":[0,0],"889":[0,0],"890":[0,0],"891":[0,0],"892":[0,0],"893":[0,0],"894":[0,0],"895":[0,0],"896":[0,0],"897":[0,0],"898":[0,0],"899":[0,0],"900":[0,0],"901":[0,0],"902":[0,0],"903":[0,0],"904":[0,0],"905":[0,0],"906":[0,0],"907":[0,0],"908":[0,0],"909":[0,0],"910":[0,0],"911":[0,0],"912":[0,0],"913":[0,0],"914":[0,0],"915":[0,0],"916":[0,0],"917":[0,0],"918":[0,0],"919":[0,0],"920":[0,1],"921":[3,0],"922":[3,0],"923":[3,0],"924":[3,0],"925":[3,0],"926":[0,0],"927":[0,0],"928":[0,0],"929":[0,0],"930":[0,0],"931":[0,0],"932":[0,0],"933":[0,0],"934":[0,0],"935":[0,0],"936":[0,0],"937":[0,0],"938":[0,0],"939":[0,0],"940":[0,0],"941":[0,0],"942":[0,0],"943":[0,0],"944":[0,0],"945":[0,0],"946":[0,0],"947":[0,0],"948":[0,0],"949":[0,0],"950":[0,0],"951":[0,0],"952":[0,0],"953":[0,0],"954":[0,0],"955":[0,0],"956":[0,0],"957":[0,0],"958":[0,0],"959":[0,0],"960":[0,0],"961":[0,0],"962":[0,0],"963":[0,0],"964":[0,0],"965":[0,0],"966":[0,0],"967":[0,0],"968":[0,0],"969":[0,0],"970":[1,0],"971":[1,1]}}
,"C:\\Users\\Usuario1\\FRCB\\CreditoNegocios-Main\\CreditoNegocios\\shared\\schema.ts": {"path":"C:\\Users\\Usuario1\\FRCB\\CreditoNegocios-Main\\CreditoNegocios\\shared\\schema.ts","statementMap":{"0":{"start":{"line":1,"column":0},"end":{"line":1,"column":34}},"1":{"start":{"line":2,"column":0},"end":{"line":2,"column":null}},"2":{"start":{"line":15,"column":0},"end":{"line":15,"column":49}},"3":{"start":{"line":16,"column":0},"end":{"line":16,"column":24}},"4":{"start":{"line":19,"column":13},"end":{"line":27,"column":2}},"5":{"start":{"line":26,"column":13},"end":{"line":26,"column":59}},"6":{"start":{"line":30,"column":13},"end":{"line":61,"column":3}},"7":{"start":{"line":64,"column":13},"end":{"line":171,"column":3}},"8":{"start":{"line":66,"column":60},"end":{"line":66,"column":68}},"9":{"start":{"line":174,"column":13},"end":{"line":190,"column":3}},"10":{"start":{"line":176,"column":60},"end":{"line":176,"column":70}},"11":{"start":{"line":178,"column":63},"end":{"line":178,"column":73}},"12":{"start":{"line":193,"column":13},"end":{"line":239,"column":3}},"13":{"start":{"line":231,"column":52},"end":{"line":231,"column":60}},"14":{"start":{"line":242,"column":13},"end":{"line":269,"column":3}},"15":{"start":{"line":244,"column":60},"end":{"line":244,"column":70}},"16":{"start":{"line":245,"column":60},"end":{"line":245,"column":68}},"17":{"start":{"line":246,"column":79},"end":{"line":246,"column":103}},"18":{"start":{"line":247,"column":69},"end":{"line":247,"column":88}},"19":{"start":{"line":248,"column":71},"end":{"line":248,"column":98}},"20":{"start":{"line":273,"column":13},"end":{"line":286,"column":3}},"21":{"start":{"line":275,"column":60},"end":{"line":275,"column":70}},"22":{"start":{"line":276,"column":60},"end":{"line":276,"column":68}},"23":{"start":{"line":277,"column":63},"end":{"line":277,"column":71}},"24":{"start":{"line":289,"column":13},"end":{"line":299,"column":3}},"25":{"start":{"line":291,"column":56},"end":{"line":291,"column":64}},"26":{"start":{"line":302,"column":13},"end":{"line":316,"column":3}},"27":{"start":{"line":304,"column":50},"end":{"line":304,"column":60}},"28":{"start":{"line":305,"column":50},"end":{"line":305,"column":60}},"29":{"start":{"line":306,"column":50},"end":{"line":306,"column":58}},"30":{"start":{"line":319,"column":13},"end":{"line":339,"column":3}},"31":{"start":{"line":336,"column":62},"end":{"line":336,"column":70}},"32":{"start":{"line":342,"column":13},"end":{"line":362,"column":3}},"33":{"start":{"line":344,"column":64},"end":{"line":344,"column":83}},"34":{"start":{"line":345,"column":70},"end":{"line":345,"column":94}},"35":{"start":{"line":359,"column":62},"end":{"line":359,"column":70}},"36":{"start":{"line":365,"column":13},"end":{"line":387,"column":3}},"37":{"start":{"line":367,"column":70},"end":{"line":367,"column":94}},"38":{"start":{"line":384,"column":62},"end":{"line":384,"column":70}},"39":{"start":{"line":390,"column":13},"end":{"line":420,"column":3}},"40":{"start":{"line":392,"column":66},"end":{"line":392,"column":74}},"41":{"start":{"line":396,"column":77},"end":{"line":396,"column":101}},"42":{"start":{"line":410,"column":54},"end":{"line":410,"column":62}},"43":{"start":{"line":415,"column":67},"end":{"line":415,"column":78}},"44":{"start":{"line":423,"column":13},"end":{"line":444,"column":3}},"45":{"start":{"line":441,"column":52},"end":{"line":441,"column":60}},"46":{"start":{"line":447,"column":13},"end":{"line":451,"column":3}},"47":{"start":{"line":453,"column":13},"end":{"line":457,"column":3}},"48":{"start":{"line":459,"column":13},"end":{"line":463,"column":3}},"49":{"start":{"line":465,"column":13},"end":{"line":469,"column":3}},"50":{"start":{"line":472,"column":13},"end":{"line":483,"column":3}},"51":{"start":{"line":474,"column":60},"end":{"line":474,"column":70}},"52":{"start":{"line":475,"column":60},"end":{"line":475,"column":68}},"53":{"start":{"line":476,"column":69},"end":{"line":476,"column":88}},"54":{"start":{"line":485,"column":13},"end":{"line":507,"column":3}},"55":{"start":{"line":487,"column":62},"end":{"line":487,"column":89}},"56":{"start":{"line":488,"column":89},"end":{"line":488,"column":113}},"57":{"start":{"line":492,"column":54},"end":{"line":492,"column":62}},"58":{"start":{"line":504,"column":50},"end":{"line":504,"column":60}},"59":{"start":{"line":509,"column":13},"end":{"line":513,"column":3}},"60":{"start":{"line":515,"column":13},"end":{"line":519,"column":3}},"61":{"start":{"line":521,"column":13},"end":{"line":525,"column":3}},"62":{"start":{"line":527,"column":13},"end":{"line":530,"column":3}},"63":{"start":{"line":532,"column":13},"end":{"line":535,"column":3}},"64":{"start":{"line":537,"column":13},"end":{"line":540,"column":3}},"65":{"start":{"line":543,"column":13},"end":{"line":550,"column":3}},"66":{"start":{"line":553,"column":13},"end":{"line":555,"column":3}},"67":{"start":{"line":558,"column":13},"end":{"line":568,"column":3}},"68":{"start":{"line":571,"column":13},"end":{"line":579,"column":3}},"69":{"start":{"line":573,"column":60},"end":{"line":573,"column":70}},"70":{"start":{"line":574,"column":56},"end":{"line":574,"column":64}},"71":{"start":{"line":582,"column":13},"end":{"line":596,"column":3}},"72":{"start":{"line":584,"column":60},"end":{"line":584,"column":68}},"73":{"start":{"line":592,"column":54},"end":{"line":592,"column":62}},"74":{"start":{"line":599,"column":13},"end":{"line":610,"column":3}},"75":{"start":{"line":601,"column":60},"end":{"line":601,"column":70}},"76":{"start":{"line":613,"column":13},"end":{"line":617,"column":3}},"77":{"start":{"line":620,"column":13},"end":{"line":624,"column":3}},"78":{"start":{"line":626,"column":13},"end":{"line":632,"column":3}},"79":{"start":{"line":635,"column":13},"end":{"line":639,"column":3}},"80":{"start":{"line":641,"column":13},"end":{"line":645,"column":3}},"81":{"start":{"line":647,"column":13},"end":{"line":651,"column":3}},"82":{"start":{"line":653,"column":13},"end":{"line":657,"column":3}},"83":{"start":{"line":659,"column":13},"end":{"line":664,"column":3}},"84":{"start":{"line":666,"column":13},"end":{"line":674,"column":3}}},"fnMap":{"0":{"name":"(anonymous_0)","decl":{"start":{"line":26,"column":2},"end":{"line":26,"column":3}},"loc":{"start":{"line":26,"column":13},"end":{"line":26,"column":59}}},"1":{"name":"(anonymous_1)","decl":{"start":{"line":66,"column":54},"end":{"line":66,"column":57}},"loc":{"start":{"line":66,"column":60},"end":{"line":66,"column":68}}},"2":{"name":"(anonymous_2)","decl":{"start":{"line":176,"column":54},"end":{"line":176,"column":57}},"loc":{"start":{"line":176,"column":60},"end":{"line":176,"column":70}}},"3":{"name":"(anonymous_3)","decl":{"start":{"line":178,"column":57},"end":{"line":178,"column":60}},"loc":{"start":{"line":178,"column":63},"end":{"line":178,"column":73}}},"4":{"name":"(anonymous_4)","decl":{"start":{"line":231,"column":46},"end":{"line":231,"column":49}},"loc":{"start":{"line":231,"column":52},"end":{"line":231,"column":60}}},"5":{"name":"(anonymous_5)","decl":{"start":{"line":244,"column":54},"end":{"line":244,"column":57}},"loc":{"start":{"line":244,"column":60},"end":{"line":244,"column":70}}},"6":{"name":"(anonymous_6)","decl":{"start":{"line":245,"column":54},"end":{"line":245,"column":57}},"loc":{"start":{"line":245,"column":60},"end":{"line":245,"column":68}}},"7":{"name":"(anonymous_7)","decl":{"start":{"line":246,"column":73},"end":{"line":246,"column":76}},"loc":{"start":{"line":246,"column":79},"end":{"line":246,"column":103}}},"8":{"name":"(anonymous_8)","decl":{"start":{"line":247,"column":63},"end":{"line":247,"column":66}},"loc":{"start":{"line":247,"column":69},"end":{"line":247,"column":88}}},"9":{"name":"(anonymous_9)","decl":{"start":{"line":248,"column":65},"end":{"line":248,"column":68}},"loc":{"start":{"line":248,"column":71},"end":{"line":248,"column":98}}},"10":{"name":"(anonymous_10)","decl":{"start":{"line":275,"column":54},"end":{"line":275,"column":57}},"loc":{"start":{"line":275,"column":60},"end":{"line":275,"column":70}}},"11":{"name":"(anonymous_11)","decl":{"start":{"line":276,"column":54},"end":{"line":276,"column":57}},"loc":{"start":{"line":276,"column":60},"end":{"line":276,"column":68}}},"12":{"name":"(anonymous_12)","decl":{"start":{"line":277,"column":57},"end":{"line":277,"column":60}},"loc":{"start":{"line":277,"column":63},"end":{"line":277,"column":71}}},"13":{"name":"(anonymous_13)","decl":{"start":{"line":291,"column":50},"end":{"line":291,"column":53}},"loc":{"start":{"line":291,"column":56},"end":{"line":291,"column":64}}},"14":{"name":"(anonymous_14)","decl":{"start":{"line":304,"column":44},"end":{"line":304,"column":47}},"loc":{"start":{"line":304,"column":50},"end":{"line":304,"column":60}}},"15":{"name":"(anonymous_15)","decl":{"start":{"line":305,"column":44},"end":{"line":305,"column":47}},"loc":{"start":{"line":305,"column":50},"end":{"line":305,"column":60}}},"16":{"name":"(anonymous_16)","decl":{"start":{"line":306,"column":44},"end":{"line":306,"column":47}},"loc":{"start":{"line":306,"column":50},"end":{"line":306,"column":58}}},"17":{"name":"(anonymous_17)","decl":{"start":{"line":336,"column":56},"end":{"line":336,"column":59}},"loc":{"start":{"line":336,"column":62},"end":{"line":336,"column":70}}},"18":{"name":"(anonymous_18)","decl":{"start":{"line":344,"column":58},"end":{"line":344,"column":61}},"loc":{"start":{"line":344,"column":64},"end":{"line":344,"column":83}}},"19":{"name":"(anonymous_19)","decl":{"start":{"line":345,"column":64},"end":{"line":345,"column":67}},"loc":{"start":{"line":345,"column":70},"end":{"line":345,"column":94}}},"20":{"name":"(anonymous_20)","decl":{"start":{"line":359,"column":56},"end":{"line":359,"column":59}},"loc":{"start":{"line":359,"column":62},"end":{"line":359,"column":70}}},"21":{"name":"(anonymous_21)","decl":{"start":{"line":367,"column":64},"end":{"line":367,"column":67}},"loc":{"start":{"line":367,"column":70},"end":{"line":367,"column":94}}},"22":{"name":"(anonymous_22)","decl":{"start":{"line":384,"column":56},"end":{"line":384,"column":59}},"loc":{"start":{"line":384,"column":62},"end":{"line":384,"column":70}}},"23":{"name":"(anonymous_23)","decl":{"start":{"line":392,"column":60},"end":{"line":392,"column":63}},"loc":{"start":{"line":392,"column":66},"end":{"line":392,"column":74}}},"24":{"name":"(anonymous_24)","decl":{"start":{"line":396,"column":71},"end":{"line":396,"column":74}},"loc":{"start":{"line":396,"column":77},"end":{"line":396,"column":101}}},"25":{"name":"(anonymous_25)","decl":{"start":{"line":410,"column":48},"end":{"line":410,"column":51}},"loc":{"start":{"line":410,"column":54},"end":{"line":410,"column":62}}},"26":{"name":"(anonymous_26)","decl":{"start":{"line":415,"column":61},"end":{"line":415,"column":64}},"loc":{"start":{"line":415,"column":67},"end":{"line":415,"column":78}}},"27":{"name":"(anonymous_27)","decl":{"start":{"line":441,"column":46},"end":{"line":441,"column":49}},"loc":{"start":{"line":441,"column":52},"end":{"line":441,"column":60}}},"28":{"name":"(anonymous_28)","decl":{"start":{"line":474,"column":54},"end":{"line":474,"column":57}},"loc":{"start":{"line":474,"column":60},"end":{"line":474,"column":70}}},"29":{"name":"(anonymous_29)","decl":{"start":{"line":475,"column":54},"end":{"line":475,"column":57}},"loc":{"start":{"line":475,"column":60},"end":{"line":475,"column":68}}},"30":{"name":"(anonymous_30)","decl":{"start":{"line":476,"column":63},"end":{"line":476,"column":66}},"loc":{"start":{"line":476,"column":69},"end":{"line":476,"column":88}}},"31":{"name":"(anonymous_31)","decl":{"start":{"line":487,"column":56},"end":{"line":487,"column":59}},"loc":{"start":{"line":487,"column":62},"end":{"line":487,"column":89}}},"32":{"name":"(anonymous_32)","decl":{"start":{"line":488,"column":83},"end":{"line":488,"column":86}},"loc":{"start":{"line":488,"column":89},"end":{"line":488,"column":113}}},"33":{"name":"(anonymous_33)","decl":{"start":{"line":492,"column":48},"end":{"line":492,"column":51}},"loc":{"start":{"line":492,"column":54},"end":{"line":492,"column":62}}},"34":{"name":"(anonymous_34)","decl":{"start":{"line":504,"column":44},"end":{"line":504,"column":47}},"loc":{"start":{"line":504,"column":50},"end":{"line":504,"column":60}}},"35":{"name":"(anonymous_35)","decl":{"start":{"line":573,"column":54},"end":{"line":573,"column":57}},"loc":{"start":{"line":573,"column":60},"end":{"line":573,"column":70}}},"36":{"name":"(anonymous_36)","decl":{"start":{"line":574,"column":50},"end":{"line":574,"column":53}},"loc":{"start":{"line":574,"column":56},"end":{"line":574,"column":64}}},"37":{"name":"(anonymous_37)","decl":{"start":{"line":584,"column":54},"end":{"line":584,"column":57}},"loc":{"start":{"line":584,"column":60},"end":{"line":584,"column":68}}},"38":{"name":"(anonymous_38)","decl":{"start":{"line":592,"column":48},"end":{"line":592,"column":51}},"loc":{"start":{"line":592,"column":54},"end":{"line":592,"column":62}}},"39":{"name":"(anonymous_39)","decl":{"start":{"line":601,"column":54},"end":{"line":601,"column":57}},"loc":{"start":{"line":601,"column":60},"end":{"line":601,"column":70}}}},"branchMap":{},"s":{"0":1,"1":1,"2":1,"3":1,"4":1,"5":1,"6":1,"7":1,"8":0,"9":1,"10":0,"11":0,"12":1,"13":0,"14":1,"15":0,"16":0,"17":0,"18":0,"19":0,"20":1,"21":0,"22":0,"23":0,"24":1,"25":0,"26":1,"27":0,"28":0,"29":0,"30":1,"31":0,"32":1,"33":0,"34":0,"35":0,"36":1,"37":0,"38":0,"39":1,"40":0,"41":0,"42":0,"43":0,"44":1,"45":0,"46":1,"47":1,"48":1,"49":1,"50":1,"51":0,"52":0,"53":0,"54":1,"55":0,"56":0,"57":0,"58":0,"59":1,"60":1,"61":1,"62":1,"63":1,"64":1,"65":1,"66":1,"67":1,"68":1,"69":0,"70":0,"71":1,"72":0,"73":0,"74":1,"75":0,"76":1,"77":1,"78":1,"79":1,"80":1,"81":1,"82":1,"83":1,"84":1},"f":{"0":1,"1":0,"2":0,"3":0,"4":0,"5":0,"6":0,"7":0,"8":0,"9":0,"10":0,"11":0,"12":0,"13":0,"14":0,"15":0,"16":0,"17":0,"18":0,"19":0,"20":0,"21":0,"22":0,"23":0,"24":0,"25":0,"26":0,"27":0,"28":0,"29":0,"30":0,"31":0,"32":0,"33":0,"34":0,"35":0,"36":0,"37":0,"38":0,"39":0},"b":{}}
}
