TN:
SF:server\backfillService.ts
FN:30,(anonymous_7)
FN:32,(anonymous_8)
FN:36,(anonymous_10)
FN:40,(anonymous_12)
FN:44,(anonymous_14)
FN:61,(anonymous_16)
FN:81,checkRequiredTablesExist
FN:95,(anonymous_20)
FN:96,(anonymous_21)
FN:157,slugify
FN:173,resolveTenantName
FN:189,resolveUniqueSlug
FN:212,executeBackfill
FN:213,(anonymous_27)
FN:215,(anonymous_28)
FN:222,(anonymous_29)
FN:223,(anonymous_30)
FN:236,(anonymous_31)
FN:246,(anonymous_32)
FN:247,(anonymous_33)
FN:248,(anonymous_34)
FN:249,(anonymous_35)
FN:251,(anonymous_36)
FN:266,(anonymous_37)
FN:608,validatePostBackfill
FN:620,(anonymous_40)
FN:653,(anonymous_41)
FN:655,(anonymous_42)
FN:663,(anonymous_43)
FN:665,(anonymous_44)
FN:674,(anonymous_45)
FN:676,(anonymous_46)
FN:682,(anonymous_47)
FN:691,(anonymous_48)
FN:693,(anonymous_49)
FN:699,(anonymous_50)
FN:707,(anonymous_51)
FN:710,(anonymous_52)
FNF:38
FNH:27
FNDA:0,(anonymous_7)
FNDA:0,(anonymous_8)
FNDA:0,(anonymous_10)
FNDA:0,(anonymous_12)
FNDA:0,(anonymous_14)
FNDA:0,(anonymous_16)
FNDA:0,checkRequiredTablesExist
FNDA:0,(anonymous_20)
FNDA:0,(anonymous_21)
FNDA:8,slugify
FNDA:8,resolveTenantName
FNDA:8,resolveUniqueSlug
FNDA:3,executeBackfill
FNDA:0,(anonymous_27)
FNDA:0,(anonymous_28)
FNDA:18,(anonymous_29)
FNDA:5,(anonymous_30)
FNDA:6,(anonymous_31)
FNDA:18,(anonymous_32)
FNDA:18,(anonymous_33)
FNDA:18,(anonymous_34)
FNDA:18,(anonymous_35)
FNDA:18,(anonymous_36)
FNDA:1,(anonymous_37)
FNDA:1,validatePostBackfill
FNDA:5,(anonymous_40)
FNDA:6,(anonymous_41)
FNDA:1,(anonymous_42)
FNDA:6,(anonymous_43)
FNDA:2,(anonymous_44)
FNDA:6,(anonymous_45)
FNDA:2,(anonymous_46)
FNDA:3,(anonymous_47)
FNDA:6,(anonymous_48)
FNDA:12,(anonymous_49)
FNDA:15,(anonymous_50)
FNDA:11,(anonymous_51)
FNDA:2,(anonymous_52)
DA:1,1
DA:2,1
DA:4,1
DA:29,1
DA:30,0
DA:33,0
DA:37,0
DA:41,0
DA:45,0
DA:46,0
DA:58,0
DA:62,0
DA:63,0
DA:73,0
DA:81,1
DA:85,0
DA:86,0
DA:95,0
DA:96,0
DA:97,0
DA:157,1
DA:158,8
DA:173,1
DA:174,8
DA:175,2
DA:177,6
DA:178,6
DA:179,6
DA:181,0
DA:182,0
DA:183,0
DA:189,1
DA:194,8
DA:195,8
DA:196,8
DA:197,8
DA:199,0
DA:200,0
DA:201,0
DA:203,0
DA:204,0
DA:205,0
DA:212,1
DA:213,3
DA:215,3
DA:218,3
DA:219,3
DA:220,3
DA:222,18
DA:223,5
DA:226,3
DA:227,3
DA:228,5
DA:229,5
DA:230,4
DA:235,3
DA:236,6
DA:239,3
DA:240,3
DA:241,3
DA:242,3
DA:244,3
DA:246,18
DA:247,18
DA:248,18
DA:249,18
DA:250,3
DA:251,18
DA:254,3
DA:255,0
DA:265,3
DA:266,1
DA:268,3
DA:270,3
DA:271,2
DA:272,2
DA:284,2
DA:285,1
DA:286,1
DA:287,1
DA:289,1
DA:300,1
DA:304,3
DA:307,3
DA:308,3
DA:309,3
DA:311,3
DA:312,3
DA:313,3
DA:314,1
DA:315,1
DA:317,2
DA:318,2
DA:319,2
DA:320,2
DA:322,2
DA:341,2
DA:342,1
DA:343,1
DA:344,1
DA:345,1
DA:347,1
DA:358,1
DA:364,3
DA:365,3
DA:366,3
DA:367,3
DA:368,3
DA:369,3
DA:371,3
DA:372,9
DA:374,9
DA:375,6
DA:376,6
DA:377,3
DA:378,3
DA:379,3
DA:380,3
DA:382,0
DA:383,0
DA:384,0
DA:394,3
DA:395,3
DA:396,3
DA:397,3
DA:404,3
DA:409,3
DA:410,3
DA:411,3
DA:416,9
DA:417,9
DA:418,3
DA:419,3
DA:421,6
DA:422,6
DA:423,6
DA:424,6
DA:426,6
DA:445,6
DA:446,3
DA:447,3
DA:448,3
DA:449,3
DA:451,3
DA:462,3
DA:468,3
DA:469,3
DA:478,3
DA:481,3
DA:482,3
DA:491,3
DA:492,3
DA:501,3
DA:502,3
DA:503,3
DA:504,3
DA:514,3
DA:515,9
DA:516,9
DA:517,9
DA:527,3
DA:528,18
DA:529,18
DA:530,6
DA:532,12
DA:533,12
DA:534,6
DA:540,6
DA:541,6
DA:546,3
DA:574,3
DA:582,0
DA:583,0
DA:586,0
DA:587,0
DA:588,0
DA:589,0
DA:593,0
DA:594,0
DA:595,0
DA:596,0
DA:601,0
DA:608,1
DA:612,1
DA:614,1
DA:615,1
DA:616,1
DA:619,1
DA:620,5
DA:622,1
DA:623,0
DA:627,1
DA:630,1
DA:631,1
DA:632,6
DA:633,6
DA:634,0
DA:636,6
DA:640,1
DA:641,1
DA:642,5
DA:643,5
DA:644,4
DA:645,0
DA:647,4
DA:651,1
DA:653,6
DA:654,1
DA:655,1
DA:657,1
DA:658,0
DA:663,6
DA:664,1
DA:665,2
DA:667,1
DA:668,0
DA:674,6
DA:675,1
DA:676,2
DA:678,1
DA:679,0
DA:681,1
DA:682,3
DA:684,1
DA:685,0
DA:691,6
DA:692,3
DA:693,12
DA:695,3
DA:696,0
DA:698,3
DA:699,15
DA:701,3
DA:702,0
DA:706,3
DA:707,11
DA:708,2
DA:709,1
DA:710,2
DA:712,1
DA:713,0
DA:722,1
LF:242
LH:193
BRDA:51,0,0,0
BRDA:51,0,1,0
BRDA:51,1,0,0
BRDA:51,1,1,0
BRDA:52,2,0,0
BRDA:52,2,1,0
BRDA:53,3,0,0
BRDA:53,3,1,0
BRDA:53,4,0,0
BRDA:53,4,1,0
BRDA:68,5,0,0
BRDA:68,5,1,0
BRDA:68,6,0,0
BRDA:68,6,1,0
BRDA:174,7,0,2
BRDA:174,7,1,6
BRDA:174,8,0,8
BRDA:174,8,1,2
BRDA:177,9,0,6
BRDA:177,9,1,0
BRDA:177,10,0,6
BRDA:177,10,1,0
BRDA:178,11,0,6
BRDA:178,11,1,0
BRDA:181,12,0,0
BRDA:181,12,1,0
BRDA:182,13,0,0
BRDA:182,13,1,0
BRDA:182,14,0,0
BRDA:182,14,1,0
BRDA:194,15,0,8
BRDA:194,15,1,0
BRDA:195,16,0,8
BRDA:195,16,1,0
BRDA:213,17,0,0
BRDA:213,18,0,3
BRDA:228,19,0,0
BRDA:228,19,1,5
BRDA:228,20,0,5
BRDA:228,20,1,5
BRDA:229,21,0,4
BRDA:229,21,1,1
BRDA:257,22,0,0
BRDA:257,22,1,0
BRDA:266,23,0,1
BRDA:266,23,1,0
BRDA:270,24,0,2
BRDA:270,24,1,1
BRDA:271,25,0,1
BRDA:271,25,1,1
BRDA:284,26,0,1
BRDA:284,26,1,1
BRDA:313,27,0,1
BRDA:313,27,1,2
BRDA:319,28,0,2
BRDA:319,28,1,0
BRDA:331,29,0,2
BRDA:331,29,1,2
BRDA:332,30,0,2
BRDA:332,30,1,0
BRDA:333,31,0,2
BRDA:333,31,1,2
BRDA:334,32,0,2
BRDA:334,32,1,0
BRDA:335,33,0,2
BRDA:335,33,1,2
BRDA:341,34,0,1
BRDA:341,34,1,1
BRDA:374,35,0,6
BRDA:374,35,1,3
BRDA:376,36,0,3
BRDA:376,36,1,3
BRDA:376,37,0,6
BRDA:376,37,1,3
BRDA:378,38,0,3
BRDA:378,38,1,0
BRDA:386,39,0,0
BRDA:386,39,1,0
BRDA:396,40,0,0
BRDA:396,40,1,3
BRDA:399,41,0,3
BRDA:399,41,1,0
BRDA:405,42,0,3
BRDA:405,42,1,0
BRDA:405,43,0,3
BRDA:405,43,1,0
BRDA:412,44,0,3
BRDA:412,44,1,0
BRDA:412,45,0,3
BRDA:412,45,1,0
BRDA:417,46,0,3
BRDA:417,46,1,6
BRDA:423,47,0,6
BRDA:423,47,1,0
BRDA:435,48,0,6
BRDA:435,48,1,2
BRDA:436,49,0,6
BRDA:436,49,1,6
BRDA:437,50,0,6
BRDA:437,50,1,6
BRDA:438,51,0,6
BRDA:438,51,1,6
BRDA:439,52,0,6
BRDA:439,52,1,6
BRDA:445,53,0,3
BRDA:445,53,1,3
BRDA:486,54,0,3
BRDA:486,54,1,0
BRDA:496,55,0,3
BRDA:496,55,1,0
BRDA:503,56,0,3
BRDA:503,56,1,0
BRDA:508,57,0,3
BRDA:508,57,1,0
BRDA:516,58,0,9
BRDA:516,58,1,0
BRDA:521,59,0,9
BRDA:521,59,1,0
BRDA:529,60,0,6
BRDA:529,60,1,12
BRDA:533,61,0,6
BRDA:533,61,1,6
BRDA:582,62,0,0
BRDA:582,62,1,0
BRDA:588,63,0,0
BRDA:588,63,1,0
BRDA:595,64,0,0
BRDA:595,64,1,0
BRDA:620,65,0,5
BRDA:620,65,1,4
BRDA:622,66,0,0
BRDA:622,66,1,1
BRDA:633,67,0,0
BRDA:633,67,1,6
BRDA:642,68,0,0
BRDA:642,68,1,5
BRDA:642,69,0,5
BRDA:642,69,1,5
BRDA:643,70,0,4
BRDA:643,70,1,1
BRDA:644,71,0,0
BRDA:644,71,1,4
BRDA:651,72,0,1
BRDA:651,72,1,0
BRDA:655,73,0,1
BRDA:655,73,1,1
BRDA:655,73,2,1
BRDA:657,74,0,0
BRDA:657,74,1,1
BRDA:665,75,0,2
BRDA:665,75,1,2
BRDA:665,75,2,1
BRDA:667,76,0,0
BRDA:667,76,1,1
BRDA:676,77,0,2
BRDA:676,77,1,1
BRDA:676,78,0,0
BRDA:676,78,1,2
BRDA:676,79,0,2
BRDA:676,79,1,2
BRDA:678,80,0,0
BRDA:678,80,1,1
BRDA:682,81,0,3
BRDA:682,81,1,1
BRDA:682,81,2,1
BRDA:682,81,3,1
BRDA:684,82,0,0
BRDA:684,82,1,1
BRDA:693,83,0,12
BRDA:693,83,1,3
BRDA:693,84,0,0
BRDA:693,84,1,12
BRDA:693,85,0,12
BRDA:693,85,1,12
BRDA:695,86,0,0
BRDA:695,86,1,3
BRDA:699,87,0,15
BRDA:699,87,1,3
BRDA:699,87,2,3
BRDA:699,87,3,3
BRDA:701,88,0,0
BRDA:701,88,1,3
BRDA:706,89,0,2
BRDA:706,89,1,1
BRDA:708,90,0,1
BRDA:708,90,1,1
BRDA:708,91,0,2
BRDA:708,91,1,1
BRDA:710,92,0,0
BRDA:710,92,1,2
BRDA:710,93,0,2
BRDA:710,93,1,2
BRDA:712,94,0,0
BRDA:712,94,1,1
BRDA:712,95,0,1
BRDA:712,95,1,1
BRF:196
BRH:126
end_of_record
TN:
SF:server\db.ts
FNF:0
FNH:0
DA:1,4
DA:2,4
DA:3,4
DA:4,4
DA:7,4
DA:9,4
DA:11,4
DA:13,4
DA:14,0
DA:19,4
DA:20,4
LF:11
LH:10
BRDA:9,0,0,4
BRDA:9,0,1,4
BRDA:11,1,0,0
BRDA:11,1,1,4
BRDA:11,2,0,4
BRDA:11,2,1,4
BRDA:13,3,0,0
BRDA:13,3,1,4
BRDA:13,4,0,4
BRDA:13,4,1,4
BRF:10
BRH:8
end_of_record
TN:
SF:server\dbStorage.ts
FN:39,(anonymous_7)
FN:43,(anonymous_8)
FN:61,(anonymous_10)
FN:98,(anonymous_12)
FN:138,(anonymous_14)
FN:147,(anonymous_16)
FN:156,(anonymous_18)
FN:164,(anonymous_20)
FN:199,(anonymous_21)
FN:217,(anonymous_23)
FN:239,(anonymous_25)
FN:251,(anonymous_27)
FN:269,(anonymous_29)
FN:305,(anonymous_31)
FN:338,(anonymous_33)
FN:377,(anonymous_35)
FN:390,(anonymous_37)
FN:406,(anonymous_39)
FN:419,(anonymous_41)
FN:435,(anonymous_43)
FN:451,(anonymous_45)
FN:463,(anonymous_47)
FN:473,(anonymous_49)
FN:483,(anonymous_51)
FN:499,(anonymous_53)
FN:517,(anonymous_55)
FN:531,(anonymous_57)
FN:542,(anonymous_59)
FN:554,(anonymous_61)
FN:564,(anonymous_63)
FN:582,(anonymous_65)
FN:596,(anonymous_67)
FN:607,(anonymous_69)
FN:649,(anonymous_71)
FN:659,(anonymous_73)
FN:672,(anonymous_75)
FN:687,(anonymous_77)
FN:727,(anonymous_78)
FN:741,(anonymous_80)
FN:752,(anonymous_82)
FN:762,(anonymous_84)
FN:772,(anonymous_85)
FN:782,(anonymous_87)
FN:814,(anonymous_89)
FN:828,(anonymous_91)
FN:850,(anonymous_93)
FN:881,(anonymous_95)
FN:891,(anonymous_97)
FN:908,(anonymous_99)
FN:922,(anonymous_101)
FN:933,(anonymous_103)
FN:950,(anonymous_105)
FN:964,(anonymous_107)
FN:1000,(anonymous_109)
FN:1010,(anonymous_111)
FN:1027,(anonymous_113)
FN:1044,(anonymous_115)
FN:1057,(anonymous_117)
FN:1078,(anonymous_119)
FN:1083,(anonymous_121)
FN:1089,(anonymous_123)
FN:1099,(anonymous_125)
FN:1144,(anonymous_127)
FN:1192,(anonymous_128)
FN:1202,(anonymous_130)
FN:1216,(anonymous_132)
FN:1244,(anonymous_134)
FN:1254,(anonymous_136)
FN:1268,(anonymous_138)
FN:1277,(anonymous_140)
FN:1287,(anonymous_142)
FN:1297,(anonymous_144)
FN:1308,(anonymous_146)
FN:1337,(anonymous_148)
FN:1347,(anonymous_150)
FN:1357,(anonymous_152)
FN:1367,(anonymous_154)
FN:1378,(anonymous_156)
FN:1387,(anonymous_158)
FN:1397,(anonymous_160)
FN:1407,(anonymous_162)
FN:1431,(anonymous_164)
FN:1454,(anonymous_166)
FN:1465,(anonymous_168)
FN:1477,(anonymous_170)
FN:1489,(anonymous_172)
FN:1499,(anonymous_174)
FN:1534,(anonymous_176)
FN:1550,(anonymous_178)
FN:1560,(anonymous_180)
FN:1571,(anonymous_182)
FN:1582,(anonymous_184)
FN:1618,(anonymous_186)
FN:1653,(anonymous_188)
FN:1672,(anonymous_190)
FN:1686,(anonymous_192)
FN:1686,(anonymous_193)
FN:1748,(anonymous_194)
FN:1749,(anonymous_196)
FN:1749,(anonymous_197)
FN:1807,(anonymous_198)
FN:1808,(anonymous_200)
FN:1808,(anonymous_201)
FN:1834,(anonymous_202)
FN:1834,(anonymous_203)
FN:1835,(anonymous_204)
FN:1835,(anonymous_205)
FN:1836,(anonymous_206)
FN:1836,(anonymous_207)
FN:1837,(anonymous_208)
FN:1837,(anonymous_209)
FN:1838,(anonymous_210)
FN:1838,(anonymous_211)
FN:1841,(anonymous_212)
FN:1841,(anonymous_213)
FN:1842,(anonymous_214)
FN:1842,(anonymous_215)
FN:1843,(anonymous_216)
FN:1843,(anonymous_217)
FN:1844,(anonymous_218)
FN:1844,(anonymous_219)
FN:1845,(anonymous_220)
FN:1845,(anonymous_221)
FN:1848,(anonymous_222)
FN:1869,(anonymous_224)
FN:1879,(anonymous_226)
FN:1895,(anonymous_228)
FN:1921,(anonymous_230)
FN:1957,(anonymous_232)
FN:1963,(anonymous_233)
FN:1972,(anonymous_234)
FN:1973,(anonymous_235)
FN:1979,(anonymous_236)
FN:1985,(anonymous_237)
FN:2000,(anonymous_238)
FN:2012,(anonymous_240)
FN:2024,(anonymous_242)
FN:2038,(anonymous_244)
FN:2065,(anonymous_246)
FN:2077,(anonymous_248)
FN:2089,(anonymous_250)
FN:2100,(anonymous_252)
FN:2112,(anonymous_254)
FN:2125,(anonymous_256)
FN:2172,(anonymous_258)
FN:2191,(anonymous_260)
FN:2230,(anonymous_262)
FN:2250,(anonymous_264)
FN:2260,(anonymous_266)
FN:2271,(anonymous_268)
FN:2297,(anonymous_270)
FN:2323,(anonymous_272)
FN:2346,(anonymous_274)
FN:2356,(anonymous_276)
FN:2383,(anonymous_278)
FN:2401,(anonymous_280)
FN:2424,(anonymous_282)
FNF:157
FNH:0
FNDA:0,(anonymous_7)
FNDA:0,(anonymous_8)
FNDA:0,(anonymous_10)
FNDA:0,(anonymous_12)
FNDA:0,(anonymous_14)
FNDA:0,(anonymous_16)
FNDA:0,(anonymous_18)
FNDA:0,(anonymous_20)
FNDA:0,(anonymous_21)
FNDA:0,(anonymous_23)
FNDA:0,(anonymous_25)
FNDA:0,(anonymous_27)
FNDA:0,(anonymous_29)
FNDA:0,(anonymous_31)
FNDA:0,(anonymous_33)
FNDA:0,(anonymous_35)
FNDA:0,(anonymous_37)
FNDA:0,(anonymous_39)
FNDA:0,(anonymous_41)
FNDA:0,(anonymous_43)
FNDA:0,(anonymous_45)
FNDA:0,(anonymous_47)
FNDA:0,(anonymous_49)
FNDA:0,(anonymous_51)
FNDA:0,(anonymous_53)
FNDA:0,(anonymous_55)
FNDA:0,(anonymous_57)
FNDA:0,(anonymous_59)
FNDA:0,(anonymous_61)
FNDA:0,(anonymous_63)
FNDA:0,(anonymous_65)
FNDA:0,(anonymous_67)
FNDA:0,(anonymous_69)
FNDA:0,(anonymous_71)
FNDA:0,(anonymous_73)
FNDA:0,(anonymous_75)
FNDA:0,(anonymous_77)
FNDA:0,(anonymous_78)
FNDA:0,(anonymous_80)
FNDA:0,(anonymous_82)
FNDA:0,(anonymous_84)
FNDA:0,(anonymous_85)
FNDA:0,(anonymous_87)
FNDA:0,(anonymous_89)
FNDA:0,(anonymous_91)
FNDA:0,(anonymous_93)
FNDA:0,(anonymous_95)
FNDA:0,(anonymous_97)
FNDA:0,(anonymous_99)
FNDA:0,(anonymous_101)
FNDA:0,(anonymous_103)
FNDA:0,(anonymous_105)
FNDA:0,(anonymous_107)
FNDA:0,(anonymous_109)
FNDA:0,(anonymous_111)
FNDA:0,(anonymous_113)
FNDA:0,(anonymous_115)
FNDA:0,(anonymous_117)
FNDA:0,(anonymous_119)
FNDA:0,(anonymous_121)
FNDA:0,(anonymous_123)
FNDA:0,(anonymous_125)
FNDA:0,(anonymous_127)
FNDA:0,(anonymous_128)
FNDA:0,(anonymous_130)
FNDA:0,(anonymous_132)
FNDA:0,(anonymous_134)
FNDA:0,(anonymous_136)
FNDA:0,(anonymous_138)
FNDA:0,(anonymous_140)
FNDA:0,(anonymous_142)
FNDA:0,(anonymous_144)
FNDA:0,(anonymous_146)
FNDA:0,(anonymous_148)
FNDA:0,(anonymous_150)
FNDA:0,(anonymous_152)
FNDA:0,(anonymous_154)
FNDA:0,(anonymous_156)
FNDA:0,(anonymous_158)
FNDA:0,(anonymous_160)
FNDA:0,(anonymous_162)
FNDA:0,(anonymous_164)
FNDA:0,(anonymous_166)
FNDA:0,(anonymous_168)
FNDA:0,(anonymous_170)
FNDA:0,(anonymous_172)
FNDA:0,(anonymous_174)
FNDA:0,(anonymous_176)
FNDA:0,(anonymous_178)
FNDA:0,(anonymous_180)
FNDA:0,(anonymous_182)
FNDA:0,(anonymous_184)
FNDA:0,(anonymous_186)
FNDA:0,(anonymous_188)
FNDA:0,(anonymous_190)
FNDA:0,(anonymous_192)
FNDA:0,(anonymous_193)
FNDA:0,(anonymous_194)
FNDA:0,(anonymous_196)
FNDA:0,(anonymous_197)
FNDA:0,(anonymous_198)
FNDA:0,(anonymous_200)
FNDA:0,(anonymous_201)
FNDA:0,(anonymous_202)
FNDA:0,(anonymous_203)
FNDA:0,(anonymous_204)
FNDA:0,(anonymous_205)
FNDA:0,(anonymous_206)
FNDA:0,(anonymous_207)
FNDA:0,(anonymous_208)
FNDA:0,(anonymous_209)
FNDA:0,(anonymous_210)
FNDA:0,(anonymous_211)
FNDA:0,(anonymous_212)
FNDA:0,(anonymous_213)
FNDA:0,(anonymous_214)
FNDA:0,(anonymous_215)
FNDA:0,(anonymous_216)
FNDA:0,(anonymous_217)
FNDA:0,(anonymous_218)
FNDA:0,(anonymous_219)
FNDA:0,(anonymous_220)
FNDA:0,(anonymous_221)
FNDA:0,(anonymous_222)
FNDA:0,(anonymous_224)
FNDA:0,(anonymous_226)
FNDA:0,(anonymous_228)
FNDA:0,(anonymous_230)
FNDA:0,(anonymous_232)
FNDA:0,(anonymous_233)
FNDA:0,(anonymous_234)
FNDA:0,(anonymous_235)
FNDA:0,(anonymous_236)
FNDA:0,(anonymous_237)
FNDA:0,(anonymous_238)
FNDA:0,(anonymous_240)
FNDA:0,(anonymous_242)
FNDA:0,(anonymous_244)
FNDA:0,(anonymous_246)
FNDA:0,(anonymous_248)
FNDA:0,(anonymous_250)
FNDA:0,(anonymous_252)
FNDA:0,(anonymous_254)
FNDA:0,(anonymous_256)
FNDA:0,(anonymous_258)
FNDA:0,(anonymous_260)
FNDA:0,(anonymous_262)
FNDA:0,(anonymous_264)
FNDA:0,(anonymous_266)
FNDA:0,(anonymous_268)
FNDA:0,(anonymous_270)
FNDA:0,(anonymous_272)
FNDA:0,(anonymous_274)
FNDA:0,(anonymous_276)
FNDA:0,(anonymous_278)
FNDA:0,(anonymous_280)
FNDA:0,(anonymous_282)
DA:1,4
DA:2,4
DA:31,4
DA:33,4
DA:37,4
DA:40,0
DA:44,0
DA:46,0
DA:47,0
DA:48,0
DA:51,0
DA:52,0
DA:53,0
DA:56,0
DA:62,0
DA:93,0
DA:94,0
DA:99,0
DA:132,0
DA:133,0
DA:139,0
DA:143,0
DA:148,0
DA:153,0
DA:157,0
DA:165,0
DA:200,0
DA:201,0
DA:202,0
DA:204,0
DA:206,0
DA:207,0
DA:208,0
DA:209,0
DA:212,0
DA:214,0
DA:218,0
DA:219,0
DA:220,0
DA:221,0
DA:223,0
DA:225,0
DA:226,0
DA:230,0
DA:231,0
DA:234,0
DA:236,0
DA:240,0
DA:241,0
DA:246,0
DA:247,0
DA:252,0
DA:253,0
DA:262,0
DA:264,0
DA:265,0
DA:270,0
DA:272,0
DA:273,0
DA:275,0
DA:277,0
DA:282,0
DA:283,0
DA:285,0
DA:290,0
DA:293,0
DA:297,0
DA:300,0
DA:301,0
DA:315,0
DA:316,0
DA:331,0
DA:333,0
DA:334,0
DA:339,0
DA:341,0
DA:342,0
DA:345,0
DA:346,0
DA:347,0
DA:361,0
DA:370,0
DA:372,0
DA:373,0
DA:378,0
DA:379,0
DA:385,0
DA:386,0
DA:391,0
DA:392,0
DA:401,0
DA:402,0
DA:407,0
DA:408,0
DA:412,0
DA:414,0
DA:415,0
DA:420,0
DA:421,0
DA:430,0
DA:431,0
DA:436,0
DA:437,0
DA:445,0
DA:446,0
DA:452,0
DA:453,0
DA:458,0
DA:459,0
DA:464,0
DA:465,0
DA:466,0
DA:468,0
DA:469,0
DA:474,0
DA:475,0
DA:476,0
DA:478,0
DA:479,0
DA:484,0
DA:485,0
DA:486,0
DA:488,0
DA:494,0
DA:495,0
DA:500,0
DA:501,0
DA:510,0
DA:512,0
DA:513,0
DA:518,0
DA:519,0
DA:524,0
DA:526,0
DA:527,0
DA:532,0
DA:533,0
DA:534,0
DA:536,0
DA:537,0
DA:543,0
DA:544,0
DA:549,0
DA:550,0
DA:555,0
DA:556,0
DA:557,0
DA:559,0
DA:560,0
DA:565,0
DA:566,0
DA:575,0
DA:577,0
DA:578,0
DA:583,0
DA:584,0
DA:589,0
DA:591,0
DA:592,0
DA:597,0
DA:598,0
DA:599,0
DA:601,0
DA:602,0
DA:608,0
DA:609,0
DA:610,0
DA:611,0
DA:614,0
DA:644,0
DA:645,0
DA:650,0
DA:651,0
DA:652,0
DA:654,0
DA:655,0
DA:660,0
DA:661,0
DA:667,0
DA:668,0
DA:673,0
DA:675,0
DA:677,0
DA:678,0
DA:680,0
DA:681,0
DA:683,0
DA:684,0
DA:685,0
DA:687,0
DA:703,0
DA:708,0
DA:720,0
DA:722,0
DA:723,0
DA:728,0
DA:729,0
DA:734,0
DA:736,0
DA:737,0
DA:742,0
DA:743,0
DA:744,0
DA:746,0
DA:747,0
DA:753,0
DA:755,0
DA:758,0
DA:760,0
DA:762,0
DA:765,0
DA:767,0
DA:768,0
DA:773,0
DA:774,0
DA:775,0
DA:777,0
DA:778,0
DA:783,0
DA:784,0
DA:807,0
DA:809,0
DA:810,0
DA:815,0
DA:816,0
DA:821,0
DA:823,0
DA:824,0
DA:829,0
DA:831,0
DA:832,0
DA:835,0
DA:836,0
DA:837,0
DA:840,0
DA:841,0
DA:843,0
DA:844,0
DA:851,0
DA:852,0
DA:853,0
DA:860,0
DA:861,0
DA:862,0
DA:863,0
DA:864,0
DA:866,0
DA:867,0
DA:870,0
DA:874,0
DA:876,0
DA:877,0
DA:882,0
DA:883,0
DA:884,0
DA:886,0
DA:887,0
DA:892,0
DA:893,0
DA:901,0
DA:903,0
DA:904,0
DA:909,0
DA:910,0
DA:915,0
DA:917,0
DA:918,0
DA:923,0
DA:924,0
DA:925,0
DA:927,0
DA:928,0
DA:934,0
DA:935,0
DA:943,0
DA:945,0
DA:946,0
DA:951,0
DA:952,0
DA:958,0
DA:959,0
DA:965,0
DA:966,0
DA:968,0
DA:969,0
DA:970,0
DA:971,0
DA:972,0
DA:973,0
DA:975,0
DA:976,0
DA:979,0
DA:980,0
DA:981,0
DA:985,0
DA:986,0
DA:988,0
DA:989,0
DA:993,0
DA:995,0
DA:996,0
DA:1001,0
DA:1002,0
DA:1003,0
DA:1005,0
DA:1006,0
DA:1011,0
DA:1012,0
DA:1020,0
DA:1022,0
DA:1023,0
DA:1028,0
DA:1029,0
DA:1037,0
DA:1039,0
DA:1040,0
DA:1045,0
DA:1046,0
DA:1052,0
DA:1053,0
DA:1058,0
DA:1059,0
DA:1060,0
DA:1062,0
DA:1073,0
DA:1074,0
DA:1080,0
DA:1085,0
DA:1090,0
DA:1091,0
DA:1092,0
DA:1094,0
DA:1095,0
DA:1112,0
DA:1113,0
DA:1117,0
DA:1118,0
DA:1121,0
DA:1123,0
DA:1124,0
DA:1127,0
DA:1128,0
DA:1131,0
DA:1132,0
DA:1135,0
DA:1136,0
DA:1139,0
DA:1140,0
DA:1141,0
DA:1142,0
DA:1143,0
DA:1144,0
DA:1145,0
DA:1152,0
DA:1161,0
DA:1162,0
DA:1165,0
DA:1166,0
DA:1169,0
DA:1170,0
DA:1173,0
DA:1174,0
DA:1177,0
DA:1178,0
DA:1181,0
DA:1187,0
DA:1188,0
DA:1193,0
DA:1194,0
DA:1195,0
DA:1197,0
DA:1198,0
DA:1203,0
DA:1204,0
DA:1209,0
DA:1211,0
DA:1212,0
DA:1222,0
DA:1223,0
DA:1237,0
DA:1239,0
DA:1240,0
DA:1245,0
DA:1246,0
DA:1247,0
DA:1249,0
DA:1250,0
DA:1255,0
DA:1256,0
DA:1262,0
DA:1263,0
DA:1269,0
DA:1270,0
DA:1272,0
DA:1273,0
DA:1278,0
DA:1279,0
DA:1280,0
DA:1282,0
DA:1283,0
DA:1288,0
DA:1289,0
DA:1290,0
DA:1292,0
DA:1293,0
DA:1298,0
DA:1299,0
DA:1300,0
DA:1302,0
DA:1303,0
DA:1309,0
DA:1310,0
DA:1311,0
DA:1312,0
DA:1313,0
DA:1314,0
DA:1316,0
DA:1317,0
DA:1319,0
DA:1320,0
DA:1322,0
DA:1323,0
DA:1326,0
DA:1330,0
DA:1332,0
DA:1333,0
DA:1338,0
DA:1339,0
DA:1340,0
DA:1342,0
DA:1343,0
DA:1348,0
DA:1349,0
DA:1350,0
DA:1352,0
DA:1353,0
DA:1358,0
DA:1359,0
DA:1360,0
DA:1362,0
DA:1363,0
DA:1368,0
DA:1369,0
DA:1370,0
DA:1372,0
DA:1373,0
DA:1379,0
DA:1380,0
DA:1382,0
DA:1383,0
DA:1388,0
DA:1389,0
DA:1390,0
DA:1392,0
DA:1393,0
DA:1398,0
DA:1399,0
DA:1400,0
DA:1402,0
DA:1403,0
DA:1408,0
DA:1409,0
DA:1410,0
DA:1411,0
DA:1414,0
DA:1415,0
DA:1424,0
DA:1426,0
DA:1427,0
DA:1432,0
DA:1433,0
DA:1434,0
DA:1435,0
DA:1436,0
DA:1440,0
DA:1447,0
DA:1449,0
DA:1450,0
DA:1455,0
DA:1456,0
DA:1457,0
DA:1458,0
DA:1460,0
DA:1461,0
DA:1466,0
DA:1467,0
DA:1471,0
DA:1472,0
DA:1478,0
DA:1479,0
DA:1482,0
DA:1484,0
DA:1485,0
DA:1490,0
DA:1491,0
DA:1492,0
DA:1494,0
DA:1495,0
DA:1500,0
DA:1502,0
DA:1503,0
DA:1504,0
DA:1508,0
DA:1509,0
DA:1510,0
DA:1514,0
DA:1515,0
DA:1516,0
DA:1519,0
DA:1520,0
DA:1527,0
DA:1529,0
DA:1530,0
DA:1535,0
DA:1536,0
DA:1543,0
DA:1545,0
DA:1546,0
DA:1551,0
DA:1552,0
DA:1553,0
DA:1555,0
DA:1556,0
DA:1561,0
DA:1562,0
DA:1566,0
DA:1567,0
DA:1572,0
DA:1573,0
DA:1575,0
DA:1577,0
DA:1578,0
DA:1583,0
DA:1584,0
DA:1611,0
DA:1613,0
DA:1614,0
DA:1619,0
DA:1620,0
DA:1646,0
DA:1648,0
DA:1649,0
DA:1654,0
DA:1655,0
DA:1665,0
DA:1667,0
DA:1668,0
DA:1686,0
DA:1688,0
DA:1689,0
DA:1690,0
DA:1694,0
DA:1697,0
DA:1698,0
DA:1702,0
DA:1703,0
DA:1705,0
DA:1707,0
DA:1708,0
DA:1726,0
DA:1730,0
DA:1731,0
DA:1744,0
DA:1749,0
DA:1750,0
DA:1755,0
DA:1756,0
DA:1759,0
DA:1760,0
DA:1771,0
DA:1772,0
DA:1776,0
DA:1783,0
DA:1794,0
DA:1795,0
DA:1796,0
DA:1800,0
DA:1803,0
DA:1808,0
DA:1809,0
DA:1814,0
DA:1815,0
DA:1818,0
DA:1824,0
DA:1829,0
DA:1834,0
DA:1835,0
DA:1836,0
DA:1837,0
DA:1838,0
DA:1841,0
DA:1842,0
DA:1843,0
DA:1844,0
DA:1845,0
DA:1849,0
DA:1850,0
DA:1851,0
DA:1852,0
DA:1854,0
DA:1855,0
DA:1858,0
DA:1862,0
DA:1864,0
DA:1865,0
DA:1870,0
DA:1871,0
DA:1872,0
DA:1874,0
DA:1875,0
DA:1880,0
DA:1892,0
DA:1896,0
DA:1897,0
DA:1898,0
DA:1903,0
DA:1904,0
DA:1907,0
DA:1913,0
DA:1915,0
DA:1916,0
DA:1922,0
DA:1923,0
DA:1924,0
DA:1925,0
DA:1926,0
DA:1927,0
DA:1929,0
DA:1930,0
DA:1932,0
DA:1933,0
DA:1934,0
DA:1935,0
DA:1937,0
DA:1938,0
DA:1943,0
DA:1944,0
DA:1948,0
DA:1952,0
DA:1953,0
DA:1957,0
DA:1958,0
DA:1962,0
DA:1963,0
DA:1964,0
DA:1965,0
DA:1967,0
DA:1971,0
DA:1972,0
DA:1973,0
DA:1975,0
DA:1976,0
DA:1977,0
DA:1979,0
DA:1980,0
DA:1985,0
DA:1993,0
DA:1995,0
DA:1996,0
DA:2001,0
DA:2002,0
DA:2005,0
DA:2007,0
DA:2008,0
DA:2013,0
DA:2014,0
DA:2017,0
DA:2019,0
DA:2020,0
DA:2025,0
DA:2026,0
DA:2030,0
DA:2032,0
DA:2033,0
DA:2039,0
DA:2040,0
DA:2041,0
DA:2042,0
DA:2044,0
DA:2045,0
DA:2047,0
DA:2048,0
DA:2051,0
DA:2052,0
DA:2056,0
DA:2060,0
DA:2061,0
DA:2066,0
DA:2067,0
DA:2070,0
DA:2072,0
DA:2073,0
DA:2078,0
DA:2079,0
DA:2082,0
DA:2084,0
DA:2085,0
DA:2090,0
DA:2091,0
DA:2095,0
DA:2096,0
DA:2101,0
DA:2102,0
DA:2105,0
DA:2107,0
DA:2108,0
DA:2113,0
DA:2114,0
DA:2118,0
DA:2120,0
DA:2121,0
DA:2126,0
DA:2128,0
DA:2129,0
DA:2130,0
DA:2133,0
DA:2136,0
DA:2149,0
DA:2158,0
DA:2160,0
DA:2165,0
DA:2167,0
DA:2168,0
DA:2173,0
DA:2174,0
DA:2184,0
DA:2186,0
DA:2187,0
DA:2192,0
DA:2194,0
DA:2195,0
DA:2196,0
DA:2199,0
DA:2202,0
DA:2215,0
DA:2222,0
DA:2224,0
DA:2225,0
DA:2231,0
DA:2232,0
DA:2233,0
DA:2234,0
DA:2236,0
DA:2237,0
DA:2240,0
DA:2241,0
DA:2243,0
DA:2245,0
DA:2246,0
DA:2251,0
DA:2252,0
DA:2253,0
DA:2255,0
DA:2256,0
DA:2261,0
DA:2262,0
DA:2263,0
DA:2264,0
DA:2266,0
DA:2267,0
DA:2272,0
DA:2273,0
DA:2274,0
DA:2293,0
DA:2294,0
DA:2298,0
DA:2299,0
DA:2303,0
DA:2304,0
DA:2306,0
DA:2307,0
DA:2309,0
DA:2310,0
DA:2312,0
DA:2313,0
DA:2315,0
DA:2316,0
DA:2318,0
DA:2319,0
DA:2324,0
DA:2325,0
DA:2326,0
DA:2327,0
DA:2329,0
DA:2330,0
DA:2332,0
DA:2333,0
DA:2336,0
DA:2337,0
DA:2339,0
DA:2341,0
DA:2342,0
DA:2347,0
DA:2348,0
DA:2349,0
DA:2351,0
DA:2352,0
DA:2357,0
DA:2358,0
DA:2370,0
DA:2373,0
DA:2380,0
DA:2384,0
DA:2385,0
DA:2390,0
DA:2391,0
DA:2392,0
DA:2393,0
DA:2394,0
DA:2396,0
DA:2397,0
DA:2402,0
DA:2403,0
DA:2407,0
DA:2408,0
DA:2410,0
DA:2411,0
DA:2413,0
DA:2414,0
DA:2416,0
DA:2417,0
DA:2419,0
DA:2420,0
DA:2425,0
DA:2426,0
DA:2430,0
DA:2431,0
DA:2433,0
DA:2434,0
DA:2436,0
DA:2437,0
LF:831
LH:5
BRDA:47,0,0,0
BRDA:47,0,1,0
BRDA:52,1,0,0
BRDA:52,1,1,0
BRDA:169,2,0,0
BRDA:169,2,1,0
BRDA:171,3,0,0
BRDA:171,3,1,0
BRDA:175,4,0,0
BRDA:175,4,1,0
BRDA:185,5,0,0
BRDA:185,5,1,0
BRDA:186,6,0,0
BRDA:186,6,1,0
BRDA:190,7,0,0
BRDA:190,7,1,0
BRDA:192,8,0,0
BRDA:192,8,1,0
BRDA:194,9,0,0
BRDA:194,9,1,0
BRDA:195,10,0,0
BRDA:195,10,1,0
BRDA:202,11,0,0
BRDA:202,11,1,0
BRDA:202,12,0,0
BRDA:202,12,1,0
BRDA:208,13,0,0
BRDA:208,13,1,0
BRDA:208,14,0,0
BRDA:208,14,1,0
BRDA:221,15,0,0
BRDA:221,15,1,0
BRDA:221,16,0,0
BRDA:221,16,1,0
BRDA:230,17,0,0
BRDA:230,17,1,0
BRDA:230,18,0,0
BRDA:230,18,1,0
BRDA:273,19,0,0
BRDA:273,19,1,0
BRDA:275,20,0,0
BRDA:275,20,1,0
BRDA:283,21,0,0
BRDA:283,21,1,0
BRDA:325,22,0,0
BRDA:325,22,1,0
BRDA:326,23,0,0
BRDA:326,23,1,0
BRDA:342,24,0,0
BRDA:342,24,1,0
BRDA:345,25,0,0
BRDA:345,25,1,0
BRDA:345,26,0,0
BRDA:345,26,1,0
BRDA:346,27,0,0
BRDA:346,27,1,0
BRDA:346,28,0,0
BRDA:346,28,1,0
BRDA:347,29,0,0
BRDA:347,29,1,0
BRDA:352,30,0,0
BRDA:352,30,1,0
BRDA:354,31,0,0
BRDA:354,31,1,0
BRDA:485,32,0,0
BRDA:485,32,1,0
BRDA:534,33,0,0
BRDA:534,33,1,0
BRDA:534,34,0,0
BRDA:534,34,1,0
BRDA:599,35,0,0
BRDA:599,35,1,0
BRDA:599,36,0,0
BRDA:599,36,1,0
BRDA:610,37,0,0
BRDA:610,37,1,0
BRDA:675,38,0,0
BRDA:675,38,1,0
BRDA:675,39,0,0
BRDA:675,39,1,0
BRDA:677,40,0,0
BRDA:677,40,1,0
BRDA:677,41,0,0
BRDA:677,41,1,0
BRDA:681,42,0,0
BRDA:681,42,1,0
BRDA:681,43,0,0
BRDA:681,43,1,0
BRDA:684,44,0,0
BRDA:684,44,1,0
BRDA:689,45,0,0
BRDA:689,45,1,0
BRDA:690,46,0,0
BRDA:690,46,1,0
BRDA:692,47,0,0
BRDA:692,47,1,0
BRDA:693,48,0,0
BRDA:693,48,1,0
BRDA:694,49,0,0
BRDA:694,49,1,0
BRDA:695,50,0,0
BRDA:695,50,1,0
BRDA:696,51,0,0
BRDA:696,51,1,0
BRDA:698,52,0,0
BRDA:698,52,1,0
BRDA:713,53,0,0
BRDA:713,53,1,0
BRDA:713,54,0,0
BRDA:713,54,1,0
BRDA:715,55,0,0
BRDA:715,55,1,0
BRDA:715,56,0,0
BRDA:715,56,1,0
BRDA:744,57,0,0
BRDA:744,57,1,0
BRDA:744,58,0,0
BRDA:744,58,1,0
BRDA:760,59,0,0
BRDA:760,59,1,0
BRDA:762,60,0,0
BRDA:762,60,1,0
BRDA:788,61,0,0
BRDA:788,61,1,0
BRDA:789,62,0,0
BRDA:789,62,1,0
BRDA:789,63,0,0
BRDA:789,63,1,0
BRDA:790,64,0,0
BRDA:790,64,1,0
BRDA:790,65,0,0
BRDA:790,65,1,0
BRDA:791,66,0,0
BRDA:791,66,1,0
BRDA:791,67,0,0
BRDA:791,67,1,0
BRDA:792,68,0,0
BRDA:792,68,1,0
BRDA:793,69,0,0
BRDA:793,69,1,0
BRDA:794,70,0,0
BRDA:794,70,1,0
BRDA:795,71,0,0
BRDA:795,71,1,0
BRDA:796,72,0,0
BRDA:796,72,1,0
BRDA:796,73,0,0
BRDA:796,73,1,0
BRDA:797,74,0,0
BRDA:797,74,1,0
BRDA:797,75,0,0
BRDA:797,75,1,0
BRDA:798,76,0,0
BRDA:798,76,1,0
BRDA:798,77,0,0
BRDA:798,77,1,0
BRDA:799,78,0,0
BRDA:799,78,1,0
BRDA:799,79,0,0
BRDA:799,79,1,0
BRDA:800,80,0,0
BRDA:800,80,1,0
BRDA:800,81,0,0
BRDA:800,81,1,0
BRDA:801,82,0,0
BRDA:801,82,1,0
BRDA:801,83,0,0
BRDA:801,83,1,0
BRDA:802,84,0,0
BRDA:802,84,1,0
BRDA:802,85,0,0
BRDA:802,85,1,0
BRDA:841,86,0,0
BRDA:841,86,1,0
BRDA:841,87,0,0
BRDA:841,87,1,0
BRDA:852,88,0,0
BRDA:852,88,1,0
BRDA:861,89,0,0
BRDA:861,89,1,0
BRDA:861,90,0,0
BRDA:861,90,1,0
BRDA:861,91,0,0
BRDA:861,91,1,0
BRDA:861,92,0,0
BRDA:861,92,1,0
BRDA:863,93,0,0
BRDA:863,93,1,0
BRDA:863,94,0,0
BRDA:863,94,1,0
BRDA:863,95,0,0
BRDA:863,95,1,0
BRDA:866,96,0,0
BRDA:866,96,1,0
BRDA:866,97,0,0
BRDA:866,97,1,0
BRDA:866,98,0,0
BRDA:866,98,1,0
BRDA:870,99,0,0
BRDA:870,99,1,0
BRDA:968,100,0,0
BRDA:968,100,1,0
BRDA:970,101,0,0
BRDA:970,101,1,0
BRDA:970,102,0,0
BRDA:970,102,1,0
BRDA:972,103,0,0
BRDA:972,103,1,0
BRDA:975,104,0,0
BRDA:975,104,1,0
BRDA:976,105,0,0
BRDA:976,105,1,0
BRDA:979,106,0,0
BRDA:979,106,1,0
BRDA:979,107,0,0
BRDA:979,107,1,0
BRDA:980,108,0,0
BRDA:980,108,1,0
BRDA:980,109,0,0
BRDA:980,109,1,0
BRDA:985,110,0,0
BRDA:985,110,1,0
BRDA:986,111,0,0
BRDA:986,111,1,0
BRDA:988,112,0,0
BRDA:988,112,1,0
BRDA:1113,113,0,0
BRDA:1113,113,1,0
BRDA:1117,114,0,0
BRDA:1117,114,1,0
BRDA:1123,115,0,0
BRDA:1123,115,1,0
BRDA:1127,116,0,0
BRDA:1127,116,1,0
BRDA:1131,117,0,0
BRDA:1131,117,1,0
BRDA:1131,118,0,0
BRDA:1131,118,1,0
BRDA:1135,119,0,0
BRDA:1135,119,1,0
BRDA:1139,120,0,0
BRDA:1139,120,1,0
BRDA:1141,121,0,0
BRDA:1141,121,1,0
BRDA:1142,122,0,0
BRDA:1142,122,1,0
BRDA:1161,123,0,0
BRDA:1161,123,1,0
BRDA:1165,124,0,0
BRDA:1165,124,1,0
BRDA:1165,125,0,0
BRDA:1165,125,1,0
BRDA:1169,126,0,0
BRDA:1169,126,1,0
BRDA:1173,127,0,0
BRDA:1173,127,1,0
BRDA:1177,128,0,0
BRDA:1177,128,1,0
BRDA:1237,129,0,0
BRDA:1237,129,1,0
BRDA:1300,130,0,0
BRDA:1300,130,1,0
BRDA:1311,131,0,0
BRDA:1311,131,1,0
BRDA:1311,132,0,0
BRDA:1311,132,1,0
BRDA:1311,133,0,0
BRDA:1311,133,1,0
BRDA:1311,134,0,0
BRDA:1311,134,1,0
BRDA:1313,135,0,0
BRDA:1313,135,1,0
BRDA:1313,136,0,0
BRDA:1313,136,1,0
BRDA:1313,137,0,0
BRDA:1313,137,1,0
BRDA:1316,138,0,0
BRDA:1316,138,1,0
BRDA:1316,139,0,0
BRDA:1316,139,1,0
BRDA:1316,140,0,0
BRDA:1316,140,1,0
BRDA:1319,141,0,0
BRDA:1319,141,1,0
BRDA:1319,142,0,0
BRDA:1319,142,1,0
BRDA:1319,143,0,0
BRDA:1319,143,1,0
BRDA:1322,144,0,0
BRDA:1322,144,1,0
BRDA:1322,145,0,0
BRDA:1322,145,1,0
BRDA:1322,146,0,0
BRDA:1322,146,1,0
BRDA:1326,147,0,0
BRDA:1326,147,1,0
BRDA:1410,148,0,0
BRDA:1410,148,1,0
BRDA:1418,149,0,0
BRDA:1418,149,1,0
BRDA:1418,150,0,0
BRDA:1418,150,1,0
BRDA:1419,151,0,0
BRDA:1419,151,1,0
BRDA:1420,152,0,0
BRDA:1420,152,1,0
BRDA:1420,153,0,0
BRDA:1420,153,1,0
BRDA:1433,154,0,0
BRDA:1433,154,1,0
BRDA:1435,155,0,0
BRDA:1435,155,1,0
BRDA:1435,156,0,0
BRDA:1435,156,1,0
BRDA:1479,157,0,0
BRDA:1479,157,1,0
BRDA:1503,158,0,0
BRDA:1503,158,1,0
BRDA:1509,159,0,0
BRDA:1509,159,1,0
BRDA:1515,160,0,0
BRDA:1515,160,1,0
BRDA:1523,161,0,0
BRDA:1523,161,1,0
BRDA:1523,162,0,0
BRDA:1523,162,1,0
BRDA:1665,163,0,0
BRDA:1665,163,1,0
BRDA:1665,164,0,0
BRDA:1665,164,1,0
BRDA:1665,165,0,0
BRDA:1665,165,1,0
BRDA:1689,166,0,0
BRDA:1689,166,1,0
BRDA:1697,167,0,0
BRDA:1697,167,1,0
BRDA:1702,168,0,0
BRDA:1702,168,1,0
BRDA:1716,169,0,0
BRDA:1716,169,1,0
BRDA:1717,170,0,0
BRDA:1717,170,1,0
BRDA:1718,171,0,0
BRDA:1718,171,1,0
BRDA:1719,172,0,0
BRDA:1719,172,1,0
BRDA:1720,173,0,0
BRDA:1720,173,1,0
BRDA:1721,174,0,0
BRDA:1721,174,1,0
BRDA:1755,175,0,0
BRDA:1755,175,1,0
BRDA:1759,176,0,0
BRDA:1759,176,1,0
BRDA:1759,177,0,0
BRDA:1759,177,1,0
BRDA:1771,178,0,0
BRDA:1771,178,1,0
BRDA:1771,179,0,0
BRDA:1771,179,1,0
BRDA:1771,180,0,0
BRDA:1771,180,1,0
BRDA:1771,181,0,0
BRDA:1771,181,1,0
BRDA:1795,182,0,0
BRDA:1795,182,1,0
BRDA:1795,183,0,0
BRDA:1795,183,1,0
BRDA:1795,184,0,0
BRDA:1795,184,1,0
BRDA:1795,185,0,0
BRDA:1795,185,1,0
BRDA:1814,186,0,0
BRDA:1814,186,1,0
BRDA:1851,187,0,0
BRDA:1851,187,1,0
BRDA:1851,188,0,0
BRDA:1851,188,1,0
BRDA:1851,189,0,0
BRDA:1851,189,1,0
BRDA:1854,190,0,0
BRDA:1854,190,1,0
BRDA:1854,191,0,0
BRDA:1854,191,1,0
BRDA:1854,192,0,0
BRDA:1854,192,1,0
BRDA:1858,193,0,0
BRDA:1858,193,1,0
BRDA:1884,194,0,0
BRDA:1884,194,1,0
BRDA:1884,195,0,0
BRDA:1884,195,1,0
BRDA:1885,196,0,0
BRDA:1885,196,1,0
BRDA:1885,197,0,0
BRDA:1885,197,1,0
BRDA:1886,198,0,0
BRDA:1886,198,1,0
BRDA:1886,199,0,0
BRDA:1886,199,1,0
BRDA:1897,200,0,0
BRDA:1897,200,1,0
BRDA:1903,201,0,0
BRDA:1903,201,1,0
BRDA:1903,202,0,0
BRDA:1903,202,1,0
BRDA:1924,203,0,0
BRDA:1924,203,1,0
BRDA:1924,204,0,0
BRDA:1924,204,1,0
BRDA:1924,205,0,0
BRDA:1924,205,1,0
BRDA:1924,206,0,0
BRDA:1924,206,1,0
BRDA:1926,207,0,0
BRDA:1926,207,1,0
BRDA:1926,208,0,0
BRDA:1926,208,1,0
BRDA:1926,209,0,0
BRDA:1926,209,1,0
BRDA:1929,210,0,0
BRDA:1929,210,1,0
BRDA:1929,211,0,0
BRDA:1929,211,1,0
BRDA:1929,212,0,0
BRDA:1929,212,1,0
BRDA:1932,213,0,0
BRDA:1932,213,1,0
BRDA:1932,214,0,0
BRDA:1932,214,1,0
BRDA:1932,215,0,0
BRDA:1932,215,1,0
BRDA:1932,216,0,0
BRDA:1932,216,1,0
BRDA:1934,217,0,0
BRDA:1934,217,1,0
BRDA:1934,218,0,0
BRDA:1934,218,1,0
BRDA:1934,219,0,0
BRDA:1934,219,1,0
BRDA:1937,220,0,0
BRDA:1937,220,1,0
BRDA:1937,221,0,0
BRDA:1937,221,1,0
BRDA:1937,222,0,0
BRDA:1937,222,1,0
BRDA:1943,223,0,0
BRDA:1943,223,1,0
BRDA:1952,224,0,0
BRDA:1952,224,1,0
BRDA:1964,225,0,0
BRDA:1964,225,1,0
BRDA:1976,226,0,0
BRDA:1976,226,1,0
BRDA:1987,227,0,0
BRDA:1987,227,1,0
BRDA:1988,228,0,0
BRDA:1988,228,1,0
BRDA:1989,229,0,0
BRDA:1989,229,1,0
BRDA:2041,230,0,0
BRDA:2041,230,1,0
BRDA:2041,231,0,0
BRDA:2041,231,1,0
BRDA:2041,232,0,0
BRDA:2041,232,1,0
BRDA:2044,233,0,0
BRDA:2044,233,1,0
BRDA:2044,234,0,0
BRDA:2044,234,1,0
BRDA:2044,235,0,0
BRDA:2044,235,1,0
BRDA:2047,236,0,0
BRDA:2047,236,1,0
BRDA:2047,237,0,0
BRDA:2047,237,1,0
BRDA:2047,238,0,0
BRDA:2047,238,1,0
BRDA:2051,239,0,0
BRDA:2051,239,1,0
BRDA:2129,240,0,0
BRDA:2129,240,1,0
BRDA:2129,241,0,0
BRDA:2129,241,1,0
BRDA:2139,242,0,0
BRDA:2139,242,1,0
BRDA:2140,243,0,0
BRDA:2140,243,1,0
BRDA:2158,244,0,0
BRDA:2158,244,1,0
BRDA:2177,245,0,0
BRDA:2177,245,1,0
BRDA:2195,246,0,0
BRDA:2195,246,1,0
BRDA:2195,247,0,0
BRDA:2195,247,1,0
BRDA:2205,248,0,0
BRDA:2205,248,1,0
BRDA:2206,249,0,0
BRDA:2206,249,1,0
BRDA:2233,250,0,0
BRDA:2233,250,1,0
BRDA:2233,251,0,0
BRDA:2233,251,1,0
BRDA:2233,252,0,0
BRDA:2233,252,1,0
BRDA:2236,253,0,0
BRDA:2236,253,1,0
BRDA:2236,254,0,0
BRDA:2236,254,1,0
BRDA:2236,255,0,0
BRDA:2236,255,1,0
BRDA:2240,256,0,0
BRDA:2240,256,1,0
BRDA:2278,257,0,0
BRDA:2278,257,1,0
BRDA:2280,258,0,0
BRDA:2280,258,1,0
BRDA:2280,259,0,0
BRDA:2280,259,1,0
BRDA:2281,260,0,0
BRDA:2281,260,1,0
BRDA:2281,261,0,0
BRDA:2281,261,1,0
BRDA:2282,262,0,0
BRDA:2282,262,1,0
BRDA:2282,263,0,0
BRDA:2282,263,1,0
BRDA:2284,264,0,0
BRDA:2284,264,1,0
BRDA:2285,265,0,0
BRDA:2285,265,1,0
BRDA:2286,266,0,0
BRDA:2286,266,1,0
BRDA:2287,267,0,0
BRDA:2287,267,1,0
BRDA:2288,268,0,0
BRDA:2288,268,1,0
BRDA:2289,269,0,0
BRDA:2289,269,1,0
BRDA:2303,270,0,0
BRDA:2303,270,1,0
BRDA:2306,271,0,0
BRDA:2306,271,1,0
BRDA:2309,272,0,0
BRDA:2309,272,1,0
BRDA:2312,273,0,0
BRDA:2312,273,1,0
BRDA:2313,274,0,0
BRDA:2313,274,1,0
BRDA:2326,275,0,0
BRDA:2326,275,1,0
BRDA:2326,276,0,0
BRDA:2326,276,1,0
BRDA:2326,277,0,0
BRDA:2326,277,1,0
BRDA:2329,278,0,0
BRDA:2329,278,1,0
BRDA:2329,279,0,0
BRDA:2329,279,1,0
BRDA:2329,280,0,0
BRDA:2329,280,1,0
BRDA:2332,281,0,0
BRDA:2332,281,1,0
BRDA:2332,282,0,0
BRDA:2332,282,1,0
BRDA:2332,283,0,0
BRDA:2332,283,1,0
BRDA:2336,284,0,0
BRDA:2336,284,1,0
BRDA:2357,285,0,0
BRDA:2357,285,1,0
BRDA:2362,286,0,0
BRDA:2362,286,1,0
BRDA:2364,287,0,0
BRDA:2364,287,1,0
BRDA:2365,288,0,0
BRDA:2365,288,1,0
BRDA:2366,289,0,0
BRDA:2366,289,1,0
BRDA:2367,290,0,0
BRDA:2367,290,1,0
BRDA:2390,291,0,0
BRDA:2390,291,1,0
BRDA:2390,292,0,0
BRDA:2390,292,1,0
BRDA:2393,293,0,0
BRDA:2393,293,1,0
BRDA:2407,294,0,0
BRDA:2407,294,1,0
BRDA:2410,295,0,0
BRDA:2410,295,1,0
BRDA:2413,296,0,0
BRDA:2413,296,1,0
BRDA:2430,297,0,0
BRDA:2430,297,1,0
BRF:596
BRH:0
end_of_record
TN:
SF:server\storage.ts
FN:304,(anonymous_7)
FN:316,(anonymous_9)
FN:320,(anonymous_11)
FN:321,(anonymous_13)
FN:326,(anonymous_14)
FN:331,(anonymous_15)
FN:368,(anonymous_16)
FN:399,(anonymous_17)
FN:499,(anonymous_18)
FN:527,(anonymous_19)
FN:544,(anonymous_20)
FN:565,(anonymous_21)
FN:1252,(anonymous_22)
FN:1256,(anonymous_24)
FN:1257,(anonymous_26)
FN:1260,(anonymous_27)
FN:1261,(anonymous_29)
FN:1268,(anonymous_30)
FN:1272,(anonymous_32)
FN:1285,(anonymous_34)
FN:1314,(anonymous_36)
FN:1327,(anonymous_38)
FN:1328,(anonymous_40)
FN:1331,(anonymous_41)
FN:1337,(anonymous_43)
FN:1338,(anonymous_45)
FN:1341,(anonymous_46)
FN:1347,(anonymous_48)
FN:1353,(anonymous_50)
FN:1394,(anonymous_52)
FN:1432,(anonymous_53)
FN:1462,(anonymous_55)
FN:1463,(anonymous_57)
FN:1467,(anonymous_58)
FN:1471,(anonymous_60)
FN:1474,(anonymous_61)
FN:1476,(anonymous_62)
FN:1479,(anonymous_63)
FN:1484,(anonymous_64)
FN:1488,(anonymous_66)
FN:1594,(anonymous_68)
FN:1607,(anonymous_70)
FN:1612,(anonymous_72)
FN:1624,(anonymous_74)
FN:1626,(anonymous_76)
FN:1630,(anonymous_77)
FN:1634,(anonymous_79)
FN:1636,(anonymous_80)
FN:1643,(anonymous_81)
FN:1646,(anonymous_82)
FN:1649,(anonymous_83)
FN:1652,(anonymous_84)
FN:1655,(anonymous_85)
FN:1658,(anonymous_86)
FN:1661,(anonymous_87)
FN:1665,(anonymous_89)
FN:1692,(anonymous_91)
FN:1705,(anonymous_93)
FN:1706,(anonymous_95)
FN:1709,(anonymous_96)
FN:1713,(anonymous_98)
FN:1720,(anonymous_99)
FN:1725,(anonymous_101)
FN:1730,(anonymous_102)
FN:1731,(anonymous_103)
FN:1734,(anonymous_104)
FN:1740,(anonymous_105)
FN:1746,(anonymous_106)
FN:1751,(anonymous_108)
FN:1756,(anonymous_109)
FN:1757,(anonymous_110)
FN:1760,(anonymous_111)
FN:1766,(anonymous_112)
FN:1771,(anonymous_113)
FN:1774,(anonymous_114)
FN:1778,(anonymous_115)
FN:1783,(anonymous_116)
FN:1784,(anonymous_118)
FN:1788,(anonymous_119)
FN:1796,(anonymous_120)
FN:1800,(anonymous_122)
FN:1826,(anonymous_124)
FN:1847,(anonymous_126)
FN:1870,(anonymous_128)
FN:1874,(anonymous_130)
FN:1888,(anonymous_132)
FN:1896,(anonymous_133)
FN:1899,(anonymous_134)
FN:1902,(anonymous_135)
FN:1905,(anonymous_136)
FN:1908,(anonymous_137)
FN:1912,(anonymous_138)
FN:1913,(anonymous_139)
FN:1915,(anonymous_140)
FN:1919,(anonymous_141)
FN:1922,(anonymous_142)
FN:1925,(anonymous_143)
FN:1928,(anonymous_144)
FN:1934,(anonymous_145)
FN:1967,(anonymous_147)
FN:1980,(anonymous_149)
FN:2000,(anonymous_151)
FN:2015,(anonymous_153)
FN:2017,(anonymous_155)
FN:2018,(anonymous_156)
FN:2022,(anonymous_157)
FN:2024,(anonymous_159)
FN:2025,(anonymous_160)
FN:2028,(anonymous_161)
FN:2042,(anonymous_163)
FN:2051,(anonymous_165)
FN:2053,(anonymous_167)
FN:2057,(anonymous_168)
FN:2061,(anonymous_170)
FN:2063,(anonymous_171)
FN:2067,(anonymous_172)
FN:2070,(anonymous_173)
FN:2073,(anonymous_174)
FN:2076,(anonymous_175)
FN:2079,(anonymous_176)
FN:2083,(anonymous_178)
FN:2104,(anonymous_180)
FN:2116,(anonymous_182)
FN:2121,(anonymous_184)
FN:2123,(anonymous_186)
FN:2130,(anonymous_187)
FN:2134,(anonymous_189)
FN:2135,(anonymous_191)
FN:2138,(anonymous_192)
FN:2159,(anonymous_194)
FN:2180,(anonymous_196)
FN:2184,(anonymous_198)
FN:2186,(anonymous_200)
FN:2187,(anonymous_201)
FN:2195,(anonymous_202)
FN:2199,(anonymous_204)
FN:2202,(anonymous_205)
FN:2209,(anonymous_206)
FN:2213,(anonymous_208)
FN:2244,(anonymous_210)
FN:2257,(anonymous_212)
FN:2261,(anonymous_214)
FN:2263,(anonymous_216)
FN:2264,(anonymous_217)
FN:2271,(anonymous_218)
FN:2273,(anonymous_220)
FN:2276,(anonymous_221)
FN:2278,(anonymous_223)
FN:2306,(anonymous_224)
FN:2313,(anonymous_225)
FN:2341,(anonymous_227)
FN:2406,(anonymous_229)
FN:2408,(anonymous_231)
FN:2412,(anonymous_232)
FN:2431,(anonymous_234)
FN:2447,(anonymous_235)
FN:2468,(anonymous_237)
FN:2470,(anonymous_239)
FN:2477,(anonymous_240)
FN:2481,(anonymous_242)
FN:2483,(anonymous_244)
FN:2486,(anonymous_245)
FN:2502,(anonymous_247)
FN:2515,(anonymous_249)
FN:2520,(anonymous_251)
FN:2522,(anonymous_253)
FN:2529,(anonymous_254)
FN:2533,(anonymous_256)
FN:2550,(anonymous_258)
FN:2563,(anonymous_260)
FN:2568,(anonymous_262)
FN:2572,(anonymous_264)
FN:2576,(anonymous_265)
FN:2593,(anonymous_266)
FN:2600,(anonymous_267)
FN:2604,(anonymous_269)
FN:2606,(anonymous_271)
FN:2607,(anonymous_272)
FN:2614,(anonymous_273)
FN:2630,(anonymous_275)
FN:2643,(anonymous_277)
FN:2648,(anonymous_279)
FN:2652,(anonymous_281)
FN:2655,(anonymous_282)
FN:2662,(anonymous_283)
FN:2666,(anonymous_285)
FN:2685,(anonymous_287)
FN:2698,(anonymous_289)
FN:2703,(anonymous_291)
FN:2707,(anonymous_293)
FN:2711,(anonymous_294)
FN:2714,(anonymous_295)
FN:2721,(anonymous_296)
FN:2725,(anonymous_298)
FN:2749,(anonymous_300)
FN:2762,(anonymous_302)
FN:2767,(anonymous_304)
FN:2771,(anonymous_306)
FN:2775,(anonymous_307)
FN:2778,(anonymous_308)
FN:2781,(anonymous_309)
FN:2785,(anonymous_311)
FN:2804,(anonymous_313)
FN:2825,(anonymous_315)
FN:2836,(anonymous_316)
FN:2878,(anonymous_317)
FN:2882,(anonymous_319)
FN:2884,(anonymous_320)
FN:2888,(anonymous_321)
FN:2892,(anonymous_322)
FN:2894,(anonymous_323)
FN:2898,(anonymous_324)
FN:2901,(anonymous_325)
FN:2908,(anonymous_326)
FN:2912,(anonymous_328)
FN:2929,(anonymous_330)
FN:2943,(anonymous_332)
FN:2947,(anonymous_334)
FN:2951,(anonymous_335)
FN:2955,(anonymous_336)
FN:2961,(anonymous_337)
FN:2965,(anonymous_339)
FN:2966,(anonymous_341)
FN:2969,(anonymous_342)
FN:2970,(anonymous_344)
FN:2973,(anonymous_345)
FN:2990,(anonymous_347)
FN:3003,(anonymous_349)
FN:3020,(anonymous_351)
FN:3036,(anonymous_353)
FN:3054,(anonymous_355)
FN:3058,(anonymous_357)
FN:3061,(anonymous_358)
FN:3064,(anonymous_359)
FN:3067,(anonymous_360)
FN:3071,(anonymous_362)
FN:3073,(anonymous_364)
FN:3076,(anonymous_365)
FN:3102,(anonymous_367)
FN:3116,(anonymous_369)
FN:3119,(anonymous_371)
FN:3120,(anonymous_372)
FN:3121,(anonymous_373)
FN:3123,(anonymous_374)
FN:3126,(anonymous_375)
FN:3130,(anonymous_377)
FN:3157,(anonymous_379)
FN:3159,(anonymous_381)
FN:3160,(anonymous_382)
FN:3169,(anonymous_383)
FN:3184,(anonymous_385)
FNF:251
FNH:30
FNDA:0,(anonymous_7)
FNDA:0,(anonymous_9)
FNDA:0,(anonymous_11)
FNDA:0,(anonymous_13)
FNDA:5,(anonymous_14)
FNDA:15,(anonymous_15)
FNDA:30,(anonymous_16)
FNDA:20,(anonymous_17)
FNDA:20,(anonymous_18)
FNDA:5,(anonymous_19)
FNDA:10,(anonymous_20)
FNDA:5,(anonymous_21)
FNDA:13,(anonymous_22)
FNDA:0,(anonymous_24)
FNDA:0,(anonymous_26)
FNDA:4,(anonymous_27)
FNDA:40,(anonymous_29)
FNDA:11,(anonymous_30)
FNDA:0,(anonymous_32)
FNDA:0,(anonymous_34)
FNDA:0,(anonymous_36)
FNDA:0,(anonymous_38)
FNDA:0,(anonymous_40)
FNDA:0,(anonymous_41)
FNDA:0,(anonymous_43)
FNDA:0,(anonymous_45)
FNDA:0,(anonymous_46)
FNDA:0,(anonymous_48)
FNDA:11,(anonymous_50)
FNDA:55,(anonymous_52)
FNDA:0,(anonymous_53)
FNDA:0,(anonymous_55)
FNDA:0,(anonymous_57)
FNDA:0,(anonymous_58)
FNDA:0,(anonymous_60)
FNDA:0,(anonymous_61)
FNDA:0,(anonymous_62)
FNDA:0,(anonymous_63)
FNDA:1,(anonymous_64)
FNDA:1,(anonymous_66)
FNDA:0,(anonymous_68)
FNDA:0,(anonymous_70)
FNDA:0,(anonymous_72)
FNDA:0,(anonymous_74)
FNDA:0,(anonymous_76)
FNDA:0,(anonymous_77)
FNDA:0,(anonymous_79)
FNDA:0,(anonymous_80)
FNDA:0,(anonymous_81)
FNDA:0,(anonymous_82)
FNDA:0,(anonymous_83)
FNDA:0,(anonymous_84)
FNDA:0,(anonymous_85)
FNDA:0,(anonymous_86)
FNDA:0,(anonymous_87)
FNDA:0,(anonymous_89)
FNDA:0,(anonymous_91)
FNDA:0,(anonymous_93)
FNDA:0,(anonymous_95)
FNDA:0,(anonymous_96)
FNDA:0,(anonymous_98)
FNDA:0,(anonymous_99)
FNDA:0,(anonymous_101)
FNDA:0,(anonymous_102)
FNDA:0,(anonymous_103)
FNDA:0,(anonymous_104)
FNDA:0,(anonymous_105)
FNDA:0,(anonymous_106)
FNDA:0,(anonymous_108)
FNDA:0,(anonymous_109)
FNDA:0,(anonymous_110)
FNDA:0,(anonymous_111)
FNDA:0,(anonymous_112)
FNDA:0,(anonymous_113)
FNDA:0,(anonymous_114)
FNDA:0,(anonymous_115)
FNDA:0,(anonymous_116)
FNDA:0,(anonymous_118)
FNDA:0,(anonymous_119)
FNDA:0,(anonymous_120)
FNDA:0,(anonymous_122)
FNDA:0,(anonymous_124)
FNDA:0,(anonymous_126)
FNDA:0,(anonymous_128)
FNDA:0,(anonymous_130)
FNDA:0,(anonymous_132)
FNDA:0,(anonymous_133)
FNDA:0,(anonymous_134)
FNDA:0,(anonymous_135)
FNDA:0,(anonymous_136)
FNDA:0,(anonymous_137)
FNDA:0,(anonymous_138)
FNDA:0,(anonymous_139)
FNDA:0,(anonymous_140)
FNDA:0,(anonymous_141)
FNDA:0,(anonymous_142)
FNDA:0,(anonymous_143)
FNDA:0,(anonymous_144)
FNDA:0,(anonymous_145)
FNDA:0,(anonymous_147)
FNDA:0,(anonymous_149)
FNDA:0,(anonymous_151)
FNDA:0,(anonymous_153)
FNDA:0,(anonymous_155)
FNDA:0,(anonymous_156)
FNDA:0,(anonymous_157)
FNDA:0,(anonymous_159)
FNDA:0,(anonymous_160)
FNDA:0,(anonymous_161)
FNDA:0,(anonymous_163)
FNDA:0,(anonymous_165)
FNDA:0,(anonymous_167)
FNDA:0,(anonymous_168)
FNDA:0,(anonymous_170)
FNDA:0,(anonymous_171)
FNDA:0,(anonymous_172)
FNDA:0,(anonymous_173)
FNDA:0,(anonymous_174)
FNDA:0,(anonymous_175)
FNDA:0,(anonymous_176)
FNDA:0,(anonymous_178)
FNDA:0,(anonymous_180)
FNDA:0,(anonymous_182)
FNDA:7,(anonymous_184)
FNDA:24,(anonymous_186)
FNDA:14,(anonymous_187)
FNDA:7,(anonymous_189)
FNDA:15,(anonymous_191)
FNDA:7,(anonymous_192)
FNDA:0,(anonymous_194)
FNDA:0,(anonymous_196)
FNDA:0,(anonymous_198)
FNDA:0,(anonymous_200)
FNDA:0,(anonymous_201)
FNDA:5,(anonymous_202)
FNDA:0,(anonymous_204)
FNDA:24,(anonymous_205)
FNDA:0,(anonymous_206)
FNDA:14,(anonymous_208)
FNDA:2,(anonymous_210)
FNDA:0,(anonymous_212)
FNDA:0,(anonymous_214)
FNDA:0,(anonymous_216)
FNDA:0,(anonymous_217)
FNDA:12,(anonymous_218)
FNDA:44,(anonymous_220)
FNDA:0,(anonymous_221)
FNDA:0,(anonymous_223)
FNDA:0,(anonymous_224)
FNDA:0,(anonymous_225)
FNDA:0,(anonymous_227)
FNDA:0,(anonymous_229)
FNDA:0,(anonymous_231)
FNDA:0,(anonymous_232)
FNDA:0,(anonymous_234)
FNDA:0,(anonymous_235)
FNDA:0,(anonymous_237)
FNDA:0,(anonymous_239)
FNDA:0,(anonymous_240)
FNDA:0,(anonymous_242)
FNDA:0,(anonymous_244)
FNDA:0,(anonymous_245)
FNDA:0,(anonymous_247)
FNDA:0,(anonymous_249)
FNDA:0,(anonymous_251)
FNDA:0,(anonymous_253)
FNDA:0,(anonymous_254)
FNDA:0,(anonymous_256)
FNDA:0,(anonymous_258)
FNDA:0,(anonymous_260)
FNDA:0,(anonymous_262)
FNDA:0,(anonymous_264)
FNDA:0,(anonymous_265)
FNDA:0,(anonymous_266)
FNDA:0,(anonymous_267)
FNDA:0,(anonymous_269)
FNDA:0,(anonymous_271)
FNDA:0,(anonymous_272)
FNDA:0,(anonymous_273)
FNDA:0,(anonymous_275)
FNDA:0,(anonymous_277)
FNDA:0,(anonymous_279)
FNDA:0,(anonymous_281)
FNDA:0,(anonymous_282)
FNDA:0,(anonymous_283)
FNDA:0,(anonymous_285)
FNDA:0,(anonymous_287)
FNDA:0,(anonymous_289)
FNDA:0,(anonymous_291)
FNDA:0,(anonymous_293)
FNDA:0,(anonymous_294)
FNDA:0,(anonymous_295)
FNDA:0,(anonymous_296)
FNDA:0,(anonymous_298)
FNDA:0,(anonymous_300)
FNDA:0,(anonymous_302)
FNDA:0,(anonymous_304)
FNDA:0,(anonymous_306)
FNDA:0,(anonymous_307)
FNDA:0,(anonymous_308)
FNDA:0,(anonymous_309)
FNDA:0,(anonymous_311)
FNDA:0,(anonymous_313)
FNDA:5,(anonymous_315)
FNDA:15,(anonymous_316)
FNDA:0,(anonymous_317)
FNDA:0,(anonymous_319)
FNDA:0,(anonymous_320)
FNDA:0,(anonymous_321)
FNDA:0,(anonymous_322)
FNDA:0,(anonymous_323)
FNDA:0,(anonymous_324)
FNDA:0,(anonymous_325)
FNDA:0,(anonymous_326)
FNDA:0,(anonymous_328)
FNDA:0,(anonymous_330)
FNDA:0,(anonymous_332)
FNDA:0,(anonymous_334)
FNDA:0,(anonymous_335)
FNDA:0,(anonymous_336)
FNDA:0,(anonymous_337)
FNDA:0,(anonymous_339)
FNDA:0,(anonymous_341)
FNDA:0,(anonymous_342)
FNDA:0,(anonymous_344)
FNDA:0,(anonymous_345)
FNDA:0,(anonymous_347)
FNDA:0,(anonymous_349)
FNDA:0,(anonymous_351)
FNDA:0,(anonymous_353)
FNDA:0,(anonymous_355)
FNDA:0,(anonymous_357)
FNDA:0,(anonymous_358)
FNDA:0,(anonymous_359)
FNDA:0,(anonymous_360)
FNDA:0,(anonymous_362)
FNDA:0,(anonymous_364)
FNDA:0,(anonymous_365)
FNDA:0,(anonymous_367)
FNDA:0,(anonymous_369)
FNDA:0,(anonymous_371)
FNDA:0,(anonymous_372)
FNDA:0,(anonymous_373)
FNDA:0,(anonymous_374)
FNDA:0,(anonymous_375)
FNDA:0,(anonymous_377)
FNDA:0,(anonymous_379)
FNDA:0,(anonymous_381)
FNDA:0,(anonymous_382)
FNDA:0,(anonymous_383)
FNDA:0,(anonymous_385)
DA:2,4
DA:271,4
DA:272,5
DA:273,5
DA:274,5
DA:275,5
DA:276,5
DA:278,5
DA:279,5
DA:280,5
DA:281,5
DA:282,5
DA:283,5
DA:284,5
DA:288,5
DA:289,5
DA:290,5
DA:291,5
DA:292,5
DA:295,5
DA:300,5
DA:301,5
DA:305,0
DA:306,0
DA:312,0
DA:313,0
DA:317,0
DA:321,0
DA:323,5
DA:324,5
DA:327,5
DA:328,5
DA:332,15
DA:369,30
DA:400,20
DA:500,20
DA:528,5
DA:545,10
DA:567,5
DA:582,5
DA:585,5
DA:600,5
DA:603,5
DA:618,5
DA:621,5
DA:631,5
DA:633,5
DA:643,5
DA:645,5
DA:655,5
DA:658,5
DA:667,5
DA:670,5
DA:679,5
DA:682,5
DA:691,5
DA:694,5
DA:705,5
DA:707,5
DA:718,5
DA:721,5
DA:730,5
DA:733,5
DA:742,5
DA:744,5
DA:753,5
DA:756,5
DA:779,5
DA:782,5
DA:802,5
DA:804,5
DA:827,5
DA:829,5
DA:849,5
DA:852,5
DA:870,5
DA:873,5
DA:887,5
DA:889,5
DA:903,5
DA:905,5
DA:919,5
DA:922,5
DA:931,5
DA:934,5
DA:954,5
DA:956,5
DA:977,5
DA:979,5
DA:998,5
DA:1000,5
DA:1024,5
DA:1026,5
DA:1045,5
DA:1047,5
DA:1066,5
DA:1068,5
DA:1091,5
DA:1093,5
DA:1114,5
DA:1117,5
DA:1150,5
DA:1152,5
DA:1185,5
DA:1187,5
DA:1220,5
DA:1223,5
DA:1248,5
DA:1253,13
DA:1257,0
DA:1261,4
DA:1262,40
DA:1263,40
DA:1264,40
DA:1269,11
DA:1273,0
DA:1274,0
DA:1281,0
DA:1282,0
DA:1286,0
DA:1287,0
DA:1310,0
DA:1311,0
DA:1315,0
DA:1316,0
DA:1318,0
DA:1323,0
DA:1324,0
DA:1328,0
DA:1332,0
DA:1333,0
DA:1334,0
DA:1338,0
DA:1342,0
DA:1343,0
DA:1344,0
DA:1348,0
DA:1349,0
DA:1350,0
DA:1355,11
DA:1356,0
DA:1358,0
DA:1359,0
DA:1364,0
DA:1365,0
DA:1368,0
DA:1389,0
DA:1390,0
DA:1394,55
DA:1396,11
DA:1397,0
DA:1402,0
DA:1403,0
DA:1406,11
DA:1407,11
DA:1428,11
DA:1429,11
DA:1433,0
DA:1434,0
DA:1437,0
DA:1438,0
DA:1452,0
DA:1458,0
DA:1459,0
DA:1463,0
DA:1468,0
DA:1469,0
DA:1470,0
DA:1471,0
DA:1473,0
DA:1474,0
DA:1475,0
DA:1476,0
DA:1478,0
DA:1479,0
DA:1481,0
DA:1485,1
DA:1489,1
DA:1490,1
DA:1590,1
DA:1591,1
DA:1595,0
DA:1596,0
DA:1598,0
DA:1603,0
DA:1604,0
DA:1608,0
DA:1613,0
DA:1614,0
DA:1620,0
DA:1621,0
DA:1625,0
DA:1626,0
DA:1631,0
DA:1633,0
DA:1634,0
DA:1635,0
DA:1636,0
DA:1640,0
DA:1642,0
DA:1643,0
DA:1645,0
DA:1646,0
DA:1648,0
DA:1649,0
DA:1651,0
DA:1652,0
DA:1654,0
DA:1655,0
DA:1658,0
DA:1662,0
DA:1666,0
DA:1667,0
DA:1688,0
DA:1689,0
DA:1693,0
DA:1694,0
DA:1696,0
DA:1701,0
DA:1702,0
DA:1706,0
DA:1710,0
DA:1711,0
DA:1713,0
DA:1714,0
DA:1715,0
DA:1716,0
DA:1721,0
DA:1724,0
DA:1725,0
DA:1726,0
DA:1727,0
DA:1729,0
DA:1730,0
DA:1731,0
DA:1734,0
DA:1739,0
DA:1740,0
DA:1743,0
DA:1747,0
DA:1750,0
DA:1751,0
DA:1752,0
DA:1753,0
DA:1755,0
DA:1756,0
DA:1757,0
DA:1760,0
DA:1765,0
DA:1766,0
DA:1770,0
DA:1771,0
DA:1773,0
DA:1774,0
DA:1778,0
DA:1779,0
DA:1784,0
DA:1786,0
DA:1788,0
DA:1789,0
DA:1793,0
DA:1797,0
DA:1801,0
DA:1802,0
DA:1822,0
DA:1823,0
DA:1827,0
DA:1828,0
DA:1830,0
DA:1843,0
DA:1844,0
DA:1849,0
DA:1850,0
DA:1851,0
DA:1855,0
DA:1856,0
DA:1857,0
DA:1861,0
DA:1862,0
DA:1863,0
DA:1866,0
DA:1871,0
DA:1887,0
DA:1888,0
DA:1891,0
DA:1893,0
DA:1895,0
DA:1896,0
DA:1898,0
DA:1899,0
DA:1901,0
DA:1902,0
DA:1904,0
DA:1905,0
DA:1907,0
DA:1908,0
DA:1909,0
DA:1910,0
DA:1911,0
DA:1912,0
DA:1913,0
DA:1915,0
DA:1918,0
DA:1919,0
DA:1921,0
DA:1922,0
DA:1924,0
DA:1925,0
DA:1927,0
DA:1928,0
DA:1931,0
DA:1935,0
DA:1936,0
DA:1937,0
DA:1963,0
DA:1964,0
DA:1968,0
DA:1969,0
DA:1971,0
DA:1976,0
DA:1977,0
DA:1986,0
DA:1987,0
DA:1988,0
DA:1990,0
DA:1996,0
DA:1997,0
DA:2001,0
DA:2002,0
DA:2011,0
DA:2012,0
DA:2016,0
DA:2017,0
DA:2018,0
DA:2023,0
DA:2024,0
DA:2025,0
DA:2029,0
DA:2030,0
DA:2038,0
DA:2039,0
DA:2043,0
DA:2044,0
DA:2046,0
DA:2047,0
DA:2048,0
DA:2052,0
DA:2053,0
DA:2058,0
DA:2060,0
DA:2061,0
DA:2062,0
DA:2063,0
DA:2066,0
DA:2067,0
DA:2069,0
DA:2070,0
DA:2072,0
DA:2073,0
DA:2076,0
DA:2080,0
DA:2084,0
DA:2085,0
DA:2100,0
DA:2101,0
DA:2105,0
DA:2106,0
DA:2108,0
DA:2112,0
DA:2113,0
DA:2117,0
DA:2122,7
DA:2124,24
DA:2125,24
DA:2126,24
DA:2131,14
DA:2135,15
DA:2140,7
DA:2141,7
DA:2142,0
DA:2145,7
DA:2146,7
DA:2155,7
DA:2156,7
DA:2160,0
DA:2161,0
DA:2164,0
DA:2165,0
DA:2166,0
DA:2167,0
DA:2171,0
DA:2176,0
DA:2177,0
DA:2181,0
DA:2185,0
DA:2186,0
DA:2188,0
DA:2189,0
DA:2190,0
DA:2196,5
DA:2198,5
DA:2199,0
DA:2202,5
DA:2203,24
DA:2204,24
DA:2205,24
DA:2210,0
DA:2215,14
DA:2216,14
DA:2217,1
DA:2221,13
DA:2222,13
DA:2223,1
DA:2227,12
DA:2228,12
DA:2229,1
DA:2232,11
DA:2233,11
DA:2240,11
DA:2241,11
DA:2245,2
DA:2246,2
DA:2248,2
DA:2253,2
DA:2254,2
DA:2258,0
DA:2262,0
DA:2263,0
DA:2265,0
DA:2266,0
DA:2267,0
DA:2272,12
DA:2273,44
DA:2277,0
DA:2278,0
DA:2280,0
DA:2281,0
DA:2282,0
DA:2283,0
DA:2306,0
DA:2307,0
DA:2308,0
DA:2309,0
DA:2314,0
DA:2315,0
DA:2317,0
DA:2318,0
DA:2355,0
DA:2356,0
DA:2357,0
DA:2360,0
DA:2363,0
DA:2364,0
DA:2365,0
DA:2366,0
DA:2368,0
DA:2370,0
DA:2371,0
DA:2388,0
DA:2391,0
DA:2392,0
DA:2401,0
DA:2403,0
DA:2407,0
DA:2408,0
DA:2413,0
DA:2414,0
DA:2415,0
DA:2418,0
DA:2419,0
DA:2420,0
DA:2421,0
DA:2425,0
DA:2426,0
DA:2427,0
DA:2430,0
DA:2431,0
DA:2433,0
DA:2434,0
DA:2435,0
DA:2436,0
DA:2437,0
DA:2438,0
DA:2439,0
DA:2440,0
DA:2444,0
DA:2448,0
DA:2449,0
DA:2450,0
DA:2453,0
DA:2454,0
DA:2455,0
DA:2457,0
DA:2458,0
DA:2459,0
DA:2460,0
DA:2461,0
DA:2464,0
DA:2469,0
DA:2471,0
DA:2472,0
DA:2473,0
DA:2478,0
DA:2482,0
DA:2483,0
DA:2487,0
DA:2488,0
DA:2498,0
DA:2499,0
DA:2503,0
DA:2504,0
DA:2506,0
DA:2511,0
DA:2512,0
DA:2516,0
DA:2521,0
DA:2523,0
DA:2524,0
DA:2525,0
DA:2530,0
DA:2534,0
DA:2535,0
DA:2546,0
DA:2547,0
DA:2551,0
DA:2552,0
DA:2554,0
DA:2559,0
DA:2560,0
DA:2564,0
DA:2569,0
DA:2571,0
DA:2572,0
DA:2576,0
DA:2577,0
DA:2578,0
DA:2593,0
DA:2594,0
DA:2595,0
DA:2596,0
DA:2601,0
DA:2605,0
DA:2606,0
DA:2608,0
DA:2609,0
DA:2610,0
DA:2615,0
DA:2616,0
DA:2626,0
DA:2627,0
DA:2631,0
DA:2632,0
DA:2634,0
DA:2639,0
DA:2640,0
DA:2644,0
DA:2649,0
DA:2651,0
DA:2652,0
DA:2655,0
DA:2656,0
DA:2657,0
DA:2658,0
DA:2663,0
DA:2667,0
DA:2668,0
DA:2681,0
DA:2682,0
DA:2686,0
DA:2687,0
DA:2689,0
DA:2694,0
DA:2695,0
DA:2699,0
DA:2704,0
DA:2706,0
DA:2707,0
DA:2710,0
DA:2711,0
DA:2714,0
DA:2715,0
DA:2716,0
DA:2717,0
DA:2722,0
DA:2726,0
DA:2727,0
DA:2745,0
DA:2746,0
DA:2750,0
DA:2751,0
DA:2753,0
DA:2758,0
DA:2759,0
DA:2763,0
DA:2768,0
DA:2770,0
DA:2771,0
DA:2774,0
DA:2775,0
DA:2778,0
DA:2782,0
DA:2786,0
DA:2787,0
DA:2800,0
DA:2801,0
DA:2805,0
DA:2806,0
DA:2808,0
DA:2817,0
DA:2818,0
DA:2827,5
DA:2828,0
DA:2831,5
DA:2834,5
DA:2836,5
DA:2838,15
DA:2851,15
DA:2852,15
DA:2855,15
DA:2856,15
DA:2869,15
DA:2870,15
DA:2874,5
DA:2879,0
DA:2881,0
DA:2882,0
DA:2883,0
DA:2884,0
DA:2887,0
DA:2888,0
DA:2891,0
DA:2892,0
DA:2893,0
DA:2894,0
DA:2897,0
DA:2898,0
DA:2901,0
DA:2902,0
DA:2903,0
DA:2904,0
DA:2909,0
DA:2913,0
DA:2914,0
DA:2925,0
DA:2926,0
DA:2930,0
DA:2931,0
DA:2933,0
DA:2938,0
DA:2939,0
DA:2944,0
DA:2946,0
DA:2947,0
DA:2950,0
DA:2951,0
DA:2954,0
DA:2955,0
DA:2958,0
DA:2962,0
DA:2966,0
DA:2970,0
DA:2974,0
DA:2975,0
DA:2986,0
DA:2987,0
DA:2991,0
DA:2992,0
DA:2994,0
DA:2999,0
DA:3000,0
DA:3004,0
DA:3005,0
DA:3007,0
DA:3016,0
DA:3017,0
DA:3021,0
DA:3022,0
DA:3024,0
DA:3032,0
DA:3033,0
DA:3037,0
DA:3038,0
DA:3040,0
DA:3049,0
DA:3050,0
DA:3055,0
DA:3056,0
DA:3057,0
DA:3058,0
DA:3060,0
DA:3061,0
DA:3064,0
DA:3068,0
DA:3072,0
DA:3073,0
DA:3077,0
DA:3078,0
DA:3079,0
DA:3098,0
DA:3099,0
DA:3103,0
DA:3104,0
DA:3105,0
DA:3112,0
DA:3113,0
DA:3117,0
DA:3118,0
DA:3119,0
DA:3120,0
DA:3121,0
DA:3123,0
DA:3127,0
DA:3131,0
DA:3132,0
DA:3144,0
DA:3147,0
DA:3148,0
DA:3149,0
DA:3150,0
DA:3151,0
DA:3154,0
DA:3158,0
DA:3159,0
DA:3160,0
DA:3162,0
DA:3163,0
DA:3164,0
DA:3165,0
DA:3166,0
DA:3170,0
DA:3171,0
DA:3172,0
DA:3180,0
DA:3181,0
DA:3185,0
DA:3186,0
DA:3187,0
DA:3193,0
DA:3194,0
DA:3202,4
DA:3205,4
DA:3208,4
LF:742
LH:173
BRDA:305,0,0,0
BRDA:305,0,1,0
BRDA:305,1,0,0
BRDA:305,1,1,0
BRDA:335,2,0,15
BRDA:335,2,1,0
BRDA:335,3,0,15
BRDA:335,3,1,15
BRDA:336,4,0,15
BRDA:336,4,1,0
BRDA:336,5,0,15
BRDA:336,5,1,15
BRDA:337,6,0,15
BRDA:337,6,1,0
BRDA:337,7,0,15
BRDA:337,7,1,15
BRDA:338,8,0,0
BRDA:338,8,1,15
BRDA:338,9,0,15
BRDA:338,9,1,15
BRDA:339,10,0,0
BRDA:339,10,1,15
BRDA:339,11,0,15
BRDA:339,11,1,15
BRDA:340,12,0,0
BRDA:340,12,1,15
BRDA:340,13,0,15
BRDA:340,13,1,15
BRDA:341,14,0,0
BRDA:341,14,1,15
BRDA:341,15,0,15
BRDA:341,15,1,15
BRDA:342,16,0,0
BRDA:342,16,1,15
BRDA:342,17,0,15
BRDA:342,17,1,15
BRDA:343,18,0,0
BRDA:343,18,1,15
BRDA:343,19,0,15
BRDA:343,19,1,15
BRDA:344,20,0,0
BRDA:344,20,1,15
BRDA:344,21,0,15
BRDA:344,21,1,15
BRDA:345,22,0,0
BRDA:345,22,1,15
BRDA:345,23,0,15
BRDA:345,23,1,15
BRDA:346,24,0,15
BRDA:346,24,1,0
BRDA:346,25,0,15
BRDA:346,25,1,15
BRDA:347,26,0,15
BRDA:347,26,1,0
BRDA:347,27,0,15
BRDA:347,27,1,15
BRDA:348,28,0,15
BRDA:348,28,1,0
BRDA:348,29,0,15
BRDA:348,29,1,15
BRDA:349,30,0,15
BRDA:349,30,1,0
BRDA:349,31,0,15
BRDA:349,31,1,15
BRDA:350,32,0,0
BRDA:350,32,1,15
BRDA:350,33,0,15
BRDA:350,33,1,15
BRDA:351,34,0,15
BRDA:351,34,1,0
BRDA:351,35,0,15
BRDA:351,35,1,15
BRDA:352,36,0,15
BRDA:352,36,1,0
BRDA:352,37,0,15
BRDA:352,37,1,15
BRDA:353,38,0,15
BRDA:353,38,1,0
BRDA:353,39,0,15
BRDA:353,39,1,15
BRDA:354,40,0,0
BRDA:354,40,1,15
BRDA:354,41,0,15
BRDA:354,41,1,15
BRDA:355,42,0,0
BRDA:355,42,1,15
BRDA:355,43,0,15
BRDA:355,43,1,15
BRDA:356,44,0,0
BRDA:356,44,1,15
BRDA:356,45,0,15
BRDA:356,45,1,15
BRDA:357,46,0,0
BRDA:357,46,1,15
BRDA:357,47,0,15
BRDA:357,47,1,15
BRDA:358,48,0,0
BRDA:358,48,1,15
BRDA:358,49,0,15
BRDA:358,49,1,15
BRDA:359,50,0,0
BRDA:359,50,1,15
BRDA:359,51,0,15
BRDA:359,51,1,15
BRDA:360,52,0,15
BRDA:360,52,1,0
BRDA:360,53,0,15
BRDA:360,53,1,15
BRDA:361,54,0,0
BRDA:361,54,1,15
BRDA:361,55,0,15
BRDA:361,55,1,15
BRDA:362,56,0,0
BRDA:362,56,1,15
BRDA:362,57,0,15
BRDA:362,57,1,15
BRDA:363,58,0,0
BRDA:363,58,1,15
BRDA:363,59,0,15
BRDA:363,59,1,15
BRDA:364,60,0,0
BRDA:364,60,1,15
BRDA:364,61,0,15
BRDA:364,61,1,15
BRDA:372,62,0,0
BRDA:372,62,1,30
BRDA:372,63,0,30
BRDA:372,63,1,30
BRDA:373,64,0,0
BRDA:373,64,1,30
BRDA:373,65,0,30
BRDA:373,65,1,30
BRDA:374,66,0,0
BRDA:374,66,1,30
BRDA:374,67,0,30
BRDA:374,67,1,30
BRDA:375,68,0,0
BRDA:375,68,1,30
BRDA:375,69,0,30
BRDA:375,69,1,30
BRDA:378,70,0,0
BRDA:378,70,1,30
BRDA:378,71,0,30
BRDA:378,71,1,30
BRDA:380,72,0,15
BRDA:380,72,1,15
BRDA:380,73,0,30
BRDA:380,73,1,30
BRDA:381,74,0,0
BRDA:381,74,1,30
BRDA:381,75,0,30
BRDA:381,75,1,30
BRDA:382,76,0,0
BRDA:382,76,1,30
BRDA:382,77,0,30
BRDA:382,77,1,30
BRDA:383,78,0,0
BRDA:383,78,1,30
BRDA:383,79,0,30
BRDA:383,79,1,30
BRDA:384,80,0,0
BRDA:384,80,1,30
BRDA:384,81,0,30
BRDA:384,81,1,30
BRDA:385,82,0,0
BRDA:385,82,1,30
BRDA:385,83,0,30
BRDA:385,83,1,30
BRDA:386,84,0,0
BRDA:386,84,1,30
BRDA:386,85,0,30
BRDA:386,85,1,30
BRDA:387,86,0,0
BRDA:387,86,1,30
BRDA:387,87,0,30
BRDA:387,87,1,30
BRDA:388,88,0,0
BRDA:388,88,1,30
BRDA:388,89,0,30
BRDA:388,89,1,30
BRDA:389,90,0,0
BRDA:389,90,1,30
BRDA:389,91,0,30
BRDA:389,91,1,30
BRDA:390,92,0,0
BRDA:390,92,1,30
BRDA:390,93,0,30
BRDA:390,93,1,30
BRDA:391,94,0,0
BRDA:391,94,1,30
BRDA:391,95,0,30
BRDA:391,95,1,30
BRDA:392,96,0,0
BRDA:392,96,1,30
BRDA:392,97,0,30
BRDA:392,97,1,30
BRDA:393,98,0,0
BRDA:393,98,1,30
BRDA:393,99,0,30
BRDA:393,99,1,30
BRDA:394,100,0,30
BRDA:394,100,1,0
BRDA:394,101,0,30
BRDA:394,101,1,30
BRDA:395,102,0,30
BRDA:395,102,1,0
BRDA:395,103,0,30
BRDA:395,103,1,30
BRDA:404,104,0,10
BRDA:404,104,1,10
BRDA:404,105,0,20
BRDA:404,105,1,20
BRDA:405,106,0,10
BRDA:405,106,1,10
BRDA:405,107,0,20
BRDA:405,107,1,20
BRDA:406,108,0,10
BRDA:406,108,1,10
BRDA:406,109,0,20
BRDA:406,109,1,20
BRDA:407,110,0,20
BRDA:407,110,1,0
BRDA:407,111,0,20
BRDA:407,111,1,20
BRDA:408,112,0,10
BRDA:408,112,1,10
BRDA:408,113,0,20
BRDA:408,113,1,20
BRDA:409,114,0,20
BRDA:409,114,1,0
BRDA:409,115,0,20
BRDA:409,115,1,20
BRDA:410,116,0,20
BRDA:410,116,1,0
BRDA:410,117,0,20
BRDA:410,117,1,20
BRDA:411,118,0,0
BRDA:411,118,1,20
BRDA:411,119,0,20
BRDA:411,119,1,20
BRDA:412,120,0,20
BRDA:412,120,1,0
BRDA:412,121,0,20
BRDA:412,121,1,20
BRDA:413,122,0,20
BRDA:413,122,1,0
BRDA:413,123,0,20
BRDA:413,123,1,20
BRDA:414,124,0,0
BRDA:414,124,1,20
BRDA:414,125,0,20
BRDA:414,125,1,20
BRDA:415,126,0,20
BRDA:415,126,1,0
BRDA:415,127,0,20
BRDA:415,127,1,20
BRDA:416,128,0,20
BRDA:416,128,1,0
BRDA:416,129,0,20
BRDA:416,129,1,20
BRDA:417,130,0,20
BRDA:417,130,1,0
BRDA:417,131,0,20
BRDA:417,131,1,20
BRDA:418,132,0,20
BRDA:418,132,1,0
BRDA:418,133,0,20
BRDA:418,133,1,20
BRDA:419,134,0,10
BRDA:419,134,1,10
BRDA:419,135,0,20
BRDA:419,135,1,20
BRDA:420,136,0,0
BRDA:420,136,1,20
BRDA:420,137,0,20
BRDA:420,137,1,20
BRDA:421,138,0,0
BRDA:421,138,1,20
BRDA:421,139,0,20
BRDA:421,139,1,20
BRDA:422,140,0,0
BRDA:422,140,1,20
BRDA:422,141,0,20
BRDA:422,141,1,20
BRDA:423,142,0,0
BRDA:423,142,1,20
BRDA:423,143,0,20
BRDA:423,143,1,20
BRDA:424,144,0,0
BRDA:424,144,1,20
BRDA:424,145,0,20
BRDA:424,145,1,20
BRDA:425,146,0,0
BRDA:425,146,1,20
BRDA:425,147,0,20
BRDA:425,147,1,20
BRDA:426,148,0,0
BRDA:426,148,1,20
BRDA:426,149,0,20
BRDA:426,149,1,20
BRDA:427,150,0,0
BRDA:427,150,1,20
BRDA:427,151,0,20
BRDA:427,151,1,20
BRDA:428,152,0,0
BRDA:428,152,1,20
BRDA:428,153,0,20
BRDA:428,153,1,20
BRDA:429,154,0,0
BRDA:429,154,1,20
BRDA:429,155,0,20
BRDA:429,155,1,20
BRDA:430,156,0,0
BRDA:430,156,1,20
BRDA:430,157,0,20
BRDA:430,157,1,20
BRDA:431,158,0,0
BRDA:431,158,1,20
BRDA:431,159,0,20
BRDA:431,159,1,20
BRDA:432,160,0,0
BRDA:432,160,1,20
BRDA:432,161,0,20
BRDA:432,161,1,20
BRDA:433,162,0,0
BRDA:433,162,1,20
BRDA:433,163,0,20
BRDA:433,163,1,20
BRDA:434,164,0,0
BRDA:434,164,1,20
BRDA:434,165,0,20
BRDA:434,165,1,20
BRDA:435,166,0,0
BRDA:435,166,1,20
BRDA:435,167,0,20
BRDA:435,167,1,20
BRDA:436,168,0,0
BRDA:436,168,1,20
BRDA:436,169,0,20
BRDA:436,169,1,20
BRDA:437,170,0,0
BRDA:437,170,1,20
BRDA:437,171,0,20
BRDA:437,171,1,20
BRDA:438,172,0,0
BRDA:438,172,1,20
BRDA:438,173,0,20
BRDA:438,173,1,20
BRDA:439,174,0,0
BRDA:439,174,1,20
BRDA:439,175,0,20
BRDA:439,175,1,20
BRDA:440,176,0,0
BRDA:440,176,1,20
BRDA:440,177,0,20
BRDA:440,177,1,20
BRDA:441,178,0,0
BRDA:441,178,1,20
BRDA:441,179,0,20
BRDA:441,179,1,20
BRDA:442,180,0,0
BRDA:442,180,1,20
BRDA:442,181,0,20
BRDA:442,181,1,20
BRDA:443,182,0,0
BRDA:443,182,1,20
BRDA:443,183,0,20
BRDA:443,183,1,20
BRDA:444,184,0,0
BRDA:444,184,1,20
BRDA:444,185,0,20
BRDA:444,185,1,20
BRDA:445,186,0,0
BRDA:445,186,1,20
BRDA:445,187,0,20
BRDA:445,187,1,20
BRDA:446,188,0,0
BRDA:446,188,1,20
BRDA:446,189,0,20
BRDA:446,189,1,20
BRDA:447,190,0,0
BRDA:447,190,1,20
BRDA:447,191,0,20
BRDA:447,191,1,20
BRDA:448,192,0,0
BRDA:448,192,1,20
BRDA:448,193,0,20
BRDA:448,193,1,20
BRDA:449,194,0,0
BRDA:449,194,1,20
BRDA:449,195,0,20
BRDA:449,195,1,20
BRDA:450,196,0,0
BRDA:450,196,1,20
BRDA:450,197,0,20
BRDA:450,197,1,20
BRDA:451,198,0,0
BRDA:451,198,1,20
BRDA:451,199,0,20
BRDA:451,199,1,20
BRDA:452,200,0,0
BRDA:452,200,1,20
BRDA:452,201,0,20
BRDA:452,201,1,20
BRDA:453,202,0,0
BRDA:453,202,1,20
BRDA:453,203,0,20
BRDA:453,203,1,20
BRDA:454,204,0,0
BRDA:454,204,1,20
BRDA:454,205,0,20
BRDA:454,205,1,20
BRDA:455,206,0,0
BRDA:455,206,1,20
BRDA:455,207,0,20
BRDA:455,207,1,20
BRDA:456,208,0,0
BRDA:456,208,1,20
BRDA:456,209,0,20
BRDA:456,209,1,20
BRDA:457,210,0,0
BRDA:457,210,1,20
BRDA:457,211,0,20
BRDA:457,211,1,20
BRDA:458,212,0,0
BRDA:458,212,1,20
BRDA:458,213,0,20
BRDA:458,213,1,20
BRDA:459,214,0,0
BRDA:459,214,1,20
BRDA:459,215,0,20
BRDA:459,215,1,20
BRDA:460,216,0,0
BRDA:460,216,1,20
BRDA:460,217,0,20
BRDA:460,217,1,20
BRDA:461,218,0,0
BRDA:461,218,1,20
BRDA:461,219,0,20
BRDA:461,219,1,20
BRDA:462,220,0,0
BRDA:462,220,1,20
BRDA:462,221,0,20
BRDA:462,221,1,20
BRDA:463,222,0,0
BRDA:463,222,1,20
BRDA:463,223,0,20
BRDA:463,223,1,20
BRDA:464,224,0,0
BRDA:464,224,1,20
BRDA:464,225,0,20
BRDA:464,225,1,20
BRDA:465,226,0,0
BRDA:465,226,1,20
BRDA:465,227,0,20
BRDA:465,227,1,20
BRDA:466,228,0,0
BRDA:466,228,1,20
BRDA:466,229,0,20
BRDA:466,229,1,20
BRDA:467,230,0,0
BRDA:467,230,1,20
BRDA:467,231,0,20
BRDA:467,231,1,20
BRDA:468,232,0,0
BRDA:468,232,1,20
BRDA:468,233,0,20
BRDA:468,233,1,20
BRDA:469,234,0,0
BRDA:469,234,1,20
BRDA:469,235,0,20
BRDA:469,235,1,20
BRDA:470,236,0,0
BRDA:470,236,1,20
BRDA:470,237,0,20
BRDA:470,237,1,20
BRDA:471,238,0,0
BRDA:471,238,1,20
BRDA:471,239,0,20
BRDA:471,239,1,20
BRDA:472,240,0,0
BRDA:472,240,1,20
BRDA:472,241,0,20
BRDA:472,241,1,20
BRDA:473,242,0,0
BRDA:473,242,1,20
BRDA:473,243,0,20
BRDA:473,243,1,20
BRDA:474,244,0,0
BRDA:474,244,1,20
BRDA:474,245,0,20
BRDA:474,245,1,20
BRDA:475,246,0,0
BRDA:475,246,1,20
BRDA:475,247,0,20
BRDA:475,247,1,20
BRDA:476,248,0,0
BRDA:476,248,1,20
BRDA:476,249,0,20
BRDA:476,249,1,20
BRDA:477,250,0,0
BRDA:477,250,1,20
BRDA:477,251,0,20
BRDA:477,251,1,20
BRDA:478,252,0,0
BRDA:478,252,1,20
BRDA:478,253,0,20
BRDA:478,253,1,20
BRDA:479,254,0,0
BRDA:479,254,1,20
BRDA:479,255,0,20
BRDA:479,255,1,20
BRDA:480,256,0,0
BRDA:480,256,1,20
BRDA:480,257,0,20
BRDA:480,257,1,20
BRDA:481,258,0,0
BRDA:481,258,1,20
BRDA:481,259,0,20
BRDA:481,259,1,20
BRDA:482,260,0,0
BRDA:482,260,1,20
BRDA:482,261,0,20
BRDA:482,261,1,20
BRDA:483,262,0,0
BRDA:483,262,1,20
BRDA:483,263,0,20
BRDA:483,263,1,20
BRDA:484,264,0,0
BRDA:484,264,1,20
BRDA:484,265,0,20
BRDA:484,265,1,20
BRDA:485,266,0,0
BRDA:485,266,1,20
BRDA:485,267,0,20
BRDA:485,267,1,20
BRDA:486,268,0,0
BRDA:486,268,1,20
BRDA:486,269,0,20
BRDA:486,269,1,20
BRDA:487,270,0,0
BRDA:487,270,1,20
BRDA:487,271,0,20
BRDA:487,271,1,20
BRDA:488,272,0,0
BRDA:488,272,1,20
BRDA:488,273,0,20
BRDA:488,273,1,20
BRDA:489,274,0,0
BRDA:489,274,1,20
BRDA:489,275,0,20
BRDA:489,275,1,20
BRDA:490,276,0,0
BRDA:490,276,1,20
BRDA:490,277,0,20
BRDA:490,277,1,20
BRDA:491,278,0,0
BRDA:491,278,1,20
BRDA:491,279,0,20
BRDA:491,279,1,20
BRDA:492,280,0,20
BRDA:492,280,1,0
BRDA:492,281,0,20
BRDA:492,281,1,20
BRDA:493,282,0,0
BRDA:493,282,1,20
BRDA:493,283,0,20
BRDA:493,283,1,20
BRDA:494,284,0,20
BRDA:494,284,1,0
BRDA:494,285,0,20
BRDA:494,285,1,20
BRDA:495,286,0,20
BRDA:495,286,1,0
BRDA:495,287,0,20
BRDA:495,287,1,20
BRDA:504,288,0,20
BRDA:504,288,1,0
BRDA:504,289,0,20
BRDA:504,289,1,20
BRDA:505,290,0,0
BRDA:505,290,1,20
BRDA:505,291,0,20
BRDA:505,291,1,20
BRDA:506,292,0,0
BRDA:506,292,1,20
BRDA:506,293,0,20
BRDA:506,293,1,20
BRDA:507,294,0,20
BRDA:507,294,1,0
BRDA:507,295,0,20
BRDA:507,295,1,20
BRDA:508,296,0,20
BRDA:508,296,1,0
BRDA:508,297,0,20
BRDA:508,297,1,20
BRDA:509,298,0,20
BRDA:509,298,1,0
BRDA:509,299,0,20
BRDA:509,299,1,20
BRDA:510,300,0,20
BRDA:510,300,1,0
BRDA:510,301,0,20
BRDA:510,301,1,20
BRDA:511,302,0,0
BRDA:511,302,1,20
BRDA:511,303,0,20
BRDA:511,303,1,20
BRDA:512,304,0,20
BRDA:512,304,1,0
BRDA:512,305,0,20
BRDA:512,305,1,20
BRDA:513,306,0,5
BRDA:513,306,1,15
BRDA:513,307,0,20
BRDA:513,307,1,20
BRDA:514,308,0,5
BRDA:514,308,1,15
BRDA:514,309,0,20
BRDA:514,309,1,20
BRDA:515,310,0,5
BRDA:515,310,1,15
BRDA:515,311,0,20
BRDA:515,311,1,20
BRDA:516,312,0,5
BRDA:516,312,1,15
BRDA:516,313,0,20
BRDA:516,313,1,20
BRDA:517,314,0,0
BRDA:517,314,1,20
BRDA:517,315,0,20
BRDA:517,315,1,20
BRDA:518,316,0,0
BRDA:518,316,1,20
BRDA:518,317,0,20
BRDA:518,317,1,20
BRDA:519,318,0,0
BRDA:519,318,1,20
BRDA:519,319,0,20
BRDA:519,319,1,20
BRDA:520,320,0,20
BRDA:520,320,1,0
BRDA:520,321,0,20
BRDA:520,321,1,20
BRDA:521,322,0,0
BRDA:521,322,1,20
BRDA:521,323,0,20
BRDA:521,323,1,20
BRDA:522,324,0,20
BRDA:522,324,1,0
BRDA:522,325,0,20
BRDA:522,325,1,20
BRDA:523,326,0,20
BRDA:523,326,1,0
BRDA:523,327,0,20
BRDA:523,327,1,20
BRDA:532,328,0,0
BRDA:532,328,1,5
BRDA:532,329,0,5
BRDA:532,329,1,5
BRDA:533,330,0,5
BRDA:533,330,1,0
BRDA:533,331,0,5
BRDA:533,331,1,5
BRDA:534,332,0,5
BRDA:534,332,1,0
BRDA:534,333,0,5
BRDA:534,333,1,5
BRDA:535,334,0,0
BRDA:535,334,1,5
BRDA:535,335,0,5
BRDA:535,335,1,5
BRDA:536,336,0,5
BRDA:536,336,1,0
BRDA:536,337,0,5
BRDA:536,337,1,5
BRDA:537,338,0,0
BRDA:537,338,1,5
BRDA:537,339,0,5
BRDA:537,339,1,5
BRDA:538,340,0,0
BRDA:538,340,1,5
BRDA:538,341,0,5
BRDA:538,341,1,5
BRDA:539,342,0,0
BRDA:539,342,1,5
BRDA:539,343,0,5
BRDA:539,343,1,5
BRDA:540,344,0,5
BRDA:540,344,1,0
BRDA:540,345,0,5
BRDA:540,345,1,5
BRDA:549,346,0,0
BRDA:549,346,1,10
BRDA:549,347,0,10
BRDA:549,347,1,10
BRDA:551,348,0,10
BRDA:551,348,1,0
BRDA:551,349,0,10
BRDA:551,349,1,10
BRDA:552,350,0,0
BRDA:552,350,1,10
BRDA:552,351,0,10
BRDA:552,351,1,10
BRDA:553,352,0,0
BRDA:553,352,1,10
BRDA:553,353,0,10
BRDA:553,353,1,10
BRDA:554,354,0,0
BRDA:554,354,1,10
BRDA:554,355,0,10
BRDA:554,355,1,10
BRDA:555,356,0,0
BRDA:555,356,1,10
BRDA:555,357,0,10
BRDA:555,357,1,10
BRDA:556,358,0,10
BRDA:556,358,1,0
BRDA:556,359,0,10
BRDA:556,359,1,10
BRDA:557,360,0,0
BRDA:557,360,1,10
BRDA:557,361,0,10
BRDA:557,361,1,10
BRDA:558,362,0,10
BRDA:558,362,1,0
BRDA:558,363,0,10
BRDA:558,363,1,10
BRDA:559,364,0,10
BRDA:559,364,1,0
BRDA:559,365,0,10
BRDA:559,365,1,10
BRDA:560,366,0,10
BRDA:560,366,1,0
BRDA:560,367,0,10
BRDA:560,367,1,10
BRDA:561,368,0,10
BRDA:561,368,1,0
BRDA:561,369,0,10
BRDA:561,369,1,10
BRDA:1262,370,0,40
BRDA:1262,370,1,0
BRDA:1262,371,0,40
BRDA:1262,371,1,0
BRDA:1263,372,0,40
BRDA:1263,372,1,0
BRDA:1263,373,0,40
BRDA:1263,373,1,0
BRDA:1269,374,0,11
BRDA:1269,374,1,11
BRDA:1273,375,0,0
BRDA:1273,375,1,0
BRDA:1273,376,0,0
BRDA:1273,376,1,0
BRDA:1275,377,0,0
BRDA:1275,377,1,0
BRDA:1277,378,0,0
BRDA:1277,378,1,0
BRDA:1277,379,0,0
BRDA:1277,379,1,0
BRDA:1277,380,0,0
BRDA:1277,380,1,0
BRDA:1279,381,0,0
BRDA:1279,381,1,0
BRDA:1279,382,0,0
BRDA:1279,382,1,0
BRDA:1279,383,0,0
BRDA:1279,383,1,0
BRDA:1296,384,0,0
BRDA:1296,384,1,0
BRDA:1297,385,0,0
BRDA:1297,385,1,0
BRDA:1316,386,0,0
BRDA:1316,386,1,0
BRDA:1333,387,0,0
BRDA:1333,387,1,0
BRDA:1343,388,0,0
BRDA:1343,388,1,0
BRDA:1349,389,0,0
BRDA:1349,389,1,0
BRDA:1350,390,0,0
BRDA:1350,390,1,0
BRDA:1355,391,0,0
BRDA:1355,391,1,11
BRDA:1358,392,0,0
BRDA:1358,392,1,0
BRDA:1371,393,0,0
BRDA:1371,393,1,0
BRDA:1371,394,0,0
BRDA:1371,394,1,0
BRDA:1372,395,0,0
BRDA:1372,395,1,0
BRDA:1372,396,0,0
BRDA:1372,396,1,0
BRDA:1373,397,0,0
BRDA:1373,397,1,0
BRDA:1373,398,0,0
BRDA:1373,398,1,0
BRDA:1374,399,0,0
BRDA:1374,399,1,0
BRDA:1374,400,0,0
BRDA:1374,400,1,0
BRDA:1375,401,0,0
BRDA:1375,401,1,0
BRDA:1375,402,0,0
BRDA:1375,402,1,0
BRDA:1376,403,0,0
BRDA:1376,403,1,0
BRDA:1377,404,0,0
BRDA:1377,404,1,0
BRDA:1377,405,0,0
BRDA:1377,405,1,0
BRDA:1378,406,0,0
BRDA:1378,406,1,0
BRDA:1378,407,0,0
BRDA:1378,407,1,0
BRDA:1379,408,0,0
BRDA:1379,408,1,0
BRDA:1379,409,0,0
BRDA:1379,409,1,0
BRDA:1380,410,0,0
BRDA:1380,410,1,0
BRDA:1380,411,0,0
BRDA:1380,411,1,0
BRDA:1381,412,0,0
BRDA:1381,412,1,0
BRDA:1381,413,0,0
BRDA:1381,413,1,0
BRDA:1382,414,0,0
BRDA:1382,414,1,0
BRDA:1382,415,0,0
BRDA:1382,415,1,0
BRDA:1383,416,0,0
BRDA:1383,416,1,0
BRDA:1383,417,0,0
BRDA:1383,417,1,0
BRDA:1384,418,0,0
BRDA:1384,418,1,0
BRDA:1384,419,0,0
BRDA:1384,419,1,0
BRDA:1385,420,0,0
BRDA:1385,420,1,0
BRDA:1385,421,0,0
BRDA:1385,421,1,0
BRDA:1396,422,0,0
BRDA:1396,422,1,11
BRDA:1410,423,0,11
BRDA:1410,423,1,0
BRDA:1410,424,0,11
BRDA:1410,424,1,11
BRDA:1411,425,0,11
BRDA:1411,425,1,0
BRDA:1411,426,0,11
BRDA:1411,426,1,11
BRDA:1412,427,0,11
BRDA:1412,427,1,0
BRDA:1412,428,0,11
BRDA:1412,428,1,11
BRDA:1413,429,0,0
BRDA:1413,429,1,11
BRDA:1413,430,0,11
BRDA:1413,430,1,11
BRDA:1414,431,0,2
BRDA:1414,431,1,9
BRDA:1414,432,0,11
BRDA:1414,432,1,11
BRDA:1415,433,0,11
BRDA:1415,433,1,0
BRDA:1416,434,0,0
BRDA:1416,434,1,11
BRDA:1416,435,0,11
BRDA:1416,435,1,11
BRDA:1417,436,0,1
BRDA:1417,436,1,10
BRDA:1417,437,0,11
BRDA:1417,437,1,11
BRDA:1418,438,0,1
BRDA:1418,438,1,10
BRDA:1418,439,0,11
BRDA:1418,439,1,11
BRDA:1419,440,0,0
BRDA:1419,440,1,11
BRDA:1419,441,0,11
BRDA:1419,441,1,11
BRDA:1420,442,0,1
BRDA:1420,442,1,10
BRDA:1420,443,0,11
BRDA:1420,443,1,11
BRDA:1421,444,0,0
BRDA:1421,444,1,11
BRDA:1421,445,0,11
BRDA:1421,445,1,11
BRDA:1422,446,0,0
BRDA:1422,446,1,11
BRDA:1422,447,0,11
BRDA:1422,447,1,11
BRDA:1423,448,0,0
BRDA:1423,448,1,11
BRDA:1423,449,0,11
BRDA:1423,449,1,11
BRDA:1424,450,0,0
BRDA:1424,450,1,11
BRDA:1424,451,0,11
BRDA:1424,451,1,11
BRDA:1434,452,0,0
BRDA:1434,452,1,0
BRDA:1437,453,0,0
BRDA:1437,453,1,0
BRDA:1437,454,0,0
BRDA:1437,454,1,0
BRDA:1438,455,0,0
BRDA:1438,455,1,0
BRDA:1443,456,0,0
BRDA:1443,456,1,0
BRDA:1445,457,0,0
BRDA:1445,457,1,0
BRDA:1469,458,0,0
BRDA:1469,458,1,0
BRDA:1470,459,0,0
BRDA:1470,459,1,0
BRDA:1473,460,0,0
BRDA:1473,460,1,0
BRDA:1473,461,0,0
BRDA:1473,461,1,0
BRDA:1474,462,0,0
BRDA:1474,462,1,0
BRDA:1475,463,0,0
BRDA:1475,463,1,0
BRDA:1478,464,0,0
BRDA:1478,464,1,0
BRDA:1493,465,0,0
BRDA:1493,465,1,1
BRDA:1493,466,0,1
BRDA:1493,466,1,1
BRDA:1494,467,0,0
BRDA:1494,467,1,1
BRDA:1494,468,0,1
BRDA:1494,468,1,1
BRDA:1495,469,0,1
BRDA:1495,469,1,0
BRDA:1495,470,0,1
BRDA:1495,470,1,1
BRDA:1496,471,0,0
BRDA:1496,471,1,1
BRDA:1496,472,0,1
BRDA:1496,472,1,1
BRDA:1497,473,0,0
BRDA:1497,473,1,1
BRDA:1497,474,0,1
BRDA:1497,474,1,1
BRDA:1498,475,0,0
BRDA:1498,475,1,1
BRDA:1498,476,0,1
BRDA:1498,476,1,1
BRDA:1499,477,0,0
BRDA:1499,477,1,1
BRDA:1499,478,0,1
BRDA:1499,478,1,1
BRDA:1500,479,0,0
BRDA:1500,479,1,1
BRDA:1500,480,0,1
BRDA:1500,480,1,1
BRDA:1501,481,0,0
BRDA:1501,481,1,1
BRDA:1501,482,0,1
BRDA:1501,482,1,1
BRDA:1502,483,0,1
BRDA:1502,483,1,0
BRDA:1502,484,0,1
BRDA:1502,484,1,1
BRDA:1503,485,0,1
BRDA:1503,485,1,0
BRDA:1503,486,0,1
BRDA:1503,486,1,1
BRDA:1504,487,0,0
BRDA:1504,487,1,1
BRDA:1504,488,0,1
BRDA:1504,488,1,1
BRDA:1505,489,0,0
BRDA:1505,489,1,1
BRDA:1505,490,0,1
BRDA:1505,490,1,1
BRDA:1506,491,0,0
BRDA:1506,491,1,1
BRDA:1506,492,0,1
BRDA:1506,492,1,1
BRDA:1507,493,0,0
BRDA:1507,493,1,1
BRDA:1507,494,0,1
BRDA:1507,494,1,1
BRDA:1508,495,0,0
BRDA:1508,495,1,1
BRDA:1508,496,0,1
BRDA:1508,496,1,1
BRDA:1509,497,0,0
BRDA:1509,497,1,1
BRDA:1509,498,0,1
BRDA:1509,498,1,1
BRDA:1510,499,0,1
BRDA:1510,499,1,1
BRDA:1511,500,0,1
BRDA:1511,500,1,1
BRDA:1512,501,0,0
BRDA:1512,501,1,1
BRDA:1512,502,0,1
BRDA:1512,502,1,1
BRDA:1513,503,0,0
BRDA:1513,503,1,1
BRDA:1513,504,0,1
BRDA:1513,504,1,1
BRDA:1514,505,0,0
BRDA:1514,505,1,1
BRDA:1514,506,0,1
BRDA:1514,506,1,1
BRDA:1515,507,0,0
BRDA:1515,507,1,1
BRDA:1515,508,0,1
BRDA:1515,508,1,1
BRDA:1516,509,0,0
BRDA:1516,509,1,1
BRDA:1516,510,0,1
BRDA:1516,510,1,1
BRDA:1517,511,0,0
BRDA:1517,511,1,1
BRDA:1517,512,0,1
BRDA:1517,512,1,1
BRDA:1518,513,0,0
BRDA:1518,513,1,1
BRDA:1518,514,0,1
BRDA:1518,514,1,1
BRDA:1519,515,0,0
BRDA:1519,515,1,1
BRDA:1519,516,0,1
BRDA:1519,516,1,1
BRDA:1520,517,0,0
BRDA:1520,517,1,1
BRDA:1520,518,0,1
BRDA:1520,518,1,1
BRDA:1521,519,0,0
BRDA:1521,519,1,1
BRDA:1521,520,0,1
BRDA:1521,520,1,1
BRDA:1522,521,0,0
BRDA:1522,521,1,1
BRDA:1522,522,0,1
BRDA:1522,522,1,1
BRDA:1523,523,0,0
BRDA:1523,523,1,1
BRDA:1523,524,0,1
BRDA:1523,524,1,1
BRDA:1524,525,0,0
BRDA:1524,525,1,1
BRDA:1524,526,0,1
BRDA:1524,526,1,1
BRDA:1525,527,0,0
BRDA:1525,527,1,1
BRDA:1525,528,0,1
BRDA:1525,528,1,1
BRDA:1526,529,0,0
BRDA:1526,529,1,1
BRDA:1526,530,0,1
BRDA:1526,530,1,1
BRDA:1527,531,0,0
BRDA:1527,531,1,1
BRDA:1527,532,0,1
BRDA:1527,532,1,1
BRDA:1528,533,0,0
BRDA:1528,533,1,1
BRDA:1528,534,0,1
BRDA:1528,534,1,1
BRDA:1529,535,0,0
BRDA:1529,535,1,1
BRDA:1529,536,0,1
BRDA:1529,536,1,1
BRDA:1530,537,0,0
BRDA:1530,537,1,1
BRDA:1530,538,0,1
BRDA:1530,538,1,1
BRDA:1531,539,0,0
BRDA:1531,539,1,1
BRDA:1531,540,0,1
BRDA:1531,540,1,1
BRDA:1532,541,0,0
BRDA:1532,541,1,1
BRDA:1532,542,0,1
BRDA:1532,542,1,1
BRDA:1533,543,0,0
BRDA:1533,543,1,1
BRDA:1533,544,0,1
BRDA:1533,544,1,1
BRDA:1534,545,0,0
BRDA:1534,545,1,1
BRDA:1534,546,0,1
BRDA:1534,546,1,1
BRDA:1535,547,0,0
BRDA:1535,547,1,1
BRDA:1535,548,0,1
BRDA:1535,548,1,1
BRDA:1536,549,0,0
BRDA:1536,549,1,1
BRDA:1536,550,0,1
BRDA:1536,550,1,1
BRDA:1537,551,0,0
BRDA:1537,551,1,1
BRDA:1537,552,0,1
BRDA:1537,552,1,1
BRDA:1538,553,0,0
BRDA:1538,553,1,1
BRDA:1538,554,0,1
BRDA:1538,554,1,1
BRDA:1539,555,0,0
BRDA:1539,555,1,1
BRDA:1539,556,0,1
BRDA:1539,556,1,1
BRDA:1540,557,0,0
BRDA:1540,557,1,1
BRDA:1540,558,0,1
BRDA:1540,558,1,1
BRDA:1541,559,0,0
BRDA:1541,559,1,1
BRDA:1541,560,0,1
BRDA:1541,560,1,1
BRDA:1542,561,0,0
BRDA:1542,561,1,1
BRDA:1542,562,0,1
BRDA:1542,562,1,1
BRDA:1543,563,0,0
BRDA:1543,563,1,1
BRDA:1543,564,0,1
BRDA:1543,564,1,1
BRDA:1544,565,0,0
BRDA:1544,565,1,1
BRDA:1544,566,0,1
BRDA:1544,566,1,1
BRDA:1545,567,0,0
BRDA:1545,567,1,1
BRDA:1545,568,0,1
BRDA:1545,568,1,1
BRDA:1546,569,0,0
BRDA:1546,569,1,1
BRDA:1546,570,0,1
BRDA:1546,570,1,1
BRDA:1547,571,0,0
BRDA:1547,571,1,1
BRDA:1547,572,0,1
BRDA:1547,572,1,1
BRDA:1548,573,0,0
BRDA:1548,573,1,1
BRDA:1548,574,0,1
BRDA:1548,574,1,1
BRDA:1549,575,0,0
BRDA:1549,575,1,1
BRDA:1549,576,0,1
BRDA:1549,576,1,1
BRDA:1550,577,0,0
BRDA:1550,577,1,1
BRDA:1550,578,0,1
BRDA:1550,578,1,1
BRDA:1551,579,0,0
BRDA:1551,579,1,1
BRDA:1551,580,0,1
BRDA:1551,580,1,1
BRDA:1552,581,0,0
BRDA:1552,581,1,1
BRDA:1552,582,0,1
BRDA:1552,582,1,1
BRDA:1553,583,0,0
BRDA:1553,583,1,1
BRDA:1553,584,0,1
BRDA:1553,584,1,1
BRDA:1554,585,0,0
BRDA:1554,585,1,1
BRDA:1554,586,0,1
BRDA:1554,586,1,1
BRDA:1555,587,0,0
BRDA:1555,587,1,1
BRDA:1555,588,0,1
BRDA:1555,588,1,1
BRDA:1556,589,0,0
BRDA:1556,589,1,1
BRDA:1556,590,0,1
BRDA:1556,590,1,1
BRDA:1557,591,0,0
BRDA:1557,591,1,1
BRDA:1557,592,0,1
BRDA:1557,592,1,1
BRDA:1558,593,0,0
BRDA:1558,593,1,1
BRDA:1558,594,0,1
BRDA:1558,594,1,1
BRDA:1559,595,0,0
BRDA:1559,595,1,1
BRDA:1559,596,0,1
BRDA:1559,596,1,1
BRDA:1560,597,0,0
BRDA:1560,597,1,1
BRDA:1560,598,0,1
BRDA:1560,598,1,1
BRDA:1561,599,0,0
BRDA:1561,599,1,1
BRDA:1561,600,0,1
BRDA:1561,600,1,1
BRDA:1562,601,0,0
BRDA:1562,601,1,1
BRDA:1562,602,0,1
BRDA:1562,602,1,1
BRDA:1563,603,0,0
BRDA:1563,603,1,1
BRDA:1563,604,0,1
BRDA:1563,604,1,1
BRDA:1564,605,0,0
BRDA:1564,605,1,1
BRDA:1564,606,0,1
BRDA:1564,606,1,1
BRDA:1565,607,0,0
BRDA:1565,607,1,1
BRDA:1565,608,0,1
BRDA:1565,608,1,1
BRDA:1566,609,0,0
BRDA:1566,609,1,1
BRDA:1566,610,0,1
BRDA:1566,610,1,1
BRDA:1567,611,0,0
BRDA:1567,611,1,1
BRDA:1567,612,0,1
BRDA:1567,612,1,1
BRDA:1568,613,0,0
BRDA:1568,613,1,1
BRDA:1568,614,0,1
BRDA:1568,614,1,1
BRDA:1569,615,0,0
BRDA:1569,615,1,1
BRDA:1569,616,0,1
BRDA:1569,616,1,1
BRDA:1570,617,0,0
BRDA:1570,617,1,1
BRDA:1570,618,0,1
BRDA:1570,618,1,1
BRDA:1571,619,0,0
BRDA:1571,619,1,1
BRDA:1571,620,0,1
BRDA:1571,620,1,1
BRDA:1572,621,0,0
BRDA:1572,621,1,1
BRDA:1572,622,0,1
BRDA:1572,622,1,1
BRDA:1573,623,0,0
BRDA:1573,623,1,1
BRDA:1573,624,0,1
BRDA:1573,624,1,1
BRDA:1574,625,0,0
BRDA:1574,625,1,1
BRDA:1574,626,0,1
BRDA:1574,626,1,1
BRDA:1575,627,0,0
BRDA:1575,627,1,1
BRDA:1575,628,0,1
BRDA:1575,628,1,1
BRDA:1576,629,0,0
BRDA:1576,629,1,1
BRDA:1576,630,0,1
BRDA:1576,630,1,1
BRDA:1577,631,0,0
BRDA:1577,631,1,1
BRDA:1577,632,0,1
BRDA:1577,632,1,1
BRDA:1578,633,0,0
BRDA:1578,633,1,1
BRDA:1578,634,0,1
BRDA:1578,634,1,1
BRDA:1579,635,0,0
BRDA:1579,635,1,1
BRDA:1579,636,0,1
BRDA:1579,636,1,1
BRDA:1580,637,0,0
BRDA:1580,637,1,1
BRDA:1580,638,0,1
BRDA:1580,638,1,1
BRDA:1581,639,0,0
BRDA:1581,639,1,1
BRDA:1581,640,0,1
BRDA:1581,640,1,1
BRDA:1582,641,0,0
BRDA:1582,641,1,1
BRDA:1582,642,0,1
BRDA:1582,642,1,1
BRDA:1583,643,0,0
BRDA:1583,643,1,1
BRDA:1583,644,0,1
BRDA:1583,644,1,1
BRDA:1584,645,0,0
BRDA:1584,645,1,1
BRDA:1584,646,0,1
BRDA:1584,646,1,1
BRDA:1585,647,0,0
BRDA:1585,647,1,1
BRDA:1585,648,0,1
BRDA:1585,648,1,1
BRDA:1586,649,0,0
BRDA:1586,649,1,1
BRDA:1586,650,0,1
BRDA:1586,650,1,1
BRDA:1596,651,0,0
BRDA:1596,651,1,0
BRDA:1633,652,0,0
BRDA:1633,652,1,0
BRDA:1633,653,0,0
BRDA:1633,653,1,0
BRDA:1633,654,0,0
BRDA:1633,654,1,0
BRDA:1633,655,0,0
BRDA:1633,655,1,0
BRDA:1634,656,0,0
BRDA:1634,656,1,0
BRDA:1635,657,0,0
BRDA:1635,657,1,0
BRDA:1635,658,0,0
BRDA:1635,658,1,0
BRDA:1635,659,0,0
BRDA:1635,659,1,0
BRDA:1640,660,0,0
BRDA:1640,660,1,0
BRDA:1640,661,0,0
BRDA:1640,661,1,0
BRDA:1640,662,0,0
BRDA:1640,662,1,0
BRDA:1640,663,0,0
BRDA:1640,663,1,0
BRDA:1640,664,0,0
BRDA:1640,664,1,0
BRDA:1640,665,0,0
BRDA:1640,665,1,0
BRDA:1642,666,0,0
BRDA:1642,666,1,0
BRDA:1642,667,0,0
BRDA:1642,667,1,0
BRDA:1642,668,0,0
BRDA:1642,668,1,0
BRDA:1645,669,0,0
BRDA:1645,669,1,0
BRDA:1645,670,0,0
BRDA:1645,670,1,0
BRDA:1645,671,0,0
BRDA:1645,671,1,0
BRDA:1648,672,0,0
BRDA:1648,672,1,0
BRDA:1648,673,0,0
BRDA:1648,673,1,0
BRDA:1651,674,0,0
BRDA:1651,674,1,0
BRDA:1651,675,0,0
BRDA:1651,675,1,0
BRDA:1651,676,0,0
BRDA:1651,676,1,0
BRDA:1652,677,0,0
BRDA:1652,677,1,0
BRDA:1654,678,0,0
BRDA:1654,678,1,0
BRDA:1654,679,0,0
BRDA:1654,679,1,0
BRDA:1654,680,0,0
BRDA:1654,680,1,0
BRDA:1655,681,0,0
BRDA:1655,681,1,0
BRDA:1670,682,0,0
BRDA:1670,682,1,0
BRDA:1670,683,0,0
BRDA:1670,683,1,0
BRDA:1671,684,0,0
BRDA:1671,684,1,0
BRDA:1671,685,0,0
BRDA:1671,685,1,0
BRDA:1672,686,0,0
BRDA:1672,686,1,0
BRDA:1672,687,0,0
BRDA:1672,687,1,0
BRDA:1673,688,0,0
BRDA:1673,688,1,0
BRDA:1673,689,0,0
BRDA:1673,689,1,0
BRDA:1674,690,0,0
BRDA:1674,690,1,0
BRDA:1674,691,0,0
BRDA:1674,691,1,0
BRDA:1675,692,0,0
BRDA:1675,692,1,0
BRDA:1675,693,0,0
BRDA:1675,693,1,0
BRDA:1676,694,0,0
BRDA:1676,694,1,0
BRDA:1676,695,0,0
BRDA:1676,695,1,0
BRDA:1677,696,0,0
BRDA:1677,696,1,0
BRDA:1677,697,0,0
BRDA:1677,697,1,0
BRDA:1678,698,0,0
BRDA:1678,698,1,0
BRDA:1678,699,0,0
BRDA:1678,699,1,0
BRDA:1679,700,0,0
BRDA:1679,700,1,0
BRDA:1679,701,0,0
BRDA:1679,701,1,0
BRDA:1680,702,0,0
BRDA:1680,702,1,0
BRDA:1680,703,0,0
BRDA:1680,703,1,0
BRDA:1681,704,0,0
BRDA:1681,704,1,0
BRDA:1682,705,0,0
BRDA:1682,705,1,0
BRDA:1683,706,0,0
BRDA:1683,706,1,0
BRDA:1684,707,0,0
BRDA:1684,707,1,0
BRDA:1694,708,0,0
BRDA:1694,708,1,0
BRDA:1714,709,0,0
BRDA:1714,709,1,0
BRDA:1714,710,0,0
BRDA:1714,710,1,0
BRDA:1716,711,0,0
BRDA:1716,711,1,0
BRDA:1724,712,0,0
BRDA:1724,712,1,0
BRDA:1726,713,0,0
BRDA:1726,713,1,0
BRDA:1727,714,0,0
BRDA:1727,714,1,0
BRDA:1739,715,0,0
BRDA:1739,715,1,0
BRDA:1739,716,0,0
BRDA:1739,716,1,0
BRDA:1750,717,0,0
BRDA:1750,717,1,0
BRDA:1752,718,0,0
BRDA:1752,718,1,0
BRDA:1753,719,0,0
BRDA:1753,719,1,0
BRDA:1765,720,0,0
BRDA:1765,720,1,0
BRDA:1765,721,0,0
BRDA:1765,721,1,0
BRDA:1770,722,0,0
BRDA:1770,722,1,0
BRDA:1771,723,0,0
BRDA:1771,723,1,0
BRDA:1773,724,0,0
BRDA:1773,724,1,0
BRDA:1774,725,0,0
BRDA:1774,725,1,0
BRDA:1778,726,0,0
BRDA:1778,726,1,0
BRDA:1786,727,0,0
BRDA:1786,727,1,0
BRDA:1789,728,0,0
BRDA:1789,728,1,0
BRDA:1801,729,0,0
BRDA:1801,729,1,0
BRDA:1805,730,0,0
BRDA:1805,730,1,0
BRDA:1805,731,0,0
BRDA:1805,731,1,0
BRDA:1806,732,0,0
BRDA:1806,732,1,0
BRDA:1806,733,0,0
BRDA:1806,733,1,0
BRDA:1807,734,0,0
BRDA:1807,734,1,0
BRDA:1807,735,0,0
BRDA:1807,735,1,0
BRDA:1808,736,0,0
BRDA:1808,736,1,0
BRDA:1809,737,0,0
BRDA:1809,737,1,0
BRDA:1810,738,0,0
BRDA:1810,738,1,0
BRDA:1811,739,0,0
BRDA:1811,739,1,0
BRDA:1812,740,0,0
BRDA:1812,740,1,0
BRDA:1812,741,0,0
BRDA:1812,741,1,0
BRDA:1813,742,0,0
BRDA:1813,742,1,0
BRDA:1813,743,0,0
BRDA:1813,743,1,0
BRDA:1814,744,0,0
BRDA:1814,744,1,0
BRDA:1814,745,0,0
BRDA:1814,745,1,0
BRDA:1815,746,0,0
BRDA:1815,746,1,0
BRDA:1815,747,0,0
BRDA:1815,747,1,0
BRDA:1816,748,0,0
BRDA:1816,748,1,0
BRDA:1816,749,0,0
BRDA:1816,749,1,0
BRDA:1817,750,0,0
BRDA:1817,750,1,0
BRDA:1817,751,0,0
BRDA:1817,751,1,0
BRDA:1818,752,0,0
BRDA:1818,752,1,0
BRDA:1818,753,0,0
BRDA:1818,753,1,0
BRDA:1828,754,0,0
BRDA:1828,754,1,0
BRDA:1833,755,0,0
BRDA:1833,755,1,0
BRDA:1834,756,0,0
BRDA:1834,756,1,0
BRDA:1835,757,0,0
BRDA:1835,757,1,0
BRDA:1836,758,0,0
BRDA:1836,758,1,0
BRDA:1837,759,0,0
BRDA:1837,759,1,0
BRDA:1838,760,0,0
BRDA:1838,760,1,0
BRDA:1839,761,0,0
BRDA:1839,761,1,0
BRDA:1840,762,0,0
BRDA:1840,762,1,0
BRDA:1850,763,0,0
BRDA:1850,763,1,0
BRDA:1856,764,0,0
BRDA:1856,764,1,0
BRDA:1862,765,0,0
BRDA:1862,765,1,0
BRDA:1891,766,0,0
BRDA:1891,766,1,0
BRDA:1893,767,0,0
BRDA:1893,767,1,0
BRDA:1895,768,0,0
BRDA:1895,768,1,0
BRDA:1898,769,0,0
BRDA:1898,769,1,0
BRDA:1901,770,0,0
BRDA:1901,770,1,0
BRDA:1901,771,0,0
BRDA:1901,771,1,0
BRDA:1902,772,0,0
BRDA:1902,772,1,0
BRDA:1904,773,0,0
BRDA:1904,773,1,0
BRDA:1907,774,0,0
BRDA:1907,774,1,0
BRDA:1909,775,0,0
BRDA:1909,775,1,0
BRDA:1910,776,0,0
BRDA:1910,776,1,0
BRDA:1913,777,0,0
BRDA:1913,777,1,0
BRDA:1915,778,0,0
BRDA:1915,778,1,0
BRDA:1918,779,0,0
BRDA:1918,779,1,0
BRDA:1921,780,0,0
BRDA:1921,780,1,0
BRDA:1921,781,0,0
BRDA:1921,781,1,0
BRDA:1924,782,0,0
BRDA:1924,782,1,0
BRDA:1925,783,0,0
BRDA:1925,783,1,0
BRDA:1927,784,0,0
BRDA:1927,784,1,0
BRDA:1928,785,0,0
BRDA:1928,785,1,0
BRDA:1940,786,0,0
BRDA:1940,786,1,0
BRDA:1940,787,0,0
[...]
BRDA:2524,1016,0,0
BRDA:2524,1016,1,0
BRDA:2538,1017,0,0
BRDA:2538,1017,1,0
BRDA:2538,1018,0,0
BRDA:2538,1018,1,0
BRDA:2539,1019,0,0
BRDA:2539,1019,1,0
BRDA:2539,1020,0,0
BRDA:2539,1020,1,0
BRDA:2540,1021,0,0
BRDA:2540,1021,1,0
BRDA:2540,1022,0,0
BRDA:2540,1022,1,0
BRDA:2541,1023,0,0
BRDA:2541,1023,1,0
BRDA:2541,1024,0,0
BRDA:2541,1024,1,0
BRDA:2542,1025,0,0
BRDA:2542,1025,1,0
BRDA:2542,1026,0,0
BRDA:2542,1026,1,0
BRDA:2552,1027,0,0
BRDA:2552,1027,1,0
BRDA:2571,1028,0,0
BRDA:2571,1028,1,0
BRDA:2580,1029,0,0
BRDA:2580,1029,1,0
BRDA:2585,1030,0,0
BRDA:2585,1030,1,0
BRDA:2594,1031,0,0
BRDA:2594,1031,1,0
BRDA:2595,1032,0,0
BRDA:2595,1032,1,0
BRDA:2608,1033,0,0
BRDA:2608,1033,1,0
BRDA:2609,1034,0,0
BRDA:2609,1034,1,0
BRDA:2619,1035,0,0
BRDA:2619,1035,1,0
BRDA:2619,1036,0,0
BRDA:2619,1036,1,0
BRDA:2620,1037,0,0
BRDA:2620,1037,1,0
BRDA:2620,1038,0,0
BRDA:2620,1038,1,0
BRDA:2621,1039,0,0
BRDA:2621,1039,1,0
BRDA:2621,1040,0,0
BRDA:2621,1040,1,0
BRDA:2622,1041,0,0
BRDA:2622,1041,1,0
BRDA:2622,1042,0,0
BRDA:2622,1042,1,0
BRDA:2632,1043,0,0
BRDA:2632,1043,1,0
BRDA:2651,1044,0,0
BRDA:2651,1044,1,0
BRDA:2656,1045,0,0
BRDA:2656,1045,1,0
BRDA:2657,1046,0,0
BRDA:2657,1046,1,0
BRDA:2671,1047,0,0
BRDA:2671,1047,1,0
BRDA:2671,1048,0,0
BRDA:2671,1048,1,0
BRDA:2672,1049,0,0
BRDA:2672,1049,1,0
BRDA:2672,1050,0,0
BRDA:2672,1050,1,0
BRDA:2673,1051,0,0
BRDA:2673,1051,1,0
BRDA:2673,1052,0,0
BRDA:2673,1052,1,0
BRDA:2674,1053,0,0
BRDA:2674,1053,1,0
BRDA:2674,1054,0,0
BRDA:2674,1054,1,0
BRDA:2675,1055,0,0
BRDA:2675,1055,1,0
BRDA:2675,1056,0,0
BRDA:2675,1056,1,0
BRDA:2676,1057,0,0
BRDA:2676,1057,1,0
BRDA:2676,1058,0,0
BRDA:2676,1058,1,0
BRDA:2677,1059,0,0
BRDA:2677,1059,1,0
BRDA:2677,1060,0,0
BRDA:2677,1060,1,0
BRDA:2687,1061,0,0
BRDA:2687,1061,1,0
BRDA:2706,1062,0,0
BRDA:2706,1062,1,0
BRDA:2706,1063,0,0
BRDA:2706,1063,1,0
BRDA:2706,1064,0,0
BRDA:2706,1064,1,0
BRDA:2710,1065,0,0
BRDA:2710,1065,1,0
BRDA:2710,1066,0,0
BRDA:2710,1066,1,0
BRDA:2710,1067,0,0
BRDA:2710,1067,1,0
BRDA:2715,1068,0,0
BRDA:2715,1068,1,0
BRDA:2716,1069,0,0
BRDA:2716,1069,1,0
BRDA:2730,1070,0,0
BRDA:2730,1070,1,0
BRDA:2730,1071,0,0
BRDA:2730,1071,1,0
BRDA:2731,1072,0,0
BRDA:2731,1072,1,0
BRDA:2731,1073,0,0
BRDA:2731,1073,1,0
BRDA:2732,1074,0,0
BRDA:2732,1074,1,0
BRDA:2732,1075,0,0
BRDA:2732,1075,1,0
BRDA:2733,1076,0,0
BRDA:2733,1076,1,0
BRDA:2733,1077,0,0
BRDA:2733,1077,1,0
BRDA:2734,1078,0,0
BRDA:2734,1078,1,0
BRDA:2734,1079,0,0
BRDA:2734,1079,1,0
BRDA:2735,1080,0,0
BRDA:2735,1080,1,0
BRDA:2735,1081,0,0
BRDA:2735,1081,1,0
BRDA:2736,1082,0,0
BRDA:2736,1082,1,0
BRDA:2736,1083,0,0
BRDA:2736,1083,1,0
BRDA:2737,1084,0,0
BRDA:2737,1084,1,0
BRDA:2737,1085,0,0
BRDA:2737,1085,1,0
BRDA:2738,1086,0,0
BRDA:2738,1086,1,0
BRDA:2738,1087,0,0
BRDA:2738,1087,1,0
BRDA:2739,1088,0,0
BRDA:2739,1088,1,0
BRDA:2739,1089,0,0
BRDA:2739,1089,1,0
BRDA:2741,1090,0,0
BRDA:2741,1090,1,0
BRDA:2741,1091,0,0
BRDA:2741,1091,1,0
BRDA:2751,1092,0,0
BRDA:2751,1092,1,0
BRDA:2770,1093,0,0
BRDA:2770,1093,1,0
BRDA:2770,1094,0,0
BRDA:2770,1094,1,0
BRDA:2770,1095,0,0
BRDA:2770,1095,1,0
BRDA:2774,1096,0,0
BRDA:2774,1096,1,0
BRDA:2774,1097,0,0
BRDA:2774,1097,1,0
BRDA:2774,1098,0,0
BRDA:2774,1098,1,0
BRDA:2790,1099,0,0
BRDA:2790,1099,1,0
BRDA:2790,1100,0,0
BRDA:2790,1100,1,0
BRDA:2791,1101,0,0
BRDA:2791,1101,1,0
BRDA:2791,1102,0,0
BRDA:2791,1102,1,0
BRDA:2792,1103,0,0
BRDA:2792,1103,1,0
BRDA:2792,1104,0,0
BRDA:2792,1104,1,0
BRDA:2806,1105,0,0
BRDA:2806,1105,1,0
BRDA:2813,1106,0,0
BRDA:2813,1106,1,0
BRDA:2813,1107,0,0
BRDA:2813,1107,1,0
BRDA:2814,1108,0,0
BRDA:2814,1108,1,0
BRDA:2827,1109,0,0
BRDA:2827,1109,1,5
BRDA:2843,1110,0,15
BRDA:2843,1110,1,0
BRDA:2844,1111,0,15
BRDA:2844,1111,1,0
BRDA:2855,1112,0,15
BRDA:2855,1112,1,0
BRDA:2861,1113,0,15
BRDA:2861,1113,1,0
BRDA:2862,1114,0,15
BRDA:2862,1114,1,0
BRDA:2881,1115,0,0
BRDA:2881,1115,1,0
BRDA:2881,1116,0,0
BRDA:2881,1116,1,0
BRDA:2881,1117,0,0
BRDA:2881,1117,1,0
BRDA:2881,1118,0,0
BRDA:2881,1118,1,0
BRDA:2882,1119,0,0
BRDA:2882,1119,1,0
BRDA:2883,1120,0,0
BRDA:2883,1120,1,0
BRDA:2883,1121,0,0
BRDA:2883,1121,1,0
BRDA:2883,1122,0,0
BRDA:2883,1122,1,0
BRDA:2887,1123,0,0
BRDA:2887,1123,1,0
BRDA:2887,1124,0,0
BRDA:2887,1124,1,0
BRDA:2887,1125,0,0
BRDA:2887,1125,1,0
BRDA:2891,1126,0,0
BRDA:2891,1126,1,0
BRDA:2891,1127,0,0
BRDA:2891,1127,1,0
BRDA:2891,1128,0,0
BRDA:2891,1128,1,0
BRDA:2891,1129,0,0
BRDA:2891,1129,1,0
BRDA:2893,1130,0,0
BRDA:2893,1130,1,0
BRDA:2893,1131,0,0
BRDA:2893,1131,1,0
BRDA:2893,1132,0,0
BRDA:2893,1132,1,0
BRDA:2897,1133,0,0
BRDA:2897,1133,1,0
BRDA:2897,1134,0,0
BRDA:2897,1134,1,0
BRDA:2897,1135,0,0
BRDA:2897,1135,1,0
BRDA:2902,1136,0,0
BRDA:2902,1136,1,0
BRDA:2903,1137,0,0
BRDA:2903,1137,1,0
BRDA:2917,1138,0,0
BRDA:2917,1138,1,0
BRDA:2917,1139,0,0
BRDA:2917,1139,1,0
BRDA:2918,1140,0,0
BRDA:2918,1140,1,0
BRDA:2918,1141,0,0
BRDA:2918,1141,1,0
BRDA:2919,1142,0,0
BRDA:2919,1142,1,0
BRDA:2919,1143,0,0
BRDA:2919,1143,1,0
BRDA:2920,1144,0,0
BRDA:2920,1144,1,0
BRDA:2920,1145,0,0
BRDA:2920,1145,1,0
BRDA:2921,1146,0,0
BRDA:2921,1146,1,0
BRDA:2921,1147,0,0
BRDA:2921,1147,1,0
BRDA:2931,1148,0,0
BRDA:2931,1148,1,0
BRDA:2946,1149,0,0
BRDA:2946,1149,1,0
BRDA:2946,1150,0,0
BRDA:2946,1150,1,0
BRDA:2946,1151,0,0
BRDA:2946,1151,1,0
BRDA:2950,1152,0,0
BRDA:2950,1152,1,0
BRDA:2950,1153,0,0
BRDA:2950,1153,1,0
BRDA:2950,1154,0,0
BRDA:2950,1154,1,0
BRDA:2954,1155,0,0
BRDA:2954,1155,1,0
BRDA:2954,1156,0,0
BRDA:2954,1156,1,0
BRDA:2954,1157,0,0
BRDA:2954,1157,1,0
BRDA:2978,1158,0,0
BRDA:2978,1158,1,0
BRDA:2978,1159,0,0
BRDA:2978,1159,1,0
BRDA:2979,1160,0,0
BRDA:2979,1160,1,0
BRDA:2979,1161,0,0
BRDA:2979,1161,1,0
BRDA:2980,1162,0,0
BRDA:2980,1162,1,0
BRDA:2980,1163,0,0
BRDA:2980,1163,1,0
BRDA:2981,1164,0,0
BRDA:2981,1164,1,0
BRDA:2981,1165,0,0
BRDA:2981,1165,1,0
BRDA:2992,1166,0,0
BRDA:2992,1166,1,0
BRDA:3005,1167,0,0
BRDA:3005,1167,1,0
BRDA:3011,1168,0,0
BRDA:3011,1168,1,0
BRDA:3012,1169,0,0
BRDA:3012,1169,1,0
BRDA:3022,1170,0,0
BRDA:3022,1170,1,0
BRDA:3028,1171,0,0
BRDA:3028,1171,1,0
BRDA:3038,1172,0,0
BRDA:3038,1172,1,0
BRDA:3044,1173,0,0
BRDA:3044,1173,1,0
BRDA:3045,1174,0,0
BRDA:3045,1174,1,0
BRDA:3056,1175,0,0
BRDA:3056,1175,1,0
BRDA:3057,1176,0,0
BRDA:3057,1176,1,0
BRDA:3060,1177,0,0
BRDA:3060,1177,1,0
BRDA:3064,1178,0,0
BRDA:3064,1178,1,0
BRDA:3064,1179,0,0
BRDA:3064,1179,1,0
BRDA:3077,1180,0,0
BRDA:3077,1180,1,0
BRDA:3083,1181,0,0
BRDA:3083,1181,1,0
BRDA:3085,1182,0,0
BRDA:3085,1182,1,0
BRDA:3086,1183,0,0
BRDA:3086,1183,1,0
BRDA:3087,1184,0,0
BRDA:3087,1184,1,0
BRDA:3088,1185,0,0
BRDA:3088,1185,1,0
BRDA:3089,1186,0,0
BRDA:3089,1186,1,0
BRDA:3090,1187,0,0
BRDA:3090,1187,1,0
BRDA:3092,1188,0,0
BRDA:3092,1188,1,0
BRDA:3093,1189,0,0
BRDA:3093,1189,1,0
BRDA:3094,1190,0,0
BRDA:3094,1190,1,0
BRDA:3104,1191,0,0
BRDA:3104,1191,1,0
BRDA:3108,1192,0,0
BRDA:3108,1192,1,0
BRDA:3109,1193,0,0
BRDA:3109,1193,1,0
BRDA:3118,1194,0,0
BRDA:3118,1194,1,0
BRDA:3119,1195,0,0
BRDA:3119,1195,1,0
BRDA:3120,1196,0,0
BRDA:3120,1196,1,0
BRDA:3121,1197,0,0
BRDA:3121,1197,1,0
BRDA:3123,1198,0,0
BRDA:3123,1198,1,0
BRDA:3123,1199,0,0
BRDA:3123,1199,1,0
BRDA:3131,1200,0,0
BRDA:3131,1200,1,0
BRDA:3136,1201,0,0
BRDA:3136,1201,1,0
BRDA:3138,1202,0,0
BRDA:3138,1202,1,0
BRDA:3139,1203,0,0
BRDA:3139,1203,1,0
BRDA:3140,1204,0,0
BRDA:3140,1204,1,0
BRDA:3141,1205,0,0
BRDA:3141,1205,1,0
BRDA:3148,1206,0,0
BRDA:3148,1206,1,0
BRDA:3149,1207,0,0
BRDA:3149,1207,1,0
BRDA:3159,1208,0,0
BRDA:3159,1208,1,0
BRDA:3160,1209,0,0
BRDA:3160,1209,1,0
BRDA:3160,1210,0,0
BRDA:3160,1210,1,0
BRDA:3162,1211,0,0
BRDA:3162,1211,1,0
BRDA:3165,1212,0,0
BRDA:3165,1212,1,0
BRDA:3171,1213,0,0
BRDA:3171,1213,1,0
BRDA:3175,1214,0,0
BRDA:3175,1214,1,0
BRDA:3176,1215,0,0
BRDA:3176,1215,1,0
BRDA:3177,1216,0,0
BRDA:3177,1216,1,0
BRDA:3186,1217,0,0
BRDA:3186,1217,1,0
BRDA:3190,1218,0,0
BRDA:3190,1218,1,0
BRDA:3208,1219,0,4
BRDA:3208,1219,1,0
BRDA:3208,1220,0,4
BRDA:3208,1220,1,4
BRF:2444
BRH:932
end_of_record
TN:
SF:server\middleware\rbacMiddleware.ts
FN:63,getEffectivePermissions
FN:89,resolveReqUser
FN:106,requireModule
FN:107,(anonymous_11)
FN:107,(anonymous_12)
FN:138,requireAction
FN:139,(anonymous_14)
FN:139,(anonymous_15)
FN:170,requireModuleAndAction
FN:171,(anonymous_17)
FN:171,(anonymous_18)
FN:206,requireRole
FN:207,(anonymous_20)
FN:207,(anonymous_21)
FN:232,requireAnyModule
FN:233,(anonymous_23)
FN:233,(anonymous_24)
FN:245,(anonymous_25)
FN:266,requireAnyAction
FN:267,(anonymous_27)
FN:267,(anonymous_28)
FN:279,(anonymous_29)
FNF:22
FNH:14
FNDA:8,getEffectivePermissions
FNDA:8,resolveReqUser
FNDA:3,requireModule
FNDA:3,(anonymous_11)
FNDA:3,(anonymous_12)
FNDA:1,requireAction
FNDA:1,(anonymous_14)
FNDA:1,(anonymous_15)
FNDA:2,requireModuleAndAction
FNDA:2,(anonymous_17)
FNDA:2,(anonymous_18)
FNDA:2,requireRole
FNDA:2,(anonymous_20)
FNDA:2,(anonymous_21)
FNDA:0,requireAnyModule
FNDA:0,(anonymous_23)
FNDA:0,(anonymous_24)
FNDA:0,(anonymous_25)
FNDA:0,requireAnyAction
FNDA:0,(anonymous_27)
FNDA:0,(anonymous_28)
FNDA:0,(anonymous_29)
DA:2,1
DA:11,1
DA:63,1
DA:64,8
DA:65,0
DA:69,8
DA:70,1
DA:73,7
DA:74,7
DA:76,7
DA:77,7
DA:79,7
DA:90,8
DA:91,8
DA:93,0
DA:94,0
DA:95,0
DA:96,0
DA:97,0
DA:99,0
DA:106,1
DA:107,3
DA:108,3
DA:109,3
DA:110,3
DA:111,0
DA:114,3
DA:115,1
DA:118,2
DA:119,2
DA:120,1
DA:126,1
DA:128,0
DA:129,0
DA:138,1
DA:139,1
DA:140,1
DA:141,1
DA:142,1
DA:143,0
DA:146,1
DA:147,0
DA:150,1
DA:151,1
DA:152,1
DA:158,0
DA:160,0
DA:161,0
DA:170,1
DA:171,2
DA:172,2
DA:173,2
DA:174,2
DA:175,0
DA:178,2
DA:179,0
DA:182,2
DA:183,2
DA:184,2
DA:186,2
DA:187,1
DA:194,1
DA:196,0
DA:197,0
DA:206,1
DA:207,2
DA:208,2
DA:209,2
DA:210,2
DA:211,0
DA:214,2
DA:215,1
DA:218,1
DA:222,0
DA:223,0
DA:232,1
DA:233,0
DA:234,0
DA:235,0
DA:236,0
DA:237,0
DA:240,0
DA:241,0
DA:244,0
DA:245,0
DA:247,0
DA:248,0
DA:254,0
DA:256,0
DA:257,0
DA:266,1
DA:267,0
DA:268,0
DA:269,0
DA:270,0
DA:271,0
DA:274,0
DA:275,0
DA:278,0
DA:279,0
DA:281,0
DA:282,0
DA:288,0
DA:290,0
DA:291,0
LF:105
LH:55
BRDA:64,0,0,0
BRDA:64,0,1,8
BRDA:69,1,0,1
BRDA:69,1,1,7
BRDA:73,2,0,7
BRDA:73,2,1,0
BRDA:74,3,0,7
BRDA:74,3,1,0
BRDA:76,4,0,7
BRDA:76,4,1,4
BRDA:77,5,0,7
BRDA:77,5,1,4
BRDA:80,6,0,4
BRDA:80,6,1,3
BRDA:81,7,0,4
BRDA:81,7,1,3
BRDA:82,8,0,7
BRDA:82,8,1,6
BRDA:90,9,0,8
BRDA:90,9,1,0
BRDA:93,10,0,0
BRDA:93,10,1,0
BRDA:93,11,0,0
BRDA:93,11,1,0
BRDA:93,12,0,0
BRDA:93,12,1,0
BRDA:93,13,0,0
BRDA:93,13,1,0
BRDA:94,14,0,0
BRDA:94,14,1,0
BRDA:96,15,0,0
BRDA:96,15,1,0
BRDA:110,16,0,0
BRDA:110,16,1,3
BRDA:114,17,0,1
BRDA:114,17,1,2
BRDA:119,18,0,1
BRDA:119,18,1,1
BRDA:142,19,0,0
BRDA:142,19,1,1
BRDA:146,20,0,0
BRDA:146,20,1,1
BRDA:151,21,0,1
BRDA:151,21,1,0
BRDA:174,22,0,0
BRDA:174,22,1,2
BRDA:178,23,0,0
BRDA:178,23,1,2
BRDA:186,24,0,1
BRDA:186,24,1,1
BRDA:186,25,0,2
BRDA:186,25,1,2
BRDA:210,26,0,0
BRDA:210,26,1,2
BRDA:214,27,0,1
BRDA:214,27,1,1
BRDA:214,28,0,2
BRDA:214,28,1,2
BRDA:236,29,0,0
BRDA:236,29,1,0
BRDA:240,30,0,0
BRDA:240,30,1,0
BRDA:247,31,0,0
BRDA:247,31,1,0
BRDA:270,32,0,0
BRDA:270,32,1,0
BRDA:274,33,0,0
BRDA:274,33,1,0
BRDA:281,34,0,0
BRDA:281,34,1,0
BRF:70
BRH:35
end_of_record
TN:
SF:server\middleware\tenantContext.ts
FN:40,(anonymous_7)
FN:40,(anonymous_8)
FN:104,(anonymous_9)
FN:151,(anonymous_10)
FN:164,(anonymous_11)
FN:205,(anonymous_12)
FN:206,(anonymous_13)
FN:243,(anonymous_14)
FN:244,(anonymous_15)
FN:244,(anonymous_16)
FN:283,(anonymous_17)
FN:284,(anonymous_18)
FN:284,(anonymous_19)
FNF:13
FNH:3
FNDA:0,(anonymous_7)
FNDA:0,(anonymous_8)
FNDA:0,(anonymous_9)
FNDA:0,(anonymous_10)
FNDA:8,(anonymous_11)
FNDA:4,(anonymous_12)
FNDA:5,(anonymous_13)
FNDA:0,(anonymous_14)
FNDA:0,(anonymous_15)
FNDA:0,(anonymous_16)
FNDA:0,(anonymous_17)
FNDA:0,(anonymous_18)
FNDA:0,(anonymous_19)
DA:2,1
DA:40,1
DA:41,0
DA:42,0
DA:45,0
DA:52,0
DA:53,0
DA:57,0
DA:58,0
DA:69,0
DA:72,0
DA:73,0
DA:77,0
DA:79,0
DA:80,0
DA:81,0
DA:82,0
DA:83,0
DA:89,0
DA:90,0
DA:91,0
DA:92,0
DA:97,0
DA:98,0
DA:102,0
DA:103,0
DA:104,0
DA:105,0
DA:106,0
DA:107,0
DA:108,0
DA:109,0
DA:121,0
DA:122,0
DA:124,0
DA:125,0
DA:128,0
DA:129,0
DA:130,0
DA:140,0
DA:142,0
DA:143,0
DA:151,1
DA:152,0
DA:153,0
DA:157,0
DA:164,1
DA:165,8
DA:172,8
DA:173,2
DA:176,6
DA:177,6
DA:178,0
DA:184,6
DA:185,1
DA:190,5
DA:192,5
DA:193,3
DA:198,2
DA:205,1
DA:206,4
DA:207,5
DA:214,5
DA:215,2
DA:218,3
DA:220,3
DA:221,0
DA:226,3
DA:228,3
DA:229,1
DA:234,2
DA:243,1
DA:244,0
DA:245,0
DA:246,0
DA:247,0
DA:249,0
DA:250,0
DA:254,0
DA:255,0
DA:256,0
DA:260,0
DA:263,0
DA:264,0
DA:265,0
DA:266,0
DA:270,0
DA:272,0
DA:273,0
DA:283,1
DA:284,0
DA:285,0
DA:286,0
DA:287,0
DA:289,0
DA:290,0
DA:294,0
DA:295,0
DA:296,0
DA:300,0
DA:303,0
DA:304,0
DA:305,0
DA:306,0
DA:310,0
DA:312,0
DA:313,0
LF:107
LH:28
BRDA:42,0,0,0
BRDA:42,0,1,0
BRDA:42,1,0,0
BRDA:42,1,1,0
BRDA:42,2,0,0
BRDA:42,2,1,0
BRDA:42,3,0,0
BRDA:42,3,1,0
BRDA:42,4,0,0
BRDA:42,4,1,0
BRDA:42,5,0,0
BRDA:42,5,1,0
BRDA:42,6,0,0
BRDA:42,6,1,0
BRDA:52,7,0,0
BRDA:52,7,1,0
BRDA:59,8,0,0
BRDA:59,8,1,0
BRDA:59,8,2,0
BRDA:59,8,3,0
BRDA:59,9,0,0
BRDA:59,9,1,0
BRDA:59,10,0,0
BRDA:59,10,1,0
BRDA:60,11,0,0
BRDA:60,11,1,0
BRDA:60,12,0,0
BRDA:60,12,1,0
BRDA:61,13,0,0
BRDA:61,13,1,0
BRDA:61,14,0,0
BRDA:61,14,1,0
BRDA:62,15,0,0
BRDA:62,15,1,0
BRDA:62,16,0,0
BRDA:62,16,1,0
BRDA:72,17,0,0
BRDA:72,17,1,0
BRDA:72,18,0,0
BRDA:72,18,1,0
BRDA:77,19,0,0
BRDA:77,19,1,0
BRDA:81,20,0,0
BRDA:81,20,1,0
BRDA:89,21,0,0
BRDA:89,21,1,0
BRDA:89,22,0,0
BRDA:89,22,1,0
BRDA:91,23,0,0
BRDA:91,23,1,0
BRDA:97,24,0,0
BRDA:97,24,1,0
BRDA:97,25,0,0
BRDA:97,25,1,0
BRDA:102,26,0,0
BRDA:102,26,1,0
BRDA:102,27,0,0
BRDA:102,27,1,0
BRDA:104,28,0,0
BRDA:104,28,1,0
BRDA:105,29,0,0
BRDA:105,29,1,0
BRDA:107,30,0,0
BRDA:107,30,1,0
BRDA:107,31,0,0
BRDA:107,31,1,0
BRDA:112,32,0,0
BRDA:112,32,1,0
BRDA:112,33,0,0
BRDA:112,33,1,0
BRDA:121,34,0,0
BRDA:121,34,1,0
BRDA:124,35,0,0
BRDA:124,35,1,0
BRDA:129,36,0,0
BRDA:129,36,1,0
BRDA:133,37,0,0
BRDA:133,37,1,0
BRDA:133,38,0,0
BRDA:133,38,1,0
BRDA:152,39,0,0
BRDA:152,39,1,0
BRDA:152,40,0,0
BRDA:152,40,1,0
BRDA:152,41,0,0
BRDA:152,41,1,0
BRDA:166,42,0,8
BRDA:166,42,1,6
BRDA:166,42,2,6
BRDA:166,43,0,0
BRDA:166,43,1,8
BRDA:166,44,0,8
BRDA:166,44,1,8
BRDA:167,45,0,6
BRDA:167,45,1,0
BRDA:167,46,0,6
BRDA:167,46,1,6
BRDA:168,47,0,6
BRDA:168,47,1,0
BRDA:168,48,0,6
BRDA:168,48,1,6
BRDA:172,49,0,2
BRDA:172,49,1,6
BRDA:176,50,0,0
BRDA:176,50,1,6
BRDA:176,51,0,6
BRDA:176,51,1,6
BRDA:177,52,0,0
BRDA:177,52,1,6
BRDA:184,53,0,1
BRDA:184,53,1,5
BRDA:190,54,0,0
BRDA:190,54,1,5
BRDA:190,55,0,5
BRDA:190,55,1,5
BRDA:192,56,0,3
BRDA:192,56,1,2
BRDA:192,57,0,5
BRDA:192,57,1,4
BRDA:208,58,0,5
BRDA:208,58,1,3
BRDA:208,58,2,3
BRDA:208,59,0,0
BRDA:208,59,1,5
BRDA:208,60,0,5
BRDA:208,60,1,5
BRDA:209,61,0,3
BRDA:209,61,1,0
BRDA:209,62,0,3
BRDA:209,62,1,3
BRDA:210,63,0,3
BRDA:210,63,1,0
BRDA:210,64,0,3
BRDA:210,64,1,3
BRDA:214,65,0,2
BRDA:214,65,1,3
BRDA:218,66,0,0
BRDA:218,66,1,3
BRDA:218,67,0,3
BRDA:218,67,1,3
BRDA:220,68,0,0
BRDA:220,68,1,3
BRDA:220,69,0,3
BRDA:220,69,1,3
BRDA:226,70,0,0
BRDA:226,70,1,3
BRDA:226,71,0,3
BRDA:226,71,1,3
BRDA:228,72,0,1
BRDA:228,72,1,2
BRDA:228,73,0,3
BRDA:228,73,1,3
BRDA:228,73,2,3
BRDA:243,74,0,0
BRDA:247,75,0,0
BRDA:247,75,1,0
BRDA:247,76,0,0
BRDA:247,76,1,0
BRDA:247,77,0,0
BRDA:247,77,1,0
BRDA:247,78,0,0
BRDA:247,78,1,0
BRDA:247,79,0,0
BRDA:247,79,1,0
BRDA:247,80,0,0
BRDA:247,80,1,0
BRDA:247,81,0,0
BRDA:247,81,1,0
BRDA:249,82,0,0
BRDA:249,82,1,0
BRDA:255,83,0,0
BRDA:255,83,1,0
BRDA:263,84,0,0
BRDA:263,84,1,0
BRDA:265,85,0,0
BRDA:265,85,1,0
BRDA:283,86,0,0
BRDA:287,87,0,0
BRDA:287,87,1,0
BRDA:287,88,0,0
BRDA:287,88,1,0
BRDA:287,89,0,0
BRDA:287,89,1,0
BRDA:287,90,0,0
BRDA:287,90,1,0
BRDA:287,91,0,0
BRDA:287,91,1,0
BRDA:287,92,0,0
BRDA:287,92,1,0
BRDA:287,93,0,0
BRDA:287,93,1,0
BRDA:289,94,0,0
BRDA:289,94,1,0
BRDA:295,95,0,0
BRDA:295,95,1,0
BRDA:303,96,0,0
BRDA:303,96,1,0
BRDA:305,97,0,0
BRDA:305,97,1,0
BRF:199
BRH:55
end_of_record
TN:
SF:shared\schema.ts
FN:26,(anonymous_0)
FN:100,(anonymous_1)
FN:101,(anonymous_2)
FN:107,(anonymous_3)
FN:140,(anonymous_4)
FN:141,(anonymous_5)
FN:142,(anonymous_6)
FN:247,(anonymous_7)
FN:255,(anonymous_8)
FN:257,(anonymous_9)
FN:310,(anonymous_10)
FN:323,(anonymous_11)
FN:324,(anonymous_12)
FN:325,(anonymous_13)
FN:326,(anonymous_14)
FN:327,(anonymous_15)
FN:328,(anonymous_16)
FN:329,(anonymous_17)
FN:350,(anonymous_18)
FN:370,(anonymous_19)
FN:371,(anonymous_20)
FN:372,(anonymous_21)
FN:373,(anonymous_22)
FN:382,(anonymous_23)
FN:384,(anonymous_24)
FN:395,(anonymous_25)
FN:407,(anonymous_26)
FN:409,(anonymous_27)
FN:414,(anonymous_28)
FN:422,(anonymous_29)
FN:435,(anonymous_30)
FN:436,(anonymous_31)
FN:437,(anonymous_32)
FN:438,(anonymous_33)
FN:439,(anonymous_34)
FN:449,(anonymous_35)
FN:471,(anonymous_36)
FN:479,(anonymous_37)
FN:480,(anonymous_38)
FN:494,(anonymous_39)
FN:502,(anonymous_40)
FN:519,(anonymous_41)
FN:527,(anonymous_42)
FN:531,(anonymous_43)
FN:545,(anonymous_44)
FN:550,(anonymous_45)
FN:576,(anonymous_46)
FN:609,(anonymous_47)
FN:610,(anonymous_48)
FN:611,(anonymous_49)
FN:612,(anonymous_50)
FN:613,(anonymous_51)
FN:620,(anonymous_52)
FN:626,(anonymous_53)
FN:627,(anonymous_54)
FN:631,(anonymous_55)
FN:643,(anonymous_56)
FN:778,(anonymous_57)
FN:786,(anonymous_58)
FN:795,(anonymous_59)
FN:852,(anonymous_60)
FN:855,(anonymous_61)
FN:862,(anonymous_62)
FN:863,(anonymous_63)
FN:864,(anonymous_64)
FN:871,(anonymous_65)
FN:1016,(anonymous_66)
FN:1019,(anonymous_67)
FN:1034,(anonymous_68)
FN:1038,(anonymous_69)
FNF:70
FNH:10
FNDA:4,(anonymous_0)
FNDA:0,(anonymous_1)
FNDA:0,(anonymous_2)
FNDA:4,(anonymous_3)
FNDA:0,(anonymous_4)
FNDA:0,(anonymous_5)
FNDA:0,(anonymous_6)
FNDA:4,(anonymous_7)
FNDA:0,(anonymous_8)
FNDA:0,(anonymous_9)
FNDA:0,(anonymous_10)
FNDA:0,(anonymous_11)
FNDA:0,(anonymous_12)
FNDA:0,(anonymous_13)
FNDA:0,(anonymous_14)
FNDA:0,(anonymous_15)
FNDA:0,(anonymous_16)
FNDA:0,(anonymous_17)
FNDA:4,(anonymous_18)
FNDA:0,(anonymous_19)
FNDA:0,(anonymous_20)
FNDA:0,(anonymous_21)
FNDA:0,(anonymous_22)
FNDA:0,(anonymous_23)
FNDA:0,(anonymous_24)
FNDA:4,(anonymous_25)
FNDA:0,(anonymous_26)
FNDA:0,(anonymous_27)
FNDA:4,(anonymous_28)
FNDA:0,(anonymous_29)
FNDA:0,(anonymous_30)
FNDA:0,(anonymous_31)
FNDA:0,(anonymous_32)
FNDA:0,(anonymous_33)
FNDA:0,(anonymous_34)
FNDA:4,(anonymous_35)
FNDA:0,(anonymous_36)
FNDA:0,(anonymous_37)
FNDA:0,(anonymous_38)
FNDA:0,(anonymous_39)
FNDA:0,(anonymous_40)
FNDA:0,(anonymous_41)
FNDA:0,(anonymous_42)
FNDA:0,(anonymous_43)
FNDA:0,(anonymous_44)
FNDA:0,(anonymous_45)
FNDA:0,(anonymous_46)
FNDA:0,(anonymous_47)
FNDA:0,(anonymous_48)
FNDA:0,(anonymous_49)
FNDA:0,(anonymous_50)
FNDA:0,(anonymous_51)
FNDA:4,(anonymous_52)
FNDA:0,(anonymous_53)
FNDA:0,(anonymous_54)
FNDA:0,(anonymous_55)
FNDA:0,(anonymous_56)
FNDA:0,(anonymous_57)
FNDA:0,(anonymous_58)
FNDA:0,(anonymous_59)
FNDA:0,(anonymous_60)
FNDA:4,(anonymous_61)
FNDA:0,(anonymous_62)
FNDA:0,(anonymous_63)
FNDA:0,(anonymous_64)
FNDA:4,(anonymous_65)
FNDA:0,(anonymous_66)
FNDA:0,(anonymous_67)
FNDA:0,(anonymous_68)
FNDA:0,(anonymous_69)
DA:1,4
DA:2,4
DA:15,4
DA:16,4
DA:19,4
DA:26,4
DA:30,4
DA:75,4
DA:79,4
DA:94,4
DA:98,4
DA:100,0
DA:101,0
DA:107,4
DA:138,4
DA:140,0
DA:141,0
DA:142,0
DA:247,4
DA:253,4
DA:255,0
DA:257,0
DA:272,4
DA:310,0
DA:321,4
DA:323,0
DA:324,0
DA:325,0
DA:326,0
DA:327,0
DA:328,0
DA:329,0
DA:350,4
DA:357,4
DA:368,4
DA:370,0
DA:371,0
DA:372,0
DA:373,0
DA:382,0
DA:384,0
DA:395,4
DA:405,4
DA:407,0
DA:409,0
DA:414,4
DA:420,4
DA:422,0
DA:433,4
DA:435,0
DA:436,0
DA:437,0
DA:438,0
DA:439,0
DA:449,4
DA:454,4
DA:471,0
DA:477,4
DA:479,0
DA:480,0
DA:494,0
DA:500,4
DA:502,0
DA:519,0
DA:525,4
DA:527,0
DA:531,0
DA:545,0
DA:550,0
DA:558,4
DA:576,0
DA:582,4
DA:588,4
DA:594,4
DA:600,4
DA:607,4
DA:609,0
DA:610,0
DA:611,0
DA:612,0
DA:613,0
DA:620,4
DA:624,4
DA:626,0
DA:627,0
DA:631,0
DA:643,0
DA:648,4
DA:654,4
DA:660,4
DA:666,4
DA:672,4
DA:677,4
DA:682,4
DA:688,4
DA:698,4
DA:703,4
DA:721,4
DA:733,4
DA:743,4
DA:752,4
DA:766,4
DA:776,4
DA:778,0
DA:786,0
DA:793,4
DA:795,0
DA:807,4
DA:816,4
DA:826,4
DA:837,4
DA:852,0
DA:855,4
DA:860,4
DA:862,0
DA:863,0
DA:864,0
DA:871,4
DA:877,4
DA:884,4
DA:890,4
DA:899,4
DA:905,4
DA:911,4
DA:917,4
DA:923,4
DA:930,4
DA:1010,4
DA:1016,0
DA:1019,0
DA:1027,4
DA:1033,4
DA:1034,0
DA:1037,4
DA:1038,0
DA:1041,4
LF:136
LH:76
BRF:0
BRH:0
end_of_record
