TN:
SF:server\db.ts
FNF:0
FNH:0
DA:1,1
DA:2,1
DA:3,1
DA:4,1
DA:7,1
DA:9,1
DA:11,1
DA:13,1
DA:14,0
DA:19,1
DA:20,1
LF:11
LH:10
BRDA:9,0,0,1
BRDA:9,0,1,1
BRDA:11,1,0,0
BRDA:11,1,1,1
BRDA:11,2,0,1
BRDA:11,2,1,1
BRDA:13,3,0,0
BRDA:13,3,1,1
BRDA:13,4,0,1
BRDA:13,4,1,1
BRF:10
BRH:8
end_of_record
TN:
SF:server\dbStorage.ts
FN:34,(anonymous_7)
FN:38,(anonymous_8)
FN:56,(anonymous_10)
FN:93,(anonymous_12)
FN:133,(anonymous_14)
FN:142,(anonymous_16)
FN:151,(anonymous_18)
FN:159,(anonymous_20)
FN:169,(anonymous_22)
FN:180,(anonymous_24)
FN:192,(anonymous_26)
FN:210,(anonymous_28)
FN:246,(anonymous_30)
FN:275,(anonymous_32)
FN:314,(anonymous_34)
FN:327,(anonymous_36)
FN:343,(anonymous_38)
FN:356,(anonymous_40)
FN:372,(anonymous_42)
FN:388,(anonymous_44)
FN:400,(anonymous_46)
FN:410,(anonymous_48)
FN:420,(anonymous_50)
FN:436,(anonymous_52)
FN:454,(anonymous_54)
FN:468,(anonymous_56)
FN:479,(anonymous_58)
FN:491,(anonymous_60)
FN:501,(anonymous_62)
FN:519,(anonymous_64)
FN:533,(anonymous_66)
FN:544,(anonymous_68)
FN:586,(anonymous_70)
FN:596,(anonymous_72)
FN:609,(anonymous_74)
FN:624,(anonymous_76)
FN:664,(anonymous_77)
FN:678,(anonymous_79)
FN:689,(anonymous_81)
FN:699,(anonymous_83)
FN:709,(anonymous_84)
FN:719,(anonymous_86)
FN:751,(anonymous_88)
FN:767,(anonymous_90)
FN:789,(anonymous_92)
FN:799,(anonymous_94)
FN:816,(anonymous_96)
FN:830,(anonymous_98)
FN:841,(anonymous_100)
FN:858,(anonymous_102)
FN:872,(anonymous_104)
FN:903,(anonymous_106)
FN:913,(anonymous_108)
FN:930,(anonymous_110)
FN:947,(anonymous_112)
FN:960,(anonymous_114)
FN:981,(anonymous_116)
FN:986,(anonymous_118)
FN:992,(anonymous_120)
FN:1009,(anonymous_122)
FN:1043,(anonymous_123)
FN:1053,(anonymous_125)
FN:1068,(anonymous_127)
FN:1077,(anonymous_129)
FN:1087,(anonymous_131)
FN:1097,(anonymous_133)
FN:1108,(anonymous_135)
FN:1132,(anonymous_137)
FN:1142,(anonymous_139)
FN:1152,(anonymous_141)
FN:1162,(anonymous_143)
FN:1173,(anonymous_145)
FN:1173,(anonymous_146)
FN:1174,(anonymous_147)
FN:1174,(anonymous_148)
FN:1175,(anonymous_149)
FN:1175,(anonymous_150)
FN:1176,(anonymous_151)
FN:1176,(anonymous_152)
FN:1177,(anonymous_153)
FN:1177,(anonymous_154)
FN:1178,(anonymous_155)
FN:1178,(anonymous_156)
FN:1179,(anonymous_157)
FN:1179,(anonymous_158)
FN:1182,(anonymous_159)
FN:1182,(anonymous_160)
FN:1183,(anonymous_161)
FN:1183,(anonymous_162)
FN:1184,(anonymous_163)
FN:1184,(anonymous_164)
FN:1185,(anonymous_165)
FN:1185,(anonymous_166)
FN:1186,(anonymous_167)
FN:1186,(anonymous_168)
FN:1187,(anonymous_169)
FN:1187,(anonymous_170)
FN:1188,(anonymous_171)
FN:1188,(anonymous_172)
FN:1191,(anonymous_173)
FN:1191,(anonymous_174)
FN:1192,(anonymous_175)
FN:1192,(anonymous_176)
FN:1193,(anonymous_177)
FN:1193,(anonymous_178)
FN:1194,(anonymous_179)
FN:1194,(anonymous_180)
FN:1195,(anonymous_181)
FN:1195,(anonymous_182)
FN:1198,(anonymous_183)
FN:1198,(anonymous_184)
FN:1199,(anonymous_185)
FN:1199,(anonymous_186)
FN:1200,(anonymous_187)
FN:1200,(anonymous_188)
FN:1201,(anonymous_189)
FN:1201,(anonymous_190)
FN:1202,(anonymous_191)
FN:1202,(anonymous_192)
FN:1205,(anonymous_193)
FN:1226,(anonymous_195)
FN:1236,(anonymous_197)
FN:1252,(anonymous_199)
FN:1278,(anonymous_201)
FN:1307,(anonymous_203)
FN:1313,(anonymous_204)
FN:1322,(anonymous_205)
FN:1323,(anonymous_206)
FN:1329,(anonymous_207)
FN:1335,(anonymous_208)
FN:1350,(anonymous_209)
FN:1362,(anonymous_211)
FN:1374,(anonymous_213)
FN:1388,(anonymous_215)
FN:1415,(anonymous_217)
FN:1427,(anonymous_219)
FN:1439,(anonymous_221)
FN:1450,(anonymous_223)
FN:1462,(anonymous_225)
FN:1475,(anonymous_227)
FN:1522,(anonymous_229)
FN:1541,(anonymous_231)
FNF:142
FNH:0
FNDA:0,(anonymous_7)
FNDA:0,(anonymous_8)
FNDA:0,(anonymous_10)
FNDA:0,(anonymous_12)
FNDA:0,(anonymous_14)
FNDA:0,(anonymous_16)
FNDA:0,(anonymous_18)
FNDA:0,(anonymous_20)
FNDA:0,(anonymous_22)
FNDA:0,(anonymous_24)
FNDA:0,(anonymous_26)
FNDA:0,(anonymous_28)
FNDA:0,(anonymous_30)
FNDA:0,(anonymous_32)
FNDA:0,(anonymous_34)
FNDA:0,(anonymous_36)
FNDA:0,(anonymous_38)
FNDA:0,(anonymous_40)
FNDA:0,(anonymous_42)
FNDA:0,(anonymous_44)
FNDA:0,(anonymous_46)
FNDA:0,(anonymous_48)
FNDA:0,(anonymous_50)
FNDA:0,(anonymous_52)
FNDA:0,(anonymous_54)
FNDA:0,(anonymous_56)
FNDA:0,(anonymous_58)
FNDA:0,(anonymous_60)
FNDA:0,(anonymous_62)
FNDA:0,(anonymous_64)
FNDA:0,(anonymous_66)
FNDA:0,(anonymous_68)
FNDA:0,(anonymous_70)
FNDA:0,(anonymous_72)
FNDA:0,(anonymous_74)
FNDA:0,(anonymous_76)
FNDA:0,(anonymous_77)
FNDA:0,(anonymous_79)
FNDA:0,(anonymous_81)
FNDA:0,(anonymous_83)
FNDA:0,(anonymous_84)
FNDA:0,(anonymous_86)
FNDA:0,(anonymous_88)
FNDA:0,(anonymous_90)
FNDA:0,(anonymous_92)
FNDA:0,(anonymous_94)
FNDA:0,(anonymous_96)
FNDA:0,(anonymous_98)
FNDA:0,(anonymous_100)
FNDA:0,(anonymous_102)
FNDA:0,(anonymous_104)
FNDA:0,(anonymous_106)
FNDA:0,(anonymous_108)
FNDA:0,(anonymous_110)
FNDA:0,(anonymous_112)
FNDA:0,(anonymous_114)
FNDA:0,(anonymous_116)
FNDA:0,(anonymous_118)
FNDA:0,(anonymous_120)
FNDA:0,(anonymous_122)
FNDA:0,(anonymous_123)
FNDA:0,(anonymous_125)
FNDA:0,(anonymous_127)
FNDA:0,(anonymous_129)
FNDA:0,(anonymous_131)
FNDA:0,(anonymous_133)
FNDA:0,(anonymous_135)
FNDA:0,(anonymous_137)
FNDA:0,(anonymous_139)
FNDA:0,(anonymous_141)
FNDA:0,(anonymous_143)
FNDA:0,(anonymous_145)
FNDA:0,(anonymous_146)
FNDA:0,(anonymous_147)
FNDA:0,(anonymous_148)
FNDA:0,(anonymous_149)
FNDA:0,(anonymous_150)
FNDA:0,(anonymous_151)
FNDA:0,(anonymous_152)
FNDA:0,(anonymous_153)
FNDA:0,(anonymous_154)
FNDA:0,(anonymous_155)
FNDA:0,(anonymous_156)
FNDA:0,(anonymous_157)
FNDA:0,(anonymous_158)
FNDA:0,(anonymous_159)
FNDA:0,(anonymous_160)
FNDA:0,(anonymous_161)
FNDA:0,(anonymous_162)
FNDA:0,(anonymous_163)
FNDA:0,(anonymous_164)
FNDA:0,(anonymous_165)
FNDA:0,(anonymous_166)
FNDA:0,(anonymous_167)
FNDA:0,(anonymous_168)
FNDA:0,(anonymous_169)
FNDA:0,(anonymous_170)
FNDA:0,(anonymous_171)
FNDA:0,(anonymous_172)
FNDA:0,(anonymous_173)
FNDA:0,(anonymous_174)
FNDA:0,(anonymous_175)
FNDA:0,(anonymous_176)
FNDA:0,(anonymous_177)
FNDA:0,(anonymous_178)
FNDA:0,(anonymous_179)
FNDA:0,(anonymous_180)
FNDA:0,(anonymous_181)
FNDA:0,(anonymous_182)
FNDA:0,(anonymous_183)
FNDA:0,(anonymous_184)
FNDA:0,(anonymous_185)
FNDA:0,(anonymous_186)
FNDA:0,(anonymous_187)
FNDA:0,(anonymous_188)
FNDA:0,(anonymous_189)
FNDA:0,(anonymous_190)
FNDA:0,(anonymous_191)
FNDA:0,(anonymous_192)
FNDA:0,(anonymous_193)
FNDA:0,(anonymous_195)
FNDA:0,(anonymous_197)
FNDA:0,(anonymous_199)
FNDA:0,(anonymous_201)
FNDA:0,(anonymous_203)
FNDA:0,(anonymous_204)
FNDA:0,(anonymous_205)
FNDA:0,(anonymous_206)
FNDA:0,(anonymous_207)
FNDA:0,(anonymous_208)
FNDA:0,(anonymous_209)
FNDA:0,(anonymous_211)
FNDA:0,(anonymous_213)
FNDA:0,(anonymous_215)
FNDA:0,(anonymous_217)
FNDA:0,(anonymous_219)
FNDA:0,(anonymous_221)
FNDA:0,(anonymous_223)
FNDA:0,(anonymous_225)
FNDA:0,(anonymous_227)
FNDA:0,(anonymous_229)
FNDA:0,(anonymous_231)
DA:1,1
DA:2,1
DA:26,1
DA:28,1
DA:32,1
DA:35,0
DA:39,0
DA:41,0
DA:42,0
DA:43,0
DA:46,0
DA:47,0
DA:48,0
DA:51,0
DA:57,0
DA:88,0
DA:89,0
DA:94,0
DA:127,0
DA:128,0
DA:134,0
DA:138,0
DA:143,0
DA:148,0
DA:152,0
DA:160,0
DA:161,0
DA:162,0
DA:164,0
DA:165,0
DA:170,0
DA:171,0
DA:172,0
DA:173,0
DA:175,0
DA:176,0
DA:181,0
DA:182,0
DA:187,0
DA:188,0
DA:193,0
DA:194,0
DA:203,0
DA:205,0
DA:206,0
DA:211,0
DA:213,0
DA:214,0
DA:216,0
DA:218,0
DA:223,0
DA:224,0
DA:226,0
DA:231,0
DA:234,0
DA:238,0
DA:241,0
DA:242,0
DA:254,0
DA:255,0
DA:268,0
DA:270,0
DA:271,0
DA:276,0
DA:278,0
DA:279,0
DA:282,0
DA:283,0
DA:284,0
DA:298,0
DA:307,0
DA:309,0
DA:310,0
DA:315,0
DA:316,0
DA:322,0
DA:323,0
DA:328,0
DA:329,0
DA:338,0
DA:339,0
DA:344,0
DA:345,0
DA:349,0
DA:351,0
DA:352,0
DA:357,0
DA:358,0
DA:367,0
DA:368,0
DA:373,0
DA:374,0
DA:382,0
DA:383,0
DA:389,0
DA:390,0
DA:395,0
DA:396,0
DA:401,0
DA:402,0
DA:403,0
DA:405,0
DA:406,0
DA:411,0
DA:412,0
DA:413,0
DA:415,0
DA:416,0
DA:421,0
DA:422,0
DA:423,0
DA:425,0
DA:431,0
DA:432,0
DA:437,0
DA:438,0
DA:447,0
DA:449,0
DA:450,0
DA:455,0
DA:456,0
DA:461,0
DA:463,0
DA:464,0
DA:469,0
DA:470,0
DA:471,0
DA:473,0
DA:474,0
DA:480,0
DA:481,0
DA:486,0
DA:487,0
DA:492,0
DA:493,0
DA:494,0
DA:496,0
DA:497,0
DA:502,0
DA:503,0
DA:512,0
DA:514,0
DA:515,0
DA:520,0
DA:521,0
DA:526,0
DA:528,0
DA:529,0
DA:534,0
DA:535,0
DA:536,0
DA:538,0
DA:539,0
DA:545,0
DA:546,0
DA:547,0
DA:548,0
DA:551,0
DA:581,0
DA:582,0
DA:587,0
DA:588,0
DA:589,0
DA:591,0
DA:592,0
DA:597,0
DA:598,0
DA:604,0
DA:605,0
DA:610,0
DA:612,0
DA:614,0
DA:615,0
DA:617,0
DA:618,0
DA:620,0
DA:621,0
DA:622,0
DA:624,0
DA:640,0
DA:645,0
DA:657,0
DA:659,0
DA:660,0
DA:665,0
DA:666,0
DA:671,0
DA:673,0
DA:674,0
DA:679,0
DA:680,0
DA:681,0
DA:683,0
DA:684,0
DA:690,0
DA:692,0
DA:695,0
DA:697,0
DA:699,0
DA:702,0
DA:704,0
DA:705,0
DA:710,0
DA:711,0
DA:712,0
DA:714,0
DA:715,0
DA:720,0
DA:721,0
DA:744,0
DA:746,0
DA:747,0
DA:752,0
DA:753,0
DA:758,0
DA:760,0
DA:761,0
DA:768,0
DA:769,0
DA:770,0
DA:775,0
DA:777,0
DA:781,0
DA:784,0
DA:785,0
DA:790,0
DA:791,0
DA:792,0
DA:794,0
DA:795,0
DA:800,0
DA:801,0
DA:809,0
DA:811,0
DA:812,0
DA:817,0
DA:818,0
DA:823,0
DA:825,0
DA:826,0
DA:831,0
DA:832,0
DA:833,0
DA:835,0
DA:836,0
DA:842,0
DA:843,0
DA:851,0
DA:853,0
DA:854,0
DA:859,0
DA:860,0
DA:866,0
DA:867,0
DA:873,0
DA:874,0
DA:876,0
DA:877,0
DA:878,0
DA:879,0
DA:882,0
DA:883,0
DA:884,0
DA:888,0
DA:889,0
DA:891,0
DA:892,0
DA:896,0
DA:898,0
DA:899,0
DA:904,0
DA:905,0
DA:906,0
DA:908,0
DA:909,0
DA:914,0
DA:915,0
DA:923,0
DA:925,0
DA:926,0
DA:931,0
DA:932,0
DA:940,0
DA:942,0
DA:943,0
DA:948,0
DA:949,0
DA:955,0
DA:956,0
DA:961,0
DA:962,0
DA:963,0
DA:965,0
DA:976,0
DA:977,0
DA:983,0
DA:988,0
DA:993,0
DA:994,0
DA:998,0
DA:999,0
DA:1002,0
DA:1004,0
DA:1005,0
DA:1006,0
DA:1007,0
DA:1008,0
DA:1009,0
DA:1010,0
DA:1012,0
DA:1016,0
DA:1017,0
DA:1020,0
DA:1021,0
DA:1024,0
DA:1025,0
DA:1028,0
DA:1029,0
DA:1032,0
DA:1038,0
DA:1039,0
DA:1044,0
DA:1045,0
DA:1046,0
DA:1048,0
DA:1049,0
DA:1054,0
DA:1055,0
DA:1060,0
DA:1062,0
DA:1063,0
DA:1069,0
DA:1070,0
DA:1072,0
DA:1073,0
DA:1078,0
DA:1079,0
DA:1080,0
DA:1082,0
DA:1083,0
DA:1088,0
DA:1089,0
DA:1090,0
DA:1092,0
DA:1093,0
DA:1098,0
DA:1099,0
DA:1100,0
DA:1102,0
DA:1103,0
DA:1109,0
DA:1110,0
DA:1111,0
DA:1112,0
DA:1114,0
DA:1115,0
DA:1117,0
DA:1118,0
DA:1121,0
DA:1125,0
DA:1127,0
DA:1128,0
DA:1133,0
DA:1134,0
DA:1135,0
DA:1137,0
DA:1138,0
DA:1143,0
DA:1144,0
DA:1145,0
DA:1147,0
DA:1148,0
DA:1153,0
DA:1154,0
DA:1155,0
DA:1157,0
DA:1158,0
DA:1163,0
DA:1164,0
DA:1165,0
DA:1167,0
DA:1168,0
DA:1173,0
DA:1174,0
DA:1175,0
DA:1176,0
DA:1177,0
DA:1178,0
DA:1179,0
DA:1182,0
DA:1183,0
DA:1184,0
DA:1185,0
DA:1186,0
DA:1187,0
DA:1188,0
DA:1191,0
DA:1192,0
DA:1193,0
DA:1194,0
DA:1195,0
DA:1198,0
DA:1199,0
DA:1200,0
DA:1201,0
DA:1202,0
DA:1206,0
DA:1207,0
DA:1208,0
DA:1209,0
DA:1211,0
DA:1212,0
DA:1215,0
DA:1219,0
DA:1221,0
DA:1222,0
DA:1227,0
DA:1228,0
DA:1229,0
DA:1231,0
DA:1232,0
DA:1237,0
DA:1249,0
DA:1253,0
DA:1254,0
DA:1255,0
DA:1260,0
DA:1261,0
DA:1264,0
DA:1270,0
DA:1272,0
DA:1273,0
DA:1279,0
DA:1280,0
DA:1281,0
DA:1282,0
DA:1284,0
DA:1285,0
DA:1287,0
DA:1288,0
DA:1293,0
DA:1294,0
DA:1298,0
DA:1302,0
DA:1303,0
DA:1307,0
DA:1308,0
DA:1312,0
DA:1313,0
DA:1314,0
DA:1315,0
DA:1317,0
DA:1321,0
DA:1322,0
DA:1323,0
DA:1325,0
DA:1326,0
DA:1327,0
DA:1329,0
DA:1330,0
DA:1335,0
DA:1343,0
DA:1345,0
DA:1346,0
DA:1351,0
DA:1352,0
DA:1355,0
DA:1357,0
DA:1358,0
DA:1363,0
DA:1364,0
DA:1367,0
DA:1369,0
DA:1370,0
DA:1375,0
DA:1376,0
DA:1380,0
DA:1382,0
DA:1383,0
DA:1389,0
DA:1390,0
DA:1391,0
DA:1392,0
DA:1394,0
DA:1395,0
DA:1397,0
DA:1398,0
DA:1401,0
DA:1402,0
DA:1406,0
DA:1410,0
DA:1411,0
DA:1416,0
DA:1417,0
DA:1420,0
DA:1422,0
DA:1423,0
DA:1428,0
DA:1429,0
DA:1432,0
DA:1434,0
DA:1435,0
DA:1440,0
DA:1441,0
DA:1445,0
DA:1446,0
DA:1451,0
DA:1452,0
DA:1455,0
DA:1457,0
DA:1458,0
DA:1463,0
DA:1464,0
DA:1468,0
DA:1470,0
DA:1471,0
DA:1476,0
DA:1478,0
DA:1479,0
DA:1480,0
DA:1483,0
DA:1486,0
DA:1499,0
DA:1508,0
DA:1510,0
DA:1515,0
DA:1517,0
DA:1518,0
DA:1523,0
DA:1524,0
DA:1534,0
DA:1536,0
DA:1537,0
DA:1542,0
DA:1544,0
DA:1545,0
DA:1546,0
DA:1549,0
DA:1552,0
DA:1565,0
DA:1572,0
DA:1574,0
DA:1575,0
LF:543
LH:5
BRDA:42,0,0,0
BRDA:42,0,1,0
BRDA:47,1,0,0
BRDA:47,1,1,0
BRDA:214,2,0,0
BRDA:214,2,1,0
BRDA:216,3,0,0
BRDA:216,3,1,0
BRDA:224,4,0,0
BRDA:224,4,1,0
BRDA:279,5,0,0
BRDA:279,5,1,0
BRDA:282,6,0,0
BRDA:282,6,1,0
BRDA:282,7,0,0
BRDA:282,7,1,0
BRDA:283,8,0,0
BRDA:283,8,1,0
BRDA:283,9,0,0
BRDA:283,9,1,0
BRDA:284,10,0,0
BRDA:284,10,1,0
BRDA:289,11,0,0
BRDA:289,11,1,0
BRDA:291,12,0,0
BRDA:291,12,1,0
BRDA:422,13,0,0
BRDA:422,13,1,0
BRDA:471,14,0,0
BRDA:471,14,1,0
BRDA:471,15,0,0
BRDA:471,15,1,0
BRDA:536,16,0,0
BRDA:536,16,1,0
BRDA:536,17,0,0
BRDA:536,17,1,0
BRDA:547,18,0,0
BRDA:547,18,1,0
BRDA:612,19,0,0
BRDA:612,19,1,0
BRDA:612,20,0,0
BRDA:612,20,1,0
BRDA:614,21,0,0
BRDA:614,21,1,0
BRDA:614,22,0,0
BRDA:614,22,1,0
BRDA:618,23,0,0
BRDA:618,23,1,0
BRDA:618,24,0,0
BRDA:618,24,1,0
BRDA:621,25,0,0
BRDA:621,25,1,0
BRDA:626,26,0,0
BRDA:626,26,1,0
BRDA:627,27,0,0
BRDA:627,27,1,0
BRDA:629,28,0,0
BRDA:629,28,1,0
BRDA:630,29,0,0
BRDA:630,29,1,0
BRDA:631,30,0,0
BRDA:631,30,1,0
BRDA:632,31,0,0
BRDA:632,31,1,0
BRDA:633,32,0,0
BRDA:633,32,1,0
BRDA:635,33,0,0
BRDA:635,33,1,0
BRDA:650,34,0,0
BRDA:650,34,1,0
BRDA:650,35,0,0
BRDA:650,35,1,0
BRDA:652,36,0,0
BRDA:652,36,1,0
BRDA:652,37,0,0
BRDA:652,37,1,0
BRDA:681,38,0,0
BRDA:681,38,1,0
BRDA:681,39,0,0
BRDA:681,39,1,0
BRDA:697,40,0,0
BRDA:697,40,1,0
BRDA:699,41,0,0
BRDA:699,41,1,0
BRDA:726,42,0,0
BRDA:726,42,1,0
BRDA:726,43,0,0
BRDA:726,43,1,0
BRDA:727,44,0,0
BRDA:727,44,1,0
BRDA:727,45,0,0
BRDA:727,45,1,0
BRDA:728,46,0,0
BRDA:728,46,1,0
BRDA:728,47,0,0
BRDA:728,47,1,0
BRDA:729,48,0,0
BRDA:729,48,1,0
BRDA:730,49,0,0
BRDA:730,49,1,0
BRDA:731,50,0,0
BRDA:731,50,1,0
BRDA:732,51,0,0
BRDA:732,51,1,0
BRDA:733,52,0,0
BRDA:733,52,1,0
BRDA:733,53,0,0
BRDA:733,53,1,0
BRDA:734,54,0,0
BRDA:734,54,1,0
BRDA:734,55,0,0
BRDA:734,55,1,0
BRDA:735,56,0,0
BRDA:735,56,1,0
BRDA:735,57,0,0
BRDA:735,57,1,0
BRDA:736,58,0,0
BRDA:736,58,1,0
BRDA:736,59,0,0
BRDA:736,59,1,0
BRDA:737,60,0,0
BRDA:737,60,1,0
BRDA:737,61,0,0
BRDA:737,61,1,0
BRDA:738,62,0,0
BRDA:738,62,1,0
BRDA:738,63,0,0
BRDA:738,63,1,0
BRDA:739,64,0,0
BRDA:739,64,1,0
BRDA:739,65,0,0
BRDA:739,65,1,0
BRDA:769,66,0,0
BRDA:769,66,1,0
BRDA:876,67,0,0
BRDA:876,67,1,0
BRDA:878,68,0,0
BRDA:878,68,1,0
BRDA:879,69,0,0
BRDA:879,69,1,0
BRDA:882,70,0,0
BRDA:882,70,1,0
BRDA:882,71,0,0
BRDA:882,71,1,0
BRDA:883,72,0,0
BRDA:883,72,1,0
BRDA:883,73,0,0
BRDA:883,73,1,0
BRDA:888,74,0,0
BRDA:888,74,1,0
BRDA:889,75,0,0
BRDA:889,75,1,0
BRDA:891,76,0,0
BRDA:891,76,1,0
BRDA:994,77,0,0
BRDA:994,77,1,0
BRDA:998,78,0,0
BRDA:998,78,1,0
BRDA:1004,79,0,0
BRDA:1004,79,1,0
BRDA:1006,80,0,0
BRDA:1006,80,1,0
BRDA:1007,81,0,0
BRDA:1007,81,1,0
BRDA:1016,82,0,0
BRDA:1016,82,1,0
BRDA:1020,83,0,0
BRDA:1020,83,1,0
BRDA:1024,84,0,0
BRDA:1024,84,1,0
BRDA:1028,85,0,0
BRDA:1028,85,1,0
BRDA:1100,86,0,0
BRDA:1100,86,1,0
BRDA:1111,87,0,0
BRDA:1111,87,1,0
BRDA:1111,88,0,0
BRDA:1111,88,1,0
BRDA:1111,89,0,0
BRDA:1111,89,1,0
BRDA:1114,90,0,0
BRDA:1114,90,1,0
BRDA:1114,91,0,0
BRDA:1114,91,1,0
BRDA:1114,92,0,0
BRDA:1114,92,1,0
BRDA:1117,93,0,0
BRDA:1117,93,1,0
BRDA:1117,94,0,0
BRDA:1117,94,1,0
BRDA:1117,95,0,0
BRDA:1117,95,1,0
BRDA:1121,96,0,0
BRDA:1121,96,1,0
BRDA:1208,97,0,0
BRDA:1208,97,1,0
BRDA:1208,98,0,0
BRDA:1208,98,1,0
BRDA:1208,99,0,0
BRDA:1208,99,1,0
BRDA:1211,100,0,0
BRDA:1211,100,1,0
BRDA:1211,101,0,0
BRDA:1211,101,1,0
BRDA:1211,102,0,0
BRDA:1211,102,1,0
BRDA:1215,103,0,0
BRDA:1215,103,1,0
BRDA:1241,104,0,0
BRDA:1241,104,1,0
BRDA:1241,105,0,0
BRDA:1241,105,1,0
BRDA:1242,106,0,0
BRDA:1242,106,1,0
BRDA:1242,107,0,0
BRDA:1242,107,1,0
BRDA:1243,108,0,0
BRDA:1243,108,1,0
BRDA:1243,109,0,0
BRDA:1243,109,1,0
BRDA:1254,110,0,0
BRDA:1254,110,1,0
BRDA:1260,111,0,0
BRDA:1260,111,1,0
BRDA:1260,112,0,0
BRDA:1260,112,1,0
BRDA:1281,113,0,0
BRDA:1281,113,1,0
BRDA:1281,114,0,0
BRDA:1281,114,1,0
BRDA:1281,115,0,0
BRDA:1281,115,1,0
BRDA:1284,116,0,0
BRDA:1284,116,1,0
BRDA:1284,117,0,0
BRDA:1284,117,1,0
BRDA:1284,118,0,0
BRDA:1284,118,1,0
BRDA:1287,119,0,0
BRDA:1287,119,1,0
BRDA:1287,120,0,0
BRDA:1287,120,1,0
BRDA:1287,121,0,0
BRDA:1287,121,1,0
BRDA:1293,122,0,0
BRDA:1293,122,1,0
BRDA:1302,123,0,0
BRDA:1302,123,1,0
BRDA:1314,124,0,0
BRDA:1314,124,1,0
BRDA:1326,125,0,0
BRDA:1326,125,1,0
BRDA:1337,126,0,0
BRDA:1337,126,1,0
BRDA:1338,127,0,0
BRDA:1338,127,1,0
BRDA:1339,128,0,0
BRDA:1339,128,1,0
BRDA:1391,129,0,0
BRDA:1391,129,1,0
BRDA:1391,130,0,0
BRDA:1391,130,1,0
BRDA:1391,131,0,0
BRDA:1391,131,1,0
BRDA:1394,132,0,0
BRDA:1394,132,1,0
BRDA:1394,133,0,0
BRDA:1394,133,1,0
BRDA:1394,134,0,0
BRDA:1394,134,1,0
BRDA:1397,135,0,0
BRDA:1397,135,1,0
BRDA:1397,136,0,0
BRDA:1397,136,1,0
BRDA:1397,137,0,0
BRDA:1397,137,1,0
BRDA:1401,138,0,0
BRDA:1401,138,1,0
BRDA:1479,139,0,0
BRDA:1479,139,1,0
BRDA:1479,140,0,0
BRDA:1479,140,1,0
BRDA:1489,141,0,0
BRDA:1489,141,1,0
BRDA:1490,142,0,0
BRDA:1490,142,1,0
BRDA:1508,143,0,0
BRDA:1508,143,1,0
BRDA:1527,144,0,0
BRDA:1527,144,1,0
BRDA:1545,145,0,0
BRDA:1545,145,1,0
BRDA:1545,146,0,0
BRDA:1545,146,1,0
BRDA:1555,147,0,0
BRDA:1555,147,1,0
BRDA:1556,148,0,0
BRDA:1556,148,1,0
BRF:298
BRH:0
end_of_record
TN:
SF:server\storage.ts
FN:237,(anonymous_7)
FN:249,(anonymous_9)
FN:253,(anonymous_11)
FN:254,(anonymous_13)
FN:259,(anonymous_14)
FN:264,(anonymous_15)
FN:301,(anonymous_16)
FN:332,(anonymous_17)
FN:432,(anonymous_18)
FN:460,(anonymous_19)
FN:477,(anonymous_20)
FN:498,(anonymous_21)
FN:1185,(anonymous_22)
FN:1189,(anonymous_24)
FN:1190,(anonymous_26)
FN:1193,(anonymous_27)
FN:1194,(anonymous_29)
FN:1201,(anonymous_30)
FN:1205,(anonymous_32)
FN:1218,(anonymous_34)
FN:1246,(anonymous_36)
FN:1259,(anonymous_38)
FN:1260,(anonymous_40)
FN:1263,(anonymous_41)
FN:1269,(anonymous_43)
FN:1270,(anonymous_45)
FN:1273,(anonymous_46)
FN:1279,(anonymous_48)
FN:1285,(anonymous_50)
FN:1326,(anonymous_52)
FN:1364,(anonymous_53)
FN:1394,(anonymous_55)
FN:1395,(anonymous_57)
FN:1399,(anonymous_58)
FN:1401,(anonymous_60)
FN:1404,(anonymous_61)
FN:1408,(anonymous_63)
FN:1512,(anonymous_65)
FN:1525,(anonymous_67)
FN:1530,(anonymous_69)
FN:1542,(anonymous_71)
FN:1544,(anonymous_73)
FN:1548,(anonymous_74)
FN:1555,(anonymous_76)
FN:1558,(anonymous_77)
FN:1561,(anonymous_78)
FN:1564,(anonymous_79)
FN:1567,(anonymous_80)
FN:1570,(anonymous_81)
FN:1573,(anonymous_82)
FN:1577,(anonymous_84)
FN:1602,(anonymous_86)
FN:1615,(anonymous_88)
FN:1616,(anonymous_90)
FN:1619,(anonymous_91)
FN:1623,(anonymous_93)
FN:1630,(anonymous_94)
FN:1635,(anonymous_96)
FN:1640,(anonymous_97)
FN:1641,(anonymous_98)
FN:1644,(anonymous_99)
FN:1650,(anonymous_100)
FN:1656,(anonymous_101)
FN:1661,(anonymous_103)
FN:1666,(anonymous_104)
FN:1667,(anonymous_105)
FN:1670,(anonymous_106)
FN:1676,(anonymous_107)
FN:1681,(anonymous_108)
FN:1684,(anonymous_109)
FN:1688,(anonymous_110)
FN:1693,(anonymous_111)
FN:1694,(anonymous_113)
FN:1698,(anonymous_114)
FN:1706,(anonymous_115)
FN:1710,(anonymous_117)
FN:1736,(anonymous_119)
FN:1758,(anonymous_121)
FN:1770,(anonymous_123)
FN:1775,(anonymous_124)
FN:1776,(anonymous_125)
FN:1779,(anonymous_126)
FN:1785,(anonymous_127)
FN:1790,(anonymous_128)
FN:1793,(anonymous_129)
FN:1799,(anonymous_130)
FN:1816,(anonymous_132)
FN:1829,(anonymous_134)
FN:1831,(anonymous_136)
FN:1832,(anonymous_137)
FN:1835,(anonymous_138)
FN:1849,(anonymous_140)
FN:1858,(anonymous_142)
FN:1860,(anonymous_144)
FN:1864,(anonymous_145)
FN:1868,(anonymous_147)
FN:1871,(anonymous_148)
FN:1874,(anonymous_149)
FN:1877,(anonymous_150)
FN:1880,(anonymous_151)
FN:1884,(anonymous_153)
FN:1903,(anonymous_155)
FN:1915,(anonymous_157)
FN:1920,(anonymous_159)
FN:1922,(anonymous_161)
FN:1929,(anonymous_162)
FN:1933,(anonymous_164)
FN:1934,(anonymous_166)
FN:1937,(anonymous_167)
FN:1958,(anonymous_169)
FN:1979,(anonymous_171)
FN:1983,(anonymous_173)
FN:1985,(anonymous_175)
FN:1986,(anonymous_176)
FN:1994,(anonymous_177)
FN:1998,(anonymous_179)
FN:2001,(anonymous_180)
FN:2008,(anonymous_181)
FN:2012,(anonymous_183)
FN:2025,(anonymous_185)
FN:2037,(anonymous_187)
FN:2041,(anonymous_189)
FN:2043,(anonymous_191)
FN:2044,(anonymous_192)
FN:2051,(anonymous_193)
FN:2053,(anonymous_195)
FN:2057,(anonymous_196)
FN:2059,(anonymous_198)
FN:2066,(anonymous_199)
FN:2070,(anonymous_201)
FN:2072,(anonymous_203)
FN:2075,(anonymous_204)
FN:2091,(anonymous_206)
FN:2104,(anonymous_208)
FN:2109,(anonymous_210)
FN:2111,(anonymous_212)
FN:2118,(anonymous_213)
FN:2122,(anonymous_215)
FN:2139,(anonymous_217)
FN:2152,(anonymous_219)
FN:2157,(anonymous_221)
FN:2161,(anonymous_223)
FN:2165,(anonymous_224)
FN:2182,(anonymous_225)
FN:2189,(anonymous_226)
FN:2193,(anonymous_228)
FN:2195,(anonymous_230)
FN:2196,(anonymous_231)
FN:2203,(anonymous_232)
FN:2219,(anonymous_234)
FN:2232,(anonymous_236)
FN:2237,(anonymous_238)
FN:2241,(anonymous_240)
FN:2244,(anonymous_241)
FN:2251,(anonymous_242)
FN:2255,(anonymous_244)
FN:2274,(anonymous_246)
FN:2287,(anonymous_248)
FN:2292,(anonymous_250)
FN:2296,(anonymous_252)
FN:2300,(anonymous_253)
FN:2303,(anonymous_254)
FN:2310,(anonymous_255)
FN:2314,(anonymous_257)
FN:2338,(anonymous_259)
FN:2351,(anonymous_261)
FN:2356,(anonymous_263)
FN:2360,(anonymous_265)
FN:2364,(anonymous_266)
FN:2367,(anonymous_267)
FN:2370,(anonymous_268)
FN:2374,(anonymous_270)
FN:2393,(anonymous_272)
FN:2414,(anonymous_274)
FN:2425,(anonymous_275)
FN:2467,(anonymous_276)
FN:2471,(anonymous_278)
FN:2475,(anonymous_279)
FN:2479,(anonymous_280)
FN:2482,(anonymous_281)
FN:2489,(anonymous_282)
FN:2493,(anonymous_284)
FN:2508,(anonymous_286)
FN:2522,(anonymous_288)
FN:2526,(anonymous_290)
FN:2530,(anonymous_291)
FN:2534,(anonymous_292)
FN:2540,(anonymous_293)
FN:2544,(anonymous_295)
FN:2545,(anonymous_297)
FN:2548,(anonymous_298)
FN:2549,(anonymous_300)
FN:2552,(anonymous_301)
FN:2569,(anonymous_303)
FN:2582,(anonymous_305)
FN:2599,(anonymous_307)
FN:2615,(anonymous_309)
FNF:197
FNH:12
FNDA:0,(anonymous_7)
FNDA:0,(anonymous_9)
FNDA:0,(anonymous_11)
FNDA:0,(anonymous_13)
FNDA:1,(anonymous_14)
FNDA:3,(anonymous_15)
FNDA:6,(anonymous_16)
FNDA:4,(anonymous_17)
FNDA:4,(anonymous_18)
FNDA:1,(anonymous_19)
FNDA:2,(anonymous_20)
FNDA:1,(anonymous_21)
FNDA:0,(anonymous_22)
FNDA:0,(anonymous_24)
FNDA:0,(anonymous_26)
FNDA:0,(anonymous_27)
FNDA:0,(anonymous_29)
FNDA:0,(anonymous_30)
FNDA:0,(anonymous_32)
FNDA:0,(anonymous_34)
FNDA:0,(anonymous_36)
FNDA:0,(anonymous_38)
FNDA:0,(anonymous_40)
FNDA:0,(anonymous_41)
FNDA:0,(anonymous_43)
FNDA:0,(anonymous_45)
FNDA:0,(anonymous_46)
FNDA:0,(anonymous_48)
FNDA:0,(anonymous_50)
FNDA:0,(anonymous_52)
FNDA:0,(anonymous_53)
FNDA:0,(anonymous_55)
FNDA:0,(anonymous_57)
FNDA:0,(anonymous_58)
FNDA:0,(anonymous_60)
FNDA:1,(anonymous_61)
FNDA:1,(anonymous_63)
FNDA:0,(anonymous_65)
FNDA:0,(anonymous_67)
FNDA:0,(anonymous_69)
FNDA:0,(anonymous_71)
FNDA:0,(anonymous_73)
FNDA:0,(anonymous_74)
FNDA:0,(anonymous_76)
FNDA:0,(anonymous_77)
FNDA:0,(anonymous_78)
FNDA:0,(anonymous_79)
FNDA:0,(anonymous_80)
FNDA:0,(anonymous_81)
FNDA:0,(anonymous_82)
FNDA:0,(anonymous_84)
FNDA:0,(anonymous_86)
FNDA:0,(anonymous_88)
FNDA:0,(anonymous_90)
FNDA:0,(anonymous_91)
FNDA:0,(anonymous_93)
FNDA:0,(anonymous_94)
FNDA:0,(anonymous_96)
FNDA:0,(anonymous_97)
FNDA:0,(anonymous_98)
FNDA:0,(anonymous_99)
FNDA:0,(anonymous_100)
FNDA:0,(anonymous_101)
FNDA:0,(anonymous_103)
FNDA:0,(anonymous_104)
FNDA:0,(anonymous_105)
FNDA:0,(anonymous_106)
FNDA:0,(anonymous_107)
FNDA:0,(anonymous_108)
FNDA:0,(anonymous_109)
FNDA:0,(anonymous_110)
FNDA:0,(anonymous_111)
FNDA:0,(anonymous_113)
FNDA:0,(anonymous_114)
FNDA:0,(anonymous_115)
FNDA:0,(anonymous_117)
FNDA:0,(anonymous_119)
FNDA:0,(anonymous_121)
FNDA:0,(anonymous_123)
FNDA:0,(anonymous_124)
FNDA:0,(anonymous_125)
FNDA:0,(anonymous_126)
FNDA:0,(anonymous_127)
FNDA:0,(anonymous_128)
FNDA:0,(anonymous_129)
FNDA:0,(anonymous_130)
FNDA:0,(anonymous_132)
FNDA:0,(anonymous_134)
FNDA:0,(anonymous_136)
FNDA:0,(anonymous_137)
FNDA:0,(anonymous_138)
FNDA:0,(anonymous_140)
FNDA:0,(anonymous_142)
FNDA:0,(anonymous_144)
FNDA:0,(anonymous_145)
FNDA:0,(anonymous_147)
FNDA:0,(anonymous_148)
FNDA:0,(anonymous_149)
FNDA:0,(anonymous_150)
FNDA:0,(anonymous_151)
FNDA:0,(anonymous_153)
FNDA:0,(anonymous_155)
FNDA:0,(anonymous_157)
FNDA:0,(anonymous_159)
FNDA:0,(anonymous_161)
FNDA:0,(anonymous_162)
FNDA:0,(anonymous_164)
FNDA:0,(anonymous_166)
FNDA:0,(anonymous_167)
FNDA:0,(anonymous_169)
FNDA:0,(anonymous_171)
FNDA:0,(anonymous_173)
FNDA:0,(anonymous_175)
FNDA:0,(anonymous_176)
FNDA:0,(anonymous_177)
FNDA:0,(anonymous_179)
FNDA:0,(anonymous_180)
FNDA:0,(anonymous_181)
FNDA:0,(anonymous_183)
FNDA:0,(anonymous_185)
FNDA:0,(anonymous_187)
FNDA:0,(anonymous_189)
FNDA:0,(anonymous_191)
FNDA:0,(anonymous_192)
FNDA:0,(anonymous_193)
FNDA:0,(anonymous_195)
FNDA:0,(anonymous_196)
FNDA:0,(anonymous_198)
FNDA:0,(anonymous_199)
FNDA:0,(anonymous_201)
FNDA:0,(anonymous_203)
FNDA:0,(anonymous_204)
FNDA:0,(anonymous_206)
FNDA:0,(anonymous_208)
FNDA:0,(anonymous_210)
FNDA:0,(anonymous_212)
FNDA:0,(anonymous_213)
FNDA:0,(anonymous_215)
FNDA:0,(anonymous_217)
FNDA:0,(anonymous_219)
FNDA:0,(anonymous_221)
FNDA:0,(anonymous_223)
FNDA:0,(anonymous_224)
FNDA:0,(anonymous_225)
FNDA:0,(anonymous_226)
FNDA:0,(anonymous_228)
FNDA:0,(anonymous_230)
FNDA:0,(anonymous_231)
FNDA:0,(anonymous_232)
FNDA:0,(anonymous_234)
FNDA:0,(anonymous_236)
FNDA:0,(anonymous_238)
FNDA:0,(anonymous_240)
FNDA:0,(anonymous_241)
FNDA:0,(anonymous_242)
FNDA:0,(anonymous_244)
FNDA:0,(anonymous_246)
FNDA:0,(anonymous_248)
FNDA:0,(anonymous_250)
FNDA:0,(anonymous_252)
FNDA:0,(anonymous_253)
FNDA:0,(anonymous_254)
FNDA:0,(anonymous_255)
FNDA:0,(anonymous_257)
FNDA:0,(anonymous_259)
FNDA:0,(anonymous_261)
FNDA:0,(anonymous_263)
FNDA:0,(anonymous_265)
FNDA:0,(anonymous_266)
FNDA:0,(anonymous_267)
FNDA:0,(anonymous_268)
FNDA:0,(anonymous_270)
FNDA:0,(anonymous_272)
FNDA:1,(anonymous_274)
FNDA:3,(anonymous_275)
FNDA:0,(anonymous_276)
FNDA:0,(anonymous_278)
FNDA:0,(anonymous_279)
FNDA:0,(anonymous_280)
FNDA:0,(anonymous_281)
FNDA:0,(anonymous_282)
FNDA:0,(anonymous_284)
FNDA:0,(anonymous_286)
FNDA:0,(anonymous_288)
FNDA:0,(anonymous_290)
FNDA:0,(anonymous_291)
FNDA:0,(anonymous_292)
FNDA:0,(anonymous_293)
FNDA:0,(anonymous_295)
FNDA:0,(anonymous_297)
FNDA:0,(anonymous_298)
FNDA:0,(anonymous_300)
FNDA:0,(anonymous_301)
FNDA:0,(anonymous_303)
FNDA:0,(anonymous_305)
FNDA:0,(anonymous_307)
FNDA:0,(anonymous_309)
DA:2,1
DA:207,1
DA:208,1
DA:209,1
DA:210,1
DA:211,1
DA:212,1
DA:214,1
DA:215,1
DA:216,1
DA:217,1
DA:218,1
DA:219,1
DA:223,1
DA:224,1
DA:225,1
DA:226,1
DA:227,1
DA:230,1
DA:238,0
DA:239,0
DA:245,0
DA:246,0
DA:250,0
DA:254,0
DA:256,1
DA:257,1
DA:260,1
DA:261,1
DA:265,3
DA:302,6
DA:333,4
DA:433,4
DA:461,1
DA:478,2
DA:500,1
DA:515,1
DA:518,1
DA:533,1
DA:536,1
DA:551,1
DA:554,1
DA:564,1
DA:566,1
DA:576,1
DA:578,1
DA:588,1
DA:591,1
DA:600,1
DA:603,1
DA:612,1
DA:615,1
DA:624,1
DA:627,1
DA:638,1
DA:640,1
DA:651,1
DA:654,1
DA:663,1
DA:666,1
DA:675,1
DA:677,1
DA:686,1
DA:689,1
DA:712,1
DA:715,1
DA:735,1
DA:737,1
DA:760,1
DA:762,1
DA:782,1
DA:785,1
DA:803,1
DA:806,1
DA:820,1
DA:822,1
DA:836,1
DA:838,1
DA:852,1
DA:855,1
DA:864,1
DA:867,1
DA:887,1
DA:889,1
DA:910,1
DA:912,1
DA:931,1
DA:933,1
DA:957,1
DA:959,1
DA:978,1
DA:980,1
DA:999,1
DA:1001,1
DA:1024,1
DA:1026,1
DA:1047,1
DA:1050,1
DA:1083,1
DA:1085,1
DA:1118,1
DA:1120,1
DA:1153,1
DA:1156,1
DA:1181,1
DA:1186,0
DA:1190,0
DA:1194,0
DA:1195,0
DA:1196,0
DA:1197,0
DA:1202,0
DA:1206,0
DA:1207,0
DA:1214,0
DA:1215,0
DA:1219,0
DA:1220,0
DA:1242,0
DA:1243,0
DA:1247,0
DA:1248,0
DA:1250,0
DA:1255,0
DA:1256,0
DA:1260,0
DA:1264,0
DA:1265,0
DA:1266,0
DA:1270,0
DA:1274,0
DA:1275,0
DA:1276,0
DA:1280,0
DA:1281,0
DA:1282,0
DA:1287,0
DA:1288,0
DA:1290,0
DA:1291,0
DA:1296,0
DA:1297,0
DA:1300,0
DA:1321,0
DA:1322,0
DA:1326,0
DA:1328,0
DA:1329,0
DA:1334,0
DA:1335,0
DA:1338,0
DA:1339,0
DA:1360,0
DA:1361,0
DA:1365,0
DA:1366,0
DA:1369,0
DA:1370,0
DA:1384,0
DA:1390,0
DA:1391,0
DA:1395,0
DA:1400,0
DA:1401,0
DA:1405,1
DA:1409,1
DA:1410,1
DA:1508,1
DA:1509,1
DA:1513,0
DA:1514,0
DA:1516,0
DA:1521,0
DA:1522,0
DA:1526,0
DA:1531,0
DA:1532,0
DA:1538,0
DA:1539,0
DA:1543,0
DA:1544,0
DA:1549,0
DA:1552,0
DA:1554,0
DA:1555,0
DA:1557,0
DA:1558,0
DA:1560,0
DA:1561,0
DA:1563,0
DA:1564,0
DA:1566,0
DA:1567,0
DA:1570,0
DA:1574,0
DA:1578,0
DA:1579,0
DA:1598,0
DA:1599,0
DA:1603,0
DA:1604,0
DA:1606,0
DA:1611,0
DA:1612,0
DA:1616,0
DA:1620,0
DA:1621,0
DA:1623,0
DA:1624,0
DA:1625,0
DA:1626,0
DA:1631,0
DA:1634,0
DA:1635,0
DA:1636,0
DA:1637,0
DA:1639,0
DA:1640,0
DA:1641,0
DA:1644,0
DA:1649,0
DA:1650,0
DA:1653,0
DA:1657,0
DA:1660,0
DA:1661,0
DA:1662,0
DA:1663,0
DA:1665,0
DA:1666,0
DA:1667,0
DA:1670,0
DA:1675,0
DA:1676,0
DA:1680,0
DA:1681,0
DA:1683,0
DA:1684,0
DA:1688,0
DA:1689,0
DA:1694,0
DA:1696,0
DA:1698,0
DA:1699,0
DA:1703,0
DA:1707,0
DA:1711,0
DA:1712,0
DA:1732,0
DA:1733,0
DA:1737,0
DA:1738,0
DA:1740,0
DA:1753,0
DA:1754,0
DA:1759,0
DA:1762,0
DA:1766,0
DA:1769,0
DA:1770,0
DA:1771,0
DA:1772,0
DA:1774,0
DA:1775,0
DA:1776,0
DA:1779,0
DA:1784,0
DA:1785,0
DA:1789,0
DA:1790,0
DA:1792,0
DA:1793,0
DA:1796,0
DA:1800,0
DA:1801,0
DA:1812,0
DA:1813,0
DA:1817,0
DA:1818,0
DA:1820,0
DA:1824,0
DA:1825,0
DA:1830,0
DA:1831,0
DA:1832,0
DA:1836,0
DA:1837,0
DA:1845,0
DA:1846,0
DA:1850,0
DA:1851,0
DA:1853,0
DA:1854,0
DA:1855,0
DA:1859,0
DA:1860,0
DA:1865,0
DA:1867,0
DA:1868,0
DA:1870,0
DA:1871,0
DA:1873,0
DA:1874,0
DA:1877,0
DA:1881,0
DA:1885,0
DA:1886,0
DA:1899,0
DA:1900,0
DA:1904,0
DA:1905,0
DA:1907,0
DA:1911,0
DA:1912,0
DA:1916,0
DA:1921,0
DA:1923,0
DA:1924,0
DA:1925,0
DA:1930,0
DA:1934,0
DA:1939,0
DA:1940,0
DA:1941,0
DA:1944,0
DA:1945,0
DA:1954,0
DA:1955,0
DA:1959,0
DA:1960,0
DA:1963,0
DA:1964,0
DA:1965,0
DA:1966,0
DA:1970,0
DA:1975,0
DA:1976,0
DA:1980,0
DA:1984,0
DA:1985,0
DA:1987,0
DA:1988,0
DA:1989,0
DA:1995,0
DA:1997,0
DA:1998,0
DA:2001,0
DA:2002,0
DA:2003,0
DA:2004,0
DA:2009,0
DA:2013,0
DA:2014,0
DA:2021,0
DA:2022,0
DA:2026,0
DA:2027,0
DA:2029,0
DA:2033,0
DA:2034,0
DA:2038,0
DA:2042,0
DA:2043,0
DA:2045,0
DA:2046,0
DA:2047,0
DA:2052,0
DA:2053,0
DA:2058,0
DA:2060,0
DA:2061,0
DA:2062,0
DA:2067,0
DA:2071,0
DA:2072,0
DA:2076,0
DA:2077,0
DA:2087,0
DA:2088,0
DA:2092,0
DA:2093,0
DA:2095,0
DA:2100,0
DA:2101,0
DA:2105,0
DA:2110,0
DA:2112,0
DA:2113,0
DA:2114,0
DA:2119,0
DA:2123,0
DA:2124,0
DA:2135,0
DA:2136,0
DA:2140,0
DA:2141,0
DA:2143,0
DA:2148,0
DA:2149,0
DA:2153,0
DA:2158,0
DA:2160,0
DA:2161,0
DA:2165,0
DA:2166,0
DA:2167,0
DA:2182,0
DA:2183,0
DA:2184,0
DA:2185,0
DA:2190,0
DA:2194,0
DA:2195,0
DA:2197,0
DA:2198,0
DA:2199,0
DA:2204,0
DA:2205,0
DA:2215,0
DA:2216,0
DA:2220,0
DA:2221,0
DA:2223,0
DA:2228,0
DA:2229,0
DA:2233,0
DA:2238,0
DA:2240,0
DA:2241,0
DA:2244,0
DA:2245,0
DA:2246,0
DA:2247,0
DA:2252,0
DA:2256,0
DA:2257,0
DA:2270,0
DA:2271,0
DA:2275,0
DA:2276,0
DA:2278,0
DA:2283,0
DA:2284,0
DA:2288,0
DA:2293,0
DA:2295,0
DA:2296,0
DA:2299,0
DA:2300,0
DA:2303,0
DA:2304,0
DA:2305,0
DA:2306,0
DA:2311,0
DA:2315,0
DA:2316,0
DA:2334,0
DA:2335,0
DA:2339,0
DA:2340,0
DA:2342,0
DA:2347,0
DA:2348,0
DA:2352,0
DA:2357,0
DA:2359,0
DA:2360,0
DA:2363,0
DA:2364,0
DA:2367,0
DA:2371,0
DA:2375,0
DA:2376,0
DA:2389,0
DA:2390,0
DA:2394,0
DA:2395,0
DA:2397,0
DA:2406,0
DA:2407,0
DA:2416,1
DA:2417,0
DA:2420,1
DA:2423,1
DA:2425,1
DA:2427,3
DA:2440,3
DA:2441,3
DA:2444,3
DA:2445,3
DA:2458,3
DA:2459,3
DA:2463,1
DA:2468,0
DA:2470,0
DA:2471,0
DA:2474,0
DA:2475,0
DA:2478,0
DA:2479,0
DA:2482,0
DA:2483,0
DA:2484,0
DA:2485,0
DA:2490,0
DA:2494,0
DA:2495,0
DA:2504,0
DA:2505,0
DA:2509,0
DA:2510,0
DA:2512,0
DA:2517,0
DA:2518,0
DA:2523,0
DA:2525,0
DA:2526,0
DA:2529,0
DA:2530,0
DA:2533,0
DA:2534,0
DA:2537,0
DA:2541,0
DA:2545,0
DA:2549,0
DA:2553,0
DA:2554,0
DA:2565,0
DA:2566,0
DA:2570,0
DA:2571,0
DA:2573,0
DA:2578,0
DA:2579,0
DA:2583,0
DA:2584,0
DA:2586,0
DA:2595,0
DA:2596,0
DA:2600,0
DA:2601,0
DA:2603,0
DA:2611,0
DA:2612,0
DA:2616,0
DA:2617,0
DA:2619,0
DA:2628,0
DA:2629,0
DA:2637,1
DA:2640,1
DA:2643,1
LF:552
LH:119
BRDA:238,0,0,0
BRDA:238,0,1,0
BRDA:238,1,0,0
BRDA:238,1,1,0
BRDA:268,2,0,3
BRDA:268,2,1,0
BRDA:268,3,0,3
BRDA:268,3,1,3
BRDA:269,4,0,3
BRDA:269,4,1,0
BRDA:269,5,0,3
BRDA:269,5,1,3
BRDA:270,6,0,3
BRDA:270,6,1,0
BRDA:270,7,0,3
BRDA:270,7,1,3
BRDA:271,8,0,0
BRDA:271,8,1,3
BRDA:271,9,0,3
BRDA:271,9,1,3
BRDA:272,10,0,0
BRDA:272,10,1,3
BRDA:272,11,0,3
BRDA:272,11,1,3
BRDA:273,12,0,0
BRDA:273,12,1,3
BRDA:273,13,0,3
BRDA:273,13,1,3
BRDA:274,14,0,0
BRDA:274,14,1,3
BRDA:274,15,0,3
BRDA:274,15,1,3
BRDA:275,16,0,0
BRDA:275,16,1,3
BRDA:275,17,0,3
BRDA:275,17,1,3
BRDA:276,18,0,0
BRDA:276,18,1,3
BRDA:276,19,0,3
BRDA:276,19,1,3
BRDA:277,20,0,0
BRDA:277,20,1,3
BRDA:277,21,0,3
BRDA:277,21,1,3
BRDA:278,22,0,0
BRDA:278,22,1,3
BRDA:278,23,0,3
BRDA:278,23,1,3
BRDA:279,24,0,3
BRDA:279,24,1,0
BRDA:279,25,0,3
BRDA:279,25,1,3
BRDA:280,26,0,3
BRDA:280,26,1,0
BRDA:280,27,0,3
BRDA:280,27,1,3
BRDA:281,28,0,3
BRDA:281,28,1,0
BRDA:281,29,0,3
BRDA:281,29,1,3
BRDA:282,30,0,3
BRDA:282,30,1,0
BRDA:282,31,0,3
BRDA:282,31,1,3
BRDA:283,32,0,0
BRDA:283,32,1,3
BRDA:283,33,0,3
BRDA:283,33,1,3
BRDA:284,34,0,3
BRDA:284,34,1,0
BRDA:284,35,0,3
BRDA:284,35,1,3
BRDA:285,36,0,3
BRDA:285,36,1,0
BRDA:285,37,0,3
BRDA:285,37,1,3
BRDA:286,38,0,3
BRDA:286,38,1,0
BRDA:286,39,0,3
BRDA:286,39,1,3
BRDA:287,40,0,0
BRDA:287,40,1,3
BRDA:287,41,0,3
BRDA:287,41,1,3
BRDA:288,42,0,0
BRDA:288,42,1,3
BRDA:288,43,0,3
BRDA:288,43,1,3
BRDA:289,44,0,0
BRDA:289,44,1,3
BRDA:289,45,0,3
BRDA:289,45,1,3
BRDA:290,46,0,0
BRDA:290,46,1,3
BRDA:290,47,0,3
BRDA:290,47,1,3
BRDA:291,48,0,0
BRDA:291,48,1,3
BRDA:291,49,0,3
BRDA:291,49,1,3
BRDA:292,50,0,0
BRDA:292,50,1,3
BRDA:292,51,0,3
BRDA:292,51,1,3
BRDA:293,52,0,3
BRDA:293,52,1,0
BRDA:293,53,0,3
BRDA:293,53,1,3
BRDA:294,54,0,0
BRDA:294,54,1,3
BRDA:294,55,0,3
BRDA:294,55,1,3
BRDA:295,56,0,0
BRDA:295,56,1,3
BRDA:295,57,0,3
BRDA:295,57,1,3
BRDA:296,58,0,0
BRDA:296,58,1,3
BRDA:296,59,0,3
BRDA:296,59,1,3
BRDA:297,60,0,0
BRDA:297,60,1,3
BRDA:297,61,0,3
BRDA:297,61,1,3
BRDA:305,62,0,0
BRDA:305,62,1,6
BRDA:305,63,0,6
BRDA:305,63,1,6
BRDA:306,64,0,0
BRDA:306,64,1,6
BRDA:306,65,0,6
BRDA:306,65,1,6
BRDA:307,66,0,0
BRDA:307,66,1,6
BRDA:307,67,0,6
BRDA:307,67,1,6
BRDA:308,68,0,0
BRDA:308,68,1,6
BRDA:308,69,0,6
BRDA:308,69,1,6
BRDA:311,70,0,0
BRDA:311,70,1,6
BRDA:311,71,0,6
BRDA:311,71,1,6
BRDA:313,72,0,3
BRDA:313,72,1,3
BRDA:313,73,0,6
BRDA:313,73,1,6
BRDA:314,74,0,0
BRDA:314,74,1,6
BRDA:314,75,0,6
BRDA:314,75,1,6
BRDA:315,76,0,0
BRDA:315,76,1,6
BRDA:315,77,0,6
BRDA:315,77,1,6
BRDA:316,78,0,0
BRDA:316,78,1,6
BRDA:316,79,0,6
BRDA:316,79,1,6
BRDA:317,80,0,0
BRDA:317,80,1,6
BRDA:317,81,0,6
BRDA:317,81,1,6
BRDA:318,82,0,0
BRDA:318,82,1,6
BRDA:318,83,0,6
BRDA:318,83,1,6
BRDA:319,84,0,0
BRDA:319,84,1,6
BRDA:319,85,0,6
BRDA:319,85,1,6
BRDA:320,86,0,0
BRDA:320,86,1,6
BRDA:320,87,0,6
BRDA:320,87,1,6
BRDA:321,88,0,0
BRDA:321,88,1,6
BRDA:321,89,0,6
BRDA:321,89,1,6
BRDA:322,90,0,0
BRDA:322,90,1,6
BRDA:322,91,0,6
BRDA:322,91,1,6
BRDA:323,92,0,0
BRDA:323,92,1,6
BRDA:323,93,0,6
BRDA:323,93,1,6
BRDA:324,94,0,0
BRDA:324,94,1,6
BRDA:324,95,0,6
BRDA:324,95,1,6
BRDA:325,96,0,0
BRDA:325,96,1,6
BRDA:325,97,0,6
BRDA:325,97,1,6
BRDA:326,98,0,0
BRDA:326,98,1,6
BRDA:326,99,0,6
BRDA:326,99,1,6
BRDA:327,100,0,6
BRDA:327,100,1,0
BRDA:327,101,0,6
BRDA:327,101,1,6
BRDA:328,102,0,6
BRDA:328,102,1,0
BRDA:328,103,0,6
BRDA:328,103,1,6
BRDA:337,104,0,2
BRDA:337,104,1,2
BRDA:337,105,0,4
BRDA:337,105,1,4
BRDA:338,106,0,2
BRDA:338,106,1,2
BRDA:338,107,0,4
BRDA:338,107,1,4
BRDA:339,108,0,2
BRDA:339,108,1,2
BRDA:339,109,0,4
BRDA:339,109,1,4
BRDA:340,110,0,4
BRDA:340,110,1,0
BRDA:340,111,0,4
BRDA:340,111,1,4
BRDA:341,112,0,2
BRDA:341,112,1,2
BRDA:341,113,0,4
BRDA:341,113,1,4
BRDA:342,114,0,4
BRDA:342,114,1,0
BRDA:342,115,0,4
BRDA:342,115,1,4
BRDA:343,116,0,4
BRDA:343,116,1,0
BRDA:343,117,0,4
BRDA:343,117,1,4
BRDA:344,118,0,0
BRDA:344,118,1,4
BRDA:344,119,0,4
BRDA:344,119,1,4
BRDA:345,120,0,4
BRDA:345,120,1,0
BRDA:345,121,0,4
BRDA:345,121,1,4
BRDA:346,122,0,4
BRDA:346,122,1,0
BRDA:346,123,0,4
BRDA:346,123,1,4
BRDA:347,124,0,0
BRDA:347,124,1,4
BRDA:347,125,0,4
BRDA:347,125,1,4
BRDA:348,126,0,4
BRDA:348,126,1,0
BRDA:348,127,0,4
BRDA:348,127,1,4
BRDA:349,128,0,4
BRDA:349,128,1,0
BRDA:349,129,0,4
BRDA:349,129,1,4
BRDA:350,130,0,4
BRDA:350,130,1,0
BRDA:350,131,0,4
BRDA:350,131,1,4
BRDA:351,132,0,4
BRDA:351,132,1,0
BRDA:351,133,0,4
BRDA:351,133,1,4
BRDA:352,134,0,2
BRDA:352,134,1,2
BRDA:352,135,0,4
BRDA:352,135,1,4
BRDA:353,136,0,0
BRDA:353,136,1,4
BRDA:353,137,0,4
BRDA:353,137,1,4
BRDA:354,138,0,0
BRDA:354,138,1,4
BRDA:354,139,0,4
BRDA:354,139,1,4
BRDA:355,140,0,0
BRDA:355,140,1,4
BRDA:355,141,0,4
BRDA:355,141,1,4
BRDA:356,142,0,0
BRDA:356,142,1,4
BRDA:356,143,0,4
BRDA:356,143,1,4
BRDA:357,144,0,0
BRDA:357,144,1,4
BRDA:357,145,0,4
BRDA:357,145,1,4
BRDA:358,146,0,0
BRDA:358,146,1,4
BRDA:358,147,0,4
BRDA:358,147,1,4
BRDA:359,148,0,0
BRDA:359,148,1,4
BRDA:359,149,0,4
BRDA:359,149,1,4
BRDA:360,150,0,0
BRDA:360,150,1,4
BRDA:360,151,0,4
BRDA:360,151,1,4
BRDA:361,152,0,0
BRDA:361,152,1,4
BRDA:361,153,0,4
BRDA:361,153,1,4
BRDA:362,154,0,0
BRDA:362,154,1,4
BRDA:362,155,0,4
BRDA:362,155,1,4
BRDA:363,156,0,0
BRDA:363,156,1,4
BRDA:363,157,0,4
BRDA:363,157,1,4
BRDA:364,158,0,0
BRDA:364,158,1,4
BRDA:364,159,0,4
BRDA:364,159,1,4
BRDA:365,160,0,0
BRDA:365,160,1,4
BRDA:365,161,0,4
BRDA:365,161,1,4
BRDA:366,162,0,0
BRDA:366,162,1,4
BRDA:366,163,0,4
BRDA:366,163,1,4
BRDA:367,164,0,0
BRDA:367,164,1,4
BRDA:367,165,0,4
BRDA:367,165,1,4
BRDA:368,166,0,0
BRDA:368,166,1,4
BRDA:368,167,0,4
BRDA:368,167,1,4
BRDA:369,168,0,0
BRDA:369,168,1,4
BRDA:369,169,0,4
BRDA:369,169,1,4
BRDA:370,170,0,0
BRDA:370,170,1,4
BRDA:370,171,0,4
BRDA:370,171,1,4
BRDA:371,172,0,0
BRDA:371,172,1,4
BRDA:371,173,0,4
BRDA:371,173,1,4
BRDA:372,174,0,0
BRDA:372,174,1,4
BRDA:372,175,0,4
BRDA:372,175,1,4
BRDA:373,176,0,0
BRDA:373,176,1,4
BRDA:373,177,0,4
BRDA:373,177,1,4
BRDA:374,178,0,0
BRDA:374,178,1,4
BRDA:374,179,0,4
BRDA:374,179,1,4
BRDA:375,180,0,0
BRDA:375,180,1,4
BRDA:375,181,0,4
BRDA:375,181,1,4
BRDA:376,182,0,0
BRDA:376,182,1,4
BRDA:376,183,0,4
BRDA:376,183,1,4
BRDA:377,184,0,0
BRDA:377,184,1,4
BRDA:377,185,0,4
BRDA:377,185,1,4
BRDA:378,186,0,0
BRDA:378,186,1,4
BRDA:378,187,0,4
BRDA:378,187,1,4
BRDA:379,188,0,0
BRDA:379,188,1,4
BRDA:379,189,0,4
BRDA:379,189,1,4
BRDA:380,190,0,0
BRDA:380,190,1,4
BRDA:380,191,0,4
BRDA:380,191,1,4
BRDA:381,192,0,0
BRDA:381,192,1,4
BRDA:381,193,0,4
BRDA:381,193,1,4
BRDA:382,194,0,0
BRDA:382,194,1,4
BRDA:382,195,0,4
BRDA:382,195,1,4
BRDA:383,196,0,0
BRDA:383,196,1,4
BRDA:383,197,0,4
BRDA:383,197,1,4
BRDA:384,198,0,0
BRDA:384,198,1,4
BRDA:384,199,0,4
BRDA:384,199,1,4
BRDA:385,200,0,0
BRDA:385,200,1,4
BRDA:385,201,0,4
BRDA:385,201,1,4
BRDA:386,202,0,0
BRDA:386,202,1,4
BRDA:386,203,0,4
BRDA:386,203,1,4
BRDA:387,204,0,0
BRDA:387,204,1,4
BRDA:387,205,0,4
BRDA:387,205,1,4
BRDA:388,206,0,0
BRDA:388,206,1,4
BRDA:388,207,0,4
BRDA:388,207,1,4
BRDA:389,208,0,0
BRDA:389,208,1,4
BRDA:389,209,0,4
BRDA:389,209,1,4
BRDA:390,210,0,0
BRDA:390,210,1,4
BRDA:390,211,0,4
BRDA:390,211,1,4
BRDA:391,212,0,0
BRDA:391,212,1,4
BRDA:391,213,0,4
BRDA:391,213,1,4
BRDA:392,214,0,0
BRDA:392,214,1,4
BRDA:392,215,0,4
BRDA:392,215,1,4
BRDA:393,216,0,0
BRDA:393,216,1,4
BRDA:393,217,0,4
BRDA:393,217,1,4
BRDA:394,218,0,0
BRDA:394,218,1,4
BRDA:394,219,0,4
BRDA:394,219,1,4
BRDA:395,220,0,0
BRDA:395,220,1,4
BRDA:395,221,0,4
BRDA:395,221,1,4
BRDA:396,222,0,0
BRDA:396,222,1,4
BRDA:396,223,0,4
BRDA:396,223,1,4
BRDA:397,224,0,0
BRDA:397,224,1,4
BRDA:397,225,0,4
BRDA:397,225,1,4
BRDA:398,226,0,0
BRDA:398,226,1,4
BRDA:398,227,0,4
BRDA:398,227,1,4
BRDA:399,228,0,0
BRDA:399,228,1,4
BRDA:399,229,0,4
BRDA:399,229,1,4
BRDA:400,230,0,0
BRDA:400,230,1,4
BRDA:400,231,0,4
BRDA:400,231,1,4
BRDA:401,232,0,0
BRDA:401,232,1,4
BRDA:401,233,0,4
BRDA:401,233,1,4
BRDA:402,234,0,0
BRDA:402,234,1,4
BRDA:402,235,0,4
BRDA:402,235,1,4
BRDA:403,236,0,0
BRDA:403,236,1,4
BRDA:403,237,0,4
BRDA:403,237,1,4
BRDA:404,238,0,0
BRDA:404,238,1,4
BRDA:404,239,0,4
BRDA:404,239,1,4
BRDA:405,240,0,0
BRDA:405,240,1,4
BRDA:405,241,0,4
BRDA:405,241,1,4
BRDA:406,242,0,0
BRDA:406,242,1,4
BRDA:406,243,0,4
BRDA:406,243,1,4
BRDA:407,244,0,0
BRDA:407,244,1,4
BRDA:407,245,0,4
BRDA:407,245,1,4
BRDA:408,246,0,0
BRDA:408,246,1,4
BRDA:408,247,0,4
BRDA:408,247,1,4
BRDA:409,248,0,0
BRDA:409,248,1,4
BRDA:409,249,0,4
BRDA:409,249,1,4
BRDA:410,250,0,0
BRDA:410,250,1,4
BRDA:410,251,0,4
BRDA:410,251,1,4
BRDA:411,252,0,0
BRDA:411,252,1,4
BRDA:411,253,0,4
BRDA:411,253,1,4
BRDA:412,254,0,0
BRDA:412,254,1,4
BRDA:412,255,0,4
BRDA:412,255,1,4
BRDA:413,256,0,0
BRDA:413,256,1,4
BRDA:413,257,0,4
BRDA:413,257,1,4
BRDA:414,258,0,0
BRDA:414,258,1,4
BRDA:414,259,0,4
BRDA:414,259,1,4
BRDA:415,260,0,0
BRDA:415,260,1,4
BRDA:415,261,0,4
BRDA:415,261,1,4
BRDA:416,262,0,0
BRDA:416,262,1,4
BRDA:416,263,0,4
BRDA:416,263,1,4
BRDA:417,264,0,0
BRDA:417,264,1,4
BRDA:417,265,0,4
BRDA:417,265,1,4
BRDA:418,266,0,0
BRDA:418,266,1,4
BRDA:418,267,0,4
BRDA:418,267,1,4
BRDA:419,268,0,0
BRDA:419,268,1,4
BRDA:419,269,0,4
BRDA:419,269,1,4
BRDA:420,270,0,0
BRDA:420,270,1,4
BRDA:420,271,0,4
BRDA:420,271,1,4
BRDA:421,272,0,0
BRDA:421,272,1,4
BRDA:421,273,0,4
BRDA:421,273,1,4
BRDA:422,274,0,0
BRDA:422,274,1,4
BRDA:422,275,0,4
BRDA:422,275,1,4
BRDA:423,276,0,0
BRDA:423,276,1,4
BRDA:423,277,0,4
BRDA:423,277,1,4
BRDA:424,278,0,0
BRDA:424,278,1,4
BRDA:424,279,0,4
BRDA:424,279,1,4
BRDA:425,280,0,4
BRDA:425,280,1,0
BRDA:425,281,0,4
BRDA:425,281,1,4
BRDA:426,282,0,0
BRDA:426,282,1,4
BRDA:426,283,0,4
BRDA:426,283,1,4
BRDA:427,284,0,4
BRDA:427,284,1,0
BRDA:427,285,0,4
BRDA:427,285,1,4
BRDA:428,286,0,4
BRDA:428,286,1,0
BRDA:428,287,0,4
BRDA:428,287,1,4
BRDA:437,288,0,4
BRDA:437,288,1,0
BRDA:437,289,0,4
BRDA:437,289,1,4
BRDA:438,290,0,0
BRDA:438,290,1,4
BRDA:438,291,0,4
BRDA:438,291,1,4
BRDA:439,292,0,0
BRDA:439,292,1,4
BRDA:439,293,0,4
BRDA:439,293,1,4
BRDA:440,294,0,4
BRDA:440,294,1,0
BRDA:440,295,0,4
BRDA:440,295,1,4
BRDA:441,296,0,4
BRDA:441,296,1,0
BRDA:441,297,0,4
BRDA:441,297,1,4
BRDA:442,298,0,4
BRDA:442,298,1,0
BRDA:442,299,0,4
BRDA:442,299,1,4
BRDA:443,300,0,4
BRDA:443,300,1,0
BRDA:443,301,0,4
BRDA:443,301,1,4
BRDA:444,302,0,0
BRDA:444,302,1,4
BRDA:444,303,0,4
BRDA:444,303,1,4
BRDA:445,304,0,4
BRDA:445,304,1,0
BRDA:445,305,0,4
BRDA:445,305,1,4
BRDA:446,306,0,1
BRDA:446,306,1,3
BRDA:446,307,0,4
BRDA:446,307,1,4
BRDA:447,308,0,1
BRDA:447,308,1,3
BRDA:447,309,0,4
BRDA:447,309,1,4
BRDA:448,310,0,1
BRDA:448,310,1,3
BRDA:448,311,0,4
BRDA:448,311,1,4
BRDA:449,312,0,1
BRDA:449,312,1,3
BRDA:449,313,0,4
BRDA:449,313,1,4
BRDA:450,314,0,0
BRDA:450,314,1,4
BRDA:450,315,0,4
BRDA:450,315,1,4
BRDA:451,316,0,0
BRDA:451,316,1,4
BRDA:451,317,0,4
BRDA:451,317,1,4
BRDA:452,318,0,0
BRDA:452,318,1,4
BRDA:452,319,0,4
BRDA:452,319,1,4
BRDA:453,320,0,4
BRDA:453,320,1,0
BRDA:453,321,0,4
BRDA:453,321,1,4
BRDA:454,322,0,0
BRDA:454,322,1,4
BRDA:454,323,0,4
BRDA:454,323,1,4
BRDA:455,324,0,4
BRDA:455,324,1,0
BRDA:455,325,0,4
BRDA:455,325,1,4
BRDA:456,326,0,4
BRDA:456,326,1,0
BRDA:456,327,0,4
BRDA:456,327,1,4
BRDA:465,328,0,0
BRDA:465,328,1,1
BRDA:465,329,0,1
BRDA:465,329,1,1
BRDA:466,330,0,1
BRDA:466,330,1,0
BRDA:466,331,0,1
BRDA:466,331,1,1
BRDA:467,332,0,1
BRDA:467,332,1,0
BRDA:467,333,0,1
BRDA:467,333,1,1
BRDA:468,334,0,0
BRDA:468,334,1,1
BRDA:468,335,0,1
BRDA:468,335,1,1
BRDA:469,336,0,1
BRDA:469,336,1,0
BRDA:469,337,0,1
BRDA:469,337,1,1
BRDA:470,338,0,0
BRDA:470,338,1,1
BRDA:470,339,0,1
BRDA:470,339,1,1
BRDA:471,340,0,0
BRDA:471,340,1,1
BRDA:471,341,0,1
BRDA:471,341,1,1
BRDA:472,342,0,0
BRDA:472,342,1,1
BRDA:472,343,0,1
BRDA:472,343,1,1
BRDA:473,344,0,1
BRDA:473,344,1,0
BRDA:473,345,0,1
BRDA:473,345,1,1
BRDA:482,346,0,0
BRDA:482,346,1,2
BRDA:482,347,0,2
BRDA:482,347,1,2
BRDA:484,348,0,2
BRDA:484,348,1,0
BRDA:484,349,0,2
BRDA:484,349,1,2
BRDA:485,350,0,0
BRDA:485,350,1,2
BRDA:485,351,0,2
BRDA:485,351,1,2
BRDA:486,352,0,0
BRDA:486,352,1,2
BRDA:486,353,0,2
BRDA:486,353,1,2
BRDA:487,354,0,0
BRDA:487,354,1,2
BRDA:487,355,0,2
BRDA:487,355,1,2
BRDA:488,356,0,0
BRDA:488,356,1,2
BRDA:488,357,0,2
BRDA:488,357,1,2
BRDA:489,358,0,2
BRDA:489,358,1,0
BRDA:489,359,0,2
BRDA:489,359,1,2
BRDA:490,360,0,0
BRDA:490,360,1,2
BRDA:490,361,0,2
BRDA:490,361,1,2
BRDA:491,362,0,2
BRDA:491,362,1,0
BRDA:491,363,0,2
BRDA:491,363,1,2
BRDA:492,364,0,2
BRDA:492,364,1,0
BRDA:492,365,0,2
BRDA:492,365,1,2
BRDA:493,366,0,2
BRDA:493,366,1,0
BRDA:493,367,0,2
BRDA:493,367,1,2
BRDA:494,368,0,2
BRDA:494,368,1,0
BRDA:494,369,0,2
BRDA:494,369,1,2
BRDA:1195,370,0,0
BRDA:1195,370,1,0
BRDA:1195,371,0,0
BRDA:1195,371,1,0
BRDA:1196,372,0,0
BRDA:1196,372,1,0
BRDA:1196,373,0,0
BRDA:1196,373,1,0
BRDA:1202,374,0,0
BRDA:1202,374,1,0
BRDA:1206,375,0,0
BRDA:1206,375,1,0
BRDA:1206,376,0,0
BRDA:1206,376,1,0
BRDA:1208,377,0,0
BRDA:1208,377,1,0
BRDA:1210,378,0,0
BRDA:1210,378,1,0
BRDA:1210,379,0,0
BRDA:1210,379,1,0
BRDA:1210,380,0,0
BRDA:1210,380,1,0
BRDA:1212,381,0,0
BRDA:1212,381,1,0
BRDA:1212,382,0,0
BRDA:1212,382,1,0
BRDA:1212,383,0,0
BRDA:1212,383,1,0
BRDA:1248,384,0,0
BRDA:1248,384,1,0
BRDA:1265,385,0,0
BRDA:1265,385,1,0
BRDA:1275,386,0,0
BRDA:1275,386,1,0
BRDA:1281,387,0,0
BRDA:1281,387,1,0
BRDA:1282,388,0,0
BRDA:1282,388,1,0
BRDA:1287,389,0,0
BRDA:1287,389,1,0
BRDA:1290,390,0,0
BRDA:1290,390,1,0
BRDA:1303,391,0,0
BRDA:1303,391,1,0
BRDA:1303,392,0,0
BRDA:1303,392,1,0
BRDA:1304,393,0,0
BRDA:1304,393,1,0
BRDA:1304,394,0,0
BRDA:1304,394,1,0
BRDA:1305,395,0,0
BRDA:1305,395,1,0
BRDA:1305,396,0,0
BRDA:1305,396,1,0
BRDA:1306,397,0,0
BRDA:1306,397,1,0
BRDA:1306,398,0,0
BRDA:1306,398,1,0
BRDA:1307,399,0,0
BRDA:1307,399,1,0
BRDA:1307,400,0,0
BRDA:1307,400,1,0
BRDA:1308,401,0,0
BRDA:1308,401,1,0
BRDA:1309,402,0,0
BRDA:1309,402,1,0
BRDA:1309,403,0,0
BRDA:1309,403,1,0
BRDA:1310,404,0,0
BRDA:1310,404,1,0
BRDA:1310,405,0,0
BRDA:1310,405,1,0
BRDA:1311,406,0,0
BRDA:1311,406,1,0
BRDA:1311,407,0,0
BRDA:1311,407,1,0
BRDA:1312,408,0,0
BRDA:1312,408,1,0
BRDA:1312,409,0,0
BRDA:1312,409,1,0
BRDA:1313,410,0,0
BRDA:1313,410,1,0
BRDA:1313,411,0,0
BRDA:1313,411,1,0
BRDA:1314,412,0,0
BRDA:1314,412,1,0
BRDA:1314,413,0,0
BRDA:1314,413,1,0
BRDA:1315,414,0,0
BRDA:1315,414,1,0
BRDA:1315,415,0,0
BRDA:1315,415,1,0
BRDA:1316,416,0,0
BRDA:1316,416,1,0
BRDA:1316,417,0,0
BRDA:1316,417,1,0
BRDA:1317,418,0,0
BRDA:1317,418,1,0
BRDA:1317,419,0,0
BRDA:1317,419,1,0
BRDA:1328,420,0,0
BRDA:1328,420,1,0
BRDA:1342,421,0,0
BRDA:1342,421,1,0
BRDA:1342,422,0,0
BRDA:1342,422,1,0
BRDA:1343,423,0,0
BRDA:1343,423,1,0
BRDA:1343,424,0,0
BRDA:1343,424,1,0
BRDA:1344,425,0,0
BRDA:1344,425,1,0
BRDA:1344,426,0,0
BRDA:1344,426,1,0
BRDA:1345,427,0,0
BRDA:1345,427,1,0
BRDA:1345,428,0,0
BRDA:1345,428,1,0
BRDA:1346,429,0,0
BRDA:1346,429,1,0
BRDA:1346,430,0,0
BRDA:1346,430,1,0
BRDA:1347,431,0,0
BRDA:1347,431,1,0
BRDA:1348,432,0,0
BRDA:1348,432,1,0
BRDA:1348,433,0,0
BRDA:1348,433,1,0
BRDA:1349,434,0,0
BRDA:1349,434,1,0
BRDA:1349,435,0,0
BRDA:1349,435,1,0
BRDA:1350,436,0,0
BRDA:1350,436,1,0
BRDA:1350,437,0,0
BRDA:1350,437,1,0
BRDA:1351,438,0,0
BRDA:1351,438,1,0
BRDA:1351,439,0,0
BRDA:1351,439,1,0
BRDA:1352,440,0,0
BRDA:1352,440,1,0
BRDA:1352,441,0,0
BRDA:1352,441,1,0
BRDA:1353,442,0,0
BRDA:1353,442,1,0
BRDA:1353,443,0,0
BRDA:1353,443,1,0
BRDA:1354,444,0,0
BRDA:1354,444,1,0
BRDA:1354,445,0,0
BRDA:1354,445,1,0
BRDA:1355,446,0,0
BRDA:1355,446,1,0
BRDA:1355,447,0,0
BRDA:1355,447,1,0
BRDA:1356,448,0,0
BRDA:1356,448,1,0
BRDA:1356,449,0,0
BRDA:1356,449,1,0
BRDA:1366,450,0,0
BRDA:1366,450,1,0
BRDA:1369,451,0,0
BRDA:1369,451,1,0
BRDA:1369,452,0,0
BRDA:1369,452,1,0
BRDA:1370,453,0,0
BRDA:1370,453,1,0
BRDA:1375,454,0,0
BRDA:1375,454,1,0
BRDA:1377,455,0,0
BRDA:1377,455,1,0
BRDA:1401,456,0,0
BRDA:1401,456,1,0
BRDA:1413,457,0,1
BRDA:1413,457,1,0
BRDA:1413,458,0,1
BRDA:1413,458,1,1
BRDA:1414,459,0,0
BRDA:1414,459,1,1
BRDA:1414,460,0,1
BRDA:1414,460,1,1
BRDA:1415,461,0,0
BRDA:1415,461,1,1
BRDA:1415,462,0,1
BRDA:1415,462,1,1
BRDA:1416,463,0,0
BRDA:1416,463,1,1
BRDA:1416,464,0,1
BRDA:1416,464,1,1
BRDA:1417,465,0,0
BRDA:1417,465,1,1
BRDA:1417,466,0,1
BRDA:1417,466,1,1
BRDA:1418,467,0,0
BRDA:1418,467,1,1
BRDA:1418,468,0,1
BRDA:1418,468,1,1
BRDA:1419,469,0,0
BRDA:1419,469,1,1
BRDA:1419,470,0,1
BRDA:1419,470,1,1
BRDA:1420,471,0,1
BRDA:1420,471,1,0
BRDA:1420,472,0,1
BRDA:1420,472,1,1
BRDA:1421,473,0,1
BRDA:1421,473,1,0
BRDA:1421,474,0,1
BRDA:1421,474,1,1
BRDA:1422,475,0,0
BRDA:1422,475,1,1
BRDA:1422,476,0,1
BRDA:1422,476,1,1
BRDA:1423,477,0,0
BRDA:1423,477,1,1
BRDA:1423,478,0,1
BRDA:1423,478,1,1
BRDA:1424,479,0,0
BRDA:1424,479,1,1
BRDA:1424,480,0,1
BRDA:1424,480,1,1
BRDA:1425,481,0,0
BRDA:1425,481,1,1
BRDA:1425,482,0,1
BRDA:1425,482,1,1
BRDA:1426,483,0,0
BRDA:1426,483,1,1
BRDA:1426,484,0,1
BRDA:1426,484,1,1
BRDA:1427,485,0,0
BRDA:1427,485,1,1
BRDA:1427,486,0,1
BRDA:1427,486,1,1
BRDA:1428,487,0,1
BRDA:1428,487,1,1
BRDA:1429,488,0,1
BRDA:1429,488,1,1
BRDA:1430,489,0,0
BRDA:1430,489,1,1
BRDA:1430,490,0,1
BRDA:1430,490,1,1
BRDA:1431,491,0,0
BRDA:1431,491,1,1
BRDA:1431,492,0,1
BRDA:1431,492,1,1
BRDA:1432,493,0,0
BRDA:1432,493,1,1
BRDA:1432,494,0,1
BRDA:1432,494,1,1
BRDA:1433,495,0,0
BRDA:1433,495,1,1
BRDA:1433,496,0,1
BRDA:1433,496,1,1
BRDA:1434,497,0,0
BRDA:1434,497,1,1
BRDA:1434,498,0,1
BRDA:1434,498,1,1
BRDA:1435,499,0,0
BRDA:1435,499,1,1
BRDA:1435,500,0,1
BRDA:1435,500,1,1
BRDA:1436,501,0,0
BRDA:1436,501,1,1
BRDA:1436,502,0,1
BRDA:1436,502,1,1
BRDA:1437,503,0,0
BRDA:1437,503,1,1
BRDA:1437,504,0,1
BRDA:1437,504,1,1
BRDA:1438,505,0,0
BRDA:1438,505,1,1
BRDA:1438,506,0,1
BRDA:1438,506,1,1
BRDA:1439,507,0,0
BRDA:1439,507,1,1
BRDA:1439,508,0,1
BRDA:1439,508,1,1
BRDA:1440,509,0,0
BRDA:1440,509,1,1
BRDA:1440,510,0,1
BRDA:1440,510,1,1
BRDA:1441,511,0,0
BRDA:1441,511,1,1
BRDA:1441,512,0,1
BRDA:1441,512,1,1
BRDA:1442,513,0,0
BRDA:1442,513,1,1
BRDA:1442,514,0,1
BRDA:1442,514,1,1
BRDA:1443,515,0,0
BRDA:1443,515,1,1
BRDA:1443,516,0,1
BRDA:1443,516,1,1
BRDA:1444,517,0,0
BRDA:1444,517,1,1
BRDA:1444,518,0,1
BRDA:1444,518,1,1
BRDA:1445,519,0,0
BRDA:1445,519,1,1
BRDA:1445,520,0,1
BRDA:1445,520,1,1
BRDA:1446,521,0,0
BRDA:1446,521,1,1
BRDA:1446,522,0,1
BRDA:1446,522,1,1
BRDA:1447,523,0,0
BRDA:1447,523,1,1
BRDA:1447,524,0,1
BRDA:1447,524,1,1
BRDA:1448,525,0,0
BRDA:1448,525,1,1
BRDA:1448,526,0,1
BRDA:1448,526,1,1
BRDA:1449,527,0,0
BRDA:1449,527,1,1
BRDA:1449,528,0,1
BRDA:1449,528,1,1
BRDA:1450,529,0,0
BRDA:1450,529,1,1
BRDA:1450,530,0,1
BRDA:1450,530,1,1
BRDA:1451,531,0,0
BRDA:1451,531,1,1
BRDA:1451,532,0,1
BRDA:1451,532,1,1
BRDA:1452,533,0,0
BRDA:1452,533,1,1
BRDA:1452,534,0,1
BRDA:1452,534,1,1
BRDA:1453,535,0,0
BRDA:1453,535,1,1
BRDA:1453,536,0,1
BRDA:1453,536,1,1
BRDA:1454,537,0,0
BRDA:1454,537,1,1
BRDA:1454,538,0,1
BRDA:1454,538,1,1
BRDA:1455,539,0,0
BRDA:1455,539,1,1
BRDA:1455,540,0,1
BRDA:1455,540,1,1
BRDA:1456,541,0,0
BRDA:1456,541,1,1
BRDA:1456,542,0,1
BRDA:1456,542,1,1
BRDA:1457,543,0,0
BRDA:1457,543,1,1
BRDA:1457,544,0,1
BRDA:1457,544,1,1
BRDA:1458,545,0,0
BRDA:1458,545,1,1
BRDA:1458,546,0,1
BRDA:1458,546,1,1
BRDA:1459,547,0,0
BRDA:1459,547,1,1
BRDA:1459,548,0,1
BRDA:1459,548,1,1
BRDA:1460,549,0,0
BRDA:1460,549,1,1
BRDA:1460,550,0,1
BRDA:1460,550,1,1
BRDA:1461,551,0,0
BRDA:1461,551,1,1
BRDA:1461,552,0,1
BRDA:1461,552,1,1
BRDA:1462,553,0,0
BRDA:1462,553,1,1
BRDA:1462,554,0,1
BRDA:1462,554,1,1
BRDA:1463,555,0,0
BRDA:1463,555,1,1
BRDA:1463,556,0,1
BRDA:1463,556,1,1
BRDA:1464,557,0,0
BRDA:1464,557,1,1
BRDA:1464,558,0,1
BRDA:1464,558,1,1
BRDA:1465,559,0,0
BRDA:1465,559,1,1
BRDA:1465,560,0,1
BRDA:1465,560,1,1
BRDA:1466,561,0,0
BRDA:1466,561,1,1
BRDA:1466,562,0,1
BRDA:1466,562,1,1
BRDA:1467,563,0,0
BRDA:1467,563,1,1
BRDA:1467,564,0,1
BRDA:1467,564,1,1
BRDA:1468,565,0,0
BRDA:1468,565,1,1
BRDA:1468,566,0,1
BRDA:1468,566,1,1
BRDA:1469,567,0,0
BRDA:1469,567,1,1
BRDA:1469,568,0,1
BRDA:1469,568,1,1
BRDA:1470,569,0,0
BRDA:1470,569,1,1
BRDA:1470,570,0,1
BRDA:1470,570,1,1
BRDA:1471,571,0,0
BRDA:1471,571,1,1
BRDA:1471,572,0,1
BRDA:1471,572,1,1
BRDA:1472,573,0,0
BRDA:1472,573,1,1
BRDA:1472,574,0,1
BRDA:1472,574,1,1
BRDA:1473,575,0,0
BRDA:1473,575,1,1
BRDA:1473,576,0,1
BRDA:1473,576,1,1
BRDA:1474,577,0,0
BRDA:1474,577,1,1
BRDA:1474,578,0,1
BRDA:1474,578,1,1
BRDA:1475,579,0,0
BRDA:1475,579,1,1
BRDA:1475,580,0,1
BRDA:1475,580,1,1
BRDA:1476,581,0,0
BRDA:1476,581,1,1
BRDA:1476,582,0,1
BRDA:1476,582,1,1
BRDA:1477,583,0,0
BRDA:1477,583,1,1
BRDA:1477,584,0,1
BRDA:1477,584,1,1
BRDA:1478,585,0,0
BRDA:1478,585,1,1
BRDA:1478,586,0,1
BRDA:1478,586,1,1
BRDA:1479,587,0,0
BRDA:1479,587,1,1
BRDA:1479,588,0,1
BRDA:1479,588,1,1
BRDA:1480,589,0,0
BRDA:1480,589,1,1
BRDA:1480,590,0,1
BRDA:1480,590,1,1
BRDA:1481,591,0,0
BRDA:1481,591,1,1
BRDA:1481,592,0,1
BRDA:1481,592,1,1
BRDA:1482,593,0,0
BRDA:1482,593,1,1
BRDA:1482,594,0,1
BRDA:1482,594,1,1
BRDA:1483,595,0,0
BRDA:1483,595,1,1
BRDA:1483,596,0,1
BRDA:1483,596,1,1
BRDA:1484,597,0,0
BRDA:1484,597,1,1
BRDA:1484,598,0,1
BRDA:1484,598,1,1
BRDA:1485,599,0,0
BRDA:1485,599,1,1
BRDA:1485,600,0,1
BRDA:1485,600,1,1
BRDA:1486,601,0,0
BRDA:1486,601,1,1
BRDA:1486,602,0,1
BRDA:1486,602,1,1
BRDA:1487,603,0,0
BRDA:1487,603,1,1
BRDA:1487,604,0,1
BRDA:1487,604,1,1
BRDA:1488,605,0,0
BRDA:1488,605,1,1
BRDA:1488,606,0,1
BRDA:1488,606,1,1
BRDA:1489,607,0,0
BRDA:1489,607,1,1
BRDA:1489,608,0,1
BRDA:1489,608,1,1
BRDA:1490,609,0,0
BRDA:1490,609,1,1
BRDA:1490,610,0,1
BRDA:1490,610,1,1
BRDA:1491,611,0,0
BRDA:1491,611,1,1
BRDA:1491,612,0,1
BRDA:1491,612,1,1
BRDA:1492,613,0,0
BRDA:1492,613,1,1
BRDA:1492,614,0,1
BRDA:1492,614,1,1
BRDA:1493,615,0,0
BRDA:1493,615,1,1
BRDA:1493,616,0,1
BRDA:1493,616,1,1
BRDA:1494,617,0,0
BRDA:1494,617,1,1
BRDA:1494,618,0,1
BRDA:1494,618,1,1
BRDA:1495,619,0,0
BRDA:1495,619,1,1
BRDA:1495,620,0,1
BRDA:1495,620,1,1
BRDA:1496,621,0,0
BRDA:1496,621,1,1
BRDA:1496,622,0,1
BRDA:1496,622,1,1
BRDA:1497,623,0,0
BRDA:1497,623,1,1
BRDA:1497,624,0,1
BRDA:1497,624,1,1
BRDA:1498,625,0,0
BRDA:1498,625,1,1
BRDA:1498,626,0,1
BRDA:1498,626,1,1
BRDA:1499,627,0,0
BRDA:1499,627,1,1
BRDA:1499,628,0,1
BRDA:1499,628,1,1
BRDA:1500,629,0,0
BRDA:1500,629,1,1
BRDA:1500,630,0,1
BRDA:1500,630,1,1
BRDA:1501,631,0,0
BRDA:1501,631,1,1
BRDA:1501,632,0,1
BRDA:1501,632,1,1
BRDA:1502,633,0,0
BRDA:1502,633,1,1
BRDA:1502,634,0,1
BRDA:1502,634,1,1
BRDA:1503,635,0,0
BRDA:1503,635,1,1
BRDA:1503,636,0,1
BRDA:1503,636,1,1
BRDA:1504,637,0,0
BRDA:1504,637,1,1
BRDA:1504,638,0,1
BRDA:1504,638,1,1
BRDA:1514,639,0,0
BRDA:1514,639,1,0
BRDA:1552,640,0,0
BRDA:1552,640,1,0
BRDA:1552,641,0,0
BRDA:1552,641,1,0
BRDA:1552,642,0,0
BRDA:1552,642,1,0
BRDA:1552,643,0,0
BRDA:1552,643,1,0
BRDA:1552,644,0,0
BRDA:1552,644,1,0
BRDA:1552,645,0,0
BRDA:1552,645,1,0
BRDA:1554,646,0,0
BRDA:1554,646,1,0
BRDA:1554,647,0,0
BRDA:1554,647,1,0
BRDA:1554,648,0,0
BRDA:1554,648,1,0
BRDA:1557,649,0,0
BRDA:1557,649,1,0
BRDA:1557,650,0,0
BRDA:1557,650,1,0
BRDA:1557,651,0,0
BRDA:1557,651,1,0
BRDA:1560,652,0,0
BRDA:1560,652,1,0
BRDA:1560,653,0,0
BRDA:1560,653,1,0
BRDA:1563,654,0,0
BRDA:1563,654,1,0
BRDA:1563,655,0,0
BRDA:1563,655,1,0
BRDA:1563,656,0,0
BRDA:1563,656,1,0
BRDA:1564,657,0,0
BRDA:1564,657,1,0
BRDA:1566,658,0,0
BRDA:1566,658,1,0
BRDA:1566,659,0,0
BRDA:1566,659,1,0
BRDA:1566,660,0,0
BRDA:1566,660,1,0
BRDA:1567,661,0,0
BRDA:1567,661,1,0
BRDA:1582,662,0,0
BRDA:1582,662,1,0
BRDA:1582,663,0,0
BRDA:1582,663,1,0
BRDA:1583,664,0,0
BRDA:1583,664,1,0
BRDA:1583,665,0,0
BRDA:1583,665,1,0
BRDA:1584,666,0,0
BRDA:1584,666,1,0
BRDA:1584,667,0,0
BRDA:1584,667,1,0
BRDA:1585,668,0,0
BRDA:1585,668,1,0
BRDA:1585,669,0,0
BRDA:1585,669,1,0
BRDA:1586,670,0,0
BRDA:1586,670,1,0
BRDA:1586,671,0,0
BRDA:1586,671,1,0
BRDA:1587,672,0,0
BRDA:1587,672,1,0
BRDA:1587,673,0,0
BRDA:1587,673,1,0
BRDA:1588,674,0,0
BRDA:1588,674,1,0
BRDA:1588,675,0,0
BRDA:1588,675,1,0
BRDA:1589,676,0,0
BRDA:1589,676,1,0
BRDA:1589,677,0,0
BRDA:1589,677,1,0
BRDA:1590,678,0,0
BRDA:1590,678,1,0
BRDA:1590,679,0,0
BRDA:1590,679,1,0
BRDA:1591,680,0,0
BRDA:1591,680,1,0
BRDA:1592,681,0,0
BRDA:1592,681,1,0
BRDA:1593,682,0,0
BRDA:1593,682,1,0
BRDA:1594,683,0,0
BRDA:1594,683,1,0
BRDA:1604,684,0,0
BRDA:1604,684,1,0
BRDA:1624,685,0,0
BRDA:1624,685,1,0
BRDA:1624,686,0,0
BRDA:1624,686,1,0
BRDA:1626,687,0,0
BRDA:1626,687,1,0
BRDA:1634,688,0,0
BRDA:1634,688,1,0
BRDA:1636,689,0,0
BRDA:1636,689,1,0
BRDA:1637,690,0,0
BRDA:1637,690,1,0
BRDA:1649,691,0,0
BRDA:1649,691,1,0
BRDA:1649,692,0,0
BRDA:1649,692,1,0
BRDA:1660,693,0,0
BRDA:1660,693,1,0
BRDA:1662,694,0,0
BRDA:1662,694,1,0
BRDA:1663,695,0,0
BRDA:1663,695,1,0
BRDA:1675,696,0,0
BRDA:1675,696,1,0
BRDA:1675,697,0,0
BRDA:1675,697,1,0
BRDA:1680,698,0,0
BRDA:1680,698,1,0
BRDA:1681,699,0,0
BRDA:1681,699,1,0
BRDA:1683,700,0,0
BRDA:1683,700,1,0
BRDA:1684,701,0,0
BRDA:1684,701,1,0
BRDA:1688,702,0,0
BRDA:1688,702,1,0
BRDA:1696,703,0,0
BRDA:1696,703,1,0
BRDA:1699,704,0,0
BRDA:1699,704,1,0
BRDA:1715,705,0,0
BRDA:1715,705,1,0
BRDA:1715,706,0,0
BRDA:1715,706,1,0
BRDA:1716,707,0,0
BRDA:1716,707,1,0
BRDA:1716,708,0,0
BRDA:1716,708,1,0
BRDA:1717,709,0,0
BRDA:1717,709,1,0
BRDA:1717,710,0,0
BRDA:1717,710,1,0
BRDA:1718,711,0,0
BRDA:1718,711,1,0
BRDA:1719,712,0,0
BRDA:1719,712,1,0
BRDA:1720,713,0,0
BRDA:1720,713,1,0
BRDA:1721,714,0,0
BRDA:1721,714,1,0
BRDA:1722,715,0,0
BRDA:1722,715,1,0
BRDA:1722,716,0,0
BRDA:1722,716,1,0
BRDA:1723,717,0,0
BRDA:1723,717,1,0
BRDA:1723,718,0,0
BRDA:1723,718,1,0
BRDA:1724,719,0,0
BRDA:1724,719,1,0
BRDA:1724,720,0,0
BRDA:1724,720,1,0
BRDA:1725,721,0,0
BRDA:1725,721,1,0
BRDA:1725,722,0,0
BRDA:1725,722,1,0
BRDA:1726,723,0,0
BRDA:1726,723,1,0
BRDA:1726,724,0,0
BRDA:1726,724,1,0
BRDA:1727,725,0,0
BRDA:1727,725,1,0
BRDA:1727,726,0,0
BRDA:1727,726,1,0
BRDA:1728,727,0,0
BRDA:1728,727,1,0
BRDA:1728,728,0,0
BRDA:1728,728,1,0
BRDA:1738,729,0,0
BRDA:1738,729,1,0
BRDA:1743,730,0,0
BRDA:1743,730,1,0
BRDA:1744,731,0,0
BRDA:1744,731,1,0
BRDA:1745,732,0,0
BRDA:1745,732,1,0
BRDA:1746,733,0,0
BRDA:1746,733,1,0
BRDA:1747,734,0,0
BRDA:1747,734,1,0
BRDA:1748,735,0,0
BRDA:1748,735,1,0
BRDA:1749,736,0,0
BRDA:1749,736,1,0
BRDA:1750,737,0,0
BRDA:1750,737,1,0
BRDA:1762,738,0,0
BRDA:1762,738,1,0
BRDA:1766,739,0,0
BRDA:1766,739,1,0
BRDA:1769,740,0,0
BRDA:1769,740,1,0
BRDA:1771,741,0,0
BRDA:1771,741,1,0
BRDA:1772,742,0,0
BRDA:1772,742,1,0
BRDA:1784,743,0,0
BRDA:1784,743,1,0
BRDA:1789,744,0,0
BRDA:1789,744,1,0
BRDA:1790,745,0,0
BRDA:1790,745,1,0
BRDA:1792,746,0,0
BRDA:1792,746,1,0
BRDA:1793,747,0,0
BRDA:1793,747,1,0
BRDA:1804,748,0,0
BRDA:1804,748,1,0
BRDA:1804,749,0,0
BRDA:1804,749,1,0
BRDA:1805,750,0,0
BRDA:1805,750,1,0
BRDA:1805,751,0,0
BRDA:1805,751,1,0
BRDA:1806,752,0,0
BRDA:1806,752,1,0
BRDA:1806,753,0,0
BRDA:1806,753,1,0
BRDA:1807,754,0,0
BRDA:1807,754,1,0
BRDA:1807,755,0,0
BRDA:1807,755,1,0
BRDA:1808,756,0,0
BRDA:1808,756,1,0
BRDA:1808,757,0,0
BRDA:1808,757,1,0
BRDA:1809,758,0,0
BRDA:1809,758,1,0
BRDA:1818,759,0,0
BRDA:1818,759,1,0
BRDA:1840,760,0,0
BRDA:1840,760,1,0
BRDA:1841,761,0,0
BRDA:1841,761,1,0
BRDA:1841,762,0,0
BRDA:1841,762,1,0
BRDA:1842,763,0,0
BRDA:1842,763,1,0
BRDA:1851,764,0,0
BRDA:1851,764,1,0
BRDA:1860,765,0,0
BRDA:1860,765,1,0
BRDA:1867,766,0,0
BRDA:1867,766,1,0
BRDA:1867,767,0,0
BRDA:1867,767,1,0
BRDA:1867,768,0,0
BRDA:1867,768,1,0
BRDA:1870,769,0,0
BRDA:1870,769,1,0
BRDA:1870,770,0,0
BRDA:1870,770,1,0
BRDA:1870,771,0,0
BRDA:1870,771,1,0
BRDA:1873,772,0,0
BRDA:1873,772,1,0
BRDA:1873,773,0,0
BRDA:1873,773,1,0
BRDA:1873,774,0,0
BRDA:1873,774,1,0
BRDA:1889,775,0,0
BRDA:1889,775,1,0
BRDA:1889,776,0,0
BRDA:1889,776,1,0
BRDA:1890,777,0,0
BRDA:1890,777,1,0
BRDA:1890,778,0,0
BRDA:1890,778,1,0
BRDA:1891,779,0,0
BRDA:1891,779,1,0
BRDA:1891,780,0,0
BRDA:1891,780,1,0
BRDA:1892,781,0,0
BRDA:1892,781,1,0
BRDA:1892,782,0,0
BRDA:1892,782,1,0
BRDA:1893,783,0,0
BRDA:1893,783,1,0
BRDA:1893,784,0,0
BRDA:1893,784,1,0
BRDA:1894,785,0,0
BRDA:1894,785,1,0
BRDA:1894,786,0,0
BRDA:1894,786,1,0
BRDA:1895,787,0,0
BRDA:1895,787,1,0
BRDA:1896,788,0,0
BRDA:1896,788,1,0
BRDA:1896,789,0,0
BRDA:1896,789,1,0
BRDA:1905,790,0,0
BRDA:1905,790,1,0
BRDA:1923,791,0,0
BRDA:1923,791,1,0
BRDA:1924,792,0,0
BRDA:1924,792,1,0
BRDA:1940,793,0,0
BRDA:1940,793,1,0
BRDA:1948,794,0,0
BRDA:1948,794,1,0
BRDA:1948,795,0,0
BRDA:1948,795,1,0
BRDA:1949,796,0,0
BRDA:1949,796,1,0
BRDA:1950,797,0,0
BRDA:1950,797,1,0
BRDA:1950,798,0,0
BRDA:1950,798,1,0
BRDA:1960,799,0,0
BRDA:1960,799,1,0
BRDA:1963,800,0,0
BRDA:1963,800,1,0
BRDA:1963,801,0,0
BRDA:1963,801,1,0
BRDA:1965,802,0,0
BRDA:1965,802,1,0
BRDA:1965,803,0,0
BRDA:1965,803,1,0
BRDA:1987,804,0,0
BRDA:1987,804,1,0
BRDA:1988,805,0,0
BRDA:1988,805,1,0
BRDA:1997,806,0,0
BRDA:1997,806,1,0
BRDA:2002,807,0,0
BRDA:2002,807,1,0
BRDA:2003,808,0,0
BRDA:2003,808,1,0
BRDA:2017,809,0,0
BRDA:2017,809,1,0
BRDA:2017,810,0,0
BRDA:2017,810,1,0
BRDA:2027,811,0,0
BRDA:2027,811,1,0
BRDA:2045,812,0,0
BRDA:2045,812,1,0
BRDA:2046,813,0,0
BRDA:2046,813,1,0
BRDA:2053,814,0,0
BRDA:2053,814,1,0
BRDA:2060,815,0,0
BRDA:2060,815,1,0
BRDA:2061,816,0,0
BRDA:2061,816,1,0
BRDA:2080,817,0,0
BRDA:2080,817,1,0
BRDA:2080,818,0,0
BRDA:2080,818,1,0
BRDA:2081,819,0,0
BRDA:2081,819,1,0
BRDA:2081,820,0,0
BRDA:2081,820,1,0
BRDA:2082,821,0,0
BRDA:2082,821,1,0
BRDA:2082,822,0,0
BRDA:2082,822,1,0
BRDA:2083,823,0,0
BRDA:2083,823,1,0
BRDA:2083,824,0,0
BRDA:2083,824,1,0
BRDA:2093,825,0,0
BRDA:2093,825,1,0
BRDA:2112,826,0,0
BRDA:2112,826,1,0
BRDA:2113,827,0,0
BRDA:2113,827,1,0
BRDA:2127,828,0,0
BRDA:2127,828,1,0
BRDA:2127,829,0,0
BRDA:2127,829,1,0
BRDA:2128,830,0,0
BRDA:2128,830,1,0
BRDA:2128,831,0,0
BRDA:2128,831,1,0
BRDA:2129,832,0,0
BRDA:2129,832,1,0
BRDA:2129,833,0,0
BRDA:2129,833,1,0
BRDA:2130,834,0,0
BRDA:2130,834,1,0
BRDA:2130,835,0,0
BRDA:2130,835,1,0
BRDA:2131,836,0,0
BRDA:2131,836,1,0
BRDA:2131,837,0,0
BRDA:2131,837,1,0
BRDA:2141,838,0,0
BRDA:2141,838,1,0
BRDA:2160,839,0,0
BRDA:2160,839,1,0
BRDA:2169,840,0,0
BRDA:2169,840,1,0
BRDA:2174,841,0,0
BRDA:2174,841,1,0
BRDA:2183,842,0,0
BRDA:2183,842,1,0
BRDA:2184,843,0,0
BRDA:2184,843,1,0
BRDA:2197,844,0,0
BRDA:2197,844,1,0
BRDA:2198,845,0,0
BRDA:2198,845,1,0
BRDA:2208,846,0,0
BRDA:2208,846,1,0
BRDA:2208,847,0,0
BRDA:2208,847,1,0
BRDA:2209,848,0,0
BRDA:2209,848,1,0
BRDA:2209,849,0,0
BRDA:2209,849,1,0
BRDA:2210,850,0,0
BRDA:2210,850,1,0
BRDA:2210,851,0,0
BRDA:2210,851,1,0
BRDA:2211,852,0,0
BRDA:2211,852,1,0
BRDA:2211,853,0,0
BRDA:2211,853,1,0
BRDA:2221,854,0,0
BRDA:2221,854,1,0
BRDA:2240,855,0,0
BRDA:2240,855,1,0
BRDA:2245,856,0,0
BRDA:2245,856,1,0
BRDA:2246,857,0,0
BRDA:2246,857,1,0
BRDA:2260,858,0,0
BRDA:2260,858,1,0
BRDA:2260,859,0,0
BRDA:2260,859,1,0
BRDA:2261,860,0,0
BRDA:2261,860,1,0
BRDA:2261,861,0,0
BRDA:2261,861,1,0
BRDA:2262,862,0,0
BRDA:2262,862,1,0
BRDA:2262,863,0,0
BRDA:2262,863,1,0
BRDA:2263,864,0,0
BRDA:2263,864,1,0
BRDA:2263,865,0,0
BRDA:2263,865,1,0
BRDA:2264,866,0,0
BRDA:2264,866,1,0
BRDA:2264,867,0,0
BRDA:2264,867,1,0
BRDA:2265,868,0,0
BRDA:2265,868,1,0
BRDA:2265,869,0,0
BRDA:2265,869,1,0
BRDA:2266,870,0,0
BRDA:2266,870,1,0
BRDA:2266,871,0,0
BRDA:2266,871,1,0
BRDA:2276,872,0,0
BRDA:2276,872,1,0
BRDA:2295,873,0,0
BRDA:2295,873,1,0
BRDA:2295,874,0,0
BRDA:2295,874,1,0
BRDA:2295,875,0,0
BRDA:2295,875,1,0
BRDA:2299,876,0,0
BRDA:2299,876,1,0
BRDA:2299,877,0,0
BRDA:2299,877,1,0
BRDA:2299,878,0,0
BRDA:2299,878,1,0
BRDA:2304,879,0,0
BRDA:2304,879,1,0
BRDA:2305,880,0,0
BRDA:2305,880,1,0
BRDA:2319,881,0,0
BRDA:2319,881,1,0
BRDA:2319,882,0,0
BRDA:2319,882,1,0
BRDA:2320,883,0,0
BRDA:2320,883,1,0
BRDA:2320,884,0,0
BRDA:2320,884,1,0
BRDA:2321,885,0,0
BRDA:2321,885,1,0
BRDA:2321,886,0,0
BRDA:2321,886,1,0
BRDA:2322,887,0,0
BRDA:2322,887,1,0
BRDA:2322,888,0,0
BRDA:2322,888,1,0
BRDA:2323,889,0,0
BRDA:2323,889,1,0
BRDA:2323,890,0,0
BRDA:2323,890,1,0
BRDA:2324,891,0,0
BRDA:2324,891,1,0
BRDA:2324,892,0,0
BRDA:2324,892,1,0
BRDA:2325,893,0,0
BRDA:2325,893,1,0
BRDA:2325,894,0,0
BRDA:2325,894,1,0
BRDA:2326,895,0,0
BRDA:2326,895,1,0
BRDA:2326,896,0,0
BRDA:2326,896,1,0
BRDA:2327,897,0,0
BRDA:2327,897,1,0
BRDA:2327,898,0,0
BRDA:2327,898,1,0
BRDA:2328,899,0,0
BRDA:2328,899,1,0
BRDA:2328,900,0,0
BRDA:2328,900,1,0
BRDA:2330,901,0,0
BRDA:2330,901,1,0
BRDA:2330,902,0,0
BRDA:2330,902,1,0
BRDA:2340,903,0,0
BRDA:2340,903,1,0
BRDA:2359,904,0,0
BRDA:2359,904,1,0
BRDA:2359,905,0,0
BRDA:2359,905,1,0
BRDA:2359,906,0,0
BRDA:2359,906,1,0
BRDA:2363,907,0,0
BRDA:2363,907,1,0
BRDA:2363,908,0,0
BRDA:2363,908,1,0
BRDA:2363,909,0,0
BRDA:2363,909,1,0
BRDA:2379,910,0,0
BRDA:2379,910,1,0
BRDA:2379,911,0,0
BRDA:2379,911,1,0
BRDA:2380,912,0,0
BRDA:2380,912,1,0
BRDA:2380,913,0,0
BRDA:2380,913,1,0
BRDA:2381,914,0,0
BRDA:2381,914,1,0
BRDA:2381,915,0,0
BRDA:2381,915,1,0
BRDA:2395,916,0,0
BRDA:2395,916,1,0
BRDA:2402,917,0,0
BRDA:2402,917,1,0
BRDA:2402,918,0,0
BRDA:2402,918,1,0
BRDA:2403,919,0,0
BRDA:2403,919,1,0
BRDA:2416,920,0,0
BRDA:2416,920,1,1
BRDA:2432,921,0,3
BRDA:2432,921,1,0
BRDA:2433,922,0,3
BRDA:2433,922,1,0
BRDA:2444,923,0,3
BRDA:2444,923,1,0
BRDA:2450,924,0,3
BRDA:2450,924,1,0
BRDA:2451,925,0,3
BRDA:2451,925,1,0
BRDA:2470,926,0,0
BRDA:2470,926,1,0
BRDA:2470,927,0,0
BRDA:2470,927,1,0
BRDA:2470,928,0,0
BRDA:2470,928,1,0
BRDA:2474,929,0,0
BRDA:2474,929,1,0
BRDA:2474,930,0,0
BRDA:2474,930,1,0
BRDA:2474,931,0,0
BRDA:2474,931,1,0
BRDA:2478,932,0,0
BRDA:2478,932,1,0
BRDA:2478,933,0,0
BRDA:2478,933,1,0
BRDA:2478,934,0,0
BRDA:2478,934,1,0
BRDA:2483,935,0,0
BRDA:2483,935,1,0
BRDA:2484,936,0,0
BRDA:2484,936,1,0
BRDA:2498,937,0,0
BRDA:2498,937,1,0
BRDA:2498,938,0,0
BRDA:2498,938,1,0
BRDA:2499,939,0,0
BRDA:2499,939,1,0
BRDA:2499,940,0,0
BRDA:2499,940,1,0
BRDA:2500,941,0,0
BRDA:2500,941,1,0
BRDA:2500,942,0,0
BRDA:2500,942,1,0
BRDA:2510,943,0,0
BRDA:2510,943,1,0
BRDA:2525,944,0,0
BRDA:2525,944,1,0
BRDA:2525,945,0,0
BRDA:2525,945,1,0
BRDA:2525,946,0,0
BRDA:2525,946,1,0
BRDA:2529,947,0,0
BRDA:2529,947,1,0
BRDA:2529,948,0,0
BRDA:2529,948,1,0
BRDA:2529,949,0,0
BRDA:2529,949,1,0
BRDA:2533,950,0,0
BRDA:2533,950,1,0
BRDA:2533,951,0,0
BRDA:2533,951,1,0
BRDA:2533,952,0,0
BRDA:2533,952,1,0
BRDA:2557,953,0,0
BRDA:2557,953,1,0
BRDA:2557,954,0,0
BRDA:2557,954,1,0
BRDA:2558,955,0,0
BRDA:2558,955,1,0
BRDA:2558,956,0,0
BRDA:2558,956,1,0
BRDA:2559,957,0,0
BRDA:2559,957,1,0
BRDA:2559,958,0,0
BRDA:2559,958,1,0
BRDA:2560,959,0,0
BRDA:2560,959,1,0
BRDA:2560,960,0,0
BRDA:2560,960,1,0
BRDA:2571,961,0,0
BRDA:2571,961,1,0
BRDA:2584,962,0,0
BRDA:2584,962,1,0
BRDA:2590,963,0,0
BRDA:2590,963,1,0
BRDA:2591,964,0,0
BRDA:2591,964,1,0
BRDA:2601,965,0,0
BRDA:2601,965,1,0
BRDA:2607,966,0,0
BRDA:2607,966,1,0
BRDA:2617,967,0,0
BRDA:2617,967,1,0
BRDA:2623,968,0,0
BRDA:2623,968,1,0
BRDA:2624,969,0,0
BRDA:2624,969,1,0
BRDA:2643,970,0,1
BRDA:2643,970,1,0
BRDA:2643,971,0,1
BRDA:2643,971,1,1
BRF:1944
BRH:845
end_of_record
TN:
SF:shared\schema.ts
FN:26,(anonymous_0)
FN:66,(anonymous_1)
FN:176,(anonymous_2)
FN:178,(anonymous_3)
FN:231,(anonymous_4)
FN:244,(anonymous_5)
FN:245,(anonymous_6)
FN:246,(anonymous_7)
FN:247,(anonymous_8)
FN:248,(anonymous_9)
FN:275,(anonymous_10)
FN:276,(anonymous_11)
FN:277,(anonymous_12)
FN:291,(anonymous_13)
FN:304,(anonymous_14)
FN:305,(anonymous_15)
FN:306,(anonymous_16)
FN:336,(anonymous_17)
FN:344,(anonymous_18)
FN:345,(anonymous_19)
FN:359,(anonymous_20)
FN:367,(anonymous_21)
FN:384,(anonymous_22)
FN:392,(anonymous_23)
FN:396,(anonymous_24)
FN:410,(anonymous_25)
FN:415,(anonymous_26)
FN:441,(anonymous_27)
FN:474,(anonymous_28)
FN:475,(anonymous_29)
FN:476,(anonymous_30)
FN:487,(anonymous_31)
FN:488,(anonymous_32)
FN:492,(anonymous_33)
FN:504,(anonymous_34)
FN:573,(anonymous_35)
FN:574,(anonymous_36)
FN:584,(anonymous_37)
FN:592,(anonymous_38)
FN:601,(anonymous_39)
FNF:40
FNH:1
FNDA:1,(anonymous_0)
FNDA:0,(anonymous_1)
FNDA:0,(anonymous_2)
FNDA:0,(anonymous_3)
FNDA:0,(anonymous_4)
FNDA:0,(anonymous_5)
FNDA:0,(anonymous_6)
FNDA:0,(anonymous_7)
FNDA:0,(anonymous_8)
FNDA:0,(anonymous_9)
FNDA:0,(anonymous_10)
FNDA:0,(anonymous_11)
FNDA:0,(anonymous_12)
FNDA:0,(anonymous_13)
FNDA:0,(anonymous_14)
FNDA:0,(anonymous_15)
FNDA:0,(anonymous_16)
FNDA:0,(anonymous_17)
FNDA:0,(anonymous_18)
FNDA:0,(anonymous_19)
FNDA:0,(anonymous_20)
FNDA:0,(anonymous_21)
FNDA:0,(anonymous_22)
FNDA:0,(anonymous_23)
FNDA:0,(anonymous_24)
FNDA:0,(anonymous_25)
FNDA:0,(anonymous_26)
FNDA:0,(anonymous_27)
FNDA:0,(anonymous_28)
FNDA:0,(anonymous_29)
FNDA:0,(anonymous_30)
FNDA:0,(anonymous_31)
FNDA:0,(anonymous_32)
FNDA:0,(anonymous_33)
FNDA:0,(anonymous_34)
FNDA:0,(anonymous_35)
FNDA:0,(anonymous_36)
FNDA:0,(anonymous_37)
FNDA:0,(anonymous_38)
FNDA:0,(anonymous_39)
DA:1,1
DA:2,1
DA:15,1
DA:16,1
DA:19,1
DA:26,1
DA:30,1
DA:64,1
DA:66,0
DA:174,1
DA:176,0
DA:178,0
DA:193,1
DA:231,0
DA:242,1
DA:244,0
DA:245,0
DA:246,0
DA:247,0
DA:248,0
DA:273,1
DA:275,0
DA:276,0
DA:277,0
DA:289,1
DA:291,0
DA:302,1
DA:304,0
DA:305,0
DA:306,0
DA:319,1
DA:336,0
DA:342,1
DA:344,0
DA:345,0
DA:359,0
DA:365,1
DA:367,0
DA:384,0
DA:390,1
DA:392,0
DA:396,0
DA:410,0
DA:415,0
DA:423,1
DA:441,0
DA:447,1
DA:453,1
DA:459,1
DA:465,1
DA:472,1
DA:474,0
DA:475,0
DA:476,0
DA:485,1
DA:487,0
DA:488,0
DA:492,0
DA:504,0
DA:509,1
DA:515,1
DA:521,1
DA:527,1
DA:532,1
DA:537,1
DA:543,1
DA:553,1
DA:558,1
DA:571,1
DA:573,0
DA:574,0
DA:582,1
DA:584,0
DA:592,0
DA:599,1
DA:601,0
DA:613,1
DA:620,1
DA:626,1
DA:635,1
DA:641,1
DA:647,1
DA:653,1
DA:659,1
DA:666,1
LF:85
LH:46
BRF:0
BRH:0
end_of_record
